[ 2018-12-24T09:06:04+08:00 ] 127.0.0.1 /Home/
INFO: [ app_init ] --START--
INFO: Run Behavior\BuildLiteBehavior [ RunTime:0.000010s ]
INFO: [ app_init ] --END-- [ RunTime:0.003024s ]
INFO: [ app_begin ] --START--
INFO: Run Behavior\ReadHtmlCacheBehavior [ RunTime:0.000657s ]
INFO: Run Behavior\CronRunBehavior [ RunTime:0.000393s ]
INFO: Run Behavior\CheckLangBehavior [ RunTime:0.006358s ]
INFO: [ app_begin ] --END-- [ RunTime:0.007497s ]
NOTIC: [2048] Declaration of Home\Controller\IndexController::error() should be compatible with Think\Controller::error($message = '', $jumpUrl = '', $ajax = false) D:\phpStudy2018\PHPTutorial\WWW\doctor\Application\Home\Controller\IndexController.class.php 第 19 行.
SQL: SHOW COLUMNS FROM `dzm_his_user` [ RunTime:0.0152s ]
SQL: SELECT * FROM `dzm_his_user` WHERE ( mobile='' ) LIMIT 1   [ RunTime:0.0003s ]
SQL: SHOW COLUMNS FROM `dzm_his_doctor` [ RunTime:0.0109s ]
SQL: SELECT * FROM `dzm_his_doctor` WHERE ( mobile='' ) LIMIT 1   [ RunTime:0.0002s ]
SQL: SHOW COLUMNS FROM `dzm_his_inspectionfee` [ RunTime:0.0156s ]
SQL: SELECT * FROM `dzm_his_inspectionfee` WHERE ( class='就医攻略'  ) LIMIT 6   [ RunTime:0.0005s ]
SQL: SELECT * FROM `dzm_his_inspectionfee` WHERE ( class='谣言粉碎机'  ) LIMIT 6   [ RunTime:0.0002s ]
SQL: SELECT * FROM `dzm_his_inspectionfee` WHERE ( class='中医养生'  ) LIMIT 6   [ RunTime:0.0053s ]
SQL: SELECT * FROM `dzm_his_inspectionfee` WHERE ( class='名医直通车'  ) LIMIT 6   [ RunTime:0.0002s ]
SQL: SELECT * FROM `dzm_his_inspectionfee` WHERE ( class='医院公开'  ) LIMIT 6   [ RunTime:0.0003s ]
SQL: SELECT * FROM `dzm_his_inspectionfee` WHERE ( class='医院动态'  ) LIMIT 6   [ RunTime:0.0002s ]
SQL: SELECT * FROM `dzm_his_inspectionfee` WHERE ( class='医院健康'  ) LIMIT 6   [ RunTime:0.0002s ]
NOTIC: [8] Undefined variable: class7 D:\phpStudy2018\PHPTutorial\WWW\doctor\Application\Home\Controller\IndexController.class.php 第 112 行.
SQL: SELECT * FROM `dzm_his_inspectionfee` WHERE ( class=''  ) LIMIT 6   [ RunTime:0.0002s ]
NOTIC: [8] Undefined variable: class8 D:\phpStudy2018\PHPTutorial\WWW\doctor\Application\Home\Controller\IndexController.class.php 第 113 行.
SQL: SELECT * FROM `dzm_his_inspectionfee` WHERE ( class=''  ) LIMIT 6   [ RunTime:0.0002s ]
NOTIC: [8] Undefined variable: class9 D:\phpStudy2018\PHPTutorial\WWW\doctor\Application\Home\Controller\IndexController.class.php 第 114 行.
SQL: SELECT * FROM `dzm_his_inspectionfee` WHERE ( class=''  ) LIMIT 6   [ RunTime:0.0002s ]
SQL: SELECT * FROM `dzm_his_inspectionfee` WHERE ( class='择医网讲堂'  ) LIMIT 3   [ RunTime:0.0002s ]
SQL: SHOW COLUMNS FROM `dzm_his_yydoctor` [ RunTime:0.0200s ]
NOTIC: [2] Missing argument 1 for Think\Model::where(), called in D:\phpStudy2018\PHPTutorial\WWW\doctor\Application\Home\Controller\IndexController.class.php on line 116 and defined D:\phpStudy2018\PHPTutorial\WWW\doctor\ThinkPHP\Library\Think\Model.class.php 第 1797 行.
NOTIC: [8] Undefined variable: where D:\phpStudy2018\PHPTutorial\WWW\doctor\ThinkPHP\Library\Think\Model.class.php 第 1805 行.
NOTIC: [8] Undefined variable: where D:\phpStudy2018\PHPTutorial\WWW\doctor\ThinkPHP\Library\Think\Model.class.php 第 1808 行.
NOTIC: [8] Undefined variable: where D:\phpStudy2018\PHPTutorial\WWW\doctor\ThinkPHP\Library\Think\Model.class.php 第 1816 行.
SQL: SELECT * FROM `dzm_his_yydoctor` LIMIT 4   [ RunTime:0.0002s ]
INFO: [ view_parse ] --START--
INFO: [ template_filter ] --START--
INFO: Run Behavior\ContentReplaceBehavior [ RunTime:0.001372s ]
INFO: [ template_filter ] --END-- [ RunTime:0.001413s ]
INFO: Run Behavior\ParseTemplateBehavior [ RunTime:0.061149s ]
INFO: [ view_parse ] --END-- [ RunTime:0.061181s ]
INFO: [ view_filter ] --START--
INFO: Run Behavior\WriteHtmlCacheBehavior [ RunTime:0.000570s ]
INFO: [ view_filter ] --END-- [ RunTime:0.000593s ]
INFO: [ app_end ] --START--
INFO: Run Behavior\ShowPageTraceBehavior [ RunTime:0.000795s ]
INFO: [ app_end ] --END-- [ RunTime:0.000828s ]

