[ 2018-12-09T22:37:52+08:00 ] 127.0.0.1 /Home/
INFO: [ app_init ] --START--
INFO: Run Behavior\BuildLiteBehavior [ RunTime:0.000012s ]
INFO: [ app_init ] --END-- [ RunTime:0.000402s ]
INFO: [ app_begin ] --START--
INFO: Run Behavior\ReadHtmlCacheBehavior [ RunTime:0.000685s ]
INFO: Run Behavior\CronRunBehavior [ RunTime:0.000463s ]
INFO: Run Behavior\CheckLangBehavior [ RunTime:0.001121s ]
INFO: [ app_begin ] --END-- [ RunTime:0.002427s ]
NOTIC: [2048] Declaration of Home\Controller\IndexController::error() should be compatible with Think\Controller::error($message = '', $jumpUrl = '', $ajax = false) D:\phpStudy2018\WWW\doctor\Application\Home\Controller\IndexController.class.php 第 19 行.
SQL: SHOW COLUMNS FROM `dzm_his_user` [ RunTime:0.0647s ]
SQL: SELECT * FROM `dzm_his_user` WHERE ( mobile='' ) LIMIT 1   [ RunTime:0.0006s ]
SQL: SHOW COLUMNS FROM `dzm_his_doctor` [ RunTime:0.0540s ]
SQL: SELECT * FROM `dzm_his_doctor` WHERE ( mobile='' ) LIMIT 1   [ RunTime:0.0015s ]

[ 2018-12-09T22:37:52+08:00 ] 127.0.0.1 /Home/
INFO: [ app_init ] --START--
INFO: Run Behavior\BuildLiteBehavior [ RunTime:0.000019s ]
INFO: [ app_init ] --END-- [ RunTime:0.000748s ]
INFO: [ app_begin ] --START--
INFO: Run Behavior\ReadHtmlCacheBehavior [ RunTime:0.001512s ]
INFO: Run Behavior\CronRunBehavior [ RunTime:0.000805s ]
INFO: Run Behavior\CheckLangBehavior [ RunTime:0.001644s ]
INFO: [ app_begin ] --END-- [ RunTime:0.004220s ]

[ 2018-12-09T22:37:52+08:00 ] 127.0.0.1 /Home/css/error.css
INFO: [ app_init ] --START--
INFO: Run Behavior\BuildLiteBehavior [ RunTime:0.000013s ]
INFO: [ app_init ] --END-- [ RunTime:0.000443s ]
INFO: [ app_begin ] --START--
INFO: Run Behavior\ReadHtmlCacheBehavior [ RunTime:0.000793s ]
INFO: Run Behavior\CronRunBehavior [ RunTime:0.000747s ]
INFO: Run Behavior\CheckLangBehavior [ RunTime:0.001490s ]
INFO: [ app_begin ] --END-- [ RunTime:0.003267s ]
ERR: 无法加载控制器:Css

[ 2018-12-09T22:37:56+08:00 ] 127.0.0.1 /Home/
INFO: [ app_init ] --START--
INFO: Run Behavior\BuildLiteBehavior [ RunTime:0.000012s ]
INFO: [ app_init ] --END-- [ RunTime:0.000406s ]
INFO: [ app_begin ] --START--
INFO: Run Behavior\ReadHtmlCacheBehavior [ RunTime:0.000483s ]
INFO: Run Behavior\CronRunBehavior [ RunTime:0.000302s ]
INFO: Run Behavior\CheckLangBehavior [ RunTime:0.000752s ]
INFO: [ app_begin ] --END-- [ RunTime:0.001633s ]
NOTIC: [2048] Declaration of Home\Controller\IndexController::error() should be compatible with Think\Controller::error($message = '', $jumpUrl = '', $ajax = false) D:\phpStudy2018\WWW\doctor\Application\Home\Controller\IndexController.class.php 第 19 行.
SQL: SHOW COLUMNS FROM `dzm_his_user` [ RunTime:0.0091s ]
SQL: SELECT * FROM `dzm_his_user` WHERE ( mobile='' ) LIMIT 1   [ RunTime:0.0005s ]
SQL: SHOW COLUMNS FROM `dzm_his_doctor` [ RunTime:0.0086s ]
SQL: SELECT * FROM `dzm_his_doctor` WHERE ( mobile='' ) LIMIT 1   [ RunTime:0.0006s ]
NOTIC: [2] file_get_contents(http://ip.taobao.com/service/getIpInfo.php?ip=127.0.0.1): failed to open stream: HTTP request failed! HTTP/1.1 502 Bad Gateway
 D:\phpStudy2018\WWW\doctor\Application\Home\Controller\IndexController.class.php 第 81 行.
NOTIC: [8] Trying to get property of non-object D:\phpStudy2018\WWW\doctor\Application\Home\Controller\IndexController.class.php 第 82 行.
NOTIC: [8] Trying to get property of non-object D:\phpStudy2018\WWW\doctor\Application\Home\Controller\IndexController.class.php 第 85 行.
SQL: SHOW COLUMNS FROM `dzm_his_inspectionfee` [ RunTime:0.0237s ]
SQL: SELECT * FROM `dzm_his_inspectionfee` WHERE ( class='就医攻略'  ) LIMIT 6   [ RunTime:0.0016s ]
SQL: SELECT * FROM `dzm_his_inspectionfee` WHERE ( class='谣言粉碎机'  ) LIMIT 6   [ RunTime:0.0014s ]
SQL: SELECT * FROM `dzm_his_inspectionfee` WHERE ( class='中医养生'  ) LIMIT 6   [ RunTime:0.0013s ]
SQL: SELECT * FROM `dzm_his_inspectionfee` WHERE ( class='名医直通车'  ) LIMIT 6   [ RunTime:0.0017s ]
NOTIC: [8] Undefined index: region D:\phpStudy2018\WWW\doctor\Application\Home\Controller\IndexController.class.php 第 110 行.
NOTIC: [8] Undefined index: city D:\phpStudy2018\WWW\doctor\Application\Home\Controller\IndexController.class.php 第 111 行.
INFO: [ view_parse ] --START--
INFO: [ template_filter ] --START--
INFO: Run Behavior\ContentReplaceBehavior [ RunTime:0.001934s ]
INFO: [ template_filter ] --END-- [ RunTime:0.002027s ]
INFO: Run Behavior\ParseTemplateBehavior [ RunTime:0.074205s ]
INFO: [ view_parse ] --END-- [ RunTime:0.074351s ]
INFO: [ view_filter ] --START--
INFO: Run Behavior\WriteHtmlCacheBehavior [ RunTime:0.000395s ]
INFO: [ view_filter ] --END-- [ RunTime:0.000422s ]
INFO: [ app_end ] --START--
INFO: Run Behavior\ShowPageTraceBehavior [ RunTime:0.000912s ]
INFO: [ app_end ] --END-- [ RunTime:0.000999s ]

[ 2018-12-09T22:39:35+08:00 ] 127.0.0.1 /Home/
INFO: [ app_init ] --START--
INFO: Run Behavior\BuildLiteBehavior [ RunTime:0.000015s ]
INFO: [ app_init ] --END-- [ RunTime:0.000598s ]
INFO: [ app_begin ] --START--
INFO: Run Behavior\ReadHtmlCacheBehavior [ RunTime:0.001081s ]
INFO: Run Behavior\CronRunBehavior [ RunTime:0.000525s ]
INFO: Run Behavior\CheckLangBehavior [ RunTime:0.001122s ]
INFO: [ app_begin ] --END-- [ RunTime:0.002872s ]
NOTIC: [2048] Declaration of Home\Controller\IndexController::error() should be compatible with Think\Controller::error($message = '', $jumpUrl = '', $ajax = false) D:\phpStudy2018\WWW\doctor\Application\Home\Controller\IndexController.class.php 第 19 行.
SQL: SHOW COLUMNS FROM `dzm_his_user` [ RunTime:0.1438s ]
SQL: SELECT * FROM `dzm_his_user` WHERE ( mobile='' ) LIMIT 1   [ RunTime:0.0011s ]
SQL: SHOW COLUMNS FROM `dzm_his_doctor` [ RunTime:0.0153s ]
SQL: SELECT * FROM `dzm_his_doctor` WHERE ( mobile='' ) LIMIT 1   [ RunTime:0.0011s ]

[ 2018-12-09T22:39:35+08:00 ] 127.0.0.1 /Home/css/error.css
INFO: [ app_init ] --START--
INFO: Run Behavior\BuildLiteBehavior [ RunTime:0.000017s ]
INFO: [ app_init ] --END-- [ RunTime:0.000771s ]
INFO: [ app_begin ] --START--
INFO: Run Behavior\ReadHtmlCacheBehavior [ RunTime:0.000583s ]
INFO: Run Behavior\CronRunBehavior [ RunTime:0.000395s ]
INFO: Run Behavior\CheckLangBehavior [ RunTime:0.000903s ]
INFO: [ app_begin ] --END-- [ RunTime:0.002008s ]
ERR: 无法加载控制器:Css

[ 2018-12-09T22:39:44+08:00 ] 127.0.0.1 /Home/
INFO: [ app_init ] --START--
INFO: Run Behavior\BuildLiteBehavior [ RunTime:0.000013s ]
INFO: [ app_init ] --END-- [ RunTime:0.000464s ]
INFO: [ app_begin ] --START--
INFO: Run Behavior\ReadHtmlCacheBehavior [ RunTime:0.000531s ]
INFO: Run Behavior\CronRunBehavior [ RunTime:0.000374s ]
INFO: Run Behavior\CheckLangBehavior [ RunTime:0.000978s ]
INFO: [ app_begin ] --END-- [ RunTime:0.001997s ]
NOTIC: [2048] Declaration of Home\Controller\IndexController::error() should be compatible with Think\Controller::error($message = '', $jumpUrl = '', $ajax = false) D:\phpStudy2018\WWW\doctor\Application\Home\Controller\IndexController.class.php 第 19 行.
SQL: SHOW COLUMNS FROM `dzm_his_user` [ RunTime:0.0078s ]
SQL: SELECT * FROM `dzm_his_user` WHERE ( mobile='' ) LIMIT 1   [ RunTime:0.0005s ]
SQL: SHOW COLUMNS FROM `dzm_his_doctor` [ RunTime:0.0072s ]
SQL: SELECT * FROM `dzm_his_doctor` WHERE ( mobile='' ) LIMIT 1   [ RunTime:0.0005s ]
SQL: SHOW COLUMNS FROM `dzm_his_inspectionfee` [ RunTime:0.0252s ]
SQL: SELECT * FROM `dzm_his_inspectionfee` WHERE ( class='就医攻略'  ) LIMIT 6   [ RunTime:0.0015s ]
SQL: SELECT * FROM `dzm_his_inspectionfee` WHERE ( class='谣言粉碎机'  ) LIMIT 6   [ RunTime:0.0014s ]
SQL: SELECT * FROM `dzm_his_inspectionfee` WHERE ( class='中医养生'  ) LIMIT 6   [ RunTime:0.0012s ]
SQL: SELECT * FROM `dzm_his_inspectionfee` WHERE ( class='名医直通车'  ) LIMIT 6   [ RunTime:0.0014s ]
INFO: [ view_parse ] --START--
INFO: [ template_filter ] --START--
INFO: Run Behavior\ContentReplaceBehavior [ RunTime:0.001497s ]
INFO: [ template_filter ] --END-- [ RunTime:0.001582s ]
INFO: Run Behavior\ParseTemplateBehavior [ RunTime:0.175442s ]
INFO: [ view_parse ] --END-- [ RunTime:0.175793s ]
INFO: [ view_filter ] --START--
INFO: Run Behavior\WriteHtmlCacheBehavior [ RunTime:0.000424s ]
INFO: [ view_filter ] --END-- [ RunTime:0.000455s ]
INFO: [ app_end ] --START--
INFO: Run Behavior\ShowPageTraceBehavior [ RunTime:0.000928s ]
INFO: [ app_end ] --END-- [ RunTime:0.001007s ]

[ 2018-12-09T22:41:04+08:00 ] 127.0.0.1 /Home/
INFO: [ app_init ] --START--
INFO: Run Behavior\BuildLiteBehavior [ RunTime:0.000013s ]
INFO: [ app_init ] --END-- [ RunTime:0.000392s ]
INFO: [ app_begin ] --START--
INFO: Run Behavior\ReadHtmlCacheBehavior [ RunTime:0.000540s ]
INFO: Run Behavior\CronRunBehavior [ RunTime:0.000403s ]
INFO: Run Behavior\CheckLangBehavior [ RunTime:0.001299s ]
INFO: [ app_begin ] --END-- [ RunTime:0.002369s ]
NOTIC: [2048] Declaration of Home\Controller\IndexController::error() should be compatible with Think\Controller::error($message = '', $jumpUrl = '', $ajax = false) D:\phpStudy2018\WWW\doctor\Application\Home\Controller\IndexController.class.php 第 19 行.
SQL: SHOW COLUMNS FROM `dzm_his_user` [ RunTime:0.0062s ]
SQL: SELECT * FROM `dzm_his_user` WHERE ( mobile='' ) LIMIT 1   [ RunTime:0.0004s ]
SQL: SHOW COLUMNS FROM `dzm_his_doctor` [ RunTime:0.0052s ]
SQL: SELECT * FROM `dzm_his_doctor` WHERE ( mobile='' ) LIMIT 1   [ RunTime:0.0004s ]

[ 2018-12-09T22:41:04+08:00 ] 127.0.0.1 /Home/css/error.css
INFO: [ app_init ] --START--
INFO: Run Behavior\BuildLiteBehavior [ RunTime:0.000018s ]
INFO: [ app_init ] --END-- [ RunTime:0.000711s ]
INFO: [ app_begin ] --START--
INFO: Run Behavior\ReadHtmlCacheBehavior [ RunTime:0.000657s ]
INFO: Run Behavior\CronRunBehavior [ RunTime:0.000509s ]
INFO: Run Behavior\CheckLangBehavior [ RunTime:0.000966s ]
INFO: [ app_begin ] --END-- [ RunTime:0.002281s ]
ERR: 无法加载控制器:Css

[ 2018-12-09T22:41:52+08:00 ] 127.0.0.1 /Home/
INFO: [ app_init ] --START--
INFO: Run Behavior\BuildLiteBehavior [ RunTime:0.000012s ]
INFO: [ app_init ] --END-- [ RunTime:0.000439s ]
INFO: [ app_begin ] --START--
INFO: Run Behavior\ReadHtmlCacheBehavior [ RunTime:0.000458s ]
INFO: Run Behavior\CronRunBehavior [ RunTime:0.000294s ]
INFO: Run Behavior\CheckLangBehavior [ RunTime:0.000821s ]
INFO: [ app_begin ] --END-- [ RunTime:0.001675s ]
NOTIC: [2048] Declaration of Home\Controller\IndexController::error() should be compatible with Think\Controller::error($message = '', $jumpUrl = '', $ajax = false) D:\phpStudy2018\WWW\doctor\Application\Home\Controller\IndexController.class.php 第 19 行.
SQL: SHOW COLUMNS FROM `dzm_his_user` [ RunTime:0.0100s ]
SQL: SELECT * FROM `dzm_his_user` WHERE ( mobile='' ) LIMIT 1   [ RunTime:0.0006s ]
SQL: SHOW COLUMNS FROM `dzm_his_doctor` [ RunTime:0.0081s ]
SQL: SELECT * FROM `dzm_his_doctor` WHERE ( mobile='' ) LIMIT 1   [ RunTime:0.0006s ]

[ 2018-12-09T22:41:52+08:00 ] 127.0.0.1 /Home/css/error.css
INFO: [ app_init ] --START--
INFO: Run Behavior\BuildLiteBehavior [ RunTime:0.000013s ]
INFO: [ app_init ] --END-- [ RunTime:0.000500s ]
INFO: [ app_begin ] --START--
INFO: Run Behavior\ReadHtmlCacheBehavior [ RunTime:0.000506s ]
INFO: Run Behavior\CronRunBehavior [ RunTime:0.000329s ]
INFO: Run Behavior\CheckLangBehavior [ RunTime:0.000784s ]
INFO: [ app_begin ] --END-- [ RunTime:0.001726s ]
ERR: 无法加载控制器:Css

[ 2018-12-09T22:42:53+08:00 ] 127.0.0.1 /Home/
INFO: [ app_init ] --START--
INFO: Run Behavior\BuildLiteBehavior [ RunTime:0.000013s ]
INFO: [ app_init ] --END-- [ RunTime:0.000401s ]
INFO: [ app_begin ] --START--
INFO: Run Behavior\ReadHtmlCacheBehavior [ RunTime:0.000546s ]
INFO: Run Behavior\CronRunBehavior [ RunTime:0.000377s ]
INFO: Run Behavior\CheckLangBehavior [ RunTime:0.000968s ]
INFO: [ app_begin ] --END-- [ RunTime:0.001998s ]
NOTIC: [2048] Declaration of Home\Controller\IndexController::error() should be compatible with Think\Controller::error($message = '', $jumpUrl = '', $ajax = false) D:\phpStudy2018\WWW\doctor\Application\Home\Controller\IndexController.class.php 第 19 行.
SQL: SHOW COLUMNS FROM `dzm_his_user` [ RunTime:0.0075s ]
SQL: SELECT * FROM `dzm_his_user` WHERE ( mobile='' ) LIMIT 1   [ RunTime:0.0004s ]
SQL: SHOW COLUMNS FROM `dzm_his_doctor` [ RunTime:0.0066s ]
SQL: SELECT * FROM `dzm_his_doctor` WHERE ( mobile='' ) LIMIT 1   [ RunTime:0.0005s ]

[ 2018-12-09T22:42:53+08:00 ] 127.0.0.1 /Home/css/error.css
INFO: [ app_init ] --START--
INFO: Run Behavior\BuildLiteBehavior [ RunTime:0.000032s ]
INFO: [ app_init ] --END-- [ RunTime:0.001484s ]
INFO: [ app_begin ] --START--
INFO: Run Behavior\ReadHtmlCacheBehavior [ RunTime:0.001374s ]
INFO: Run Behavior\CronRunBehavior [ RunTime:0.000866s ]
INFO: Run Behavior\CheckLangBehavior [ RunTime:0.002088s ]
INFO: [ app_begin ] --END-- [ RunTime:0.004608s ]
ERR: 无法加载控制器:Css

[ 2018-12-09T22:43:18+08:00 ] 127.0.0.1 /Home/
INFO: [ app_init ] --START--
INFO: Run Behavior\BuildLiteBehavior [ RunTime:0.000012s ]
INFO: [ app_init ] --END-- [ RunTime:0.000364s ]
INFO: [ app_begin ] --START--
INFO: Run Behavior\ReadHtmlCacheBehavior [ RunTime:0.000514s ]
INFO: Run Behavior\CronRunBehavior [ RunTime:0.000398s ]
INFO: Run Behavior\CheckLangBehavior [ RunTime:0.001223s ]
INFO: [ app_begin ] --END-- [ RunTime:0.002254s ]
NOTIC: [2048] Declaration of Home\Controller\IndexController::error() should be compatible with Think\Controller::error($message = '', $jumpUrl = '', $ajax = false) D:\phpStudy2018\WWW\doctor\Application\Home\Controller\IndexController.class.php 第 19 行.
SQL: SHOW COLUMNS FROM `dzm_his_user` [ RunTime:0.0229s ]
SQL: SELECT * FROM `dzm_his_user` WHERE ( mobile='' ) LIMIT 1   [ RunTime:0.0005s ]
SQL: SHOW COLUMNS FROM `dzm_his_doctor` [ RunTime:0.0099s ]
SQL: SELECT * FROM `dzm_his_doctor` WHERE ( mobile='' ) LIMIT 1   [ RunTime:0.0007s ]
SQL: SHOW COLUMNS FROM `dzm_his_inspectionfee` [ RunTime:0.0503s ]
SQL: SELECT * FROM `dzm_his_inspectionfee` WHERE ( class='就医攻略'  ) LIMIT 6   [ RunTime:0.0012s ]
SQL: SELECT * FROM `dzm_his_inspectionfee` WHERE ( class='谣言粉碎机'  ) LIMIT 6   [ RunTime:0.0009s ]
SQL: SELECT * FROM `dzm_his_inspectionfee` WHERE ( class='中医养生'  ) LIMIT 6   [ RunTime:0.0009s ]
SQL: SELECT * FROM `dzm_his_inspectionfee` WHERE ( class='名医直通车'  ) LIMIT 6   [ RunTime:0.0008s ]
INFO: [ view_parse ] --START--
INFO: [ template_filter ] --START--
INFO: Run Behavior\ContentReplaceBehavior [ RunTime:0.002348s ]
INFO: [ template_filter ] --END-- [ RunTime:0.002429s ]
INFO: Run Behavior\ParseTemplateBehavior [ RunTime:0.128141s ]
INFO: [ view_parse ] --END-- [ RunTime:0.128252s ]
INFO: [ view_filter ] --START--
INFO: Run Behavior\WriteHtmlCacheBehavior [ RunTime:0.000556s ]
INFO: [ view_filter ] --END-- [ RunTime:0.000599s ]
INFO: [ app_end ] --START--
INFO: Run Behavior\ShowPageTraceBehavior [ RunTime:0.001261s ]
INFO: [ app_end ] --END-- [ RunTime:0.001366s ]

[ 2018-12-09T22:47:02+08:00 ] 127.0.0.1 /Home/
INFO: [ app_init ] --START--
INFO: Run Behavior\BuildLiteBehavior [ RunTime:0.000014s ]
INFO: [ app_init ] --END-- [ RunTime:0.000505s ]
INFO: [ app_begin ] --START--
INFO: Run Behavior\ReadHtmlCacheBehavior [ RunTime:0.000602s ]
INFO: Run Behavior\CronRunBehavior [ RunTime:0.000364s ]
INFO: Run Behavior\CheckLangBehavior [ RunTime:0.000864s ]
INFO: [ app_begin ] --END-- [ RunTime:0.001930s ]
NOTIC: [2048] Declaration of Home\Controller\IndexController::error() should be compatible with Think\Controller::error($message = '', $jumpUrl = '', $ajax = false) D:\phpStudy2018\WWW\doctor\Application\Home\Controller\IndexController.class.php 第 19 行.
SQL: SHOW COLUMNS FROM `dzm_his_user` [ RunTime:0.0642s ]
SQL: SELECT * FROM `dzm_his_user` WHERE ( mobile='' ) LIMIT 1   [ RunTime:0.0005s ]
SQL: SHOW COLUMNS FROM `dzm_his_doctor` [ RunTime:0.0054s ]
SQL: SELECT * FROM `dzm_his_doctor` WHERE ( mobile='' ) LIMIT 1   [ RunTime:0.0004s ]
NOTIC: [2] file_get_contents(http://ip.taobao.com/service/getIpInfo.php?ip=127.0.0.1): failed to open stream: HTTP request failed! HTTP/1.1 502 Bad Gateway
 D:\phpStudy2018\WWW\doctor\Application\Home\Controller\IndexController.class.php 第 81 行.
NOTIC: [8] Trying to get property of non-object D:\phpStudy2018\WWW\doctor\Application\Home\Controller\IndexController.class.php 第 82 行.
NOTIC: [8] Trying to get property of non-object D:\phpStudy2018\WWW\doctor\Application\Home\Controller\IndexController.class.php 第 85 行.
SQL: SHOW COLUMNS FROM `dzm_his_inspectionfee` [ RunTime:0.0281s ]
SQL: SELECT * FROM `dzm_his_inspectionfee` WHERE ( class='就医攻略'  ) LIMIT 6   [ RunTime:0.0012s ]
SQL: SELECT * FROM `dzm_his_inspectionfee` WHERE ( class='谣言粉碎机'  ) LIMIT 6   [ RunTime:0.0011s ]
SQL: SELECT * FROM `dzm_his_inspectionfee` WHERE ( class='中医养生'  ) LIMIT 6   [ RunTime:0.0009s ]
SQL: SELECT * FROM `dzm_his_inspectionfee` WHERE ( class='名医直通车'  ) LIMIT 6   [ RunTime:0.0009s ]
NOTIC: [8] Undefined index: region D:\phpStudy2018\WWW\doctor\Application\Home\Controller\IndexController.class.php 第 110 行.
NOTIC: [8] Undefined index: city D:\phpStudy2018\WWW\doctor\Application\Home\Controller\IndexController.class.php 第 111 行.
INFO: [ view_parse ] --START--
INFO: [ template_filter ] --START--
INFO: Run Behavior\ContentReplaceBehavior [ RunTime:0.000740s ]
INFO: [ template_filter ] --END-- [ RunTime:0.000793s ]
INFO: Run Behavior\ParseTemplateBehavior [ RunTime:0.080257s ]
INFO: [ view_parse ] --END-- [ RunTime:0.080385s ]
INFO: [ view_filter ] --START--
INFO: Run Behavior\WriteHtmlCacheBehavior [ RunTime:0.001030s ]
INFO: [ view_filter ] --END-- [ RunTime:0.001085s ]
INFO: [ app_end ] --START--
INFO: Run Behavior\ShowPageTraceBehavior [ RunTime:0.002802s ]
INFO: [ app_end ] --END-- [ RunTime:0.002891s ]

[ 2018-12-09T22:47:59+08:00 ] 127.0.0.1 /Home/
INFO: [ app_init ] --START--
INFO: Run Behavior\BuildLiteBehavior [ RunTime:0.000020s ]
INFO: [ app_init ] --END-- [ RunTime:0.000688s ]
INFO: [ app_begin ] --START--
INFO: Run Behavior\ReadHtmlCacheBehavior [ RunTime:0.001407s ]
INFO: Run Behavior\CronRunBehavior [ RunTime:0.000729s ]
INFO: Run Behavior\CheckLangBehavior [ RunTime:0.002786s ]
INFO: [ app_begin ] --END-- [ RunTime:0.005216s ]
NOTIC: [2048] Declaration of Home\Controller\IndexController::error() should be compatible with Think\Controller::error($message = '', $jumpUrl = '', $ajax = false) D:\phpStudy2018\WWW\doctor\Application\Home\Controller\IndexController.class.php 第 19 行.
SQL: SHOW COLUMNS FROM `dzm_his_user` [ RunTime:0.0080s ]
SQL: SELECT * FROM `dzm_his_user` WHERE ( mobile='' ) LIMIT 1   [ RunTime:0.0005s ]
SQL: SHOW COLUMNS FROM `dzm_his_doctor` [ RunTime:0.0096s ]
SQL: SELECT * FROM `dzm_his_doctor` WHERE ( mobile='' ) LIMIT 1   [ RunTime:0.0007s ]
SQL: SHOW COLUMNS FROM `dzm_his_inspectionfee` [ RunTime:0.0113s ]
SQL: SELECT * FROM `dzm_his_inspectionfee` WHERE ( class='就医攻略'  ) LIMIT 6   [ RunTime:0.0006s ]
SQL: SELECT * FROM `dzm_his_inspectionfee` WHERE ( class='谣言粉碎机'  ) LIMIT 6   [ RunTime:0.0005s ]
SQL: SELECT * FROM `dzm_his_inspectionfee` WHERE ( class='中医养生'  ) LIMIT 6   [ RunTime:0.0005s ]
SQL: SELECT * FROM `dzm_his_inspectionfee` WHERE ( class='名医直通车'  ) LIMIT 6   [ RunTime:0.0007s ]
INFO: [ view_parse ] --START--
INFO: [ template_filter ] --START--
INFO: Run Behavior\ContentReplaceBehavior [ RunTime:0.002422s ]
INFO: [ template_filter ] --END-- [ RunTime:0.002552s ]
INFO: Run Behavior\ParseTemplateBehavior [ RunTime:0.082655s ]
INFO: [ view_parse ] --END-- [ RunTime:0.082743s ]
INFO: [ view_filter ] --START--
INFO: Run Behavior\WriteHtmlCacheBehavior [ RunTime:0.000708s ]
INFO: [ view_filter ] --END-- [ RunTime:0.000764s ]
INFO: [ app_end ] --START--
INFO: Run Behavior\ShowPageTraceBehavior [ RunTime:0.000959s ]
INFO: [ app_end ] --END-- [ RunTime:0.001040s ]

[ 2018-12-09T22:53:00+08:00 ] 127.0.0.1 /Home/
INFO: [ app_init ] --START--
INFO: Run Behavior\BuildLiteBehavior [ RunTime:0.000016s ]
INFO: [ app_init ] --END-- [ RunTime:0.000614s ]
INFO: [ app_begin ] --START--
INFO: Run Behavior\ReadHtmlCacheBehavior [ RunTime:0.001560s ]
INFO: Run Behavior\CronRunBehavior [ RunTime:0.000677s ]
INFO: Run Behavior\CheckLangBehavior [ RunTime:0.001945s ]
INFO: [ app_begin ] --END-- [ RunTime:0.004401s ]
NOTIC: [2048] Declaration of Home\Controller\IndexController::error() should be compatible with Think\Controller::error($message = '', $jumpUrl = '', $ajax = false) D:\phpStudy2018\WWW\doctor\Application\Home\Controller\IndexController.class.php 第 19 行.
SQL: SHOW COLUMNS FROM `dzm_his_user` [ RunTime:0.0092s ]
SQL: SELECT * FROM `dzm_his_user` WHERE ( mobile='' ) LIMIT 1   [ RunTime:0.0007s ]
SQL: SHOW COLUMNS FROM `dzm_his_doctor` [ RunTime:0.0096s ]
SQL: SELECT * FROM `dzm_his_doctor` WHERE ( mobile='' ) LIMIT 1   [ RunTime:0.0006s ]
SQL: SHOW COLUMNS FROM `dzm_his_inspectionfee` [ RunTime:0.0198s ]
SQL: SELECT * FROM `dzm_his_inspectionfee` WHERE ( class='就医攻略'  ) LIMIT 6   [ RunTime:0.0008s ]
SQL: SELECT * FROM `dzm_his_inspectionfee` WHERE ( class='谣言粉碎机'  ) LIMIT 6   [ RunTime:0.0006s ]
SQL: SELECT * FROM `dzm_his_inspectionfee` WHERE ( class='中医养生'  ) LIMIT 6   [ RunTime:0.0006s ]
SQL: SELECT * FROM `dzm_his_inspectionfee` WHERE ( class='名医直通车'  ) LIMIT 6   [ RunTime:0.0008s ]
INFO: [ view_parse ] --START--
INFO: [ template_filter ] --START--
INFO: Run Behavior\ContentReplaceBehavior [ RunTime:0.001239s ]
INFO: [ template_filter ] --END-- [ RunTime:0.001313s ]
INFO: Run Behavior\ParseTemplateBehavior [ RunTime:0.083874s ]
INFO: [ view_parse ] --END-- [ RunTime:0.083988s ]
INFO: [ view_filter ] --START--
INFO: Run Behavior\WriteHtmlCacheBehavior [ RunTime:0.001033s ]
INFO: [ view_filter ] --END-- [ RunTime:0.001120s ]
INFO: [ app_end ] --START--
INFO: Run Behavior\ShowPageTraceBehavior [ RunTime:0.001371s ]
INFO: [ app_end ] --END-- [ RunTime:0.001478s ]

[ 2018-12-09T22:53:25+08:00 ] 127.0.0.1 /index.php/home/index/search?q=%E5%8D%B5%E5%B7%A2%E5%9B%8A%E8%82%BF&searchType=search
INFO: [ app_init ] --START--
INFO: Run Behavior\BuildLiteBehavior [ RunTime:0.000012s ]
INFO: [ app_init ] --END-- [ RunTime:0.000384s ]
INFO: [ app_begin ] --START--
INFO: Run Behavior\ReadHtmlCacheBehavior [ RunTime:0.001204s ]
INFO: Run Behavior\CronRunBehavior [ RunTime:0.000570s ]
INFO: Run Behavior\CheckLangBehavior [ RunTime:0.001113s ]
INFO: [ app_begin ] --END-- [ RunTime:0.003022s ]
NOTIC: [2048] Declaration of Home\Controller\IndexController::error() should be compatible with Think\Controller::error($message = '', $jumpUrl = '', $ajax = false) D:\phpStudy2018\WWW\doctor\Application\Home\Controller\IndexController.class.php 第 19 行.
SQL: SHOW COLUMNS FROM `dzm_his_user` [ RunTime:0.0071s ]
SQL: SELECT * FROM `dzm_his_user` WHERE ( mobile='' ) LIMIT 1   [ RunTime:0.0005s ]
SQL: SHOW COLUMNS FROM `dzm_his_doctor` [ RunTime:0.0067s ]
SQL: SELECT * FROM `dzm_his_doctor` WHERE ( mobile='' ) LIMIT 1   [ RunTime:0.0005s ]
SQL: SHOW COLUMNS FROM `dzm_his_prescription_extracharges` [ RunTime:0.0328s ]
SQL: SELECT * FROM `dzm_his_prescription_extracharges` WHERE ( extracharges_name='卵巢囊肿' ) LIMIT 1   [ RunTime:0.0004s ]
INFO: [ view_parse ] --START--
INFO: [ template_filter ] --START--
INFO: Run Behavior\ContentReplaceBehavior [ RunTime:0.000060s ]
INFO: [ template_filter ] --END-- [ RunTime:0.000113s ]
INFO: Run Behavior\ParseTemplateBehavior [ RunTime:0.016630s ]
INFO: [ view_parse ] --END-- [ RunTime:0.016700s ]
INFO: [ view_filter ] --START--
INFO: Run Behavior\WriteHtmlCacheBehavior [ RunTime:0.000484s ]
INFO: [ view_filter ] --END-- [ RunTime:0.000527s ]
INFO: [ app_end ] --START--
INFO: Run Behavior\ShowPageTraceBehavior [ RunTime:0.000864s ]
INFO: [ app_end ] --END-- [ RunTime:0.000933s ]

[ 2018-12-09T22:53:25+08:00 ] 127.0.0.1 /index.php/home/index/css/error.css
INFO: [ app_init ] --START--
INFO: Run Behavior\BuildLiteBehavior [ RunTime:0.000016s ]
INFO: [ app_init ] --END-- [ RunTime:0.000562s ]
INFO: [ app_begin ] --START--
INFO: Run Behavior\ReadHtmlCacheBehavior [ RunTime:0.001017s ]
INFO: Run Behavior\CronRunBehavior [ RunTime:0.000930s ]
INFO: Run Behavior\CheckLangBehavior [ RunTime:0.001635s ]
INFO: [ app_begin ] --END-- [ RunTime:0.003849s ]
NOTIC: [2048] Declaration of Home\Controller\IndexController::error() should be compatible with Think\Controller::error($message = '', $jumpUrl = '', $ajax = false) D:\phpStudy2018\WWW\doctor\Application\Home\Controller\IndexController.class.php 第 19 行.
SQL: SHOW COLUMNS FROM `dzm_his_user` [ RunTime:0.0399s ]
SQL: SELECT * FROM `dzm_his_user` WHERE ( mobile='' ) LIMIT 1   [ RunTime:0.0007s ]
SQL: SHOW COLUMNS FROM `dzm_his_doctor` [ RunTime:0.0078s ]
SQL: SELECT * FROM `dzm_his_doctor` WHERE ( mobile='' ) LIMIT 1   [ RunTime:0.0005s ]
ERR: 模板不存在:./Application/Home/View/Public/404.html

[ 2018-12-09T22:55:33+08:00 ] 127.0.0.1 /Home/
INFO: [ app_init ] --START--
INFO: Run Behavior\BuildLiteBehavior [ RunTime:0.000010s ]
INFO: [ app_init ] --END-- [ RunTime:0.000308s ]
INFO: [ app_begin ] --START--
INFO: Run Behavior\ReadHtmlCacheBehavior [ RunTime:0.000541s ]
INFO: Run Behavior\CronRunBehavior [ RunTime:0.000351s ]
INFO: Run Behavior\CheckLangBehavior [ RunTime:0.000792s ]
INFO: [ app_begin ] --END-- [ RunTime:0.001800s ]
NOTIC: [2048] Declaration of Home\Controller\IndexController::error() should be compatible with Think\Controller::error($message = '', $jumpUrl = '', $ajax = false) D:\phpStudy2018\WWW\doctor\Application\Home\Controller\IndexController.class.php 第 19 行.
SQL: SHOW COLUMNS FROM `dzm_his_user` [ RunTime:0.0408s ]
SQL: SELECT * FROM `dzm_his_user` WHERE ( mobile='' ) LIMIT 1   [ RunTime:0.0004s ]
SQL: SHOW COLUMNS FROM `dzm_his_doctor` [ RunTime:0.0051s ]
SQL: SELECT * FROM `dzm_his_doctor` WHERE ( mobile='' ) LIMIT 1   [ RunTime:0.0005s ]

[ 2018-12-09T22:55:33+08:00 ] 127.0.0.1 /Home/css/error.css
INFO: [ app_init ] --START--
INFO: Run Behavior\BuildLiteBehavior [ RunTime:0.000020s ]
INFO: [ app_init ] --END-- [ RunTime:0.000873s ]
INFO: [ app_begin ] --START--
INFO: Run Behavior\ReadHtmlCacheBehavior [ RunTime:0.000880s ]
INFO: Run Behavior\CronRunBehavior [ RunTime:0.001165s ]
INFO: Run Behavior\CheckLangBehavior [ RunTime:0.001701s ]
INFO: [ app_begin ] --END-- [ RunTime:0.003929s ]
ERR: 无法加载控制器:Css

[ 2018-12-09T22:55:57+08:00 ] 127.0.0.1 /Home/
INFO: [ app_init ] --START--
INFO: Run Behavior\BuildLiteBehavior [ RunTime:0.000011s ]
INFO: [ app_init ] --END-- [ RunTime:0.000332s ]
INFO: [ app_begin ] --START--
INFO: Run Behavior\ReadHtmlCacheBehavior [ RunTime:0.000370s ]
INFO: Run Behavior\CronRunBehavior [ RunTime:0.000294s ]
INFO: Run Behavior\CheckLangBehavior [ RunTime:0.000708s ]
INFO: [ app_begin ] --END-- [ RunTime:0.001455s ]
NOTIC: [2048] Declaration of Home\Controller\IndexController::error() should be compatible with Think\Controller::error($message = '', $jumpUrl = '', $ajax = false) D:\phpStudy2018\WWW\doctor\Application\Home\Controller\IndexController.class.php 第 19 行.
SQL: SHOW COLUMNS FROM `dzm_his_user` [ RunTime:0.0135s ]
SQL: SELECT * FROM `dzm_his_user` WHERE ( mobile='' ) LIMIT 1   [ RunTime:0.0004s ]
SQL: SHOW COLUMNS FROM `dzm_his_doctor` [ RunTime:0.0057s ]
SQL: SELECT * FROM `dzm_his_doctor` WHERE ( mobile='' ) LIMIT 1   [ RunTime:0.0004s ]
NOTIC: [2] file_get_contents(http://ip.taobao.com/service/getIpInfo.php?ip=127.0.0.1): failed to open stream: HTTP request failed!  D:\phpStudy2018\WWW\doctor\Application\Home\Controller\IndexController.class.php 第 81 行.
NOTIC: [8] Trying to get property of non-object D:\phpStudy2018\WWW\doctor\Application\Home\Controller\IndexController.class.php 第 82 行.
NOTIC: [8] Trying to get property of non-object D:\phpStudy2018\WWW\doctor\Application\Home\Controller\IndexController.class.php 第 85 行.
SQL: SHOW COLUMNS FROM `dzm_his_inspectionfee` [ RunTime:0.0072s ]
SQL: SELECT * FROM `dzm_his_inspectionfee` WHERE ( class='就医攻略'  ) LIMIT 6   [ RunTime:0.0004s ]
SQL: SELECT * FROM `dzm_his_inspectionfee` WHERE ( class='谣言粉碎机'  ) LIMIT 6   [ RunTime:0.0003s ]
SQL: SELECT * FROM `dzm_his_inspectionfee` WHERE ( class='中医养生'  ) LIMIT 6   [ RunTime:0.0003s ]
SQL: SELECT * FROM `dzm_his_inspectionfee` WHERE ( class='名医直通车'  ) LIMIT 6   [ RunTime:0.0003s ]
NOTIC: [8] Undefined index: region D:\phpStudy2018\WWW\doctor\Application\Home\Controller\IndexController.class.php 第 110 行.
NOTIC: [8] Undefined index: city D:\phpStudy2018\WWW\doctor\Application\Home\Controller\IndexController.class.php 第 111 行.
INFO: [ view_parse ] --START--
INFO: [ template_filter ] --START--
INFO: Run Behavior\ContentReplaceBehavior [ RunTime:0.001089s ]
INFO: [ template_filter ] --END-- [ RunTime:0.001190s ]
INFO: Run Behavior\ParseTemplateBehavior [ RunTime:0.038935s ]
INFO: [ view_parse ] --END-- [ RunTime:0.039012s ]
INFO: [ view_filter ] --START--
INFO: Run Behavior\WriteHtmlCacheBehavior [ RunTime:0.000532s ]
INFO: [ view_filter ] --END-- [ RunTime:0.000586s ]
INFO: [ app_end ] --START--
INFO: Run Behavior\ShowPageTraceBehavior [ RunTime:0.001011s ]
INFO: [ app_end ] --END-- [ RunTime:0.001094s ]

[ 2018-12-09T22:57:54+08:00 ] 127.0.0.1 /Home/
INFO: [ app_init ] --START--
INFO: Run Behavior\BuildLiteBehavior [ RunTime:0.000016s ]
INFO: [ app_init ] --END-- [ RunTime:0.000595s ]
INFO: [ app_begin ] --START--
INFO: Run Behavior\ReadHtmlCacheBehavior [ RunTime:0.000792s ]
INFO: Run Behavior\CronRunBehavior [ RunTime:0.000596s ]
INFO: Run Behavior\CheckLangBehavior [ RunTime:0.001841s ]
INFO: [ app_begin ] --END-- [ RunTime:0.003383s ]
NOTIC: [2048] Declaration of Home\Controller\IndexController::error() should be compatible with Think\Controller::error($message = '', $jumpUrl = '', $ajax = false) D:\phpStudy2018\WWW\doctor\Application\Home\Controller\IndexController.class.php 第 19 行.
SQL: SHOW COLUMNS FROM `dzm_his_user` [ RunTime:0.0296s ]
SQL: SELECT * FROM `dzm_his_user` WHERE ( mobile='' ) LIMIT 1   [ RunTime:0.0006s ]
SQL: SHOW COLUMNS FROM `dzm_his_doctor` [ RunTime:0.0077s ]
SQL: SELECT * FROM `dzm_his_doctor` WHERE ( mobile='' ) LIMIT 1   [ RunTime:0.0005s ]
NOTIC: [2] file_get_contents(http://ip.taobao.com/service/getIpInfo.php?ip=127.0.0.1): failed to open stream: HTTP request failed!  D:\phpStudy2018\WWW\doctor\Application\Home\Controller\IndexController.class.php 第 81 行.
NOTIC: [8] Trying to get property of non-object D:\phpStudy2018\WWW\doctor\Application\Home\Controller\IndexController.class.php 第 82 行.
NOTIC: [8] Trying to get property of non-object D:\phpStudy2018\WWW\doctor\Application\Home\Controller\IndexController.class.php 第 85 行.
SQL: SHOW COLUMNS FROM `dzm_his_inspectionfee` [ RunTime:0.0072s ]
SQL: SELECT * FROM `dzm_his_inspectionfee` WHERE ( class='就医攻略'  ) LIMIT 6   [ RunTime:0.0005s ]
SQL: SELECT * FROM `dzm_his_inspectionfee` WHERE ( class='谣言粉碎机'  ) LIMIT 6   [ RunTime:0.0003s ]
SQL: SELECT * FROM `dzm_his_inspectionfee` WHERE ( class='中医养生'  ) LIMIT 6   [ RunTime:0.0003s ]
SQL: SELECT * FROM `dzm_his_inspectionfee` WHERE ( class='名医直通车'  ) LIMIT 6   [ RunTime:0.0003s ]
NOTIC: [8] Undefined index: region D:\phpStudy2018\WWW\doctor\Application\Home\Controller\IndexController.class.php 第 110 行.
NOTIC: [8] Undefined index: city D:\phpStudy2018\WWW\doctor\Application\Home\Controller\IndexController.class.php 第 111 行.
INFO: [ view_parse ] --START--
INFO: [ template_filter ] --START--
INFO: Run Behavior\ContentReplaceBehavior [ RunTime:0.001106s ]
INFO: [ template_filter ] --END-- [ RunTime:0.001191s ]
INFO: Run Behavior\ParseTemplateBehavior [ RunTime:0.067573s ]
INFO: [ view_parse ] --END-- [ RunTime:0.067656s ]
INFO: [ view_filter ] --START--
INFO: Run Behavior\WriteHtmlCacheBehavior [ RunTime:0.000731s ]
INFO: [ view_filter ] --END-- [ RunTime:0.000809s ]
INFO: [ app_end ] --START--
INFO: Run Behavior\ShowPageTraceBehavior [ RunTime:0.001103s ]
INFO: [ app_end ] --END-- [ RunTime:0.001194s ]

[ 2018-12-09T22:58:13+08:00 ] 127.0.0.1 /Home/
INFO: [ app_init ] --START--
INFO: Run Behavior\BuildLiteBehavior [ RunTime:0.000017s ]
INFO: [ app_init ] --END-- [ RunTime:0.000709s ]
INFO: [ app_begin ] --START--
INFO: Run Behavior\ReadHtmlCacheBehavior [ RunTime:0.000544s ]
INFO: Run Behavior\CronRunBehavior [ RunTime:0.000350s ]
INFO: Run Behavior\CheckLangBehavior [ RunTime:0.000706s ]
INFO: [ app_begin ] --END-- [ RunTime:0.001709s ]
NOTIC: [2048] Declaration of Home\Controller\IndexController::error() should be compatible with Think\Controller::error($message = '', $jumpUrl = '', $ajax = false) D:\phpStudy2018\WWW\doctor\Application\Home\Controller\IndexController.class.php 第 19 行.
SQL: SHOW COLUMNS FROM `dzm_his_user` [ RunTime:0.0311s ]
SQL: SELECT * FROM `dzm_his_user` WHERE ( mobile='' ) LIMIT 1   [ RunTime:0.0004s ]
SQL: SHOW COLUMNS FROM `dzm_his_doctor` [ RunTime:0.0059s ]
SQL: SELECT * FROM `dzm_his_doctor` WHERE ( mobile='' ) LIMIT 1   [ RunTime:0.0004s ]
SQL: SHOW COLUMNS FROM `dzm_his_inspectionfee` [ RunTime:0.0270s ]
SQL: SELECT * FROM `dzm_his_inspectionfee` WHERE ( class='就医攻略'  ) LIMIT 6   [ RunTime:0.0011s ]
SQL: SELECT * FROM `dzm_his_inspectionfee` WHERE ( class='谣言粉碎机'  ) LIMIT 6   [ RunTime:0.0015s ]
SQL: SELECT * FROM `dzm_his_inspectionfee` WHERE ( class='中医养生'  ) LIMIT 6   [ RunTime:0.0007s ]
SQL: SELECT * FROM `dzm_his_inspectionfee` WHERE ( class='名医直通车'  ) LIMIT 6   [ RunTime:0.0007s ]
INFO: [ view_parse ] --START--
INFO: [ template_filter ] --START--
INFO: Run Behavior\ContentReplaceBehavior [ RunTime:0.001103s ]
INFO: [ template_filter ] --END-- [ RunTime:0.001183s ]
INFO: Run Behavior\ParseTemplateBehavior [ RunTime:0.058948s ]
INFO: [ view_parse ] --END-- [ RunTime:0.059028s ]
INFO: [ view_filter ] --START--
INFO: Run Behavior\WriteHtmlCacheBehavior [ RunTime:0.000624s ]
INFO: [ view_filter ] --END-- [ RunTime:0.000681s ]
INFO: [ app_end ] --START--
INFO: Run Behavior\ShowPageTraceBehavior [ RunTime:0.001012s ]
INFO: [ app_end ] --END-- [ RunTime:0.001104s ]

