[ 2018-12-08T16:28:41+08:00 ] 127.0.0.1 /Home/
INFO: [ app_init ] --START--
INFO: Run Behavior\BuildLiteBehavior [ RunTime:0.000015s ]
INFO: [ app_init ] --END-- [ RunTime:0.000766s ]
INFO: [ app_begin ] --START--
INFO: Run Behavior\ReadHtmlCacheBehavior [ RunTime:0.000722s ]
INFO: Run Behavior\CronRunBehavior [ RunTime:0.000472s ]
INFO: Run Behavior\CheckLangBehavior [ RunTime:0.001676s ]
INFO: [ app_begin ] --END-- [ RunTime:0.002996s ]
NOTIC: [2048] Declaration of Home\Controller\IndexController::error() should be compatible with Think\Controller::error($message = '', $jumpUrl = '', $ajax = false) D:\phpStudy2018\WWW\doctor\Application\Home\Controller\IndexController.class.php 第 19 行.
SQL: SHOW COLUMNS FROM `dzm_his_user` [ RunTime:0.0456s ]
SQL: SELECT * FROM `dzm_his_user` WHERE ( mobile='13776848129' ) LIMIT 1   [ RunTime:0.0005s ]
SQL: SHOW COLUMNS FROM `dzm_his_doctor` [ RunTime:0.1547s ]
SQL: SELECT * FROM `dzm_his_doctor` WHERE ( mobile='13776848129' ) LIMIT 1   [ RunTime:0.0006s ]
SQL: SHOW COLUMNS FROM `dzm_his_inspectionfee` [ RunTime:0.0180s ]
NOTIC: [2] Missing argument 1 for Think\Model::where(), called in D:\phpStudy2018\WWW\doctor\Application\Home\Controller\IndexController.class.php on line 98 and defined D:\phpStudy2018\WWW\doctor\ThinkPHP\Library\Think\Model.class.php 第 1797 行.
NOTIC: [8] Undefined variable: where D:\phpStudy2018\WWW\doctor\ThinkPHP\Library\Think\Model.class.php 第 1805 行.
NOTIC: [8] Undefined variable: where D:\phpStudy2018\WWW\doctor\ThinkPHP\Library\Think\Model.class.php 第 1808 行.
NOTIC: [8] Undefined variable: where D:\phpStudy2018\WWW\doctor\ThinkPHP\Library\Think\Model.class.php 第 1816 行.
SQL: SELECT * FROM `dzm_his_inspectionfee`  [ RunTime:0.0005s ]
INFO: [ view_parse ] --START--
INFO: [ template_filter ] --START--
INFO: Run Behavior\ContentReplaceBehavior [ RunTime:0.154651s ]
INFO: [ template_filter ] --END-- [ RunTime:0.154810s ]
INFO: Run Behavior\ParseTemplateBehavior [ RunTime:0.287486s ]
INFO: [ view_parse ] --END-- [ RunTime:0.287584s ]
INFO: [ view_filter ] --START--
INFO: Run Behavior\WriteHtmlCacheBehavior [ RunTime:0.001073s ]
INFO: [ view_filter ] --END-- [ RunTime:0.001160s ]
INFO: [ app_end ] --START--
INFO: Run Behavior\ShowPageTraceBehavior [ RunTime:0.001635s ]
INFO: [ app_end ] --END-- [ RunTime:0.001766s ]

[ 2018-12-08T16:29:16+08:00 ] 127.0.0.1 /Home/
INFO: [ app_init ] --START--
INFO: Run Behavior\BuildLiteBehavior [ RunTime:0.000010s ]
INFO: [ app_init ] --END-- [ RunTime:0.000369s ]
INFO: [ app_begin ] --START--
INFO: Run Behavior\ReadHtmlCacheBehavior [ RunTime:0.000517s ]
INFO: Run Behavior\CronRunBehavior [ RunTime:0.000403s ]
INFO: Run Behavior\CheckLangBehavior [ RunTime:0.001360s ]
INFO: [ app_begin ] --END-- [ RunTime:0.002406s ]
NOTIC: [2048] Declaration of Home\Controller\IndexController::error() should be compatible with Think\Controller::error($message = '', $jumpUrl = '', $ajax = false) D:\phpStudy2018\WWW\doctor\Application\Home\Controller\IndexController.class.php 第 19 行.
SQL: SHOW COLUMNS FROM `dzm_his_user` [ RunTime:0.0227s ]
SQL: SELECT * FROM `dzm_his_user` WHERE ( mobile='13776848129' ) LIMIT 1   [ RunTime:0.0005s ]
SQL: SHOW COLUMNS FROM `dzm_his_doctor` [ RunTime:0.0061s ]
SQL: SELECT * FROM `dzm_his_doctor` WHERE ( mobile='13776848129' ) LIMIT 1   [ RunTime:0.0003s ]
NOTIC: [2] file_get_contents(http://ip.taobao.com/service/getIpInfo.php?ip=127.0.0.1): failed to open stream: HTTP request failed! HTTP/1.1 502 Bad Gateway
 D:\phpStudy2018\WWW\doctor\Application\Home\Controller\IndexController.class.php 第 81 行.
NOTIC: [8] Trying to get property of non-object D:\phpStudy2018\WWW\doctor\Application\Home\Controller\IndexController.class.php 第 82 行.
NOTIC: [8] Trying to get property of non-object D:\phpStudy2018\WWW\doctor\Application\Home\Controller\IndexController.class.php 第 85 行.
SQL: SHOW COLUMNS FROM `dzm_his_inspectionfee` [ RunTime:0.0047s ]
NOTIC: [2] Missing argument 1 for Think\Model::where(), called in D:\phpStudy2018\WWW\doctor\Application\Home\Controller\IndexController.class.php on line 98 and defined D:\phpStudy2018\WWW\doctor\ThinkPHP\Library\Think\Model.class.php 第 1797 行.
NOTIC: [8] Undefined variable: where D:\phpStudy2018\WWW\doctor\ThinkPHP\Library\Think\Model.class.php 第 1805 行.
NOTIC: [8] Undefined variable: where D:\phpStudy2018\WWW\doctor\ThinkPHP\Library\Think\Model.class.php 第 1808 行.
NOTIC: [8] Undefined variable: where D:\phpStudy2018\WWW\doctor\ThinkPHP\Library\Think\Model.class.php 第 1816 行.
SQL: SELECT * FROM `dzm_his_inspectionfee`  [ RunTime:0.0003s ]
NOTIC: [8] Undefined index: region D:\phpStudy2018\WWW\doctor\Application\Home\Controller\IndexController.class.php 第 100 行.
NOTIC: [8] Undefined index: city D:\phpStudy2018\WWW\doctor\Application\Home\Controller\IndexController.class.php 第 101 行.
INFO: [ view_parse ] --START--
INFO: [ template_filter ] --START--
INFO: Run Behavior\ContentReplaceBehavior [ RunTime:0.001607s ]
INFO: [ template_filter ] --END-- [ RunTime:0.001666s ]
INFO: Run Behavior\ParseTemplateBehavior [ RunTime:0.076679s ]
INFO: [ view_parse ] --END-- [ RunTime:0.076733s ]
INFO: [ view_filter ] --START--
INFO: Run Behavior\WriteHtmlCacheBehavior [ RunTime:0.000447s ]
INFO: [ view_filter ] --END-- [ RunTime:0.000476s ]
INFO: [ app_end ] --START--
INFO: Run Behavior\ShowPageTraceBehavior [ RunTime:0.000904s ]
INFO: [ app_end ] --END-- [ RunTime:0.001017s ]

[ 2018-12-08T16:34:12+08:00 ] 127.0.0.1 /Home/
INFO: [ app_init ] --START--
INFO: Run Behavior\BuildLiteBehavior [ RunTime:0.000015s ]
INFO: [ app_init ] --END-- [ RunTime:0.000462s ]
INFO: [ app_begin ] --START--
INFO: Run Behavior\ReadHtmlCacheBehavior [ RunTime:0.000470s ]
INFO: Run Behavior\CronRunBehavior [ RunTime:0.000332s ]
INFO: Run Behavior\CheckLangBehavior [ RunTime:0.002039s ]
INFO: [ app_begin ] --END-- [ RunTime:0.002970s ]
NOTIC: [2048] Declaration of Home\Controller\IndexController::error() should be compatible with Think\Controller::error($message = '', $jumpUrl = '', $ajax = false) D:\phpStudy2018\WWW\doctor\Application\Home\Controller\IndexController.class.php 第 19 行.
SQL: SHOW COLUMNS FROM `dzm_his_user` [ RunTime:0.0063s ]
SQL: SELECT * FROM `dzm_his_user` WHERE ( mobile='' ) LIMIT 1   [ RunTime:0.0003s ]
SQL: SHOW COLUMNS FROM `dzm_his_doctor` [ RunTime:0.0047s ]
SQL: SELECT * FROM `dzm_his_doctor` WHERE ( mobile='' ) LIMIT 1   [ RunTime:0.0004s ]
SQL: SHOW COLUMNS FROM `dzm_his_inspectionfee` [ RunTime:0.0167s ]
NOTIC: [2] Missing argument 1 for Think\Model::where(), called in D:\phpStudy2018\WWW\doctor\Application\Home\Controller\IndexController.class.php on line 98 and defined D:\phpStudy2018\WWW\doctor\ThinkPHP\Library\Think\Model.class.php 第 1797 行.
NOTIC: [8] Undefined variable: where D:\phpStudy2018\WWW\doctor\ThinkPHP\Library\Think\Model.class.php 第 1805 行.
NOTIC: [8] Undefined variable: where D:\phpStudy2018\WWW\doctor\ThinkPHP\Library\Think\Model.class.php 第 1808 行.
NOTIC: [8] Undefined variable: where D:\phpStudy2018\WWW\doctor\ThinkPHP\Library\Think\Model.class.php 第 1816 行.
SQL: SELECT * FROM `dzm_his_inspectionfee`  [ RunTime:0.0008s ]
INFO: [ view_parse ] --START--
INFO: [ template_filter ] --START--
INFO: Run Behavior\ContentReplaceBehavior [ RunTime:0.002284s ]
INFO: [ template_filter ] --END-- [ RunTime:0.002365s ]
INFO: Run Behavior\ParseTemplateBehavior [ RunTime:0.092035s ]
INFO: [ view_parse ] --END-- [ RunTime:0.092132s ]
INFO: [ view_filter ] --START--
INFO: Run Behavior\WriteHtmlCacheBehavior [ RunTime:0.000633s ]
INFO: [ view_filter ] --END-- [ RunTime:0.000676s ]
INFO: [ app_end ] --START--
INFO: Run Behavior\ShowPageTraceBehavior [ RunTime:0.000949s ]
INFO: [ app_end ] --END-- [ RunTime:0.001034s ]

