[ 2018-12-15T11:33:02+08:00 ] 127.0.0.1 /index.php/home/index/video
INFO: [ app_init ] --START--
INFO: Run Behavior\BuildLiteBehavior [ RunTime:0.000016s ]
INFO: [ app_init ] --END-- [ RunTime:0.000537s ]
INFO: [ app_begin ] --START--
INFO: Run Behavior\ReadHtmlCacheBehavior [ RunTime:0.000771s ]
INFO: Run Behavior\CronRunBehavior [ RunTime:0.000472s ]
INFO: Run Behavior\CheckLangBehavior [ RunTime:0.001370s ]
INFO: [ app_begin ] --END-- [ RunTime:0.002752s ]
NOTIC: [2048] Declaration of Home\Controller\IndexController::error() should be compatible with Think\Controller::error($message = '', $jumpUrl = '', $ajax = false) D:\phpStudy2018\WWW\doctor\Application\Home\Controller\IndexController.class.php 第 19 行.
SQL: SHOW COLUMNS FROM `dzm_his_user` [ RunTime:0.0072s ]
SQL: SELECT * FROM `dzm_his_user` WHERE ( mobile='13141589203' ) LIMIT 1   [ RunTime:0.0005s ]
SQL: SHOW COLUMNS FROM `dzm_his_doctor` [ RunTime:0.0064s ]
SQL: SELECT * FROM `dzm_his_doctor` WHERE ( mobile='13141589203' ) LIMIT 1   [ RunTime:0.0005s ]
SQL: SHOW COLUMNS FROM `dzm_his_video` [ RunTime:0.0052s ]
SQL: SELECT * FROM `dzm_his_video` WHERE ( sicktime='健康' ) LIMIT 4   [ RunTime:0.0003s ]
SQL: SELECT * FROM `dzm_his_video` WHERE ( sicktime='养生' ) LIMIT 4   [ RunTime:0.0002s ]
SQL: SELECT * FROM `dzm_his_video` WHERE ( sicktime='减肥' ) LIMIT 4   [ RunTime:0.0002s ]
SQL: SELECT * FROM `dzm_his_video` WHERE ( sicktime='生活' ) LIMIT 4   [ RunTime:0.0002s ]
SQL: SELECT * FROM `dzm_his_video` WHERE ( sicktime='自拍拍' ) LIMIT 4   [ RunTime:0.0002s ]
INFO: [ view_parse ] --START--
INFO: [ template_filter ] --START--
INFO: Run Behavior\ContentReplaceBehavior [ RunTime:0.000207s ]
INFO: [ template_filter ] --END-- [ RunTime:0.000279s ]
INFO: Run Behavior\ParseTemplateBehavior [ RunTime:0.022608s ]
INFO: [ view_parse ] --END-- [ RunTime:0.022665s ]
INFO: [ view_filter ] --START--
INFO: Run Behavior\WriteHtmlCacheBehavior [ RunTime:0.000524s ]
INFO: [ view_filter ] --END-- [ RunTime:0.000575s ]
INFO: [ app_end ] --START--
INFO: Run Behavior\ShowPageTraceBehavior [ RunTime:0.000831s ]
INFO: [ app_end ] --END-- [ RunTime:0.000891s ]

[ 2018-12-15T11:33:12+08:00 ] 127.0.0.1 /index.php/home/index/video
INFO: [ app_init ] --START--
INFO: Run Behavior\BuildLiteBehavior [ RunTime:0.000011s ]
INFO: [ app_init ] --END-- [ RunTime:0.000364s ]
INFO: [ app_begin ] --START--
INFO: Run Behavior\ReadHtmlCacheBehavior [ RunTime:0.000527s ]
INFO: Run Behavior\CronRunBehavior [ RunTime:0.000594s ]
INFO: Run Behavior\CheckLangBehavior [ RunTime:0.000707s ]
INFO: [ app_begin ] --END-- [ RunTime:0.001951s ]
NOTIC: [2048] Declaration of Home\Controller\IndexController::error() should be compatible with Think\Controller::error($message = '', $jumpUrl = '', $ajax = false) D:\phpStudy2018\WWW\doctor\Application\Home\Controller\IndexController.class.php 第 19 行.
SQL: SHOW COLUMNS FROM `dzm_his_user` [ RunTime:0.0318s ]
SQL: SELECT * FROM `dzm_his_user` WHERE ( mobile='13141589203' ) LIMIT 1   [ RunTime:0.0004s ]
SQL: SHOW COLUMNS FROM `dzm_his_doctor` [ RunTime:0.0711s ]
SQL: SELECT * FROM `dzm_his_doctor` WHERE ( mobile='13141589203' ) LIMIT 1   [ RunTime:0.0004s ]
SQL: SHOW COLUMNS FROM `dzm_his_video` [ RunTime:0.0431s ]
SQL: SELECT * FROM `dzm_his_video` WHERE ( sicktime='健康' ) LIMIT 4   [ RunTime:0.0003s ]
SQL: SELECT * FROM `dzm_his_video` WHERE ( sicktime='养生' ) LIMIT 4   [ RunTime:0.0003s ]
SQL: SELECT * FROM `dzm_his_video` WHERE ( sicktime='减肥' ) LIMIT 4   [ RunTime:0.0002s ]
SQL: SELECT * FROM `dzm_his_video` WHERE ( sicktime='生活' ) LIMIT 4   [ RunTime:0.0002s ]
SQL: SELECT * FROM `dzm_his_video` WHERE ( sicktime='自拍拍' ) LIMIT 4   [ RunTime:0.0003s ]
INFO: [ view_parse ] --START--
INFO: [ template_filter ] --START--
INFO: Run Behavior\ContentReplaceBehavior [ RunTime:0.000114s ]
INFO: [ template_filter ] --END-- [ RunTime:0.000154s ]
INFO: Run Behavior\ParseTemplateBehavior [ RunTime:0.009984s ]
INFO: [ view_parse ] --END-- [ RunTime:0.010033s ]
INFO: [ view_filter ] --START--
INFO: Run Behavior\WriteHtmlCacheBehavior [ RunTime:0.000503s ]
INFO: [ view_filter ] --END-- [ RunTime:0.000541s ]
INFO: [ app_end ] --START--
INFO: Run Behavior\ShowPageTraceBehavior [ RunTime:0.000869s ]
INFO: [ app_end ] --END-- [ RunTime:0.000994s ]

[ 2018-12-15T11:33:23+08:00 ] 127.0.0.1 /index.php/home/index/videos?sicktime=%E5%81%A5%E5%BA%B7
INFO: [ app_init ] --START--
INFO: Run Behavior\BuildLiteBehavior [ RunTime:0.000012s ]
INFO: [ app_init ] --END-- [ RunTime:0.000433s ]
INFO: [ app_begin ] --START--
INFO: Run Behavior\ReadHtmlCacheBehavior [ RunTime:0.000424s ]
INFO: Run Behavior\CronRunBehavior [ RunTime:0.000249s ]
INFO: Run Behavior\CheckLangBehavior [ RunTime:0.000687s ]
INFO: [ app_begin ] --END-- [ RunTime:0.001452s ]
NOTIC: [2048] Declaration of Home\Controller\IndexController::error() should be compatible with Think\Controller::error($message = '', $jumpUrl = '', $ajax = false) D:\phpStudy2018\WWW\doctor\Application\Home\Controller\IndexController.class.php 第 19 行.
SQL: SHOW COLUMNS FROM `dzm_his_user` [ RunTime:0.0363s ]
SQL: SELECT * FROM `dzm_his_user` WHERE ( mobile='13141589203' ) LIMIT 1   [ RunTime:0.0004s ]
SQL: SHOW COLUMNS FROM `dzm_his_doctor` [ RunTime:0.0573s ]
SQL: SELECT * FROM `dzm_his_doctor` WHERE ( mobile='13141589203' ) LIMIT 1   [ RunTime:0.0005s ]
SQL: SHOW COLUMNS FROM `dzm_his_video` [ RunTime:0.0750s ]
SQL: SELECT * FROM `dzm_his_video` WHERE ( sicktime='健康' )  [ RunTime:0.0005s ]
INFO: [ view_parse ] --START--
INFO: [ template_filter ] --START--
INFO: Run Behavior\ContentReplaceBehavior [ RunTime:0.000156s ]
INFO: [ template_filter ] --END-- [ RunTime:0.000224s ]
INFO: Run Behavior\ParseTemplateBehavior [ RunTime:0.016638s ]
INFO: [ view_parse ] --END-- [ RunTime:0.016719s ]
INFO: [ view_filter ] --START--
INFO: Run Behavior\WriteHtmlCacheBehavior [ RunTime:0.000532s ]
INFO: [ view_filter ] --END-- [ RunTime:0.000585s ]
INFO: [ app_end ] --START--
INFO: Run Behavior\ShowPageTraceBehavior [ RunTime:0.000908s ]
INFO: [ app_end ] --END-- [ RunTime:0.000972s ]

[ 2018-12-15T11:34:39+08:00 ] 127.0.0.1 /index.php/home/index/videos?sicktime=%E5%81%A5%E5%BA%B7
INFO: [ app_init ] --START--
INFO: Run Behavior\BuildLiteBehavior [ RunTime:0.000010s ]
INFO: [ app_init ] --END-- [ RunTime:0.000355s ]
INFO: [ app_begin ] --START--
INFO: Run Behavior\ReadHtmlCacheBehavior [ RunTime:0.000377s ]
INFO: Run Behavior\CronRunBehavior [ RunTime:0.000282s ]
INFO: Run Behavior\CheckLangBehavior [ RunTime:0.000632s ]
INFO: [ app_begin ] --END-- [ RunTime:0.001374s ]
NOTIC: [2048] Declaration of Home\Controller\IndexController::error() should be compatible with Think\Controller::error($message = '', $jumpUrl = '', $ajax = false) D:\phpStudy2018\WWW\doctor\Application\Home\Controller\IndexController.class.php 第 19 行.
SQL: SHOW COLUMNS FROM `dzm_his_user` [ RunTime:0.0218s ]
SQL: SELECT * FROM `dzm_his_user` WHERE ( mobile='13141589203' ) LIMIT 1   [ RunTime:0.0007s ]
SQL: SHOW COLUMNS FROM `dzm_his_doctor` [ RunTime:0.0062s ]
SQL: SELECT * FROM `dzm_his_doctor` WHERE ( mobile='13141589203' ) LIMIT 1   [ RunTime:0.0004s ]
SQL: SHOW COLUMNS FROM `dzm_his_video` [ RunTime:0.0045s ]
SQL: SELECT * FROM `dzm_his_video` WHERE ( sicktime='健康' )  [ RunTime:0.0003s ]
INFO: [ view_parse ] --START--
INFO: [ template_filter ] --START--
INFO: Run Behavior\ContentReplaceBehavior [ RunTime:0.000099s ]
INFO: [ template_filter ] --END-- [ RunTime:0.000145s ]
INFO: Run Behavior\ParseTemplateBehavior [ RunTime:0.008199s ]
INFO: [ view_parse ] --END-- [ RunTime:0.008299s ]
INFO: [ view_filter ] --START--
INFO: Run Behavior\WriteHtmlCacheBehavior [ RunTime:0.000590s ]
INFO: [ view_filter ] --END-- [ RunTime:0.000659s ]
INFO: [ app_end ] --START--
INFO: Run Behavior\ShowPageTraceBehavior [ RunTime:0.000912s ]
INFO: [ app_end ] --END-- [ RunTime:0.000979s ]

[ 2018-12-15T11:34:50+08:00 ] 127.0.0.1 /index.php/home/index/videos?sicktime=%E5%81%A5%E5%BA%B7
INFO: [ app_init ] --START--
INFO: Run Behavior\BuildLiteBehavior [ RunTime:0.000010s ]
INFO: [ app_init ] --END-- [ RunTime:0.000309s ]
INFO: [ app_begin ] --START--
INFO: Run Behavior\ReadHtmlCacheBehavior [ RunTime:0.000411s ]
INFO: Run Behavior\CronRunBehavior [ RunTime:0.000245s ]
INFO: Run Behavior\CheckLangBehavior [ RunTime:0.000857s ]
INFO: [ app_begin ] --END-- [ RunTime:0.001617s ]
NOTIC: [2048] Declaration of Home\Controller\IndexController::error() should be compatible with Think\Controller::error($message = '', $jumpUrl = '', $ajax = false) D:\phpStudy2018\WWW\doctor\Application\Home\Controller\IndexController.class.php 第 19 行.
SQL: SHOW COLUMNS FROM `dzm_his_user` [ RunTime:0.0333s ]
SQL: SELECT * FROM `dzm_his_user` WHERE ( mobile='13141589203' ) LIMIT 1   [ RunTime:0.0004s ]
SQL: SHOW COLUMNS FROM `dzm_his_doctor` [ RunTime:0.0046s ]
SQL: SELECT * FROM `dzm_his_doctor` WHERE ( mobile='13141589203' ) LIMIT 1   [ RunTime:0.0004s ]
SQL: SHOW COLUMNS FROM `dzm_his_video` [ RunTime:0.0056s ]
SQL: SELECT * FROM `dzm_his_video` WHERE ( sicktime='健康' )  [ RunTime:0.0003s ]
INFO: [ view_parse ] --START--
INFO: [ template_filter ] --START--
INFO: Run Behavior\ContentReplaceBehavior [ RunTime:0.000102s ]
INFO: [ template_filter ] --END-- [ RunTime:0.000150s ]
INFO: Run Behavior\ParseTemplateBehavior [ RunTime:0.008572s ]
INFO: [ view_parse ] --END-- [ RunTime:0.008629s ]
INFO: [ view_filter ] --START--
INFO: Run Behavior\WriteHtmlCacheBehavior [ RunTime:0.000242s ]
INFO: [ view_filter ] --END-- [ RunTime:0.000269s ]
INFO: [ app_end ] --START--
INFO: Run Behavior\ShowPageTraceBehavior [ RunTime:0.000426s ]
INFO: [ app_end ] --END-- [ RunTime:0.000454s ]

