[ 2018-12-25T10:09:36+08:00 ] 127.0.0.1 /Home/
INFO: [ app_init ] --START--
INFO: Run Behavior\BuildLiteBehavior [ RunTime:0.000007s ]
INFO: [ app_init ] --END-- [ RunTime:0.026550s ]
INFO: [ app_begin ] --START--
INFO: Run Behavior\ReadHtmlCacheBehavior [ RunTime:0.000559s ]
INFO: Run Behavior\CronRunBehavior [ RunTime:0.000450s ]
INFO: Run Behavior\CheckLangBehavior [ RunTime:0.005267s ]
INFO: [ app_begin ] --END-- [ RunTime:0.006346s ]
NOTIC: [2048] Declaration of Home\Controller\IndexController::error() should be compatible with Think\Controller::error($message = '', $jumpUrl = '', $ajax = false) D:\phpStudy2018\PHPTutorial\WWW\doctor\Application\Home\Controller\IndexController.class.php 第 19 行.
SQL: SHOW COLUMNS FROM `dzm_his_user` [ RunTime:0.0459s ]
SQL: SELECT * FROM `dzm_his_user` WHERE ( mobile='' ) LIMIT 1   [ RunTime:0.0003s ]
SQL: SHOW COLUMNS FROM `dzm_his_doctor` [ RunTime:0.0190s ]
SQL: SELECT * FROM `dzm_his_doctor` WHERE ( mobile='' ) LIMIT 1   [ RunTime:0.0003s ]
NOTIC: [2] file_get_contents(http://ip.taobao.com/service/getIpInfo.php?ip=127.0.0.1): failed to open stream: HTTP request failed! HTTP/1.1 502 Bad Gateway
 D:\phpStudy2018\PHPTutorial\WWW\doctor\Application\Home\Controller\IndexController.class.php 第 81 行.
NOTIC: [8] Trying to get property of non-object D:\phpStudy2018\PHPTutorial\WWW\doctor\Application\Home\Controller\IndexController.class.php 第 82 行.
NOTIC: [8] Trying to get property of non-object D:\phpStudy2018\PHPTutorial\WWW\doctor\Application\Home\Controller\IndexController.class.php 第 85 行.
SQL: SHOW COLUMNS FROM `dzm_his_inspectionfee` [ RunTime:0.0412s ]
SQL: SELECT * FROM `dzm_his_inspectionfee` WHERE ( class='养生'  ) LIMIT 6   [ RunTime:0.0003s ]
SQL: SELECT * FROM `dzm_his_inspectionfee` WHERE ( class='健康'  ) LIMIT 6   [ RunTime:0.0002s ]
SQL: SELECT * FROM `dzm_his_inspectionfee` WHERE ( class='两性'  ) LIMIT 6   [ RunTime:0.0002s ]
SQL: SELECT * FROM `dzm_his_inspectionfee` WHERE ( class='减肥'  ) LIMIT 6   [ RunTime:0.0002s ]
SQL: SELECT * FROM `dzm_his_inspectionfee` WHERE ( class='医院公开'  ) LIMIT 6   [ RunTime:0.0051s ]
SQL: SELECT * FROM `dzm_his_inspectionfee` WHERE ( class='医院动态'  ) LIMIT 6   [ RunTime:0.0002s ]
SQL: SELECT * FROM `dzm_his_inspectionfee` WHERE ( class='医院健康'  ) LIMIT 6   [ RunTime:0.0001s ]
NOTIC: [8] Undefined variable: class7 D:\phpStudy2018\PHPTutorial\WWW\doctor\Application\Home\Controller\IndexController.class.php 第 119 行.
SQL: SELECT * FROM `dzm_his_inspectionfee` WHERE ( class=''  ) LIMIT 6   [ RunTime:0.0002s ]
NOTIC: [8] Undefined variable: class8 D:\phpStudy2018\PHPTutorial\WWW\doctor\Application\Home\Controller\IndexController.class.php 第 120 行.
SQL: SELECT * FROM `dzm_his_inspectionfee` WHERE ( class=''  ) LIMIT 6   [ RunTime:0.0001s ]
NOTIC: [8] Undefined variable: class9 D:\phpStudy2018\PHPTutorial\WWW\doctor\Application\Home\Controller\IndexController.class.php 第 121 行.
SQL: SELECT * FROM `dzm_his_inspectionfee` WHERE ( class=''  ) LIMIT 6   [ RunTime:0.0001s ]
SQL: SELECT * FROM `dzm_his_inspectionfee` WHERE ( class='择医网讲堂'  ) LIMIT 3   [ RunTime:0.0047s ]
NOTIC: [2] Missing argument 1 for Think\Model::where(), called in D:\phpStudy2018\PHPTutorial\WWW\doctor\Application\Home\Controller\IndexController.class.php on line 123 and defined D:\phpStudy2018\PHPTutorial\WWW\doctor\ThinkPHP\Library\Think\Model.class.php 第 1797 行.
NOTIC: [8] Undefined variable: where D:\phpStudy2018\PHPTutorial\WWW\doctor\ThinkPHP\Library\Think\Model.class.php 第 1805 行.
NOTIC: [8] Undefined variable: where D:\phpStudy2018\PHPTutorial\WWW\doctor\ThinkPHP\Library\Think\Model.class.php 第 1808 行.
NOTIC: [8] Undefined variable: where D:\phpStudy2018\PHPTutorial\WWW\doctor\ThinkPHP\Library\Think\Model.class.php 第 1816 行.
SQL: SELECT * FROM `dzm_his_doctor` LIMIT 3   [ RunTime:0.0002s ]
SQL: SHOW COLUMNS FROM `dzm_his_yydoctor` [ RunTime:0.0049s ]
NOTIC: [2] Missing argument 1 for Think\Model::where(), called in D:\phpStudy2018\PHPTutorial\WWW\doctor\Application\Home\Controller\IndexController.class.php on line 124 and defined D:\phpStudy2018\PHPTutorial\WWW\doctor\ThinkPHP\Library\Think\Model.class.php 第 1797 行.
NOTIC: [8] Undefined variable: where D:\phpStudy2018\PHPTutorial\WWW\doctor\ThinkPHP\Library\Think\Model.class.php 第 1805 行.
NOTIC: [8] Undefined variable: where D:\phpStudy2018\PHPTutorial\WWW\doctor\ThinkPHP\Library\Think\Model.class.php 第 1808 行.
NOTIC: [8] Undefined variable: where D:\phpStudy2018\PHPTutorial\WWW\doctor\ThinkPHP\Library\Think\Model.class.php 第 1816 行.
SQL: SELECT * FROM `dzm_his_yydoctor` LIMIT 3   [ RunTime:0.0002s ]
SQL: SELECT * FROM `dzm_his_inspectionfee` WHERE ( class='美容'  ) LIMIT 6   [ RunTime:0.0001s ]
SQL: SELECT * FROM `dzm_his_inspectionfee` WHERE ( class='饮食'  ) LIMIT 6   [ RunTime:0.0001s ]
SQL: SELECT * FROM `dzm_his_inspectionfee` WHERE ( class='母婴'  ) LIMIT 6   [ RunTime:0.0001s ]
SQL: SELECT * FROM `dzm_his_inspectionfee` WHERE ( class='运动'  ) LIMIT 6   [ RunTime:0.0001s ]
SQL: SELECT * FROM `dzm_his_inspectionfee` WHERE ( class='百科'  ) LIMIT 6   [ RunTime:0.0001s ]
NOTIC: [8] Undefined index: region D:\phpStudy2018\PHPTutorial\WWW\doctor\Application\Home\Controller\IndexController.class.php 第 150 行.
NOTIC: [8] Undefined index: city D:\phpStudy2018\PHPTutorial\WWW\doctor\Application\Home\Controller\IndexController.class.php 第 151 行.
INFO: [ view_parse ] --START--
INFO: [ template_filter ] --START--
INFO: Run Behavior\ContentReplaceBehavior [ RunTime:0.001273s ]
INFO: [ template_filter ] --END-- [ RunTime:0.001313s ]
NOTIC: [8] Undefined variable: reslilistrow5st2 D:\phpStudy2018\PHPTutorial\WWW\doctor\Application\Runtime\Cache\Home\f324508a16a2d221eb71b92d9fd560ca.php 第 2119 行.
INFO: Run Behavior\ParseTemplateBehavior [ RunTime:0.078818s ]
INFO: [ view_parse ] --END-- [ RunTime:0.078849s ]
INFO: [ view_filter ] --START--
INFO: Run Behavior\WriteHtmlCacheBehavior [ RunTime:0.000525s ]
INFO: [ view_filter ] --END-- [ RunTime:0.000549s ]
INFO: [ app_end ] --START--
INFO: Run Behavior\ShowPageTraceBehavior [ RunTime:0.000912s ]
INFO: [ app_end ] --END-- [ RunTime:0.000940s ]

[ 2018-12-25T10:10:41+08:00 ] 127.0.0.1 /Home/
INFO: [ app_init ] --START--
INFO: Run Behavior\BuildLiteBehavior [ RunTime:0.000007s ]
INFO: [ app_init ] --END-- [ RunTime:0.000224s ]
INFO: [ app_begin ] --START--
INFO: Run Behavior\ReadHtmlCacheBehavior [ RunTime:0.000681s ]
INFO: Run Behavior\CronRunBehavior [ RunTime:0.000351s ]
INFO: Run Behavior\CheckLangBehavior [ RunTime:0.000461s ]
INFO: [ app_begin ] --END-- [ RunTime:0.001622s ]
NOTIC: [2048] Declaration of Home\Controller\IndexController::error() should be compatible with Think\Controller::error($message = '', $jumpUrl = '', $ajax = false) D:\phpStudy2018\PHPTutorial\WWW\doctor\Application\Home\Controller\IndexController.class.php 第 19 行.
SQL: SHOW COLUMNS FROM `dzm_his_user` [ RunTime:0.0317s ]
SQL: SELECT * FROM `dzm_his_user` WHERE ( mobile='' ) LIMIT 1   [ RunTime:0.0003s ]
SQL: SHOW COLUMNS FROM `dzm_his_doctor` [ RunTime:0.0032s ]
SQL: SELECT * FROM `dzm_his_doctor` WHERE ( mobile='' ) LIMIT 1   [ RunTime:0.0003s ]
SQL: SHOW COLUMNS FROM `dzm_his_inspectionfee` [ RunTime:0.0309s ]
SQL: SELECT * FROM `dzm_his_inspectionfee` WHERE ( class='养生'  ) LIMIT 6   [ RunTime:0.0002s ]
SQL: SELECT * FROM `dzm_his_inspectionfee` WHERE ( class='健康'  ) LIMIT 6   [ RunTime:0.0002s ]
SQL: SELECT * FROM `dzm_his_inspectionfee` WHERE ( class='两性'  ) LIMIT 6   [ RunTime:0.0001s ]
SQL: SELECT * FROM `dzm_his_inspectionfee` WHERE ( class='减肥'  ) LIMIT 6   [ RunTime:0.0001s ]
SQL: SELECT * FROM `dzm_his_inspectionfee` WHERE ( class='医院公开'  ) LIMIT 6   [ RunTime:0.0002s ]
SQL: SELECT * FROM `dzm_his_inspectionfee` WHERE ( class='医院动态'  ) LIMIT 6   [ RunTime:0.0001s ]
SQL: SELECT * FROM `dzm_his_inspectionfee` WHERE ( class='医院健康'  ) LIMIT 6   [ RunTime:0.0001s ]
NOTIC: [8] Undefined variable: class7 D:\phpStudy2018\PHPTutorial\WWW\doctor\Application\Home\Controller\IndexController.class.php 第 119 行.
SQL: SELECT * FROM `dzm_his_inspectionfee` WHERE ( class=''  ) LIMIT 6   [ RunTime:0.0001s ]
NOTIC: [8] Undefined variable: class8 D:\phpStudy2018\PHPTutorial\WWW\doctor\Application\Home\Controller\IndexController.class.php 第 120 行.
SQL: SELECT * FROM `dzm_his_inspectionfee` WHERE ( class=''  ) LIMIT 6   [ RunTime:0.0001s ]
NOTIC: [8] Undefined variable: class9 D:\phpStudy2018\PHPTutorial\WWW\doctor\Application\Home\Controller\IndexController.class.php 第 121 行.
SQL: SELECT * FROM `dzm_his_inspectionfee` WHERE ( class=''  ) LIMIT 6   [ RunTime:0.0001s ]
SQL: SELECT * FROM `dzm_his_inspectionfee` WHERE ( class='择医网讲堂'  ) LIMIT 3   [ RunTime:0.0001s ]
NOTIC: [2] Missing argument 1 for Think\Model::where(), called in D:\phpStudy2018\PHPTutorial\WWW\doctor\Application\Home\Controller\IndexController.class.php on line 123 and defined D:\phpStudy2018\PHPTutorial\WWW\doctor\ThinkPHP\Library\Think\Model.class.php 第 1797 行.
NOTIC: [8] Undefined variable: where D:\phpStudy2018\PHPTutorial\WWW\doctor\ThinkPHP\Library\Think\Model.class.php 第 1805 行.
NOTIC: [8] Undefined variable: where D:\phpStudy2018\PHPTutorial\WWW\doctor\ThinkPHP\Library\Think\Model.class.php 第 1808 行.
NOTIC: [8] Undefined variable: where D:\phpStudy2018\PHPTutorial\WWW\doctor\ThinkPHP\Library\Think\Model.class.php 第 1816 行.
SQL: SELECT * FROM `dzm_his_doctor` LIMIT 3   [ RunTime:0.0001s ]
SQL: SHOW COLUMNS FROM `dzm_his_yydoctor` [ RunTime:0.0032s ]
NOTIC: [2] Missing argument 1 for Think\Model::where(), called in D:\phpStudy2018\PHPTutorial\WWW\doctor\Application\Home\Controller\IndexController.class.php on line 124 and defined D:\phpStudy2018\PHPTutorial\WWW\doctor\ThinkPHP\Library\Think\Model.class.php 第 1797 行.
NOTIC: [8] Undefined variable: where D:\phpStudy2018\PHPTutorial\WWW\doctor\ThinkPHP\Library\Think\Model.class.php 第 1805 行.
NOTIC: [8] Undefined variable: where D:\phpStudy2018\PHPTutorial\WWW\doctor\ThinkPHP\Library\Think\Model.class.php 第 1808 行.
NOTIC: [8] Undefined variable: where D:\phpStudy2018\PHPTutorial\WWW\doctor\ThinkPHP\Library\Think\Model.class.php 第 1816 行.
SQL: SELECT * FROM `dzm_his_yydoctor` LIMIT 3   [ RunTime:0.0002s ]
SQL: SELECT * FROM `dzm_his_inspectionfee` WHERE ( class='美容'  ) LIMIT 6   [ RunTime:0.0002s ]
SQL: SELECT * FROM `dzm_his_inspectionfee` WHERE ( class='饮食'  ) LIMIT 6   [ RunTime:0.0002s ]
SQL: SELECT * FROM `dzm_his_inspectionfee` WHERE ( class='母婴'  ) LIMIT 6   [ RunTime:0.0002s ]
SQL: SELECT * FROM `dzm_his_inspectionfee` WHERE ( class='运动'  ) LIMIT 6   [ RunTime:0.0002s ]
SQL: SELECT * FROM `dzm_his_inspectionfee` WHERE ( class='百科'  ) LIMIT 6   [ RunTime:0.0002s ]
INFO: [ view_parse ] --START--
INFO: [ template_filter ] --START--
INFO: Run Behavior\ContentReplaceBehavior [ RunTime:0.000848s ]
INFO: [ template_filter ] --END-- [ RunTime:0.000888s ]
NOTIC: [8] Undefined variable: reslilistrow5st2 D:\phpStudy2018\PHPTutorial\WWW\doctor\Application\Runtime\Cache\Home\f324508a16a2d221eb71b92d9fd560ca.php 第 2119 行.
INFO: Run Behavior\ParseTemplateBehavior [ RunTime:0.045250s ]
INFO: [ view_parse ] --END-- [ RunTime:0.045279s ]
INFO: [ view_filter ] --START--
INFO: Run Behavior\WriteHtmlCacheBehavior [ RunTime:0.000328s ]
INFO: [ view_filter ] --END-- [ RunTime:0.000349s ]
INFO: [ app_end ] --START--
INFO: Run Behavior\ShowPageTraceBehavior [ RunTime:0.000430s ]
INFO: [ app_end ] --END-- [ RunTime:0.000467s ]

[ 2018-12-25T10:11:33+08:00 ] 127.0.0.1 /Home/
INFO: [ app_init ] --START--
INFO: Run Behavior\BuildLiteBehavior [ RunTime:0.000007s ]
INFO: [ app_init ] --END-- [ RunTime:0.000297s ]
INFO: [ app_begin ] --START--
INFO: Run Behavior\ReadHtmlCacheBehavior [ RunTime:0.000274s ]
INFO: Run Behavior\CronRunBehavior [ RunTime:0.000170s ]
INFO: Run Behavior\CheckLangBehavior [ RunTime:0.000421s ]
INFO: [ app_begin ] --END-- [ RunTime:0.000925s ]
NOTIC: [2048] Declaration of Home\Controller\IndexController::error() should be compatible with Think\Controller::error($message = '', $jumpUrl = '', $ajax = false) D:\phpStudy2018\PHPTutorial\WWW\doctor\Application\Home\Controller\IndexController.class.php 第 19 行.
SQL: SHOW COLUMNS FROM `dzm_his_user` [ RunTime:0.0056s ]
SQL: SELECT * FROM `dzm_his_user` WHERE ( mobile='' ) LIMIT 1   [ RunTime:0.0002s ]
SQL: SHOW COLUMNS FROM `dzm_his_doctor` [ RunTime:0.0033s ]
SQL: SELECT * FROM `dzm_his_doctor` WHERE ( mobile='' ) LIMIT 1   [ RunTime:0.0003s ]
SQL: SHOW COLUMNS FROM `dzm_his_inspectionfee` [ RunTime:0.0054s ]
SQL: SELECT * FROM `dzm_his_inspectionfee` WHERE ( class='养生'  ) LIMIT 6   [ RunTime:0.0002s ]
SQL: SELECT * FROM `dzm_his_inspectionfee` WHERE ( class='健康'  ) LIMIT 6   [ RunTime:0.0002s ]
SQL: SELECT * FROM `dzm_his_inspectionfee` WHERE ( class='两性'  ) LIMIT 6   [ RunTime:0.0002s ]
SQL: SELECT * FROM `dzm_his_inspectionfee` WHERE ( class='减肥'  ) LIMIT 6   [ RunTime:0.0002s ]
SQL: SELECT * FROM `dzm_his_inspectionfee` WHERE ( class='医院公开'  ) LIMIT 6   [ RunTime:0.0002s ]
SQL: SELECT * FROM `dzm_his_inspectionfee` WHERE ( class='医院动态'  ) LIMIT 6   [ RunTime:0.0002s ]
SQL: SELECT * FROM `dzm_his_inspectionfee` WHERE ( class='医院健康'  ) LIMIT 6   [ RunTime:0.0002s ]
NOTIC: [8] Undefined variable: class7 D:\phpStudy2018\PHPTutorial\WWW\doctor\Application\Home\Controller\IndexController.class.php 第 119 行.
SQL: SELECT * FROM `dzm_his_inspectionfee` WHERE ( class=''  ) LIMIT 6   [ RunTime:0.0002s ]
NOTIC: [8] Undefined variable: class8 D:\phpStudy2018\PHPTutorial\WWW\doctor\Application\Home\Controller\IndexController.class.php 第 120 行.
SQL: SELECT * FROM `dzm_his_inspectionfee` WHERE ( class=''  ) LIMIT 6   [ RunTime:0.0002s ]
NOTIC: [8] Undefined variable: class9 D:\phpStudy2018\PHPTutorial\WWW\doctor\Application\Home\Controller\IndexController.class.php 第 121 行.
SQL: SELECT * FROM `dzm_his_inspectionfee` WHERE ( class=''  ) LIMIT 6   [ RunTime:0.0001s ]
SQL: SELECT * FROM `dzm_his_inspectionfee` WHERE ( class='择医网讲堂'  ) LIMIT 3   [ RunTime:0.0002s ]
NOTIC: [2] Missing argument 1 for Think\Model::where(), called in D:\phpStudy2018\PHPTutorial\WWW\doctor\Application\Home\Controller\IndexController.class.php on line 123 and defined D:\phpStudy2018\PHPTutorial\WWW\doctor\ThinkPHP\Library\Think\Model.class.php 第 1797 行.
NOTIC: [8] Undefined variable: where D:\phpStudy2018\PHPTutorial\WWW\doctor\ThinkPHP\Library\Think\Model.class.php 第 1805 行.
NOTIC: [8] Undefined variable: where D:\phpStudy2018\PHPTutorial\WWW\doctor\ThinkPHP\Library\Think\Model.class.php 第 1808 行.
NOTIC: [8] Undefined variable: where D:\phpStudy2018\PHPTutorial\WWW\doctor\ThinkPHP\Library\Think\Model.class.php 第 1816 行.
SQL: SELECT * FROM `dzm_his_doctor` LIMIT 3   [ RunTime:0.0002s ]
SQL: SHOW COLUMNS FROM `dzm_his_yydoctor` [ RunTime:0.0032s ]
NOTIC: [2] Missing argument 1 for Think\Model::where(), called in D:\phpStudy2018\PHPTutorial\WWW\doctor\Application\Home\Controller\IndexController.class.php on line 124 and defined D:\phpStudy2018\PHPTutorial\WWW\doctor\ThinkPHP\Library\Think\Model.class.php 第 1797 行.
NOTIC: [8] Undefined variable: where D:\phpStudy2018\PHPTutorial\WWW\doctor\ThinkPHP\Library\Think\Model.class.php 第 1805 行.
NOTIC: [8] Undefined variable: where D:\phpStudy2018\PHPTutorial\WWW\doctor\ThinkPHP\Library\Think\Model.class.php 第 1808 行.
NOTIC: [8] Undefined variable: where D:\phpStudy2018\PHPTutorial\WWW\doctor\ThinkPHP\Library\Think\Model.class.php 第 1816 行.
SQL: SELECT * FROM `dzm_his_yydoctor` LIMIT 3   [ RunTime:0.0002s ]
SQL: SELECT * FROM `dzm_his_inspectionfee` WHERE ( class='美容'  ) LIMIT 6   [ RunTime:0.0002s ]
SQL: SELECT * FROM `dzm_his_inspectionfee` WHERE ( class='饮食'  ) LIMIT 6   [ RunTime:0.0002s ]
SQL: SELECT * FROM `dzm_his_inspectionfee` WHERE ( class='母婴'  ) LIMIT 6   [ RunTime:0.0002s ]
SQL: SELECT * FROM `dzm_his_inspectionfee` WHERE ( class='运动'  ) LIMIT 6   [ RunTime:0.0002s ]
SQL: SELECT * FROM `dzm_his_inspectionfee` WHERE ( class='百科'  ) LIMIT 6   [ RunTime:0.0002s ]
INFO: [ view_parse ] --START--
INFO: [ template_filter ] --START--
INFO: Run Behavior\ContentReplaceBehavior [ RunTime:0.000859s ]
INFO: [ template_filter ] --END-- [ RunTime:0.000896s ]
NOTIC: [8] Undefined variable: reslilistrow5st2 D:\phpStudy2018\PHPTutorial\WWW\doctor\Application\Runtime\Cache\Home\f324508a16a2d221eb71b92d9fd560ca.php 第 2119 行.
INFO: Run Behavior\ParseTemplateBehavior [ RunTime:0.046248s ]
INFO: [ view_parse ] --END-- [ RunTime:0.046278s ]
INFO: [ view_filter ] --START--
INFO: Run Behavior\WriteHtmlCacheBehavior [ RunTime:0.000467s ]
INFO: [ view_filter ] --END-- [ RunTime:0.000488s ]
INFO: [ app_end ] --START--
INFO: Run Behavior\ShowPageTraceBehavior [ RunTime:0.000466s ]
INFO: [ app_end ] --END-- [ RunTime:0.000491s ]

[ 2018-12-25T10:11:48+08:00 ] 127.0.0.1 /Home/
INFO: [ app_init ] --START--
INFO: Run Behavior\BuildLiteBehavior [ RunTime:0.000010s ]
INFO: [ app_init ] --END-- [ RunTime:0.000241s ]
INFO: [ app_begin ] --START--
INFO: Run Behavior\ReadHtmlCacheBehavior [ RunTime:0.000256s ]
INFO: Run Behavior\CronRunBehavior [ RunTime:0.000214s ]
INFO: Run Behavior\CheckLangBehavior [ RunTime:0.000416s ]
INFO: [ app_begin ] --END-- [ RunTime:0.000946s ]
NOTIC: [2048] Declaration of Home\Controller\IndexController::error() should be compatible with Think\Controller::error($message = '', $jumpUrl = '', $ajax = false) D:\phpStudy2018\PHPTutorial\WWW\doctor\Application\Home\Controller\IndexController.class.php 第 19 行.
SQL: SHOW COLUMNS FROM `dzm_his_user` [ RunTime:0.0034s ]
SQL: SELECT * FROM `dzm_his_user` WHERE ( mobile='' ) LIMIT 1   [ RunTime:0.0002s ]
SQL: SHOW COLUMNS FROM `dzm_his_doctor` [ RunTime:0.0032s ]
SQL: SELECT * FROM `dzm_his_doctor` WHERE ( mobile='' ) LIMIT 1   [ RunTime:0.0002s ]
SQL: SHOW COLUMNS FROM `dzm_his_inspectionfee` [ RunTime:0.0052s ]
SQL: SELECT * FROM `dzm_his_inspectionfee` WHERE ( class='养生'  ) LIMIT 6   [ RunTime:0.0002s ]
SQL: SELECT * FROM `dzm_his_inspectionfee` WHERE ( class='健康'  ) LIMIT 6   [ RunTime:0.0002s ]
SQL: SELECT * FROM `dzm_his_inspectionfee` WHERE ( class='两性'  ) LIMIT 6   [ RunTime:0.0002s ]
SQL: SELECT * FROM `dzm_his_inspectionfee` WHERE ( class='减肥'  ) LIMIT 6   [ RunTime:0.0002s ]
SQL: SELECT * FROM `dzm_his_inspectionfee` WHERE ( class='医院公开'  ) LIMIT 6   [ RunTime:0.0003s ]
SQL: SELECT * FROM `dzm_his_inspectionfee` WHERE ( class='医院动态'  ) LIMIT 6   [ RunTime:0.0002s ]
SQL: SELECT * FROM `dzm_his_inspectionfee` WHERE ( class='医院健康'  ) LIMIT 6   [ RunTime:0.0002s ]
NOTIC: [8] Undefined variable: class7 D:\phpStudy2018\PHPTutorial\WWW\doctor\Application\Home\Controller\IndexController.class.php 第 119 行.
SQL: SELECT * FROM `dzm_his_inspectionfee` WHERE ( class=''  ) LIMIT 6   [ RunTime:0.0002s ]
NOTIC: [8] Undefined variable: class8 D:\phpStudy2018\PHPTutorial\WWW\doctor\Application\Home\Controller\IndexController.class.php 第 120 行.
SQL: SELECT * FROM `dzm_his_inspectionfee` WHERE ( class=''  ) LIMIT 6   [ RunTime:0.0002s ]
NOTIC: [8] Undefined variable: class9 D:\phpStudy2018\PHPTutorial\WWW\doctor\Application\Home\Controller\IndexController.class.php 第 121 行.
SQL: SELECT * FROM `dzm_his_inspectionfee` WHERE ( class=''  ) LIMIT 6   [ RunTime:0.0002s ]
SQL: SELECT * FROM `dzm_his_inspectionfee` WHERE ( class='择医网讲堂'  ) LIMIT 3   [ RunTime:0.0002s ]
NOTIC: [2] Missing argument 1 for Think\Model::where(), called in D:\phpStudy2018\PHPTutorial\WWW\doctor\Application\Home\Controller\IndexController.class.php on line 123 and defined D:\phpStudy2018\PHPTutorial\WWW\doctor\ThinkPHP\Library\Think\Model.class.php 第 1797 行.
NOTIC: [8] Undefined variable: where D:\phpStudy2018\PHPTutorial\WWW\doctor\ThinkPHP\Library\Think\Model.class.php 第 1805 行.
NOTIC: [8] Undefined variable: where D:\phpStudy2018\PHPTutorial\WWW\doctor\ThinkPHP\Library\Think\Model.class.php 第 1808 行.
NOTIC: [8] Undefined variable: where D:\phpStudy2018\PHPTutorial\WWW\doctor\ThinkPHP\Library\Think\Model.class.php 第 1816 行.
SQL: SELECT * FROM `dzm_his_doctor` LIMIT 3   [ RunTime:0.0002s ]
SQL: SHOW COLUMNS FROM `dzm_his_yydoctor` [ RunTime:0.0031s ]
NOTIC: [2] Missing argument 1 for Think\Model::where(), called in D:\phpStudy2018\PHPTutorial\WWW\doctor\Application\Home\Controller\IndexController.class.php on line 124 and defined D:\phpStudy2018\PHPTutorial\WWW\doctor\ThinkPHP\Library\Think\Model.class.php 第 1797 行.
NOTIC: [8] Undefined variable: where D:\phpStudy2018\PHPTutorial\WWW\doctor\ThinkPHP\Library\Think\Model.class.php 第 1805 行.
NOTIC: [8] Undefined variable: where D:\phpStudy2018\PHPTutorial\WWW\doctor\ThinkPHP\Library\Think\Model.class.php 第 1808 行.
NOTIC: [8] Undefined variable: where D:\phpStudy2018\PHPTutorial\WWW\doctor\ThinkPHP\Library\Think\Model.class.php 第 1816 行.
SQL: SELECT * FROM `dzm_his_yydoctor` LIMIT 3   [ RunTime:0.0002s ]
SQL: SELECT * FROM `dzm_his_inspectionfee` WHERE ( class='美容'  ) LIMIT 6   [ RunTime:0.0001s ]
SQL: SELECT * FROM `dzm_his_inspectionfee` WHERE ( class='饮食'  ) LIMIT 6   [ RunTime:0.0001s ]
SQL: SELECT * FROM `dzm_his_inspectionfee` WHERE ( class='母婴'  ) LIMIT 6   [ RunTime:0.0001s ]
SQL: SELECT * FROM `dzm_his_inspectionfee` WHERE ( class='运动'  ) LIMIT 6   [ RunTime:0.0001s ]
SQL: SELECT * FROM `dzm_his_inspectionfee` WHERE ( class='百科'  ) LIMIT 6   [ RunTime:0.0001s ]
INFO: [ view_parse ] --START--
INFO: [ template_filter ] --START--
INFO: Run Behavior\ContentReplaceBehavior [ RunTime:0.000853s ]
INFO: [ template_filter ] --END-- [ RunTime:0.000890s ]
NOTIC: [8] Undefined variable: reslilistrow5st2 D:\phpStudy2018\PHPTutorial\WWW\doctor\Application\Runtime\Cache\Home\f324508a16a2d221eb71b92d9fd560ca.php 第 2119 行.
INFO: Run Behavior\ParseTemplateBehavior [ RunTime:0.044624s ]
INFO: [ view_parse ] --END-- [ RunTime:0.044650s ]
INFO: [ view_filter ] --START--
INFO: Run Behavior\WriteHtmlCacheBehavior [ RunTime:0.000329s ]
INFO: [ view_filter ] --END-- [ RunTime:0.000350s ]
INFO: [ app_end ] --START--
INFO: Run Behavior\ShowPageTraceBehavior [ RunTime:0.000426s ]
INFO: [ app_end ] --END-- [ RunTime:0.000450s ]

[ 2018-12-25T10:11:54+08:00 ] 127.0.0.1 /Home/
INFO: [ app_init ] --START--
INFO: Run Behavior\BuildLiteBehavior [ RunTime:0.000007s ]
INFO: [ app_init ] --END-- [ RunTime:0.000224s ]
INFO: [ app_begin ] --START--
INFO: Run Behavior\ReadHtmlCacheBehavior [ RunTime:0.000253s ]
INFO: Run Behavior\CronRunBehavior [ RunTime:0.000169s ]
INFO: Run Behavior\CheckLangBehavior [ RunTime:0.000424s ]
INFO: [ app_begin ] --END-- [ RunTime:0.000904s ]
NOTIC: [2048] Declaration of Home\Controller\IndexController::error() should be compatible with Think\Controller::error($message = '', $jumpUrl = '', $ajax = false) D:\phpStudy2018\PHPTutorial\WWW\doctor\Application\Home\Controller\IndexController.class.php 第 19 行.
SQL: SHOW COLUMNS FROM `dzm_his_user` [ RunTime:0.0047s ]
SQL: SELECT * FROM `dzm_his_user` WHERE ( mobile='' ) LIMIT 1   [ RunTime:0.0002s ]
SQL: SHOW COLUMNS FROM `dzm_his_doctor` [ RunTime:0.0031s ]
SQL: SELECT * FROM `dzm_his_doctor` WHERE ( mobile='' ) LIMIT 1   [ RunTime:0.0002s ]
SQL: SHOW COLUMNS FROM `dzm_his_inspectionfee` [ RunTime:0.0193s ]
SQL: SELECT * FROM `dzm_his_inspectionfee` WHERE ( class='养生'  ) LIMIT 6   [ RunTime:0.0003s ]
SQL: SELECT * FROM `dzm_his_inspectionfee` WHERE ( class='健康'  ) LIMIT 6   [ RunTime:0.0002s ]
SQL: SELECT * FROM `dzm_his_inspectionfee` WHERE ( class='两性'  ) LIMIT 6   [ RunTime:0.0002s ]
SQL: SELECT * FROM `dzm_his_inspectionfee` WHERE ( class='减肥'  ) LIMIT 6   [ RunTime:0.0002s ]
SQL: SELECT * FROM `dzm_his_inspectionfee` WHERE ( class='医院公开'  ) LIMIT 6   [ RunTime:0.0002s ]
SQL: SELECT * FROM `dzm_his_inspectionfee` WHERE ( class='医院动态'  ) LIMIT 6   [ RunTime:0.0002s ]
SQL: SELECT * FROM `dzm_his_inspectionfee` WHERE ( class='医院健康'  ) LIMIT 6   [ RunTime:0.0001s ]
NOTIC: [8] Undefined variable: class7 D:\phpStudy2018\PHPTutorial\WWW\doctor\Application\Home\Controller\IndexController.class.php 第 119 行.
SQL: SELECT * FROM `dzm_his_inspectionfee` WHERE ( class=''  ) LIMIT 6   [ RunTime:0.0001s ]
NOTIC: [8] Undefined variable: class8 D:\phpStudy2018\PHPTutorial\WWW\doctor\Application\Home\Controller\IndexController.class.php 第 120 行.
SQL: SELECT * FROM `dzm_his_inspectionfee` WHERE ( class=''  ) LIMIT 6   [ RunTime:0.0001s ]
NOTIC: [8] Undefined variable: class9 D:\phpStudy2018\PHPTutorial\WWW\doctor\Application\Home\Controller\IndexController.class.php 第 121 行.
SQL: SELECT * FROM `dzm_his_inspectionfee` WHERE ( class=''  ) LIMIT 6   [ RunTime:0.0001s ]
SQL: SELECT * FROM `dzm_his_inspectionfee` WHERE ( class='择医网讲堂'  ) LIMIT 3   [ RunTime:0.0002s ]
NOTIC: [2] Missing argument 1 for Think\Model::where(), called in D:\phpStudy2018\PHPTutorial\WWW\doctor\Application\Home\Controller\IndexController.class.php on line 123 and defined D:\phpStudy2018\PHPTutorial\WWW\doctor\ThinkPHP\Library\Think\Model.class.php 第 1797 行.
NOTIC: [8] Undefined variable: where D:\phpStudy2018\PHPTutorial\WWW\doctor\ThinkPHP\Library\Think\Model.class.php 第 1805 行.
NOTIC: [8] Undefined variable: where D:\phpStudy2018\PHPTutorial\WWW\doctor\ThinkPHP\Library\Think\Model.class.php 第 1808 行.
NOTIC: [8] Undefined variable: where D:\phpStudy2018\PHPTutorial\WWW\doctor\ThinkPHP\Library\Think\Model.class.php 第 1816 行.
SQL: SELECT * FROM `dzm_his_doctor` LIMIT 3   [ RunTime:0.0002s ]
SQL: SHOW COLUMNS FROM `dzm_his_yydoctor` [ RunTime:0.0034s ]
NOTIC: [2] Missing argument 1 for Think\Model::where(), called in D:\phpStudy2018\PHPTutorial\WWW\doctor\Application\Home\Controller\IndexController.class.php on line 124 and defined D:\phpStudy2018\PHPTutorial\WWW\doctor\ThinkPHP\Library\Think\Model.class.php 第 1797 行.
NOTIC: [8] Undefined variable: where D:\phpStudy2018\PHPTutorial\WWW\doctor\ThinkPHP\Library\Think\Model.class.php 第 1805 行.
NOTIC: [8] Undefined variable: where D:\phpStudy2018\PHPTutorial\WWW\doctor\ThinkPHP\Library\Think\Model.class.php 第 1808 行.
NOTIC: [8] Undefined variable: where D:\phpStudy2018\PHPTutorial\WWW\doctor\ThinkPHP\Library\Think\Model.class.php 第 1816 行.
SQL: SELECT * FROM `dzm_his_yydoctor` LIMIT 3   [ RunTime:0.0002s ]
SQL: SELECT * FROM `dzm_his_inspectionfee` WHERE ( class='美容'  ) LIMIT 6   [ RunTime:0.0002s ]
SQL: SELECT * FROM `dzm_his_inspectionfee` WHERE ( class='饮食'  ) LIMIT 6   [ RunTime:0.0002s ]
SQL: SELECT * FROM `dzm_his_inspectionfee` WHERE ( class='母婴'  ) LIMIT 6   [ RunTime:0.0001s ]
SQL: SELECT * FROM `dzm_his_inspectionfee` WHERE ( class='运动'  ) LIMIT 6   [ RunTime:0.0002s ]
SQL: SELECT * FROM `dzm_his_inspectionfee` WHERE ( class='百科'  ) LIMIT 6   [ RunTime:0.0001s ]
INFO: [ view_parse ] --START--
INFO: [ template_filter ] --START--
INFO: Run Behavior\ContentReplaceBehavior [ RunTime:0.000917s ]
INFO: [ template_filter ] --END-- [ RunTime:0.000957s ]
NOTIC: [8] Undefined variable: reslilistrow5st2 D:\phpStudy2018\PHPTutorial\WWW\doctor\Application\Runtime\Cache\Home\f324508a16a2d221eb71b92d9fd560ca.php 第 2119 行.
INFO: Run Behavior\ParseTemplateBehavior [ RunTime:0.047393s ]
INFO: [ view_parse ] --END-- [ RunTime:0.047424s ]
INFO: [ view_filter ] --START--
INFO: Run Behavior\WriteHtmlCacheBehavior [ RunTime:0.000417s ]
INFO: [ view_filter ] --END-- [ RunTime:0.000448s ]
INFO: [ app_end ] --START--
INFO: Run Behavior\ShowPageTraceBehavior [ RunTime:0.000503s ]
INFO: [ app_end ] --END-- [ RunTime:0.000531s ]

[ 2018-12-25T10:12:56+08:00 ] 127.0.0.1 /index.php/home/index/topiclist?class=%E7%99%BE%E7%A7%91
INFO: [ app_init ] --START--
INFO: Run Behavior\BuildLiteBehavior [ RunTime:0.000008s ]
INFO: [ app_init ] --END-- [ RunTime:0.000267s ]
INFO: [ app_begin ] --START--
INFO: Run Behavior\ReadHtmlCacheBehavior [ RunTime:0.000314s ]
INFO: Run Behavior\CronRunBehavior [ RunTime:0.000207s ]
INFO: Run Behavior\CheckLangBehavior [ RunTime:0.000518s ]
INFO: [ app_begin ] --END-- [ RunTime:0.001113s ]
NOTIC: [2048] Declaration of Home\Controller\IndexController::error() should be compatible with Think\Controller::error($message = '', $jumpUrl = '', $ajax = false) D:\phpStudy2018\PHPTutorial\WWW\doctor\Application\Home\Controller\IndexController.class.php 第 19 行.
SQL: SHOW COLUMNS FROM `dzm_his_user` [ RunTime:0.0045s ]
SQL: SELECT * FROM `dzm_his_user` WHERE ( mobile='' ) LIMIT 1   [ RunTime:0.0003s ]
SQL: SHOW COLUMNS FROM `dzm_his_doctor` [ RunTime:0.0038s ]
SQL: SELECT * FROM `dzm_his_doctor` WHERE ( mobile='' ) LIMIT 1   [ RunTime:0.0002s ]
SQL: SHOW COLUMNS FROM `dzm_his_inspectionfee` [ RunTime:0.0102s ]
SQL: SELECT * FROM `dzm_his_inspectionfee` WHERE ( class='百科' )  [ RunTime:0.0002s ]
INFO: [ view_parse ] --START--
INFO: [ template_filter ] --START--
INFO: Run Behavior\ContentReplaceBehavior [ RunTime:0.000106s ]
INFO: [ template_filter ] --END-- [ RunTime:0.000137s ]
INFO: Run Behavior\ParseTemplateBehavior [ RunTime:0.032123s ]
INFO: [ view_parse ] --END-- [ RunTime:0.032155s ]
INFO: [ view_filter ] --START--
INFO: Run Behavior\WriteHtmlCacheBehavior [ RunTime:0.000357s ]
INFO: [ view_filter ] --END-- [ RunTime:0.000381s ]
INFO: [ app_end ] --START--
INFO: Run Behavior\ShowPageTraceBehavior [ RunTime:0.000459s ]
INFO: [ app_end ] --END-- [ RunTime:0.000485s ]

[ 2018-12-25T10:13:47+08:00 ] 127.0.0.1 /Home/
INFO: [ app_init ] --START--
INFO: Run Behavior\BuildLiteBehavior [ RunTime:0.000007s ]
INFO: [ app_init ] --END-- [ RunTime:0.000287s ]
INFO: [ app_begin ] --START--
INFO: Run Behavior\ReadHtmlCacheBehavior [ RunTime:0.000418s ]
INFO: Run Behavior\CronRunBehavior [ RunTime:0.000289s ]
INFO: Run Behavior\CheckLangBehavior [ RunTime:0.000651s ]
INFO: [ app_begin ] --END-- [ RunTime:0.001427s ]
NOTIC: [2048] Declaration of Home\Controller\IndexController::error() should be compatible with Think\Controller::error($message = '', $jumpUrl = '', $ajax = false) D:\phpStudy2018\PHPTutorial\WWW\doctor\Application\Home\Controller\IndexController.class.php 第 19 行.
SQL: SHOW COLUMNS FROM `dzm_his_user` [ RunTime:0.0098s ]
SQL: SELECT * FROM `dzm_his_user` WHERE ( mobile='' ) LIMIT 1   [ RunTime:0.0003s ]
SQL: SHOW COLUMNS FROM `dzm_his_doctor` [ RunTime:0.0037s ]
SQL: SELECT * FROM `dzm_his_doctor` WHERE ( mobile='' ) LIMIT 1   [ RunTime:0.0002s ]
SQL: SHOW COLUMNS FROM `dzm_his_inspectionfee` [ RunTime:0.0098s ]
SQL: SELECT * FROM `dzm_his_inspectionfee` WHERE ( class='养生'  ) LIMIT 6   [ RunTime:0.0004s ]
SQL: SELECT * FROM `dzm_his_inspectionfee` WHERE ( class='健康'  ) LIMIT 6   [ RunTime:0.0002s ]
SQL: SELECT * FROM `dzm_his_inspectionfee` WHERE ( class='两性'  ) LIMIT 6   [ RunTime:0.0002s ]
SQL: SELECT * FROM `dzm_his_inspectionfee` WHERE ( class='减肥'  ) LIMIT 6   [ RunTime:0.0002s ]
SQL: SELECT * FROM `dzm_his_inspectionfee` WHERE ( class='医院公开'  ) LIMIT 6   [ RunTime:0.0002s ]
SQL: SELECT * FROM `dzm_his_inspectionfee` WHERE ( class='医院动态'  ) LIMIT 6   [ RunTime:0.0001s ]
SQL: SELECT * FROM `dzm_his_inspectionfee` WHERE ( class='医院健康'  ) LIMIT 6   [ RunTime:0.0001s ]
NOTIC: [8] Undefined variable: class7 D:\phpStudy2018\PHPTutorial\WWW\doctor\Application\Home\Controller\IndexController.class.php 第 119 行.
SQL: SELECT * FROM `dzm_his_inspectionfee` WHERE ( class=''  ) LIMIT 6   [ RunTime:0.0001s ]
NOTIC: [8] Undefined variable: class8 D:\phpStudy2018\PHPTutorial\WWW\doctor\Application\Home\Controller\IndexController.class.php 第 120 行.
SQL: SELECT * FROM `dzm_his_inspectionfee` WHERE ( class=''  ) LIMIT 6   [ RunTime:0.0001s ]
NOTIC: [8] Undefined variable: class9 D:\phpStudy2018\PHPTutorial\WWW\doctor\Application\Home\Controller\IndexController.class.php 第 121 行.
SQL: SELECT * FROM `dzm_his_inspectionfee` WHERE ( class=''  ) LIMIT 6   [ RunTime:0.0001s ]
SQL: SELECT * FROM `dzm_his_inspectionfee` WHERE ( class='择医网讲堂'  ) LIMIT 3   [ RunTime:0.0002s ]
NOTIC: [2] Missing argument 1 for Think\Model::where(), called in D:\phpStudy2018\PHPTutorial\WWW\doctor\Application\Home\Controller\IndexController.class.php on line 123 and defined D:\phpStudy2018\PHPTutorial\WWW\doctor\ThinkPHP\Library\Think\Model.class.php 第 1797 行.
NOTIC: [8] Undefined variable: where D:\phpStudy2018\PHPTutorial\WWW\doctor\ThinkPHP\Library\Think\Model.class.php 第 1805 行.
NOTIC: [8] Undefined variable: where D:\phpStudy2018\PHPTutorial\WWW\doctor\ThinkPHP\Library\Think\Model.class.php 第 1808 行.
NOTIC: [8] Undefined variable: where D:\phpStudy2018\PHPTutorial\WWW\doctor\ThinkPHP\Library\Think\Model.class.php 第 1816 行.
SQL: SELECT * FROM `dzm_his_doctor` LIMIT 3   [ RunTime:0.0002s ]
SQL: SHOW COLUMNS FROM `dzm_his_yydoctor` [ RunTime:0.0036s ]
NOTIC: [2] Missing argument 1 for Think\Model::where(), called in D:\phpStudy2018\PHPTutorial\WWW\doctor\Application\Home\Controller\IndexController.class.php on line 124 and defined D:\phpStudy2018\PHPTutorial\WWW\doctor\ThinkPHP\Library\Think\Model.class.php 第 1797 行.
NOTIC: [8] Undefined variable: where D:\phpStudy2018\PHPTutorial\WWW\doctor\ThinkPHP\Library\Think\Model.class.php 第 1805 行.
NOTIC: [8] Undefined variable: where D:\phpStudy2018\PHPTutorial\WWW\doctor\ThinkPHP\Library\Think\Model.class.php 第 1808 行.
NOTIC: [8] Undefined variable: where D:\phpStudy2018\PHPTutorial\WWW\doctor\ThinkPHP\Library\Think\Model.class.php 第 1816 行.
SQL: SELECT * FROM `dzm_his_yydoctor` LIMIT 3   [ RunTime:0.0002s ]
SQL: SELECT * FROM `dzm_his_inspectionfee` WHERE ( class='美容'  ) LIMIT 6   [ RunTime:0.0002s ]
SQL: SELECT * FROM `dzm_his_inspectionfee` WHERE ( class='饮食'  ) LIMIT 6   [ RunTime:0.0002s ]
SQL: SELECT * FROM `dzm_his_inspectionfee` WHERE ( class='母婴'  ) LIMIT 6   [ RunTime:0.0002s ]
SQL: SELECT * FROM `dzm_his_inspectionfee` WHERE ( class='运动'  ) LIMIT 6   [ RunTime:0.0002s ]
SQL: SELECT * FROM `dzm_his_inspectionfee` WHERE ( class='百科'  ) LIMIT 6   [ RunTime:0.0002s ]
INFO: [ view_parse ] --START--
INFO: [ template_filter ] --START--
INFO: Run Behavior\ContentReplaceBehavior [ RunTime:0.001259s ]
INFO: [ template_filter ] --END-- [ RunTime:0.001308s ]
NOTIC: [8] Undefined variable: listrow5 D:\phpStudy2018\PHPTutorial\WWW\doctor\Application\Runtime\Cache\Home\f324508a16a2d221eb71b92d9fd560ca.php 第 2119 行.
INFO: Run Behavior\ParseTemplateBehavior [ RunTime:0.062968s ]
INFO: [ view_parse ] --END-- [ RunTime:0.063008s ]
INFO: [ view_filter ] --START--
INFO: Run Behavior\WriteHtmlCacheBehavior [ RunTime:0.000522s ]
INFO: [ view_filter ] --END-- [ RunTime:0.000556s ]
INFO: [ app_end ] --START--
INFO: Run Behavior\ShowPageTraceBehavior [ RunTime:0.000647s ]
INFO: [ app_end ] --END-- [ RunTime:0.000684s ]

[ 2018-12-25T10:14:19+08:00 ] 127.0.0.1 /Home/
INFO: [ app_init ] --START--
INFO: Run Behavior\BuildLiteBehavior [ RunTime:0.000007s ]
INFO: [ app_init ] --END-- [ RunTime:0.000251s ]
INFO: [ app_begin ] --START--
INFO: Run Behavior\ReadHtmlCacheBehavior [ RunTime:0.000296s ]
INFO: Run Behavior\CronRunBehavior [ RunTime:0.000263s ]
INFO: Run Behavior\CheckLangBehavior [ RunTime:0.000512s ]
INFO: [ app_begin ] --END-- [ RunTime:0.001142s ]
NOTIC: [2048] Declaration of Home\Controller\IndexController::error() should be compatible with Think\Controller::error($message = '', $jumpUrl = '', $ajax = false) D:\phpStudy2018\PHPTutorial\WWW\doctor\Application\Home\Controller\IndexController.class.php 第 19 行.
SQL: SHOW COLUMNS FROM `dzm_his_user` [ RunTime:0.0055s ]
SQL: SELECT * FROM `dzm_his_user` WHERE ( mobile='' ) LIMIT 1   [ RunTime:0.0003s ]
SQL: SHOW COLUMNS FROM `dzm_his_doctor` [ RunTime:0.0038s ]
SQL: SELECT * FROM `dzm_his_doctor` WHERE ( mobile='' ) LIMIT 1   [ RunTime:0.0003s ]
SQL: SHOW COLUMNS FROM `dzm_his_inspectionfee` [ RunTime:0.0035s ]
SQL: SELECT * FROM `dzm_his_inspectionfee` WHERE ( class='养生'  ) LIMIT 6   [ RunTime:0.0002s ]
SQL: SELECT * FROM `dzm_his_inspectionfee` WHERE ( class='健康'  ) LIMIT 6   [ RunTime:0.0002s ]
SQL: SELECT * FROM `dzm_his_inspectionfee` WHERE ( class='两性'  ) LIMIT 6   [ RunTime:0.0002s ]
SQL: SELECT * FROM `dzm_his_inspectionfee` WHERE ( class='减肥'  ) LIMIT 6   [ RunTime:0.0002s ]
SQL: SELECT * FROM `dzm_his_inspectionfee` WHERE ( class='医院公开'  ) LIMIT 6   [ RunTime:0.0003s ]
SQL: SELECT * FROM `dzm_his_inspectionfee` WHERE ( class='医院动态'  ) LIMIT 6   [ RunTime:0.0002s ]
SQL: SELECT * FROM `dzm_his_inspectionfee` WHERE ( class='医院健康'  ) LIMIT 6   [ RunTime:0.0002s ]
NOTIC: [8] Undefined variable: class7 D:\phpStudy2018\PHPTutorial\WWW\doctor\Application\Home\Controller\IndexController.class.php 第 119 行.
SQL: SELECT * FROM `dzm_his_inspectionfee` WHERE ( class=''  ) LIMIT 6   [ RunTime:0.0002s ]
NOTIC: [8] Undefined variable: class8 D:\phpStudy2018\PHPTutorial\WWW\doctor\Application\Home\Controller\IndexController.class.php 第 120 行.
SQL: SELECT * FROM `dzm_his_inspectionfee` WHERE ( class=''  ) LIMIT 6   [ RunTime:0.0002s ]
NOTIC: [8] Undefined variable: class9 D:\phpStudy2018\PHPTutorial\WWW\doctor\Application\Home\Controller\IndexController.class.php 第 121 行.
SQL: SELECT * FROM `dzm_his_inspectionfee` WHERE ( class=''  ) LIMIT 6   [ RunTime:0.0002s ]
SQL: SELECT * FROM `dzm_his_inspectionfee` WHERE ( class='择医网讲堂'  ) LIMIT 3   [ RunTime:0.0002s ]
NOTIC: [2] Missing argument 1 for Think\Model::where(), called in D:\phpStudy2018\PHPTutorial\WWW\doctor\Application\Home\Controller\IndexController.class.php on line 123 and defined D:\phpStudy2018\PHPTutorial\WWW\doctor\ThinkPHP\Library\Think\Model.class.php 第 1797 行.
NOTIC: [8] Undefined variable: where D:\phpStudy2018\PHPTutorial\WWW\doctor\ThinkPHP\Library\Think\Model.class.php 第 1805 行.
NOTIC: [8] Undefined variable: where D:\phpStudy2018\PHPTutorial\WWW\doctor\ThinkPHP\Library\Think\Model.class.php 第 1808 行.
NOTIC: [8] Undefined variable: where D:\phpStudy2018\PHPTutorial\WWW\doctor\ThinkPHP\Library\Think\Model.class.php 第 1816 行.
SQL: SELECT * FROM `dzm_his_doctor` LIMIT 3   [ RunTime:0.0002s ]
SQL: SHOW COLUMNS FROM `dzm_his_yydoctor` [ RunTime:0.0038s ]
NOTIC: [2] Missing argument 1 for Think\Model::where(), called in D:\phpStudy2018\PHPTutorial\WWW\doctor\Application\Home\Controller\IndexController.class.php on line 124 and defined D:\phpStudy2018\PHPTutorial\WWW\doctor\ThinkPHP\Library\Think\Model.class.php 第 1797 行.
NOTIC: [8] Undefined variable: where D:\phpStudy2018\PHPTutorial\WWW\doctor\ThinkPHP\Library\Think\Model.class.php 第 1805 行.
NOTIC: [8] Undefined variable: where D:\phpStudy2018\PHPTutorial\WWW\doctor\ThinkPHP\Library\Think\Model.class.php 第 1808 行.
NOTIC: [8] Undefined variable: where D:\phpStudy2018\PHPTutorial\WWW\doctor\ThinkPHP\Library\Think\Model.class.php 第 1816 行.
SQL: SELECT * FROM `dzm_his_yydoctor` LIMIT 3   [ RunTime:0.0002s ]
SQL: SELECT * FROM `dzm_his_inspectionfee` WHERE ( class='美容'  ) LIMIT 6   [ RunTime:0.0002s ]
SQL: SELECT * FROM `dzm_his_inspectionfee` WHERE ( class='饮食'  ) LIMIT 6   [ RunTime:0.0002s ]
SQL: SELECT * FROM `dzm_his_inspectionfee` WHERE ( class='母婴'  ) LIMIT 6   [ RunTime:0.0001s ]
SQL: SELECT * FROM `dzm_his_inspectionfee` WHERE ( class='运动'  ) LIMIT 6   [ RunTime:0.0002s ]
SQL: SELECT * FROM `dzm_his_inspectionfee` WHERE ( class='百科'  ) LIMIT 6   [ RunTime:0.0001s ]
INFO: [ view_parse ] --START--
INFO: [ template_filter ] --START--
INFO: Run Behavior\ContentReplaceBehavior [ RunTime:0.001184s ]
INFO: [ template_filter ] --END-- [ RunTime:0.001232s ]
INFO: Run Behavior\ParseTemplateBehavior [ RunTime:0.058348s ]
INFO: [ view_parse ] --END-- [ RunTime:0.058387s ]
INFO: [ view_filter ] --START--
INFO: Run Behavior\WriteHtmlCacheBehavior [ RunTime:0.000547s ]
INFO: [ view_filter ] --END-- [ RunTime:0.000579s ]
INFO: [ app_end ] --START--
INFO: Run Behavior\ShowPageTraceBehavior [ RunTime:0.000646s ]
INFO: [ app_end ] --END-- [ RunTime:0.000682s ]

