[ 2018-11-28T14:50:46+08:00 ] 127.0.0.1 /index.php/home/index/css/error.css
INFO: [ app_init ] --START--
INFO: Run Behavior\BuildLiteBehavior [ RunTime:0.000000s ]
INFO: [ app_init ] --END-- [ RunTime:0.000000s ]
INFO: [ app_begin ] --START--
INFO: Run Behavior\ReadHtmlCacheBehavior [ RunTime:0.001950s ]
INFO: Run Behavior\CronRunBehavior [ RunTime:0.000000s ]
INFO: Run Behavior\CheckLangBehavior [ RunTime:0.000975s ]
INFO: [ app_begin ] --END-- [ RunTime:0.002925s ]
NOTIC: [2] Declaration of Home\Controller\IndexController::error() should be compatible with Think\Controller::error($message = '', $jumpUrl = '', $ajax = false) C:\phpStudy\PHPTutorial\WWW\mplist\Application\Home\Controller\IndexController.class.php 第 19 行.
SQL: SHOW COLUMNS FROM `dzm_his_user` [ RunTime:0.0049s ]
SQL: SELECT * FROM `dzm_his_user` WHERE ( mobile='' ) LIMIT 1   [ RunTime:0.0000s ]
SQL: SHOW COLUMNS FROM `dzm_his_doctor` [ RunTime:0.0029s ]
SQL: SELECT * FROM `dzm_his_doctor` WHERE ( mobile='' ) LIMIT 1   [ RunTime:0.0000s ]
ERR: 模板不存在:./Application/Home/View/Public/404.html

[ 2018-11-28T14:52:10+08:00 ] 127.0.0.1 /index.php/home/index/doctorlogin
INFO: [ app_init ] --START--
INFO: Run Behavior\BuildLiteBehavior [ RunTime:0.000000s ]
INFO: [ app_init ] --END-- [ RunTime:0.000000s ]
INFO: [ app_begin ] --START--
INFO: Run Behavior\ReadHtmlCacheBehavior [ RunTime:0.000000s ]
INFO: Run Behavior\CronRunBehavior [ RunTime:0.000975s ]
INFO: Run Behavior\CheckLangBehavior [ RunTime:0.000000s ]
INFO: [ app_begin ] --END-- [ RunTime:0.000975s ]
NOTIC: [2] Declaration of Home\Controller\IndexController::error() should be compatible with Think\Controller::error($message = '', $jumpUrl = '', $ajax = false) C:\phpStudy\PHPTutorial\WWW\mplist\Application\Home\Controller\IndexController.class.php 第 19 行.
SQL: SHOW COLUMNS FROM `dzm_his_user` [ RunTime:0.0029s ]
SQL: SELECT * FROM `dzm_his_user` WHERE ( mobile='' ) LIMIT 1   [ RunTime:0.0000s ]
SQL: SHOW COLUMNS FROM `dzm_his_doctor` [ RunTime:0.0020s ]
SQL: SELECT * FROM `dzm_his_doctor` WHERE ( mobile='' ) LIMIT 1   [ RunTime:0.0000s ]
INFO: [ view_parse ] --START--
INFO: [ template_filter ] --START--
INFO: Run Behavior\ContentReplaceBehavior [ RunTime:0.000000s ]
INFO: [ template_filter ] --END-- [ RunTime:0.000000s ]
INFO: Run Behavior\ParseTemplateBehavior [ RunTime:0.005850s ]
INFO: [ view_parse ] --END-- [ RunTime:0.005850s ]
INFO: [ view_filter ] --START--
INFO: Run Behavior\WriteHtmlCacheBehavior [ RunTime:0.003901s ]
INFO: [ view_filter ] --END-- [ RunTime:0.003901s ]
INFO: [ app_end ] --START--
INFO: Run Behavior\ShowPageTraceBehavior [ RunTime:0.000975s ]
INFO: [ app_end ] --END-- [ RunTime:0.000975s ]

[ 2018-11-28T14:52:11+08:00 ] 127.0.0.1 /home/Login/createVerify
INFO: [ app_init ] --START--
INFO: Run Behavior\BuildLiteBehavior [ RunTime:0.000000s ]
INFO: [ app_init ] --END-- [ RunTime:0.000975s ]
INFO: [ app_begin ] --START--
INFO: Run Behavior\ReadHtmlCacheBehavior [ RunTime:0.000000s ]
INFO: Run Behavior\CronRunBehavior [ RunTime:0.000000s ]
INFO: Run Behavior\CheckLangBehavior [ RunTime:0.000975s ]
INFO: [ app_begin ] --END-- [ RunTime:0.000975s ]
INFO: [ app_end ] --START--
INFO: Run Behavior\ShowPageTraceBehavior [ RunTime:0.000975s ]
INFO: [ app_end ] --END-- [ RunTime:0.000975s ]

[ 2018-11-28T14:56:10+08:00 ] 127.0.0.1 /Home/
INFO: [ app_init ] --START--
INFO: Run Behavior\BuildLiteBehavior [ RunTime:0.000000s ]
INFO: [ app_init ] --END-- [ RunTime:0.000976s ]
INFO: [ app_begin ] --START--
INFO: Run Behavior\ReadHtmlCacheBehavior [ RunTime:0.000000s ]
INFO: Run Behavior\CronRunBehavior [ RunTime:0.000000s ]
INFO: Run Behavior\CheckLangBehavior [ RunTime:0.000975s ]
INFO: [ app_begin ] --END-- [ RunTime:0.000975s ]
NOTIC: [2] Declaration of Home\Controller\IndexController::error() should be compatible with Think\Controller::error($message = '', $jumpUrl = '', $ajax = false) C:\phpStudy\PHPTutorial\WWW\mplist\Application\Home\Controller\IndexController.class.php 第 19 行.
SQL: SHOW COLUMNS FROM `dzm_his_user` [ RunTime:0.0020s ]
SQL: SELECT * FROM `dzm_his_user` WHERE ( mobile='' ) LIMIT 1   [ RunTime:0.0000s ]
SQL: SHOW COLUMNS FROM `dzm_his_doctor` [ RunTime:0.0020s ]
SQL: SELECT * FROM `dzm_his_doctor` WHERE ( mobile='' ) LIMIT 1   [ RunTime:0.0010s ]
INFO: [ view_parse ] --START--
INFO: [ template_filter ] --START--
INFO: Run Behavior\ContentReplaceBehavior [ RunTime:0.001950s ]
INFO: [ template_filter ] --END-- [ RunTime:0.001950s ]
INFO: Run Behavior\ParseTemplateBehavior [ RunTime:0.029253s ]
INFO: [ view_parse ] --END-- [ RunTime:0.029253s ]
INFO: [ view_filter ] --START--
INFO: Run Behavior\WriteHtmlCacheBehavior [ RunTime:0.000000s ]
INFO: [ view_filter ] --END-- [ RunTime:0.000000s ]
INFO: [ app_end ] --START--
INFO: Run Behavior\ShowPageTraceBehavior [ RunTime:0.000975s ]
INFO: [ app_end ] --END-- [ RunTime:0.000975s ]

[ 2018-11-28T14:57:43+08:00 ] 127.0.0.1 /Home/eteam.html
INFO: [ app_init ] --START--
INFO: Run Behavior\BuildLiteBehavior [ RunTime:0.000000s ]
INFO: [ app_init ] --END-- [ RunTime:0.000000s ]
INFO: [ app_begin ] --START--
INFO: Run Behavior\ReadHtmlCacheBehavior [ RunTime:0.000976s ]
INFO: Run Behavior\CronRunBehavior [ RunTime:0.000000s ]
INFO: Run Behavior\CheckLangBehavior [ RunTime:0.000975s ]
INFO: [ app_begin ] --END-- [ RunTime:0.001951s ]
ERR: 无法加载控制器:Eteam

[ 2018-11-28T14:57:44+08:00 ] 127.0.0.1 /Home/css/error.css
INFO: [ app_init ] --START--
INFO: Run Behavior\BuildLiteBehavior [ RunTime:0.000000s ]
INFO: [ app_init ] --END-- [ RunTime:0.000000s ]
INFO: [ app_begin ] --START--
INFO: Run Behavior\ReadHtmlCacheBehavior [ RunTime:0.000000s ]
INFO: Run Behavior\CronRunBehavior [ RunTime:0.000975s ]
INFO: Run Behavior\CheckLangBehavior [ RunTime:0.000000s ]
INFO: [ app_begin ] --END-- [ RunTime:0.000975s ]
ERR: 无法加载控制器:Css

[ 2018-11-28T14:57:50+08:00 ] 127.0.0.1 /Home
INFO: [ app_init ] --START--
INFO: Run Behavior\BuildLiteBehavior [ RunTime:0.000000s ]
INFO: [ app_init ] --END-- [ RunTime:0.000000s ]
INFO: [ app_begin ] --START--
INFO: Run Behavior\ReadHtmlCacheBehavior [ RunTime:0.001951s ]
INFO: Run Behavior\CronRunBehavior [ RunTime:0.000000s ]
INFO: Run Behavior\CheckLangBehavior [ RunTime:0.000975s ]
INFO: [ app_begin ] --END-- [ RunTime:0.002926s ]
NOTIC: [2] Declaration of Home\Controller\IndexController::error() should be compatible with Think\Controller::error($message = '', $jumpUrl = '', $ajax = false) C:\phpStudy\PHPTutorial\WWW\mplist\Application\Home\Controller\IndexController.class.php 第 19 行.
SQL: SHOW COLUMNS FROM `dzm_his_user` [ RunTime:0.0020s ]
SQL: SELECT * FROM `dzm_his_user` WHERE ( mobile='' ) LIMIT 1   [ RunTime:0.0010s ]
SQL: SHOW COLUMNS FROM `dzm_his_doctor` [ RunTime:0.0029s ]
SQL: SELECT * FROM `dzm_his_doctor` WHERE ( mobile='' ) LIMIT 1   [ RunTime:0.0000s ]
INFO: [ view_parse ] --START--
INFO: [ template_filter ] --START--
INFO: Run Behavior\ContentReplaceBehavior [ RunTime:0.000976s ]
INFO: [ template_filter ] --END-- [ RunTime:0.000976s ]
INFO: Run Behavior\ParseTemplateBehavior [ RunTime:0.027303s ]
INFO: [ view_parse ] --END-- [ RunTime:0.027303s ]
INFO: [ view_filter ] --START--
INFO: Run Behavior\WriteHtmlCacheBehavior [ RunTime:0.011701s ]
INFO: [ view_filter ] --END-- [ RunTime:0.011701s ]
INFO: [ app_end ] --START--
INFO: Run Behavior\ShowPageTraceBehavior [ RunTime:0.000975s ]
INFO: [ app_end ] --END-- [ RunTime:0.000975s ]

[ 2018-11-28T15:03:29+08:00 ] 127.0.0.1 /Home/
INFO: [ app_init ] --START--
INFO: Run Behavior\BuildLiteBehavior [ RunTime:0.000000s ]
INFO: [ app_init ] --END-- [ RunTime:0.000975s ]
INFO: [ app_begin ] --START--
INFO: Run Behavior\ReadHtmlCacheBehavior [ RunTime:0.000000s ]
INFO: Run Behavior\CronRunBehavior [ RunTime:0.000975s ]
INFO: Run Behavior\CheckLangBehavior [ RunTime:0.000000s ]
INFO: [ app_begin ] --END-- [ RunTime:0.000975s ]
NOTIC: [2] Declaration of Home\Controller\IndexController::error() should be compatible with Think\Controller::error($message = '', $jumpUrl = '', $ajax = false) C:\phpStudy\PHPTutorial\WWW\mplist\Application\Home\Controller\IndexController.class.php 第 19 行.
SQL: SHOW COLUMNS FROM `dzm_his_user` [ RunTime:0.0029s ]
SQL: SELECT * FROM `dzm_his_user` WHERE ( mobile='' ) LIMIT 1   [ RunTime:0.0000s ]
SQL: SHOW COLUMNS FROM `dzm_his_doctor` [ RunTime:0.0088s ]
SQL: SELECT * FROM `dzm_his_doctor` WHERE ( mobile='' ) LIMIT 1   [ RunTime:0.0000s ]
INFO: [ view_parse ] --START--
INFO: [ template_filter ] --START--
INFO: Run Behavior\ContentReplaceBehavior [ RunTime:0.000975s ]
INFO: [ template_filter ] --END-- [ RunTime:0.000975s ]
INFO: Run Behavior\ParseTemplateBehavior [ RunTime:0.026328s ]
INFO: [ view_parse ] --END-- [ RunTime:0.026328s ]
INFO: [ view_filter ] --START--
INFO: Run Behavior\WriteHtmlCacheBehavior [ RunTime:0.000000s ]
INFO: [ view_filter ] --END-- [ RunTime:0.000000s ]
INFO: [ app_end ] --START--
INFO: Run Behavior\ShowPageTraceBehavior [ RunTime:0.000975s ]
INFO: [ app_end ] --END-- [ RunTime:0.000975s ]

[ 2018-11-28T15:16:17+08:00 ] 127.0.0.1 /index.php/home/index/register
INFO: [ app_init ] --START--
INFO: Run Behavior\BuildLiteBehavior [ RunTime:0.000000s ]
INFO: [ app_init ] --END-- [ RunTime:0.000000s ]
INFO: [ app_begin ] --START--
INFO: Run Behavior\ReadHtmlCacheBehavior [ RunTime:0.000000s ]
INFO: Run Behavior\CronRunBehavior [ RunTime:0.000975s ]
INFO: Run Behavior\CheckLangBehavior [ RunTime:0.000000s ]
INFO: [ app_begin ] --END-- [ RunTime:0.000975s ]
NOTIC: [2] Declaration of Home\Controller\IndexController::error() should be compatible with Think\Controller::error($message = '', $jumpUrl = '', $ajax = false) C:\phpStudy\PHPTutorial\WWW\mplist\Application\Home\Controller\IndexController.class.php 第 19 行.
SQL: SHOW COLUMNS FROM `dzm_his_user` [ RunTime:0.0020s ]
SQL: SELECT * FROM `dzm_his_user` WHERE ( mobile='' ) LIMIT 1   [ RunTime:0.0000s ]
SQL: SHOW COLUMNS FROM `dzm_his_doctor` [ RunTime:0.0020s ]
SQL: SELECT * FROM `dzm_his_doctor` WHERE ( mobile='' ) LIMIT 1   [ RunTime:0.0000s ]
INFO: [ view_parse ] --START--
INFO: [ template_filter ] --START--
INFO: Run Behavior\ContentReplaceBehavior [ RunTime:0.000976s ]
INFO: [ template_filter ] --END-- [ RunTime:0.000976s ]
NOTIC: [8] Undefined variable: enid C:\phpStudy\PHPTutorial\WWW\mplist\Application\Runtime\Cache\Home\5c02d6b50231d9b60bca960276212585.php 第 313 行.
INFO: Run Behavior\ParseTemplateBehavior [ RunTime:0.006826s ]
INFO: [ view_parse ] --END-- [ RunTime:0.006826s ]
INFO: [ view_filter ] --START--
INFO: Run Behavior\WriteHtmlCacheBehavior [ RunTime:0.000000s ]
INFO: [ view_filter ] --END-- [ RunTime:0.000000s ]
INFO: [ app_end ] --START--
INFO: Run Behavior\ShowPageTraceBehavior [ RunTime:0.000000s ]
INFO: [ app_end ] --END-- [ RunTime:0.000000s ]

[ 2018-11-28T15:16:18+08:00 ] 127.0.0.1 /index.php/home/Login/geetest_show_verify
INFO: [ app_init ] --START--
INFO: Run Behavior\BuildLiteBehavior [ RunTime:0.000000s ]
INFO: [ app_init ] --END-- [ RunTime:0.000000s ]
INFO: [ app_begin ] --START--
INFO: Run Behavior\ReadHtmlCacheBehavior [ RunTime:0.000975s ]
INFO: Run Behavior\CronRunBehavior [ RunTime:0.000000s ]
INFO: Run Behavior\CheckLangBehavior [ RunTime:0.000975s ]
INFO: [ app_begin ] --END-- [ RunTime:0.001950s ]
INFO: [ app_end ] --START--
INFO: Run Behavior\ShowPageTraceBehavior [ RunTime:0.000975s ]
INFO: [ app_end ] --END-- [ RunTime:0.000975s ]

[ 2018-11-28T15:16:41+08:00 ] 127.0.0.1 /index.php/home/index/doctorlogin
INFO: [ app_init ] --START--
INFO: Run Behavior\BuildLiteBehavior [ RunTime:0.000000s ]
INFO: [ app_init ] --END-- [ RunTime:0.000000s ]
INFO: [ app_begin ] --START--
INFO: Run Behavior\ReadHtmlCacheBehavior [ RunTime:0.000000s ]
INFO: Run Behavior\CronRunBehavior [ RunTime:0.000000s ]
INFO: Run Behavior\CheckLangBehavior [ RunTime:0.000975s ]
INFO: [ app_begin ] --END-- [ RunTime:0.000975s ]
NOTIC: [2] Declaration of Home\Controller\IndexController::error() should be compatible with Think\Controller::error($message = '', $jumpUrl = '', $ajax = false) C:\phpStudy\PHPTutorial\WWW\mplist\Application\Home\Controller\IndexController.class.php 第 19 行.
SQL: SHOW COLUMNS FROM `dzm_his_user` [ RunTime:0.0019s ]
SQL: SELECT * FROM `dzm_his_user` WHERE ( mobile='' ) LIMIT 1   [ RunTime:0.0010s ]
SQL: SHOW COLUMNS FROM `dzm_his_doctor` [ RunTime:0.0010s ]
SQL: SELECT * FROM `dzm_his_doctor` WHERE ( mobile='' ) LIMIT 1   [ RunTime:0.0000s ]
INFO: [ view_parse ] --START--
INFO: [ template_filter ] --START--
INFO: Run Behavior\ContentReplaceBehavior [ RunTime:0.000975s ]
INFO: [ template_filter ] --END-- [ RunTime:0.000975s ]
INFO: Run Behavior\ParseTemplateBehavior [ RunTime:0.004875s ]
INFO: [ view_parse ] --END-- [ RunTime:0.005850s ]
INFO: [ view_filter ] --START--
INFO: Run Behavior\WriteHtmlCacheBehavior [ RunTime:0.000000s ]
INFO: [ view_filter ] --END-- [ RunTime:0.000000s ]
INFO: [ app_end ] --START--
INFO: Run Behavior\ShowPageTraceBehavior [ RunTime:0.000000s ]
INFO: [ app_end ] --END-- [ RunTime:0.000000s ]

[ 2018-11-28T15:16:45+08:00 ] 127.0.0.1 /home/Login/createVerify
INFO: [ app_init ] --START--
INFO: Run Behavior\BuildLiteBehavior [ RunTime:0.000000s ]
INFO: [ app_init ] --END-- [ RunTime:0.000975s ]
INFO: [ app_begin ] --START--
INFO: Run Behavior\ReadHtmlCacheBehavior [ RunTime:0.000000s ]
INFO: Run Behavior\CronRunBehavior [ RunTime:0.000975s ]
INFO: Run Behavior\CheckLangBehavior [ RunTime:0.000000s ]
INFO: [ app_begin ] --END-- [ RunTime:0.000975s ]
INFO: [ app_end ] --START--
INFO: Run Behavior\ShowPageTraceBehavior [ RunTime:0.000000s ]
INFO: [ app_end ] --END-- [ RunTime:0.000000s ]

[ 2018-11-28T15:29:42+08:00 ] 127.0.0.1 /Home
INFO: [ app_init ] --START--
INFO: Run Behavior\BuildLiteBehavior [ RunTime:0.000000s ]
INFO: [ app_init ] --END-- [ RunTime:0.000000s ]
INFO: [ app_begin ] --START--
INFO: Run Behavior\ReadHtmlCacheBehavior [ RunTime:0.000000s ]
INFO: Run Behavior\CronRunBehavior [ RunTime:0.000975s ]
INFO: Run Behavior\CheckLangBehavior [ RunTime:0.000000s ]
INFO: [ app_begin ] --END-- [ RunTime:0.000975s ]
NOTIC: [2] Declaration of Home\Controller\IndexController::error() should be compatible with Think\Controller::error($message = '', $jumpUrl = '', $ajax = false) C:\phpStudy\PHPTutorial\WWW\mplist\Application\Home\Controller\IndexController.class.php 第 19 行.
SQL: SHOW COLUMNS FROM `dzm_his_user` [ RunTime:0.0078s ]
SQL: SELECT * FROM `dzm_his_user` WHERE ( mobile='' ) LIMIT 1   [ RunTime:0.0010s ]
SQL: SHOW COLUMNS FROM `dzm_his_doctor` [ RunTime:0.0029s ]
SQL: SELECT * FROM `dzm_his_doctor` WHERE ( mobile='' ) LIMIT 1   [ RunTime:0.0010s ]
INFO: [ view_parse ] --START--
INFO: [ template_filter ] --START--
INFO: Run Behavior\ContentReplaceBehavior [ RunTime:0.000975s ]
INFO: [ template_filter ] --END-- [ RunTime:0.000975s ]
INFO: Run Behavior\ParseTemplateBehavior [ RunTime:0.032178s ]
INFO: [ view_parse ] --END-- [ RunTime:0.032178s ]
INFO: [ view_filter ] --START--
INFO: Run Behavior\WriteHtmlCacheBehavior [ RunTime:0.000975s ]
INFO: [ view_filter ] --END-- [ RunTime:0.000975s ]
INFO: [ app_end ] --START--
INFO: Run Behavior\ShowPageTraceBehavior [ RunTime:0.000975s ]
INFO: [ app_end ] --END-- [ RunTime:0.001950s ]

[ 2018-11-28T15:29:51+08:00 ] 127.0.0.1 /Home
INFO: [ app_init ] --START--
INFO: Run Behavior\BuildLiteBehavior [ RunTime:0.000000s ]
INFO: [ app_init ] --END-- [ RunTime:0.000000s ]
INFO: [ app_begin ] --START--
INFO: Run Behavior\ReadHtmlCacheBehavior [ RunTime:0.000000s ]
INFO: Run Behavior\CronRunBehavior [ RunTime:0.000000s ]
INFO: Run Behavior\CheckLangBehavior [ RunTime:0.000976s ]
INFO: [ app_begin ] --END-- [ RunTime:0.000976s ]
NOTIC: [2] Declaration of Home\Controller\IndexController::error() should be compatible with Think\Controller::error($message = '', $jumpUrl = '', $ajax = false) C:\phpStudy\PHPTutorial\WWW\mplist\Application\Home\Controller\IndexController.class.php 第 19 行.
SQL: SHOW COLUMNS FROM `dzm_his_user` [ RunTime:0.0020s ]
SQL: SELECT * FROM `dzm_his_user` WHERE ( mobile='' ) LIMIT 1   [ RunTime:0.0000s ]
SQL: SHOW COLUMNS FROM `dzm_his_doctor` [ RunTime:0.0020s ]
SQL: SELECT * FROM `dzm_his_doctor` WHERE ( mobile='' ) LIMIT 1   [ RunTime:0.0000s ]
INFO: [ view_parse ] --START--
INFO: [ template_filter ] --START--
INFO: Run Behavior\ContentReplaceBehavior [ RunTime:0.000975s ]
INFO: [ template_filter ] --END-- [ RunTime:0.000975s ]
INFO: Run Behavior\ParseTemplateBehavior [ RunTime:0.035104s ]
INFO: [ view_parse ] --END-- [ RunTime:0.035104s ]
INFO: [ view_filter ] --START--
INFO: Run Behavior\WriteHtmlCacheBehavior [ RunTime:0.000000s ]
INFO: [ view_filter ] --END-- [ RunTime:0.000000s ]
INFO: [ app_end ] --START--
INFO: Run Behavior\ShowPageTraceBehavior [ RunTime:0.000000s ]
INFO: [ app_end ] --END-- [ RunTime:0.000000s ]

[ 2018-11-28T15:30:02+08:00 ] 127.0.0.1 /Home
INFO: [ app_init ] --START--
INFO: Run Behavior\BuildLiteBehavior [ RunTime:0.000000s ]
INFO: [ app_init ] --END-- [ RunTime:0.000000s ]
INFO: [ app_begin ] --START--
INFO: Run Behavior\ReadHtmlCacheBehavior [ RunTime:0.000000s ]
INFO: Run Behavior\CronRunBehavior [ RunTime:0.000000s ]
INFO: Run Behavior\CheckLangBehavior [ RunTime:0.000000s ]
INFO: [ app_begin ] --END-- [ RunTime:0.000000s ]
NOTIC: [2] Declaration of Home\Controller\IndexController::error() should be compatible with Think\Controller::error($message = '', $jumpUrl = '', $ajax = false) C:\phpStudy\PHPTutorial\WWW\mplist\Application\Home\Controller\IndexController.class.php 第 19 行.
SQL: SHOW COLUMNS FROM `dzm_his_user` [ RunTime:0.0020s ]
SQL: SELECT * FROM `dzm_his_user` WHERE ( mobile='' ) LIMIT 1   [ RunTime:0.0000s ]
SQL: SHOW COLUMNS FROM `dzm_his_doctor` [ RunTime:0.0020s ]
SQL: SELECT * FROM `dzm_his_doctor` WHERE ( mobile='' ) LIMIT 1   [ RunTime:0.0000s ]
INFO: [ view_parse ] --START--
INFO: [ template_filter ] --START--
INFO: Run Behavior\ContentReplaceBehavior [ RunTime:0.001950s ]
INFO: [ template_filter ] --END-- [ RunTime:0.001950s ]
INFO: Run Behavior\ParseTemplateBehavior [ RunTime:0.035103s ]
INFO: [ view_parse ] --END-- [ RunTime:0.035103s ]
INFO: [ view_filter ] --START--
INFO: Run Behavior\WriteHtmlCacheBehavior [ RunTime:0.000976s ]
INFO: [ view_filter ] --END-- [ RunTime:0.000976s ]
INFO: [ app_end ] --START--
INFO: Run Behavior\ShowPageTraceBehavior [ RunTime:0.000000s ]
INFO: [ app_end ] --END-- [ RunTime:0.000000s ]

