[ 2018-12-26T22:27:08+08:00 ] 127.0.0.1 /Home/
INFO: [ app_init ] --START--
INFO: Run Behavior\BuildLiteBehavior [ RunTime:0.000023s ]
INFO: [ app_init ] --END-- [ RunTime:0.032846s ]
INFO: [ app_begin ] --START--
INFO: Run Behavior\ReadHtmlCacheBehavior [ RunTime:0.013129s ]
INFO: Run Behavior\CronRunBehavior [ RunTime:0.050340s ]
INFO: Run Behavior\CheckLangBehavior [ RunTime:0.070787s ]
INFO: [ app_begin ] --END-- [ RunTime:0.134608s ]
NOTIC: [2048] Declaration of Home\Controller\IndexController::error() should be compatible with Think\Controller::error($message = '', $jumpUrl = '', $ajax = false) D:\phpStudy2018\WWW\doctor\Application\Home\Controller\IndexController.class.php 第 19 行.
SQL: SHOW COLUMNS FROM `dzm_his_user` [ RunTime:0.1211s ]
SQL: SELECT * FROM `dzm_his_user` WHERE ( mobile='' ) LIMIT 1   [ RunTime:0.0014s ]
SQL: SHOW COLUMNS FROM `dzm_his_doctor` [ RunTime:0.0643s ]
SQL: SELECT * FROM `dzm_his_doctor` WHERE ( mobile='' ) LIMIT 1   [ RunTime:0.0004s ]
SQL: SHOW COLUMNS FROM `dzm_his_inspectionfee` [ RunTime:0.1797s ]
SQL: SELECT * FROM `dzm_his_inspectionfee` WHERE ( class='养生'  ) LIMIT 6   [ RunTime:0.0006s ]
SQL: SELECT * FROM `dzm_his_inspectionfee` WHERE ( class='健康'  ) LIMIT 6   [ RunTime:0.0004s ]
SQL: SELECT * FROM `dzm_his_inspectionfee` WHERE ( class='两性'  ) LIMIT 6   [ RunTime:0.0004s ]
SQL: SELECT * FROM `dzm_his_inspectionfee` WHERE ( class='减肥'  ) LIMIT 6   [ RunTime:0.0004s ]
SQL: SELECT * FROM `dzm_his_inspectionfee` WHERE ( class='医院公开'  ) LIMIT 6   [ RunTime:0.0184s ]
SQL: SELECT * FROM `dzm_his_inspectionfee` WHERE ( class='医院动态'  ) LIMIT 6   [ RunTime:0.0004s ]
SQL: SELECT * FROM `dzm_his_inspectionfee` WHERE ( class='医院健康'  ) LIMIT 6   [ RunTime:0.0003s ]
NOTIC: [8] Undefined variable: class7 D:\phpStudy2018\WWW\doctor\Application\Home\Controller\IndexController.class.php 第 119 行.
SQL: SELECT * FROM `dzm_his_inspectionfee` WHERE ( class=''  ) LIMIT 6   [ RunTime:0.0005s ]
NOTIC: [8] Undefined variable: class8 D:\phpStudy2018\WWW\doctor\Application\Home\Controller\IndexController.class.php 第 120 行.
SQL: SELECT * FROM `dzm_his_inspectionfee` WHERE ( class=''  ) LIMIT 6   [ RunTime:0.0004s ]
NOTIC: [8] Undefined variable: class9 D:\phpStudy2018\WWW\doctor\Application\Home\Controller\IndexController.class.php 第 121 行.
SQL: SELECT * FROM `dzm_his_inspectionfee` WHERE ( class=''  ) LIMIT 6   [ RunTime:0.0004s ]
SQL: SELECT * FROM `dzm_his_inspectionfee` WHERE ( class='择医网讲堂'  ) LIMIT 3   [ RunTime:0.0011s ]
NOTIC: [2] Missing argument 1 for Think\Model::where(), called in D:\phpStudy2018\WWW\doctor\Application\Home\Controller\IndexController.class.php on line 123 and defined D:\phpStudy2018\WWW\doctor\ThinkPHP\Library\Think\Model.class.php 第 1797 行.
NOTIC: [8] Undefined variable: where D:\phpStudy2018\WWW\doctor\ThinkPHP\Library\Think\Model.class.php 第 1805 行.
NOTIC: [8] Undefined variable: where D:\phpStudy2018\WWW\doctor\ThinkPHP\Library\Think\Model.class.php 第 1808 行.
NOTIC: [8] Undefined variable: where D:\phpStudy2018\WWW\doctor\ThinkPHP\Library\Think\Model.class.php 第 1816 行.
SQL: SELECT * FROM `dzm_his_doctor` LIMIT 3   [ RunTime:0.0006s ]
SQL: SHOW COLUMNS FROM `dzm_his_yydoctor` [ RunTime:0.0465s ]
NOTIC: [2] Missing argument 1 for Think\Model::where(), called in D:\phpStudy2018\WWW\doctor\Application\Home\Controller\IndexController.class.php on line 124 and defined D:\phpStudy2018\WWW\doctor\ThinkPHP\Library\Think\Model.class.php 第 1797 行.
NOTIC: [8] Undefined variable: where D:\phpStudy2018\WWW\doctor\ThinkPHP\Library\Think\Model.class.php 第 1805 行.
NOTIC: [8] Undefined variable: where D:\phpStudy2018\WWW\doctor\ThinkPHP\Library\Think\Model.class.php 第 1808 行.
NOTIC: [8] Undefined variable: where D:\phpStudy2018\WWW\doctor\ThinkPHP\Library\Think\Model.class.php 第 1816 行.
SQL: SELECT * FROM `dzm_his_yydoctor` LIMIT 3   [ RunTime:0.0005s ]
SQL: SELECT * FROM `dzm_his_inspectionfee` WHERE ( class='美容'  ) LIMIT 6   [ RunTime:0.0004s ]
SQL: SELECT * FROM `dzm_his_inspectionfee` WHERE ( class='饮食'  ) LIMIT 6   [ RunTime:0.0003s ]
SQL: SELECT * FROM `dzm_his_inspectionfee` WHERE ( class='母婴'  ) LIMIT 6   [ RunTime:0.0003s ]
SQL: SELECT * FROM `dzm_his_inspectionfee` WHERE ( class='运动'  ) LIMIT 6   [ RunTime:0.0003s ]
SQL: SELECT * FROM `dzm_his_inspectionfee` WHERE ( class='百科'  ) LIMIT 6   [ RunTime:0.0003s ]
INFO: [ view_parse ] --START--
INFO: [ template_filter ] --START--
INFO: Run Behavior\ContentReplaceBehavior [ RunTime:0.018508s ]
INFO: [ template_filter ] --END-- [ RunTime:0.018629s ]
INFO: Run Behavior\ParseTemplateBehavior [ RunTime:0.304815s ]
INFO: [ view_parse ] --END-- [ RunTime:0.304931s ]
INFO: [ view_filter ] --START--
INFO: Run Behavior\WriteHtmlCacheBehavior [ RunTime:0.035827s ]
INFO: [ view_filter ] --END-- [ RunTime:0.035923s ]
INFO: [ app_end ] --START--
INFO: Run Behavior\ShowPageTraceBehavior [ RunTime:0.025607s ]
INFO: [ app_end ] --END-- [ RunTime:0.025713s ]

[ 2018-12-26T22:31:19+08:00 ] 127.0.0.1 /index.php/home/index/allorder?class=%E7%BD%91%E7%AB%99%E5%85%AC%E5%91%8A
INFO: [ app_init ] --START--
INFO: Run Behavior\BuildLiteBehavior [ RunTime:0.000013s ]
INFO: [ app_init ] --END-- [ RunTime:0.000590s ]
INFO: [ app_begin ] --START--
INFO: Run Behavior\ReadHtmlCacheBehavior [ RunTime:0.000769s ]
INFO: Run Behavior\CronRunBehavior [ RunTime:0.000505s ]
INFO: Run Behavior\CheckLangBehavior [ RunTime:0.001175s ]
INFO: [ app_begin ] --END-- [ RunTime:0.002578s ]
NOTIC: [2048] Declaration of Home\Controller\IndexController::error() should be compatible with Think\Controller::error($message = '', $jumpUrl = '', $ajax = false) D:\phpStudy2018\WWW\doctor\Application\Home\Controller\IndexController.class.php 第 19 行.
SQL: SHOW COLUMNS FROM `dzm_his_user` [ RunTime:0.0866s ]
SQL: SELECT * FROM `dzm_his_user` WHERE ( mobile='' ) LIMIT 1   [ RunTime:0.0007s ]
SQL: SHOW COLUMNS FROM `dzm_his_doctor` [ RunTime:0.0811s ]
SQL: SELECT * FROM `dzm_his_doctor` WHERE ( mobile='' ) LIMIT 1   [ RunTime:0.0006s ]
SQL: SHOW COLUMNS FROM `dzm_his_inspectionfee` [ RunTime:0.0180s ]
SQL: SELECT COUNT(*) AS tp_count FROM `dzm_his_inspectionfee` WHERE ( class='网站公告' ) LIMIT 1   [ RunTime:0.0005s ]
SQL: SELECT `ins_id`,`mid`,`hid`,`inspection_name`,`class`,`unit_price`,`textarea`,`cost`,`create_time`,`update_time`,`unit`,`class_id` FROM `dzm_his_inspectionfee` WHERE ( class='网站公告' ) ORDER BY ins_id LIMIT 0,10   [ RunTime:0.0012s ]
INFO: [ view_parse ] --START--
INFO: [ template_filter ] --START--
INFO: Run Behavior\ContentReplaceBehavior [ RunTime:0.000664s ]
INFO: [ template_filter ] --END-- [ RunTime:0.000786s ]
NOTIC: [8] Undefined index: make D:\phpStudy2018\WWW\doctor\Application\Runtime\Cache\Home\106e929464119a053bd876b44d754279.php 第 345 行.
NOTIC: [8] Undefined index: make D:\phpStudy2018\WWW\doctor\Application\Runtime\Cache\Home\106e929464119a053bd876b44d754279.php 第 347 行.
INFO: Run Behavior\ParseTemplateBehavior [ RunTime:0.055219s ]
INFO: [ view_parse ] --END-- [ RunTime:0.055320s ]
INFO: [ view_filter ] --START--
INFO: Run Behavior\WriteHtmlCacheBehavior [ RunTime:0.001010s ]
INFO: [ view_filter ] --END-- [ RunTime:0.001072s ]
INFO: [ app_end ] --START--
INFO: Run Behavior\ShowPageTraceBehavior [ RunTime:0.001736s ]
INFO: [ app_end ] --END-- [ RunTime:0.001872s ]

[ 2018-12-26T22:32:06+08:00 ] 127.0.0.1 /index.php/home/index/allorder?class=%E7%BD%91%E7%AB%99%E5%85%AC%E5%91%8A
INFO: [ app_init ] --START--
INFO: Run Behavior\BuildLiteBehavior [ RunTime:0.000018s ]
INFO: [ app_init ] --END-- [ RunTime:0.000600s ]
INFO: [ app_begin ] --START--
INFO: Run Behavior\ReadHtmlCacheBehavior [ RunTime:0.001326s ]
INFO: Run Behavior\CronRunBehavior [ RunTime:0.000855s ]
INFO: Run Behavior\CheckLangBehavior [ RunTime:0.001910s ]
INFO: [ app_begin ] --END-- [ RunTime:0.004352s ]
NOTIC: [2048] Declaration of Home\Controller\IndexController::error() should be compatible with Think\Controller::error($message = '', $jumpUrl = '', $ajax = false) D:\phpStudy2018\WWW\doctor\Application\Home\Controller\IndexController.class.php 第 19 行.
SQL: SHOW COLUMNS FROM `dzm_his_user` [ RunTime:0.0614s ]
SQL: SELECT * FROM `dzm_his_user` WHERE ( mobile='' ) LIMIT 1   [ RunTime:0.0009s ]
SQL: SHOW COLUMNS FROM `dzm_his_doctor` [ RunTime:0.0155s ]
SQL: SELECT * FROM `dzm_his_doctor` WHERE ( mobile='' ) LIMIT 1   [ RunTime:0.0011s ]
SQL: SHOW COLUMNS FROM `dzm_his_inspectionfee` [ RunTime:0.0161s ]
SQL: SELECT COUNT(*) AS tp_count FROM `dzm_his_inspectionfee` WHERE ( class='网站公告' ) LIMIT 1   [ RunTime:0.0006s ]
SQL: SELECT `ins_id`,`mid`,`hid`,`inspection_name`,`class`,`unit_price`,`textarea`,`cost`,`create_time`,`update_time`,`unit`,`class_id` FROM `dzm_his_inspectionfee` WHERE ( class='网站公告' ) ORDER BY ins_id LIMIT 0,10   [ RunTime:0.0010s ]
INFO: [ view_parse ] --START--
INFO: [ template_filter ] --START--
INFO: Run Behavior\ContentReplaceBehavior [ RunTime:0.000676s ]
INFO: [ template_filter ] --END-- [ RunTime:0.000808s ]
NOTIC: [8] Undefined index: make D:\phpStudy2018\WWW\doctor\Application\Runtime\Cache\Home\106e929464119a053bd876b44d754279.php 第 345 行.
NOTIC: [8] Undefined index: make D:\phpStudy2018\WWW\doctor\Application\Runtime\Cache\Home\106e929464119a053bd876b44d754279.php 第 347 行.
NOTIC: [8] Undefined index: make D:\phpStudy2018\WWW\doctor\Application\Runtime\Cache\Home\106e929464119a053bd876b44d754279.php 第 345 行.
NOTIC: [8] Undefined index: make D:\phpStudy2018\WWW\doctor\Application\Runtime\Cache\Home\106e929464119a053bd876b44d754279.php 第 347 行.
INFO: Run Behavior\ParseTemplateBehavior [ RunTime:0.063818s ]
INFO: [ view_parse ] --END-- [ RunTime:0.063946s ]
INFO: [ view_filter ] --START--
INFO: Run Behavior\WriteHtmlCacheBehavior [ RunTime:0.001931s ]
INFO: [ view_filter ] --END-- [ RunTime:0.002043s ]
INFO: [ app_end ] --START--
INFO: Run Behavior\ShowPageTraceBehavior [ RunTime:0.002980s ]
INFO: [ app_end ] --END-- [ RunTime:0.003152s ]

