[ 2019-01-06T14:56:32+08:00 ] 127.0.0.1 /Home/
INFO: [ app_init ] --START--
INFO: Run Behavior\BuildLiteBehavior [ RunTime:0.000011s ]
INFO: [ app_init ] --END-- [ RunTime:0.000334s ]
INFO: [ app_begin ] --START--
INFO: Run Behavior\ReadHtmlCacheBehavior [ RunTime:0.000503s ]
INFO: Run Behavior\CronRunBehavior [ RunTime:0.000363s ]
INFO: Run Behavior\CheckLangBehavior [ RunTime:0.001260s ]
INFO: [ app_begin ] --END-- [ RunTime:0.002230s ]
NOTIC: [2048] Declaration of Home\Controller\IndexController::error() should be compatible with Think\Controller::error($message = '', $jumpUrl = '', $ajax = false) D:\phpStudy2018\WWW\doctor\Application\Home\Controller\IndexController.class.php 第 19 行.
SQL: SHOW COLUMNS FROM `dzm_his_user` [ RunTime:0.2998s ]
SQL: SELECT * FROM `dzm_his_user` WHERE ( mobile='' ) LIMIT 1   [ RunTime:0.0004s ]
SQL: SHOW COLUMNS FROM `dzm_his_doctor` [ RunTime:0.0441s ]
SQL: SELECT * FROM `dzm_his_doctor` WHERE ( mobile='' ) LIMIT 1   [ RunTime:0.0004s ]
SQL: SHOW COLUMNS FROM `dzm_his_yydoctor` [ RunTime:0.0183s ]
SQL: SELECT * FROM `dzm_his_yydoctor` WHERE ( mobile='' ) LIMIT 1   [ RunTime:0.0004s ]
SQL: SHOW COLUMNS FROM `dzm_his_inspectionfee` [ RunTime:0.0558s ]
SQL: SELECT * FROM `dzm_his_inspectionfee` WHERE ( class='养生' ) ORDER BY ins_id desc LIMIT 7   [ RunTime:0.0008s ]
SQL: SELECT * FROM `dzm_his_inspectionfee` WHERE ( class='健康'  ) ORDER BY ins_id desc LIMIT 7   [ RunTime:0.0014s ]
SQL: SELECT * FROM `dzm_his_inspectionfee` WHERE ( class='两性'  ) ORDER BY ins_id desc LIMIT 7   [ RunTime:0.0007s ]
SQL: SELECT * FROM `dzm_his_inspectionfee` WHERE ( class='减肥'  ) ORDER BY ins_id desc LIMIT 7   [ RunTime:0.0006s ]
SQL: SELECT * FROM `dzm_his_inspectionfee` WHERE ( class='医院公开'  ) ORDER BY ins_id desc LIMIT 7   [ RunTime:0.0004s ]
SQL: SELECT * FROM `dzm_his_inspectionfee` WHERE ( class='医院动态'  ) ORDER BY ins_id desc LIMIT 7   [ RunTime:0.0003s ]
SQL: SELECT * FROM `dzm_his_inspectionfee` WHERE ( class='医院健康'  ) ORDER BY ins_id desc LIMIT 7   [ RunTime:0.0003s ]
SQL: SELECT * FROM `dzm_his_inspectionfee` WHERE ( class='医院党建'  ) ORDER BY ins_id desc LIMIT 7   [ RunTime:0.0004s ]
SQL: SELECT * FROM `dzm_his_inspectionfee` WHERE ( class='医院视频'  ) ORDER BY ins_id desc LIMIT 7   [ RunTime:0.0004s ]
SQL: SELECT * FROM `dzm_his_inspectionfee` WHERE ( class='我拍拍'  ) ORDER BY ins_id desc LIMIT 7   [ RunTime:0.0004s ]
SQL: SELECT * FROM `dzm_his_inspectionfee` WHERE ( class='择医网讲堂'  ) ORDER BY ins_id desc LIMIT 3   [ RunTime:0.0004s ]
SQL: SELECT * FROM `dzm_his_doctor` ORDER BY id desc LIMIT 3   [ RunTime:0.0003s ]
SQL: SELECT * FROM `dzm_his_yydoctor` ORDER BY id desc LIMIT 3   [ RunTime:0.0003s ]
SQL: SELECT * FROM `dzm_his_inspectionfee` WHERE ( class='美容'  ) ORDER BY ins_id desc LIMIT 7   [ RunTime:0.0004s ]
SQL: SELECT * FROM `dzm_his_inspectionfee` WHERE ( class='饮食'  ) ORDER BY ins_id desc LIMIT 7   [ RunTime:0.0004s ]
SQL: SELECT * FROM `dzm_his_inspectionfee` WHERE ( class='母婴'  ) ORDER BY ins_id desc LIMIT 7   [ RunTime:0.0004s ]
SQL: SELECT * FROM `dzm_his_inspectionfee` WHERE ( class='运动'  ) ORDER BY ins_id desc LIMIT 7   [ RunTime:0.0004s ]
SQL: SELECT * FROM `dzm_his_inspectionfee` WHERE ( class='百科'  ) ORDER BY ins_id desc LIMIT 7   [ RunTime:0.0005s ]
SQL: SELECT * FROM `dzm_his_inspectionfee` ORDER BY ins_id desc LIMIT 10   [ RunTime:0.0005s ]
SQL: SELECT * FROM `dzm_his_inspectionfee` ORDER BY ins_id asc LIMIT 10   [ RunTime:0.0010s ]
INFO: [ view_parse ] --START--
INFO: [ template_filter ] --START--
INFO: Run Behavior\ContentReplaceBehavior [ RunTime:0.001356s ]
INFO: [ template_filter ] --END-- [ RunTime:0.001428s ]
INFO: Run Behavior\ParseTemplateBehavior [ RunTime:0.094893s ]
INFO: [ view_parse ] --END-- [ RunTime:0.094942s ]
INFO: [ view_filter ] --START--
INFO: Run Behavior\WriteHtmlCacheBehavior [ RunTime:0.000540s ]
INFO: [ view_filter ] --END-- [ RunTime:0.000584s ]
INFO: [ app_end ] --START--
INFO: Run Behavior\ShowPageTraceBehavior [ RunTime:0.000867s ]
INFO: [ app_end ] --END-- [ RunTime:0.000944s ]

[ 2019-01-06T14:57:50+08:00 ] 127.0.0.1 /Home/
INFO: [ app_init ] --START--
INFO: Run Behavior\BuildLiteBehavior [ RunTime:0.000030s ]
INFO: [ app_init ] --END-- [ RunTime:0.000411s ]
INFO: [ app_begin ] --START--
INFO: Run Behavior\ReadHtmlCacheBehavior [ RunTime:0.000534s ]
INFO: Run Behavior\CronRunBehavior [ RunTime:0.000425s ]
INFO: Run Behavior\CheckLangBehavior [ RunTime:0.000827s ]
INFO: [ app_begin ] --END-- [ RunTime:0.001895s ]
NOTIC: [2048] Declaration of Home\Controller\IndexController::error() should be compatible with Think\Controller::error($message = '', $jumpUrl = '', $ajax = false) D:\phpStudy2018\WWW\doctor\Application\Home\Controller\IndexController.class.php 第 19 行.
SQL: SHOW COLUMNS FROM `dzm_his_user` [ RunTime:0.0302s ]
SQL: SELECT * FROM `dzm_his_user` WHERE ( mobile='' ) LIMIT 1   [ RunTime:0.0004s ]
SQL: SHOW COLUMNS FROM `dzm_his_doctor` [ RunTime:0.0046s ]
SQL: SELECT * FROM `dzm_his_doctor` WHERE ( mobile='' ) LIMIT 1   [ RunTime:0.0005s ]
SQL: SHOW COLUMNS FROM `dzm_his_yydoctor` [ RunTime:0.0069s ]
SQL: SELECT * FROM `dzm_his_yydoctor` WHERE ( mobile='' ) LIMIT 1   [ RunTime:0.0004s ]
SQL: SHOW COLUMNS FROM `dzm_his_inspectionfee` [ RunTime:0.0420s ]
SQL: SELECT * FROM `dzm_his_inspectionfee` WHERE ( class='养生' ) ORDER BY ins_id desc LIMIT 7   [ RunTime:0.0005s ]
SQL: SELECT * FROM `dzm_his_inspectionfee` WHERE ( class='健康'  ) ORDER BY ins_id desc LIMIT 7   [ RunTime:0.0006s ]
SQL: SELECT * FROM `dzm_his_inspectionfee` WHERE ( class='两性'  ) ORDER BY ins_id desc LIMIT 7   [ RunTime:0.0004s ]
SQL: SELECT * FROM `dzm_his_inspectionfee` WHERE ( class='减肥'  ) ORDER BY ins_id desc LIMIT 7   [ RunTime:0.0004s ]
SQL: SELECT * FROM `dzm_his_inspectionfee` WHERE ( class='医院公开'  ) ORDER BY ins_id desc LIMIT 7   [ RunTime:0.0007s ]
SQL: SELECT * FROM `dzm_his_inspectionfee` WHERE ( class='医院动态'  ) ORDER BY ins_id desc LIMIT 7   [ RunTime:0.0005s ]
SQL: SELECT * FROM `dzm_his_inspectionfee` WHERE ( class='医院健康'  ) ORDER BY ins_id desc LIMIT 7   [ RunTime:0.0003s ]
SQL: SELECT * FROM `dzm_his_inspectionfee` WHERE ( class='医院党建'  ) ORDER BY ins_id desc LIMIT 7   [ RunTime:0.0002s ]
SQL: SELECT * FROM `dzm_his_inspectionfee` WHERE ( class='医院视频'  ) ORDER BY ins_id desc LIMIT 7   [ RunTime:0.0002s ]
SQL: SELECT * FROM `dzm_his_inspectionfee` WHERE ( class='我拍拍'  ) ORDER BY ins_id desc LIMIT 7   [ RunTime:0.0002s ]
SQL: SELECT * FROM `dzm_his_inspectionfee` WHERE ( class='择医网讲堂'  ) ORDER BY ins_id desc LIMIT 3   [ RunTime:0.0003s ]
SQL: SELECT * FROM `dzm_his_doctor` ORDER BY id desc LIMIT 3   [ RunTime:0.0002s ]
SQL: SELECT * FROM `dzm_his_yydoctor` ORDER BY id desc LIMIT 3   [ RunTime:0.0002s ]
SQL: SELECT * FROM `dzm_his_inspectionfee` WHERE ( class='美容'  ) ORDER BY ins_id desc LIMIT 7   [ RunTime:0.0004s ]
SQL: SELECT * FROM `dzm_his_inspectionfee` WHERE ( class='饮食'  ) ORDER BY ins_id desc LIMIT 7   [ RunTime:0.0005s ]
SQL: SELECT * FROM `dzm_his_inspectionfee` WHERE ( class='母婴'  ) ORDER BY ins_id desc LIMIT 7   [ RunTime:0.0006s ]
SQL: SELECT * FROM `dzm_his_inspectionfee` WHERE ( class='运动'  ) ORDER BY ins_id desc LIMIT 7   [ RunTime:0.0005s ]
SQL: SELECT * FROM `dzm_his_inspectionfee` WHERE ( class='百科'  ) ORDER BY ins_id desc LIMIT 7   [ RunTime:0.0008s ]
SQL: SELECT * FROM `dzm_his_inspectionfee` ORDER BY ins_id desc LIMIT 10   [ RunTime:0.0006s ]
SQL: SELECT * FROM `dzm_his_inspectionfee` ORDER BY ins_id asc LIMIT 10   [ RunTime:0.0011s ]
INFO: [ view_parse ] --START--
INFO: [ template_filter ] --START--
INFO: Run Behavior\ContentReplaceBehavior [ RunTime:0.001323s ]
INFO: [ template_filter ] --END-- [ RunTime:0.001373s ]
INFO: Run Behavior\ParseTemplateBehavior [ RunTime:0.100680s ]
INFO: [ view_parse ] --END-- [ RunTime:0.100723s ]
INFO: [ view_filter ] --START--
INFO: Run Behavior\WriteHtmlCacheBehavior [ RunTime:0.000531s ]
INFO: [ view_filter ] --END-- [ RunTime:0.000562s ]

[ 2019-01-06T14:57:50+08:00 ] 127.0.0.1 /Home/
INFO: [ app_init ] --START--
INFO: Run Behavior\BuildLiteBehavior [ RunTime:0.000013s ]
INFO: [ app_init ] --END-- [ RunTime:0.000931s ]
INFO: [ app_begin ] --START--
INFO: Run Behavior\ReadHtmlCacheBehavior [ RunTime:0.000443s ]
INFO: Run Behavior\CronRunBehavior [ RunTime:0.000281s ]
INFO: Run Behavior\CheckLangBehavior [ RunTime:0.001146s ]
INFO: [ app_begin ] --END-- [ RunTime:0.001983s ]
NOTIC: [2048] Declaration of Home\Controller\IndexController::error() should be compatible with Think\Controller::error($message = '', $jumpUrl = '', $ajax = false) D:\phpStudy2018\WWW\doctor\Application\Home\Controller\IndexController.class.php 第 19 行.
SQL: SHOW COLUMNS FROM `dzm_his_user` [ RunTime:0.0063s ]
SQL: SELECT * FROM `dzm_his_user` WHERE ( mobile='' ) LIMIT 1   [ RunTime:0.0004s ]
SQL: SHOW COLUMNS FROM `dzm_his_doctor` [ RunTime:0.0047s ]
SQL: SELECT * FROM `dzm_his_doctor` WHERE ( mobile='' ) LIMIT 1   [ RunTime:0.0005s ]
SQL: SHOW COLUMNS FROM `dzm_his_yydoctor` [ RunTime:0.0076s ]
SQL: SELECT * FROM `dzm_his_yydoctor` WHERE ( mobile='' ) LIMIT 1   [ RunTime:0.0005s ]
SQL: SHOW COLUMNS FROM `dzm_his_inspectionfee` [ RunTime:0.0058s ]
SQL: SELECT * FROM `dzm_his_inspectionfee` WHERE ( class='养生' ) ORDER BY ins_id desc LIMIT 7   [ RunTime:0.0004s ]
SQL: SELECT * FROM `dzm_his_inspectionfee` WHERE ( class='健康'  ) ORDER BY ins_id desc LIMIT 7   [ RunTime:0.0006s ]
SQL: SELECT * FROM `dzm_his_inspectionfee` WHERE ( class='两性'  ) ORDER BY ins_id desc LIMIT 7   [ RunTime:0.0004s ]
SQL: SELECT * FROM `dzm_his_inspectionfee` WHERE ( class='减肥'  ) ORDER BY ins_id desc LIMIT 7   [ RunTime:0.0004s ]
SQL: SELECT * FROM `dzm_his_inspectionfee` WHERE ( class='医院公开'  ) ORDER BY ins_id desc LIMIT 7   [ RunTime:0.0003s ]
SQL: SELECT * FROM `dzm_his_inspectionfee` WHERE ( class='医院动态'  ) ORDER BY ins_id desc LIMIT 7   [ RunTime:0.0003s ]
SQL: SELECT * FROM `dzm_his_inspectionfee` WHERE ( class='医院健康'  ) ORDER BY ins_id desc LIMIT 7   [ RunTime:0.0003s ]
SQL: SELECT * FROM `dzm_his_inspectionfee` WHERE ( class='医院党建'  ) ORDER BY ins_id desc LIMIT 7   [ RunTime:0.0003s ]
SQL: SELECT * FROM `dzm_his_inspectionfee` WHERE ( class='医院视频'  ) ORDER BY ins_id desc LIMIT 7   [ RunTime:0.0003s ]
SQL: SELECT * FROM `dzm_his_inspectionfee` WHERE ( class='我拍拍'  ) ORDER BY ins_id desc LIMIT 7   [ RunTime:0.0003s ]
SQL: SELECT * FROM `dzm_his_inspectionfee` WHERE ( class='择医网讲堂'  ) ORDER BY ins_id desc LIMIT 3   [ RunTime:0.0004s ]
SQL: SELECT * FROM `dzm_his_doctor` ORDER BY id desc LIMIT 3   [ RunTime:0.0003s ]
SQL: SELECT * FROM `dzm_his_yydoctor` ORDER BY id desc LIMIT 3   [ RunTime:0.0003s ]
SQL: SELECT * FROM `dzm_his_inspectionfee` WHERE ( class='美容'  ) ORDER BY ins_id desc LIMIT 7   [ RunTime:0.0004s ]
SQL: SELECT * FROM `dzm_his_inspectionfee` WHERE ( class='饮食'  ) ORDER BY ins_id desc LIMIT 7   [ RunTime:0.0004s ]
SQL: SELECT * FROM `dzm_his_inspectionfee` WHERE ( class='母婴'  ) ORDER BY ins_id desc LIMIT 7   [ RunTime:0.0004s ]
SQL: SELECT * FROM `dzm_his_inspectionfee` WHERE ( class='运动'  ) ORDER BY ins_id desc LIMIT 7   [ RunTime:0.0004s ]
SQL: SELECT * FROM `dzm_his_inspectionfee` WHERE ( class='百科'  ) ORDER BY ins_id desc LIMIT 7   [ RunTime:0.0008s ]
SQL: SELECT * FROM `dzm_his_inspectionfee` ORDER BY ins_id desc LIMIT 10   [ RunTime:0.0007s ]
SQL: SELECT * FROM `dzm_his_inspectionfee` ORDER BY ins_id asc LIMIT 10   [ RunTime:0.0008s ]
INFO: [ view_parse ] --START--
INFO: [ template_filter ] --START--
INFO: Run Behavior\ContentReplaceBehavior [ RunTime:0.001421s ]
INFO: [ template_filter ] --END-- [ RunTime:0.001520s ]
INFO: Run Behavior\ParseTemplateBehavior [ RunTime:0.090945s ]
INFO: [ view_parse ] --END-- [ RunTime:0.090992s ]
INFO: [ view_filter ] --START--
INFO: Run Behavior\WriteHtmlCacheBehavior [ RunTime:0.000472s ]
INFO: [ view_filter ] --END-- [ RunTime:0.000500s ]
INFO: [ app_end ] --START--
INFO: Run Behavior\ShowPageTraceBehavior [ RunTime:0.000878s ]
INFO: [ app_end ] --END-- [ RunTime:0.000956s ]

[ 2019-01-06T14:58:16+08:00 ] 127.0.0.1 /Home/
INFO: [ app_init ] --START--
INFO: Run Behavior\BuildLiteBehavior [ RunTime:0.000012s ]
INFO: [ app_init ] --END-- [ RunTime:0.000592s ]
INFO: [ app_begin ] --START--
INFO: Run Behavior\ReadHtmlCacheBehavior [ RunTime:0.000498s ]
INFO: Run Behavior\CronRunBehavior [ RunTime:0.000324s ]
INFO: Run Behavior\CheckLangBehavior [ RunTime:0.000893s ]
INFO: [ app_begin ] --END-- [ RunTime:0.001808s ]
NOTIC: [2048] Declaration of Home\Controller\IndexController::error() should be compatible with Think\Controller::error($message = '', $jumpUrl = '', $ajax = false) D:\phpStudy2018\WWW\doctor\Application\Home\Controller\IndexController.class.php 第 19 行.
SQL: SHOW COLUMNS FROM `dzm_his_user` [ RunTime:0.0491s ]
SQL: SELECT * FROM `dzm_his_user` WHERE ( mobile='' ) LIMIT 1   [ RunTime:0.0004s ]
SQL: SHOW COLUMNS FROM `dzm_his_doctor` [ RunTime:0.0061s ]
SQL: SELECT * FROM `dzm_his_doctor` WHERE ( mobile='' ) LIMIT 1   [ RunTime:0.0004s ]
SQL: SHOW COLUMNS FROM `dzm_his_yydoctor` [ RunTime:0.0045s ]
SQL: SELECT * FROM `dzm_his_yydoctor` WHERE ( mobile='' ) LIMIT 1   [ RunTime:0.0003s ]
SQL: SHOW COLUMNS FROM `dzm_his_inspectionfee` [ RunTime:0.0276s ]
SQL: SELECT * FROM `dzm_his_inspectionfee` WHERE ( class='养生' ) ORDER BY ins_id desc LIMIT 7   [ RunTime:0.0005s ]
SQL: SELECT * FROM `dzm_his_inspectionfee` WHERE ( class='健康'  ) ORDER BY ins_id desc LIMIT 7   [ RunTime:0.0007s ]
SQL: SELECT * FROM `dzm_his_inspectionfee` WHERE ( class='两性'  ) ORDER BY ins_id desc LIMIT 7   [ RunTime:0.0005s ]
SQL: SELECT * FROM `dzm_his_inspectionfee` WHERE ( class='减肥'  ) ORDER BY ins_id desc LIMIT 7   [ RunTime:0.0004s ]
SQL: SELECT * FROM `dzm_his_inspectionfee` WHERE ( class='医院公开'  ) ORDER BY ins_id desc LIMIT 7   [ RunTime:0.0004s ]
SQL: SELECT * FROM `dzm_his_inspectionfee` WHERE ( class='医院动态'  ) ORDER BY ins_id desc LIMIT 7   [ RunTime:0.0004s ]
SQL: SELECT * FROM `dzm_his_inspectionfee` WHERE ( class='医院健康'  ) ORDER BY ins_id desc LIMIT 7   [ RunTime:0.0007s ]
SQL: SELECT * FROM `dzm_his_inspectionfee` WHERE ( class='医院党建'  ) ORDER BY ins_id desc LIMIT 7   [ RunTime:0.0005s ]
SQL: SELECT * FROM `dzm_his_inspectionfee` WHERE ( class='医院视频'  ) ORDER BY ins_id desc LIMIT 7   [ RunTime:0.0004s ]
SQL: SELECT * FROM `dzm_his_inspectionfee` WHERE ( class='我拍拍'  ) ORDER BY ins_id desc LIMIT 7   [ RunTime:0.0005s ]
SQL: SELECT * FROM `dzm_his_inspectionfee` WHERE ( class='择医网讲堂'  ) ORDER BY ins_id desc LIMIT 3   [ RunTime:0.0006s ]
SQL: SELECT * FROM `dzm_his_doctor` ORDER BY id desc LIMIT 3   [ RunTime:0.0003s ]
SQL: SELECT * FROM `dzm_his_yydoctor` ORDER BY id desc LIMIT 3   [ RunTime:0.0003s ]
SQL: SELECT * FROM `dzm_his_inspectionfee` WHERE ( class='美容'  ) ORDER BY ins_id desc LIMIT 7   [ RunTime:0.0004s ]
SQL: SELECT * FROM `dzm_his_inspectionfee` WHERE ( class='饮食'  ) ORDER BY ins_id desc LIMIT 7   [ RunTime:0.0004s ]
SQL: SELECT * FROM `dzm_his_inspectionfee` WHERE ( class='母婴'  ) ORDER BY ins_id desc LIMIT 7   [ RunTime:0.0003s ]
SQL: SELECT * FROM `dzm_his_inspectionfee` WHERE ( class='运动'  ) ORDER BY ins_id desc LIMIT 7   [ RunTime:0.0003s ]
SQL: SELECT * FROM `dzm_his_inspectionfee` WHERE ( class='百科'  ) ORDER BY ins_id desc LIMIT 7   [ RunTime:0.0007s ]
SQL: SELECT * FROM `dzm_his_inspectionfee` ORDER BY ins_id desc LIMIT 10   [ RunTime:0.0005s ]
SQL: SELECT * FROM `dzm_his_inspectionfee` ORDER BY ins_id asc LIMIT 10   [ RunTime:0.0010s ]
INFO: [ view_parse ] --START--
INFO: [ template_filter ] --START--
INFO: Run Behavior\ContentReplaceBehavior [ RunTime:0.001305s ]
INFO: [ template_filter ] --END-- [ RunTime:0.001375s ]
INFO: Run Behavior\ParseTemplateBehavior [ RunTime:0.102338s ]
INFO: [ view_parse ] --END-- [ RunTime:0.102390s ]
INFO: [ view_filter ] --START--
INFO: Run Behavior\WriteHtmlCacheBehavior [ RunTime:0.000455s ]
INFO: [ view_filter ] --END-- [ RunTime:0.000483s ]
INFO: [ app_end ] --START--
INFO: Run Behavior\ShowPageTraceBehavior [ RunTime:0.001054s ]
INFO: [ app_end ] --END-- [ RunTime:0.001125s ]

[ 2019-01-06T15:12:53+08:00 ] 127.0.0.1 /Home/
INFO: [ app_init ] --START--
INFO: Run Behavior\BuildLiteBehavior [ RunTime:0.000012s ]
INFO: [ app_init ] --END-- [ RunTime:0.000502s ]
INFO: [ app_begin ] --START--
INFO: Run Behavior\ReadHtmlCacheBehavior [ RunTime:0.000550s ]
INFO: Run Behavior\CronRunBehavior [ RunTime:0.000372s ]
INFO: Run Behavior\CheckLangBehavior [ RunTime:0.001022s ]
INFO: [ app_begin ] --END-- [ RunTime:0.002056s ]
NOTIC: [2048] Declaration of Home\Controller\IndexController::error() should be compatible with Think\Controller::error($message = '', $jumpUrl = '', $ajax = false) D:\phpStudy2018\WWW\doctor\Application\Home\Controller\IndexController.class.php 第 19 行.
SQL: SHOW COLUMNS FROM `dzm_his_user` [ RunTime:0.0165s ]
SQL: SELECT * FROM `dzm_his_user` WHERE ( mobile='' ) LIMIT 1   [ RunTime:0.0006s ]
SQL: SHOW COLUMNS FROM `dzm_his_doctor` [ RunTime:0.0074s ]
SQL: SELECT * FROM `dzm_his_doctor` WHERE ( mobile='' ) LIMIT 1   [ RunTime:0.0005s ]
SQL: SHOW COLUMNS FROM `dzm_his_yydoctor` [ RunTime:0.0070s ]
SQL: SELECT * FROM `dzm_his_yydoctor` WHERE ( mobile='' ) LIMIT 1   [ RunTime:0.0005s ]
SQL: SHOW COLUMNS FROM `dzm_his_inspectionfee` [ RunTime:0.0076s ]
SQL: SELECT * FROM `dzm_his_inspectionfee` WHERE ( class='养生' ) ORDER BY ins_id desc LIMIT 7   [ RunTime:0.0006s ]
SQL: SELECT * FROM `dzm_his_inspectionfee` WHERE ( class='健康'  ) ORDER BY ins_id desc LIMIT 7   [ RunTime:0.0007s ]
SQL: SELECT * FROM `dzm_his_inspectionfee` WHERE ( class='两性'  ) ORDER BY ins_id desc LIMIT 7   [ RunTime:0.0005s ]
SQL: SELECT * FROM `dzm_his_inspectionfee` WHERE ( class='减肥'  ) ORDER BY ins_id desc LIMIT 7   [ RunTime:0.0006s ]
SQL: SELECT * FROM `dzm_his_inspectionfee` WHERE ( class='医院公开'  ) ORDER BY ins_id desc LIMIT 7   [ RunTime:0.0004s ]
SQL: SELECT * FROM `dzm_his_inspectionfee` WHERE ( class='医院动态'  ) ORDER BY ins_id desc LIMIT 7   [ RunTime:0.0003s ]
SQL: SELECT * FROM `dzm_his_inspectionfee` WHERE ( class='医院健康'  ) ORDER BY ins_id desc LIMIT 7   [ RunTime:0.0004s ]
SQL: SELECT * FROM `dzm_his_inspectionfee` WHERE ( class='医院党建'  ) ORDER BY ins_id desc LIMIT 7   [ RunTime:0.0003s ]
SQL: SELECT * FROM `dzm_his_inspectionfee` WHERE ( class='医院视频'  ) ORDER BY ins_id desc LIMIT 7   [ RunTime:0.0004s ]
SQL: SELECT * FROM `dzm_his_inspectionfee` WHERE ( class='我拍拍'  ) ORDER BY ins_id desc LIMIT 7   [ RunTime:0.0004s ]
SQL: SELECT * FROM `dzm_his_inspectionfee` WHERE ( class='择医网讲堂'  ) ORDER BY ins_id desc LIMIT 3   [ RunTime:0.0004s ]
SQL: SELECT * FROM `dzm_his_doctor` ORDER BY id desc LIMIT 3   [ RunTime:0.0003s ]
SQL: SELECT * FROM `dzm_his_yydoctor` ORDER BY id desc LIMIT 3   [ RunTime:0.0004s ]
SQL: SELECT * FROM `dzm_his_inspectionfee` WHERE ( class='美容'  ) ORDER BY ins_id desc LIMIT 7   [ RunTime:0.0005s ]
SQL: SELECT * FROM `dzm_his_inspectionfee` WHERE ( class='饮食'  ) ORDER BY ins_id desc LIMIT 7   [ RunTime:0.0005s ]
SQL: SELECT * FROM `dzm_his_inspectionfee` WHERE ( class='母婴'  ) ORDER BY ins_id desc LIMIT 7   [ RunTime:0.0007s ]
SQL: SELECT * FROM `dzm_his_inspectionfee` WHERE ( class='运动'  ) ORDER BY ins_id desc LIMIT 7   [ RunTime:0.0007s ]
SQL: SELECT * FROM `dzm_his_inspectionfee` WHERE ( class='百科'  ) ORDER BY ins_id desc LIMIT 7   [ RunTime:0.0010s ]
SQL: SELECT * FROM `dzm_his_inspectionfee` ORDER BY ins_id desc LIMIT 10   [ RunTime:0.0005s ]
SQL: SELECT * FROM `dzm_his_inspectionfee` ORDER BY ins_id asc LIMIT 10   [ RunTime:0.0010s ]
INFO: [ view_parse ] --START--
INFO: [ template_filter ] --START--
INFO: Run Behavior\ContentReplaceBehavior [ RunTime:0.001955s ]
INFO: [ template_filter ] --END-- [ RunTime:0.002077s ]
INFO: Run Behavior\ParseTemplateBehavior [ RunTime:0.127792s ]
INFO: [ view_parse ] --END-- [ RunTime:0.127880s ]
INFO: [ view_filter ] --START--
INFO: Run Behavior\WriteHtmlCacheBehavior [ RunTime:0.001974s ]
INFO: [ view_filter ] --END-- [ RunTime:0.002155s ]
INFO: [ app_end ] --START--
INFO: Run Behavior\ShowPageTraceBehavior [ RunTime:0.000967s ]
INFO: [ app_end ] --END-- [ RunTime:0.001050s ]

