[ 2019-01-07T09:15:09+08:00 ] 127.0.0.1 /Home/
INFO: [ app_init ] --START--
INFO: Run Behavior\BuildLiteBehavior [ RunTime:0.000007s ]
INFO: [ app_init ] --END-- [ RunTime:0.000578s ]
INFO: [ app_begin ] --START--
INFO: Run Behavior\ReadHtmlCacheBehavior [ RunTime:0.000665s ]
INFO: Run Behavior\CronRunBehavior [ RunTime:0.000411s ]
INFO: Run Behavior\CheckLangBehavior [ RunTime:0.001327s ]
INFO: [ app_begin ] --END-- [ RunTime:0.002447s ]
NOTIC: [2] Declaration of Home\Controller\IndexController::error() should be compatible with Think\Controller::error($message = '', $jumpUrl = '', $ajax = false) D:\phpStudy2018\PHPTutorial\WWW\doctor\Application\Home\Controller\IndexController.class.php 第 19 行.
SQL: SHOW COLUMNS FROM `dzm_his_user` [ RunTime:0.0965s ]
SQL: SELECT * FROM `dzm_his_user` WHERE ( mobile='13141589556' ) LIMIT 1   [ RunTime:0.0003s ]
SQL: SHOW COLUMNS FROM `dzm_his_doctor` [ RunTime:0.0036s ]
SQL: SELECT * FROM `dzm_his_doctor` WHERE ( mobile='13141589556' ) LIMIT 1   [ RunTime:0.0003s ]
SQL: SHOW COLUMNS FROM `dzm_his_yydoctor` [ RunTime:0.0034s ]
SQL: SELECT * FROM `dzm_his_yydoctor` WHERE ( mobile='13141589556' ) LIMIT 1   [ RunTime:0.0002s ]
SQL: SHOW COLUMNS FROM `dzm_his_inspectionfee` [ RunTime:0.0057s ]
SQL: SELECT * FROM `dzm_his_inspectionfee` WHERE ( class='养生' ) ORDER BY ins_id desc LIMIT 7   [ RunTime:0.0056s ]
SQL: SELECT * FROM `dzm_his_inspectionfee` WHERE ( class='健康'  ) ORDER BY ins_id desc LIMIT 7   [ RunTime:0.0093s ]
SQL: SELECT * FROM `dzm_his_inspectionfee` WHERE ( class='两性'  ) ORDER BY ins_id desc LIMIT 7   [ RunTime:0.0004s ]
SQL: SELECT * FROM `dzm_his_inspectionfee` WHERE ( class='减肥'  ) ORDER BY ins_id desc LIMIT 7   [ RunTime:0.0006s ]
SQL: SELECT * FROM `dzm_his_inspectionfee` WHERE ( class='医院公开'  ) ORDER BY ins_id desc LIMIT 7   [ RunTime:0.0001s ]
SQL: SELECT * FROM `dzm_his_inspectionfee` WHERE ( class='医院动态'  ) ORDER BY ins_id desc LIMIT 7   [ RunTime:0.0001s ]
SQL: SELECT * FROM `dzm_his_inspectionfee` WHERE ( class='医院健康'  ) ORDER BY ins_id desc LIMIT 7   [ RunTime:0.0001s ]
SQL: SELECT * FROM `dzm_his_inspectionfee` WHERE ( class='医院党建'  ) ORDER BY ins_id desc LIMIT 7   [ RunTime:0.0001s ]
SQL: SELECT * FROM `dzm_his_inspectionfee` WHERE ( class='医院视频'  ) ORDER BY ins_id desc LIMIT 7   [ RunTime:0.0001s ]
SQL: SELECT * FROM `dzm_his_inspectionfee` WHERE ( class='我拍拍'  ) ORDER BY ins_id desc LIMIT 7   [ RunTime:0.0001s ]
SQL: SELECT * FROM `dzm_his_inspectionfee` WHERE ( class='择医网讲堂'  ) ORDER BY ins_id desc LIMIT 3   [ RunTime:0.0004s ]
SQL: SELECT * FROM `dzm_his_doctor` ORDER BY id desc LIMIT 3   [ RunTime:0.0001s ]
SQL: SELECT * FROM `dzm_his_yydoctor` ORDER BY id desc LIMIT 3   [ RunTime:0.0001s ]
SQL: SELECT * FROM `dzm_his_inspectionfee` WHERE ( class='美容'  ) ORDER BY ins_id desc LIMIT 7   [ RunTime:0.0003s ]
SQL: SELECT * FROM `dzm_his_inspectionfee` WHERE ( class='饮食'  ) ORDER BY ins_id desc LIMIT 7   [ RunTime:0.0004s ]
SQL: SELECT * FROM `dzm_his_inspectionfee` WHERE ( class='母婴'  ) ORDER BY ins_id desc LIMIT 7   [ RunTime:0.0002s ]
SQL: SELECT * FROM `dzm_his_inspectionfee` WHERE ( class='运动'  ) ORDER BY ins_id desc LIMIT 7   [ RunTime:0.0001s ]
SQL: SELECT * FROM `dzm_his_inspectionfee` WHERE ( class='百科'  ) ORDER BY ins_id desc LIMIT 7   [ RunTime:0.0003s ]
SQL: SELECT * FROM `dzm_his_inspectionfee` ORDER BY ins_id desc LIMIT 10   [ RunTime:0.0003s ]
SQL: SELECT * FROM `dzm_his_inspectionfee` ORDER BY ins_id asc LIMIT 10   [ RunTime:0.0007s ]
NOTIC: [8] Undefined offset: 0 D:\phpStudy2018\PHPTutorial\WWW\doctor\Application\Home\Controller\IndexController.class.php 第 177 行.
NOTIC: [8] Undefined offset: 0 D:\phpStudy2018\PHPTutorial\WWW\doctor\Application\Home\Controller\IndexController.class.php 第 178 行.
NOTIC: [8] Undefined offset: 0 D:\phpStudy2018\PHPTutorial\WWW\doctor\Application\Home\Controller\IndexController.class.php 第 179 行.
NOTIC: [8] Undefined offset: 0 D:\phpStudy2018\PHPTutorial\WWW\doctor\Application\Home\Controller\IndexController.class.php 第 180 行.
NOTIC: [8] Undefined offset: 0 D:\phpStudy2018\PHPTutorial\WWW\doctor\Application\Home\Controller\IndexController.class.php 第 181 行.
NOTIC: [8] Undefined offset: 0 D:\phpStudy2018\PHPTutorial\WWW\doctor\Application\Home\Controller\IndexController.class.php 第 182 行.
NOTIC: [8] Undefined offset: 0 D:\phpStudy2018\PHPTutorial\WWW\doctor\Application\Home\Controller\IndexController.class.php 第 183 行.
NOTIC: [8] Undefined offset: 0 D:\phpStudy2018\PHPTutorial\WWW\doctor\Application\Home\Controller\IndexController.class.php 第 184 行.
NOTIC: [8] Undefined offset: 0 D:\phpStudy2018\PHPTutorial\WWW\doctor\Application\Home\Controller\IndexController.class.php 第 185 行.
NOTIC: [8] Undefined offset: 0 D:\phpStudy2018\PHPTutorial\WWW\doctor\Application\Home\Controller\IndexController.class.php 第 186 行.
NOTIC: [8] Undefined offset: 0 D:\phpStudy2018\PHPTutorial\WWW\doctor\Application\Home\Controller\IndexController.class.php 第 187 行.
NOTIC: [8] Undefined offset: 0 D:\phpStudy2018\PHPTutorial\WWW\doctor\Application\Home\Controller\IndexController.class.php 第 188 行.
NOTIC: [8] Undefined offset: 0 D:\phpStudy2018\PHPTutorial\WWW\doctor\Application\Home\Controller\IndexController.class.php 第 189 行.
NOTIC: [8] Undefined offset: 0 D:\phpStudy2018\PHPTutorial\WWW\doctor\Application\Home\Controller\IndexController.class.php 第 190 行.
NOTIC: [8] Undefined offset: 0 D:\phpStudy2018\PHPTutorial\WWW\doctor\Application\Home\Controller\IndexController.class.php 第 191 行.
NOTIC: [8] Undefined offset: 0 D:\phpStudy2018\PHPTutorial\WWW\doctor\Application\Home\Controller\IndexController.class.php 第 192 行.
NOTIC: [8] Undefined offset: 0 D:\phpStudy2018\PHPTutorial\WWW\doctor\Application\Home\Controller\IndexController.class.php 第 193 行.
NOTIC: [8] Undefined offset: 0 D:\phpStudy2018\PHPTutorial\WWW\doctor\Application\Home\Controller\IndexController.class.php 第 194 行.
NOTIC: [8] Undefined offset: 0 D:\phpStudy2018\PHPTutorial\WWW\doctor\Application\Home\Controller\IndexController.class.php 第 227 行.
NOTIC: [8] Undefined offset: 0 D:\phpStudy2018\PHPTutorial\WWW\doctor\Application\Home\Controller\IndexController.class.php 第 230 行.
NOTIC: [8] Undefined offset: 0 D:\phpStudy2018\PHPTutorial\WWW\doctor\Application\Home\Controller\IndexController.class.php 第 233 行.
NOTIC: [8] Undefined offset: 0 D:\phpStudy2018\PHPTutorial\WWW\doctor\Application\Home\Controller\IndexController.class.php 第 236 行.
NOTIC: [8] Undefined offset: 0 D:\phpStudy2018\PHPTutorial\WWW\doctor\Application\Home\Controller\IndexController.class.php 第 239 行.
NOTIC: [8] Undefined offset: 0 D:\phpStudy2018\PHPTutorial\WWW\doctor\Application\Home\Controller\IndexController.class.php 第 242 行.
INFO: [ view_parse ] --START--
INFO: [ template_filter ] --START--
INFO: Run Behavior\ContentReplaceBehavior [ RunTime:0.001624s ]
INFO: [ template_filter ] --END-- [ RunTime:0.001673s ]
NOTIC: [8] Undefined offset: 0 D:\phpStudy2018\PHPTutorial\WWW\doctor\Application\Runtime\Cache\Home\f324508a16a2d221eb71b92d9fd560ca.php 第 2213 行.
NOTIC: [8] Undefined offset: 0 D:\phpStudy2018\PHPTutorial\WWW\doctor\Application\Runtime\Cache\Home\f324508a16a2d221eb71b92d9fd560ca.php 第 2217 行.
NOTIC: [8] Undefined offset: 0 D:\phpStudy2018\PHPTutorial\WWW\doctor\Application\Runtime\Cache\Home\f324508a16a2d221eb71b92d9fd560ca.php 第 2220 行.
NOTIC: [8] Undefined offset: 0 D:\phpStudy2018\PHPTutorial\WWW\doctor\Application\Runtime\Cache\Home\f324508a16a2d221eb71b92d9fd560ca.php 第 2245 行.
NOTIC: [8] Undefined offset: 0 D:\phpStudy2018\PHPTutorial\WWW\doctor\Application\Runtime\Cache\Home\f324508a16a2d221eb71b92d9fd560ca.php 第 2249 行.
NOTIC: [8] Undefined offset: 0 D:\phpStudy2018\PHPTutorial\WWW\doctor\Application\Runtime\Cache\Home\f324508a16a2d221eb71b92d9fd560ca.php 第 2252 行.
NOTIC: [8] Undefined offset: 0 D:\phpStudy2018\PHPTutorial\WWW\doctor\Application\Runtime\Cache\Home\f324508a16a2d221eb71b92d9fd560ca.php 第 2277 行.
NOTIC: [8] Undefined offset: 0 D:\phpStudy2018\PHPTutorial\WWW\doctor\Application\Runtime\Cache\Home\f324508a16a2d221eb71b92d9fd560ca.php 第 2281 行.
NOTIC: [8] Undefined offset: 0 D:\phpStudy2018\PHPTutorial\WWW\doctor\Application\Runtime\Cache\Home\f324508a16a2d221eb71b92d9fd560ca.php 第 2284 行.
NOTIC: [8] Undefined offset: 0 D:\phpStudy2018\PHPTutorial\WWW\doctor\Application\Runtime\Cache\Home\f324508a16a2d221eb71b92d9fd560ca.php 第 2313 行.
NOTIC: [8] Undefined offset: 0 D:\phpStudy2018\PHPTutorial\WWW\doctor\Application\Runtime\Cache\Home\f324508a16a2d221eb71b92d9fd560ca.php 第 2317 行.
NOTIC: [8] Undefined offset: 0 D:\phpStudy2018\PHPTutorial\WWW\doctor\Application\Runtime\Cache\Home\f324508a16a2d221eb71b92d9fd560ca.php 第 2320 行.
NOTIC: [8] Undefined offset: 0 D:\phpStudy2018\PHPTutorial\WWW\doctor\Application\Runtime\Cache\Home\f324508a16a2d221eb71b92d9fd560ca.php 第 2344 行.
NOTIC: [8] Undefined offset: 0 D:\phpStudy2018\PHPTutorial\WWW\doctor\Application\Runtime\Cache\Home\f324508a16a2d221eb71b92d9fd560ca.php 第 2348 行.
NOTIC: [8] Undefined offset: 0 D:\phpStudy2018\PHPTutorial\WWW\doctor\Application\Runtime\Cache\Home\f324508a16a2d221eb71b92d9fd560ca.php 第 2351 行.
NOTIC: [8] Undefined offset: 0 D:\phpStudy2018\PHPTutorial\WWW\doctor\Application\Runtime\Cache\Home\f324508a16a2d221eb71b92d9fd560ca.php 第 2375 行.
NOTIC: [8] Undefined offset: 0 D:\phpStudy2018\PHPTutorial\WWW\doctor\Application\Runtime\Cache\Home\f324508a16a2d221eb71b92d9fd560ca.php 第 2379 行.
NOTIC: [8] Undefined offset: 0 D:\phpStudy2018\PHPTutorial\WWW\doctor\Application\Runtime\Cache\Home\f324508a16a2d221eb71b92d9fd560ca.php 第 2382 行.
INFO: Run Behavior\ParseTemplateBehavior [ RunTime:0.043537s ]
INFO: [ view_parse ] --END-- [ RunTime:0.043562s ]
INFO: [ view_filter ] --START--
INFO: Run Behavior\WriteHtmlCacheBehavior [ RunTime:0.000690s ]
INFO: [ view_filter ] --END-- [ RunTime:0.000705s ]
INFO: [ app_end ] --START--
INFO: Run Behavior\ShowPageTraceBehavior [ RunTime:0.000579s ]
INFO: [ app_end ] --END-- [ RunTime:0.000610s ]

[ 2019-01-07T09:15:11+08:00 ] 127.0.0.1 /index.php/home/index/logout
INFO: [ app_init ] --START--
INFO: Run Behavior\BuildLiteBehavior [ RunTime:0.000003s ]
INFO: [ app_init ] --END-- [ RunTime:0.000191s ]
INFO: [ app_begin ] --START--
INFO: Run Behavior\ReadHtmlCacheBehavior [ RunTime:0.000281s ]
INFO: Run Behavior\CronRunBehavior [ RunTime:0.000222s ]
INFO: Run Behavior\CheckLangBehavior [ RunTime:0.000572s ]
INFO: [ app_begin ] --END-- [ RunTime:0.001114s ]
NOTIC: [2] Declaration of Home\Controller\IndexController::error() should be compatible with Think\Controller::error($message = '', $jumpUrl = '', $ajax = false) D:\phpStudy2018\PHPTutorial\WWW\doctor\Application\Home\Controller\IndexController.class.php 第 19 行.
SQL: SHOW COLUMNS FROM `dzm_his_user` [ RunTime:0.0406s ]
SQL: SELECT * FROM `dzm_his_user` WHERE ( mobile='13141589556' ) LIMIT 1   [ RunTime:0.0002s ]
SQL: SHOW COLUMNS FROM `dzm_his_doctor` [ RunTime:0.0038s ]
SQL: SELECT * FROM `dzm_his_doctor` WHERE ( mobile='13141589556' ) LIMIT 1   [ RunTime:0.0003s ]
SQL: SHOW COLUMNS FROM `dzm_his_yydoctor` [ RunTime:0.0034s ]
SQL: SELECT * FROM `dzm_his_yydoctor` WHERE ( mobile='13141589556' ) LIMIT 1   [ RunTime:0.0002s ]
NOTIC: [2] session_destroy() expects exactly 0 parameters, 1 given D:\phpStudy2018\PHPTutorial\WWW\doctor\Application\Home\Controller\IndexController.class.php 第 434 行.

[ 2019-01-07T09:15:12+08:00 ] 127.0.0.1 /index.php/home
INFO: [ app_init ] --START--
INFO: Run Behavior\BuildLiteBehavior [ RunTime:0.000006s ]
INFO: [ app_init ] --END-- [ RunTime:0.000195s ]
INFO: [ app_begin ] --START--
INFO: Run Behavior\ReadHtmlCacheBehavior [ RunTime:0.000236s ]
INFO: Run Behavior\CronRunBehavior [ RunTime:0.000181s ]
INFO: Run Behavior\CheckLangBehavior [ RunTime:0.000430s ]
INFO: [ app_begin ] --END-- [ RunTime:0.000887s ]
NOTIC: [2] Declaration of Home\Controller\IndexController::error() should be compatible with Think\Controller::error($message = '', $jumpUrl = '', $ajax = false) D:\phpStudy2018\PHPTutorial\WWW\doctor\Application\Home\Controller\IndexController.class.php 第 19 行.
SQL: SHOW COLUMNS FROM `dzm_his_user` [ RunTime:0.0038s ]
SQL: SELECT * FROM `dzm_his_user` WHERE ( mobile='' ) LIMIT 1   [ RunTime:0.0003s ]
SQL: SHOW COLUMNS FROM `dzm_his_doctor` [ RunTime:0.0036s ]
SQL: SELECT * FROM `dzm_his_doctor` WHERE ( mobile='' ) LIMIT 1   [ RunTime:0.0003s ]
SQL: SHOW COLUMNS FROM `dzm_his_yydoctor` [ RunTime:0.0034s ]
SQL: SELECT * FROM `dzm_his_yydoctor` WHERE ( mobile='' ) LIMIT 1   [ RunTime:0.0002s ]
SQL: SHOW COLUMNS FROM `dzm_his_inspectionfee` [ RunTime:0.0056s ]
SQL: SELECT * FROM `dzm_his_inspectionfee` WHERE ( class='养生' ) ORDER BY ins_id desc LIMIT 7   [ RunTime:0.0003s ]
SQL: SELECT * FROM `dzm_his_inspectionfee` WHERE ( class='健康'  ) ORDER BY ins_id desc LIMIT 7   [ RunTime:0.0005s ]
SQL: SELECT * FROM `dzm_his_inspectionfee` WHERE ( class='两性'  ) ORDER BY ins_id desc LIMIT 7   [ RunTime:0.0003s ]
SQL: SELECT * FROM `dzm_his_inspectionfee` WHERE ( class='减肥'  ) ORDER BY ins_id desc LIMIT 7   [ RunTime:0.0003s ]
SQL: SELECT * FROM `dzm_his_inspectionfee` WHERE ( class='医院公开'  ) ORDER BY ins_id desc LIMIT 7   [ RunTime:0.0002s ]
SQL: SELECT * FROM `dzm_his_inspectionfee` WHERE ( class='医院动态'  ) ORDER BY ins_id desc LIMIT 7   [ RunTime:0.0002s ]
SQL: SELECT * FROM `dzm_his_inspectionfee` WHERE ( class='医院健康'  ) ORDER BY ins_id desc LIMIT 7   [ RunTime:0.0001s ]
SQL: SELECT * FROM `dzm_his_inspectionfee` WHERE ( class='医院党建'  ) ORDER BY ins_id desc LIMIT 7   [ RunTime:0.0002s ]
SQL: SELECT * FROM `dzm_his_inspectionfee` WHERE ( class='医院视频'  ) ORDER BY ins_id desc LIMIT 7   [ RunTime:0.0002s ]
SQL: SELECT * FROM `dzm_his_inspectionfee` WHERE ( class='我拍拍'  ) ORDER BY ins_id desc LIMIT 7   [ RunTime:0.0001s ]
SQL: SELECT * FROM `dzm_his_inspectionfee` WHERE ( class='择医网讲堂'  ) ORDER BY ins_id desc LIMIT 3   [ RunTime:0.0002s ]
SQL: SELECT * FROM `dzm_his_doctor` ORDER BY id desc LIMIT 3   [ RunTime:0.0001s ]
SQL: SELECT * FROM `dzm_his_yydoctor` ORDER BY id desc LIMIT 3   [ RunTime:0.0002s ]
SQL: SELECT * FROM `dzm_his_inspectionfee` WHERE ( class='美容'  ) ORDER BY ins_id desc LIMIT 7   [ RunTime:0.0002s ]
SQL: SELECT * FROM `dzm_his_inspectionfee` WHERE ( class='饮食'  ) ORDER BY ins_id desc LIMIT 7   [ RunTime:0.0002s ]
SQL: SELECT * FROM `dzm_his_inspectionfee` WHERE ( class='母婴'  ) ORDER BY ins_id desc LIMIT 7   [ RunTime:0.0002s ]
SQL: SELECT * FROM `dzm_his_inspectionfee` WHERE ( class='运动'  ) ORDER BY ins_id desc LIMIT 7   [ RunTime:0.0003s ]
SQL: SELECT * FROM `dzm_his_inspectionfee` WHERE ( class='百科'  ) ORDER BY ins_id desc LIMIT 7   [ RunTime:0.0005s ]
SQL: SELECT * FROM `dzm_his_inspectionfee` ORDER BY ins_id desc LIMIT 10   [ RunTime:0.0004s ]
SQL: SELECT * FROM `dzm_his_inspectionfee` ORDER BY ins_id asc LIMIT 10   [ RunTime:0.0007s ]
NOTIC: [8] Undefined offset: 0 D:\phpStudy2018\PHPTutorial\WWW\doctor\Application\Home\Controller\IndexController.class.php 第 177 行.
NOTIC: [8] Undefined offset: 0 D:\phpStudy2018\PHPTutorial\WWW\doctor\Application\Home\Controller\IndexController.class.php 第 178 行.
NOTIC: [8] Undefined offset: 0 D:\phpStudy2018\PHPTutorial\WWW\doctor\Application\Home\Controller\IndexController.class.php 第 179 行.
NOTIC: [8] Undefined offset: 0 D:\phpStudy2018\PHPTutorial\WWW\doctor\Application\Home\Controller\IndexController.class.php 第 180 行.
NOTIC: [8] Undefined offset: 0 D:\phpStudy2018\PHPTutorial\WWW\doctor\Application\Home\Controller\IndexController.class.php 第 181 行.
NOTIC: [8] Undefined offset: 0 D:\phpStudy2018\PHPTutorial\WWW\doctor\Application\Home\Controller\IndexController.class.php 第 182 行.
NOTIC: [8] Undefined offset: 0 D:\phpStudy2018\PHPTutorial\WWW\doctor\Application\Home\Controller\IndexController.class.php 第 183 行.
NOTIC: [8] Undefined offset: 0 D:\phpStudy2018\PHPTutorial\WWW\doctor\Application\Home\Controller\IndexController.class.php 第 184 行.
NOTIC: [8] Undefined offset: 0 D:\phpStudy2018\PHPTutorial\WWW\doctor\Application\Home\Controller\IndexController.class.php 第 185 行.
NOTIC: [8] Undefined offset: 0 D:\phpStudy2018\PHPTutorial\WWW\doctor\Application\Home\Controller\IndexController.class.php 第 186 行.
NOTIC: [8] Undefined offset: 0 D:\phpStudy2018\PHPTutorial\WWW\doctor\Application\Home\Controller\IndexController.class.php 第 187 行.
NOTIC: [8] Undefined offset: 0 D:\phpStudy2018\PHPTutorial\WWW\doctor\Application\Home\Controller\IndexController.class.php 第 188 行.
NOTIC: [8] Undefined offset: 0 D:\phpStudy2018\PHPTutorial\WWW\doctor\Application\Home\Controller\IndexController.class.php 第 189 行.
NOTIC: [8] Undefined offset: 0 D:\phpStudy2018\PHPTutorial\WWW\doctor\Application\Home\Controller\IndexController.class.php 第 190 行.
NOTIC: [8] Undefined offset: 0 D:\phpStudy2018\PHPTutorial\WWW\doctor\Application\Home\Controller\IndexController.class.php 第 191 行.
NOTIC: [8] Undefined offset: 0 D:\phpStudy2018\PHPTutorial\WWW\doctor\Application\Home\Controller\IndexController.class.php 第 192 行.
NOTIC: [8] Undefined offset: 0 D:\phpStudy2018\PHPTutorial\WWW\doctor\Application\Home\Controller\IndexController.class.php 第 193 行.
NOTIC: [8] Undefined offset: 0 D:\phpStudy2018\PHPTutorial\WWW\doctor\Application\Home\Controller\IndexController.class.php 第 194 行.
NOTIC: [8] Undefined offset: 0 D:\phpStudy2018\PHPTutorial\WWW\doctor\Application\Home\Controller\IndexController.class.php 第 227 行.
NOTIC: [8] Undefined offset: 0 D:\phpStudy2018\PHPTutorial\WWW\doctor\Application\Home\Controller\IndexController.class.php 第 230 行.
NOTIC: [8] Undefined offset: 0 D:\phpStudy2018\PHPTutorial\WWW\doctor\Application\Home\Controller\IndexController.class.php 第 233 行.
NOTIC: [8] Undefined offset: 0 D:\phpStudy2018\PHPTutorial\WWW\doctor\Application\Home\Controller\IndexController.class.php 第 236 行.
NOTIC: [8] Undefined offset: 0 D:\phpStudy2018\PHPTutorial\WWW\doctor\Application\Home\Controller\IndexController.class.php 第 239 行.
NOTIC: [8] Undefined offset: 0 D:\phpStudy2018\PHPTutorial\WWW\doctor\Application\Home\Controller\IndexController.class.php 第 242 行.
INFO: [ view_parse ] --START--
INFO: [ template_filter ] --START--
INFO: Run Behavior\ContentReplaceBehavior [ RunTime:0.000726s ]
INFO: [ template_filter ] --END-- [ RunTime:0.000751s ]
NOTIC: [8] Undefined offset: 0 D:\phpStudy2018\PHPTutorial\WWW\doctor\Application\Runtime\Cache\Home\f324508a16a2d221eb71b92d9fd560ca.php 第 2213 行.
NOTIC: [8] Undefined offset: 0 D:\phpStudy2018\PHPTutorial\WWW\doctor\Application\Runtime\Cache\Home\f324508a16a2d221eb71b92d9fd560ca.php 第 2217 行.
NOTIC: [8] Undefined offset: 0 D:\phpStudy2018\PHPTutorial\WWW\doctor\Application\Runtime\Cache\Home\f324508a16a2d221eb71b92d9fd560ca.php 第 2220 行.
NOTIC: [8] Undefined offset: 0 D:\phpStudy2018\PHPTutorial\WWW\doctor\Application\Runtime\Cache\Home\f324508a16a2d221eb71b92d9fd560ca.php 第 2245 行.
NOTIC: [8] Undefined offset: 0 D:\phpStudy2018\PHPTutorial\WWW\doctor\Application\Runtime\Cache\Home\f324508a16a2d221eb71b92d9fd560ca.php 第 2249 行.
NOTIC: [8] Undefined offset: 0 D:\phpStudy2018\PHPTutorial\WWW\doctor\Application\Runtime\Cache\Home\f324508a16a2d221eb71b92d9fd560ca.php 第 2252 行.
NOTIC: [8] Undefined offset: 0 D:\phpStudy2018\PHPTutorial\WWW\doctor\Application\Runtime\Cache\Home\f324508a16a2d221eb71b92d9fd560ca.php 第 2277 行.
NOTIC: [8] Undefined offset: 0 D:\phpStudy2018\PHPTutorial\WWW\doctor\Application\Runtime\Cache\Home\f324508a16a2d221eb71b92d9fd560ca.php 第 2281 行.
NOTIC: [8] Undefined offset: 0 D:\phpStudy2018\PHPTutorial\WWW\doctor\Application\Runtime\Cache\Home\f324508a16a2d221eb71b92d9fd560ca.php 第 2284 行.
NOTIC: [8] Undefined offset: 0 D:\phpStudy2018\PHPTutorial\WWW\doctor\Application\Runtime\Cache\Home\f324508a16a2d221eb71b92d9fd560ca.php 第 2313 行.
NOTIC: [8] Undefined offset: 0 D:\phpStudy2018\PHPTutorial\WWW\doctor\Application\Runtime\Cache\Home\f324508a16a2d221eb71b92d9fd560ca.php 第 2317 行.
NOTIC: [8] Undefined offset: 0 D:\phpStudy2018\PHPTutorial\WWW\doctor\Application\Runtime\Cache\Home\f324508a16a2d221eb71b92d9fd560ca.php 第 2320 行.
NOTIC: [8] Undefined offset: 0 D:\phpStudy2018\PHPTutorial\WWW\doctor\Application\Runtime\Cache\Home\f324508a16a2d221eb71b92d9fd560ca.php 第 2344 行.
NOTIC: [8] Undefined offset: 0 D:\phpStudy2018\PHPTutorial\WWW\doctor\Application\Runtime\Cache\Home\f324508a16a2d221eb71b92d9fd560ca.php 第 2348 行.
NOTIC: [8] Undefined offset: 0 D:\phpStudy2018\PHPTutorial\WWW\doctor\Application\Runtime\Cache\Home\f324508a16a2d221eb71b92d9fd560ca.php 第 2351 行.
NOTIC: [8] Undefined offset: 0 D:\phpStudy2018\PHPTutorial\WWW\doctor\Application\Runtime\Cache\Home\f324508a16a2d221eb71b92d9fd560ca.php 第 2375 行.
NOTIC: [8] Undefined offset: 0 D:\phpStudy2018\PHPTutorial\WWW\doctor\Application\Runtime\Cache\Home\f324508a16a2d221eb71b92d9fd560ca.php 第 2379 行.
NOTIC: [8] Undefined offset: 0 D:\phpStudy2018\PHPTutorial\WWW\doctor\Application\Runtime\Cache\Home\f324508a16a2d221eb71b92d9fd560ca.php 第 2382 行.
INFO: Run Behavior\ParseTemplateBehavior [ RunTime:0.027193s ]
INFO: [ view_parse ] --END-- [ RunTime:0.027215s ]
INFO: [ view_filter ] --START--
INFO: Run Behavior\WriteHtmlCacheBehavior [ RunTime:0.000408s ]
INFO: [ view_filter ] --END-- [ RunTime:0.000438s ]
INFO: [ app_end ] --START--
INFO: Run Behavior\ShowPageTraceBehavior [ RunTime:0.000715s ]
INFO: [ app_end ] --END-- [ RunTime:0.000759s ]

[ 2019-01-07T09:15:13+08:00 ] 127.0.0.1 /index.php/home/index/yylogin
INFO: [ app_init ] --START--
INFO: Run Behavior\BuildLiteBehavior [ RunTime:0.000003s ]
INFO: [ app_init ] --END-- [ RunTime:0.000188s ]
INFO: [ app_begin ] --START--
INFO: Run Behavior\ReadHtmlCacheBehavior [ RunTime:0.000230s ]
INFO: Run Behavior\CronRunBehavior [ RunTime:0.000161s ]
INFO: Run Behavior\CheckLangBehavior [ RunTime:0.000425s ]
INFO: [ app_begin ] --END-- [ RunTime:0.000855s ]
NOTIC: [2] Declaration of Home\Controller\IndexController::error() should be compatible with Think\Controller::error($message = '', $jumpUrl = '', $ajax = false) D:\phpStudy2018\PHPTutorial\WWW\doctor\Application\Home\Controller\IndexController.class.php 第 19 行.
SQL: SHOW COLUMNS FROM `dzm_his_user` [ RunTime:0.0075s ]
SQL: SELECT * FROM `dzm_his_user` WHERE ( mobile='' ) LIMIT 1   [ RunTime:0.0003s ]
SQL: SHOW COLUMNS FROM `dzm_his_doctor` [ RunTime:0.0036s ]
SQL: SELECT * FROM `dzm_his_doctor` WHERE ( mobile='' ) LIMIT 1   [ RunTime:0.0002s ]
SQL: SHOW COLUMNS FROM `dzm_his_yydoctor` [ RunTime:0.0034s ]
SQL: SELECT * FROM `dzm_his_yydoctor` WHERE ( mobile='' ) LIMIT 1   [ RunTime:0.0002s ]
INFO: [ view_parse ] --START--
INFO: [ template_filter ] --START--
INFO: Run Behavior\ContentReplaceBehavior [ RunTime:0.000040s ]
INFO: [ template_filter ] --END-- [ RunTime:0.000062s ]
INFO: Run Behavior\ParseTemplateBehavior [ RunTime:0.017538s ]
INFO: [ view_parse ] --END-- [ RunTime:0.017557s ]
INFO: [ view_filter ] --START--
INFO: Run Behavior\WriteHtmlCacheBehavior [ RunTime:0.000147s ]
INFO: [ view_filter ] --END-- [ RunTime:0.000161s ]
INFO: [ app_end ] --START--
INFO: Run Behavior\ShowPageTraceBehavior [ RunTime:0.000259s ]
INFO: [ app_end ] --END-- [ RunTime:0.000273s ]

[ 2019-01-07T09:15:13+08:00 ] 127.0.0.1 /home/Login/createVerify
INFO: [ app_init ] --START--
INFO: Run Behavior\BuildLiteBehavior [ RunTime:0.000016s ]
INFO: [ app_init ] --END-- [ RunTime:0.000306s ]
INFO: [ app_begin ] --START--
INFO: Run Behavior\ReadHtmlCacheBehavior [ RunTime:0.000239s ]
INFO: Run Behavior\CronRunBehavior [ RunTime:0.000160s ]
INFO: Run Behavior\CheckLangBehavior [ RunTime:0.000435s ]
INFO: [ app_begin ] --END-- [ RunTime:0.000872s ]
INFO: [ app_end ] --START--
INFO: Run Behavior\ShowPageTraceBehavior [ RunTime:0.000377s ]
INFO: [ app_end ] --END-- [ RunTime:0.000415s ]

[ 2019-01-07T09:15:23+08:00 ] 127.0.0.1 /index.php/home/index/checkhospital
INFO: [ app_init ] --START--
INFO: Run Behavior\BuildLiteBehavior [ RunTime:0.000005s ]
INFO: [ app_init ] --END-- [ RunTime:0.000191s ]
INFO: [ app_begin ] --START--
INFO: Run Behavior\ReadHtmlCacheBehavior [ RunTime:0.000230s ]
INFO: Run Behavior\CronRunBehavior [ RunTime:0.000170s ]
INFO: Run Behavior\CheckLangBehavior [ RunTime:0.000434s ]
INFO: [ app_begin ] --END-- [ RunTime:0.000868s ]
NOTIC: [2] Declaration of Home\Controller\IndexController::error() should be compatible with Think\Controller::error($message = '', $jumpUrl = '', $ajax = false) D:\phpStudy2018\PHPTutorial\WWW\doctor\Application\Home\Controller\IndexController.class.php 第 19 行.
SQL: SHOW COLUMNS FROM `dzm_his_user` [ RunTime:0.0040s ]
SQL: SELECT * FROM `dzm_his_user` WHERE ( mobile='' ) LIMIT 1   [ RunTime:0.0002s ]
SQL: SHOW COLUMNS FROM `dzm_his_doctor` [ RunTime:0.0035s ]
SQL: SELECT * FROM `dzm_his_doctor` WHERE ( mobile='' ) LIMIT 1   [ RunTime:0.0002s ]
SQL: SHOW COLUMNS FROM `dzm_his_yydoctor` [ RunTime:0.0034s ]
SQL: SELECT * FROM `dzm_his_yydoctor` WHERE ( mobile='' ) LIMIT 1   [ RunTime:0.0002s ]
SQL: SELECT * FROM `dzm_his_yydoctor` WHERE ( mobile='13776848129' ) LIMIT 1   [ RunTime:0.0002s ]
INFO: [ app_end ] --START--
INFO: Run Behavior\ShowPageTraceBehavior [ RunTime:0.000419s ]
INFO: [ app_end ] --END-- [ RunTime:0.000435s ]

[ 2019-01-07T09:15:23+08:00 ] 127.0.0.1 /index.php/home/index/yydocLogin
INFO: [ app_init ] --START--
INFO: Run Behavior\BuildLiteBehavior [ RunTime:0.000004s ]
INFO: [ app_init ] --END-- [ RunTime:0.000187s ]
INFO: [ app_begin ] --START--
INFO: Run Behavior\ReadHtmlCacheBehavior [ RunTime:0.000228s ]
INFO: Run Behavior\CronRunBehavior [ RunTime:0.000160s ]
INFO: Run Behavior\CheckLangBehavior [ RunTime:0.000431s ]
INFO: [ app_begin ] --END-- [ RunTime:0.000859s ]
NOTIC: [2] Declaration of Home\Controller\IndexController::error() should be compatible with Think\Controller::error($message = '', $jumpUrl = '', $ajax = false) D:\phpStudy2018\PHPTutorial\WWW\doctor\Application\Home\Controller\IndexController.class.php 第 19 行.
SQL: SHOW COLUMNS FROM `dzm_his_user` [ RunTime:0.0099s ]
SQL: SELECT * FROM `dzm_his_user` WHERE ( mobile='' ) LIMIT 1   [ RunTime:0.0002s ]
SQL: SHOW COLUMNS FROM `dzm_his_doctor` [ RunTime:0.0048s ]
SQL: SELECT * FROM `dzm_his_doctor` WHERE ( mobile='' ) LIMIT 1   [ RunTime:0.0002s ]
SQL: SHOW COLUMNS FROM `dzm_his_yydoctor` [ RunTime:0.0033s ]
SQL: SELECT * FROM `dzm_his_yydoctor` WHERE ( mobile='' ) LIMIT 1   [ RunTime:0.0002s ]
SQL: SELECT * FROM `dzm_his_yydoctor` WHERE `mobile` = '13776848129' LIMIT 1   [ RunTime:0.0002s ]
INFO: [ view_parse ] --START--
INFO: [ template_filter ] --START--
INFO: Run Behavior\ContentReplaceBehavior [ RunTime:0.000029s ]
INFO: [ template_filter ] --END-- [ RunTime:0.000050s ]
INFO: Run Behavior\ParseTemplateBehavior [ RunTime:0.017076s ]
INFO: [ view_parse ] --END-- [ RunTime:0.017100s ]
INFO: [ view_filter ] --START--
INFO: Run Behavior\WriteHtmlCacheBehavior [ RunTime:0.000247s ]
INFO: [ view_filter ] --END-- [ RunTime:0.000263s ]
INFO: [ view_parse ] --START--
INFO: [ template_filter ] --START--
INFO: Run Behavior\ContentReplaceBehavior [ RunTime:0.000019s ]
INFO: [ template_filter ] --END-- [ RunTime:-0.001585s ]
INFO: Run Behavior\ParseTemplateBehavior [ RunTime:0.000876s ]
INFO: [ view_parse ] --END-- [ RunTime:-0.000386s ]
INFO: [ view_filter ] --START--
INFO: Run Behavior\WriteHtmlCacheBehavior [ RunTime:0.000003s ]
INFO: [ view_filter ] --END-- [ RunTime:-0.001015s ]
SQL: UPDATE `dzm_his_doctor` SET `update_time`='1546823723' WHERE `mobile` = '13776848129' [ RunTime:0.0003s ]
INFO: [ view_parse ] --START--
INFO: [ template_filter ] --START--
INFO: Run Behavior\ContentReplaceBehavior [ RunTime:0.000018s ]
INFO: [ template_filter ] --END-- [ RunTime:-0.002970s ]
INFO: Run Behavior\ParseTemplateBehavior [ RunTime:0.000892s ]
INFO: [ view_parse ] --END-- [ RunTime:-0.001768s ]
INFO: [ view_filter ] --START--
INFO: Run Behavior\WriteHtmlCacheBehavior [ RunTime:0.000003s ]
INFO: [ view_filter ] --END-- [ RunTime:-0.002415s ]

[ 2019-01-07T09:15:23+08:00 ] 127.0.0.1 /index.php/home/index/css/error.css
INFO: [ app_init ] --START--
INFO: Run Behavior\BuildLiteBehavior [ RunTime:0.000004s ]
INFO: [ app_init ] --END-- [ RunTime:0.000220s ]
INFO: [ app_begin ] --START--
INFO: Run Behavior\ReadHtmlCacheBehavior [ RunTime:0.000228s ]
INFO: Run Behavior\CronRunBehavior [ RunTime:0.000160s ]
INFO: Run Behavior\CheckLangBehavior [ RunTime:0.000432s ]
INFO: [ app_begin ] --END-- [ RunTime:0.000859s ]
NOTIC: [2] Declaration of Home\Controller\IndexController::error() should be compatible with Think\Controller::error($message = '', $jumpUrl = '', $ajax = false) D:\phpStudy2018\PHPTutorial\WWW\doctor\Application\Home\Controller\IndexController.class.php 第 19 行.
SQL: SHOW COLUMNS FROM `dzm_his_user` [ RunTime:0.0035s ]
SQL: SELECT * FROM `dzm_his_user` WHERE ( mobile='' ) LIMIT 1   [ RunTime:0.0002s ]
SQL: SHOW COLUMNS FROM `dzm_his_doctor` [ RunTime:0.0034s ]
SQL: SELECT * FROM `dzm_his_doctor` WHERE ( mobile='' ) LIMIT 1   [ RunTime:0.0003s ]
SQL: SHOW COLUMNS FROM `dzm_his_yydoctor` [ RunTime:0.0034s ]
SQL: SELECT * FROM `dzm_his_yydoctor` WHERE ( mobile='' ) LIMIT 1   [ RunTime:0.0003s ]
ERR: 模板不存在:./Application/Home/View/Public/404.html

[ 2019-01-07T09:15:23+08:00 ] 127.0.0.1 /index.php/home/index/yydoctorhome
INFO: [ app_init ] --START--
INFO: Run Behavior\BuildLiteBehavior [ RunTime:0.000004s ]
INFO: [ app_init ] --END-- [ RunTime:0.000196s ]
INFO: [ app_begin ] --START--
INFO: Run Behavior\ReadHtmlCacheBehavior [ RunTime:0.000240s ]
INFO: Run Behavior\CronRunBehavior [ RunTime:0.000159s ]
INFO: Run Behavior\CheckLangBehavior [ RunTime:0.000451s ]
INFO: [ app_begin ] --END-- [ RunTime:0.000896s ]
NOTIC: [2] Declaration of Home\Controller\IndexController::error() should be compatible with Think\Controller::error($message = '', $jumpUrl = '', $ajax = false) D:\phpStudy2018\PHPTutorial\WWW\doctor\Application\Home\Controller\IndexController.class.php 第 19 行.
SQL: SHOW COLUMNS FROM `dzm_his_user` [ RunTime:0.0037s ]
SQL: SELECT * FROM `dzm_his_user` WHERE ( mobile='' ) LIMIT 1   [ RunTime:0.0003s ]
SQL: SHOW COLUMNS FROM `dzm_his_doctor` [ RunTime:0.0036s ]
SQL: SELECT * FROM `dzm_his_doctor` WHERE ( mobile='' ) LIMIT 1   [ RunTime:0.0003s ]
SQL: SHOW COLUMNS FROM `dzm_his_yydoctor` [ RunTime:0.0055s ]
SQL: SELECT * FROM `dzm_his_yydoctor` WHERE ( mobile='' ) LIMIT 1   [ RunTime:0.0003s ]
NOTIC: [2] Missing argument 1 for Think\Model::where(), called in D:\phpStudy2018\PHPTutorial\WWW\doctor\Application\Home\Controller\IndexController.class.php on line 1402 and defined D:\phpStudy2018\PHPTutorial\WWW\doctor\ThinkPHP\Library\Think\Model.class.php 第 1797 行.
NOTIC: [8] Undefined variable: where D:\phpStudy2018\PHPTutorial\WWW\doctor\ThinkPHP\Library\Think\Model.class.php 第 1805 行.
NOTIC: [8] Undefined variable: where D:\phpStudy2018\PHPTutorial\WWW\doctor\ThinkPHP\Library\Think\Model.class.php 第 1808 行.
NOTIC: [8] Undefined variable: where D:\phpStudy2018\PHPTutorial\WWW\doctor\ThinkPHP\Library\Think\Model.class.php 第 1816 行.
SQL: SELECT * FROM `dzm_his_yydoctor` LIMIT 1   [ RunTime:0.0002s ]
INFO: [ view_parse ] --START--
INFO: [ template_filter ] --START--
INFO: Run Behavior\ContentReplaceBehavior [ RunTime:0.000092s ]
INFO: [ template_filter ] --END-- [ RunTime:0.000136s ]
INFO: Run Behavior\ParseTemplateBehavior [ RunTime:0.017316s ]
INFO: [ view_parse ] --END-- [ RunTime:0.017356s ]
INFO: [ view_filter ] --START--
INFO: Run Behavior\WriteHtmlCacheBehavior [ RunTime:0.000526s ]
INFO: [ view_filter ] --END-- [ RunTime:0.000547s ]
INFO: [ app_end ] --START--
INFO: Run Behavior\ShowPageTraceBehavior [ RunTime:0.000493s ]
INFO: [ app_end ] --END-- [ RunTime:0.000516s ]

[ 2019-01-07T09:15:48+08:00 ] 127.0.0.1 /index.php/home/index/yydocLogout
INFO: [ app_init ] --START--
INFO: Run Behavior\BuildLiteBehavior [ RunTime:0.000003s ]
INFO: [ app_init ] --END-- [ RunTime:0.000186s ]
INFO: [ app_begin ] --START--
INFO: Run Behavior\ReadHtmlCacheBehavior [ RunTime:0.000228s ]
INFO: Run Behavior\CronRunBehavior [ RunTime:0.000156s ]
INFO: Run Behavior\CheckLangBehavior [ RunTime:0.000419s ]
INFO: [ app_begin ] --END-- [ RunTime:0.000842s ]
NOTIC: [2] Declaration of Home\Controller\IndexController::error() should be compatible with Think\Controller::error($message = '', $jumpUrl = '', $ajax = false) D:\phpStudy2018\PHPTutorial\WWW\doctor\Application\Home\Controller\IndexController.class.php 第 19 行.
SQL: SHOW COLUMNS FROM `dzm_his_user` [ RunTime:0.0087s ]
SQL: SELECT * FROM `dzm_his_user` WHERE ( mobile='' ) LIMIT 1   [ RunTime:0.0002s ]
SQL: SHOW COLUMNS FROM `dzm_his_doctor` [ RunTime:0.0035s ]
SQL: SELECT * FROM `dzm_his_doctor` WHERE ( mobile='' ) LIMIT 1   [ RunTime:0.0002s ]
SQL: SHOW COLUMNS FROM `dzm_his_yydoctor` [ RunTime:0.0117s ]
SQL: SELECT * FROM `dzm_his_yydoctor` WHERE ( mobile='' ) LIMIT 1   [ RunTime:0.0003s ]
NOTIC: [2] session_destroy() expects exactly 0 parameters, 1 given D:\phpStudy2018\PHPTutorial\WWW\doctor\Application\Home\Controller\IndexController.class.php 第 1217 行.

[ 2019-01-07T09:15:48+08:00 ] 127.0.0.1 /index.php/home
INFO: [ app_init ] --START--
INFO: Run Behavior\BuildLiteBehavior [ RunTime:0.000004s ]
INFO: [ app_init ] --END-- [ RunTime:0.000188s ]
INFO: [ app_begin ] --START--
INFO: Run Behavior\ReadHtmlCacheBehavior [ RunTime:0.000227s ]
INFO: Run Behavior\CronRunBehavior [ RunTime:0.000156s ]
INFO: Run Behavior\CheckLangBehavior [ RunTime:0.000421s ]
INFO: [ app_begin ] --END-- [ RunTime:0.000843s ]
NOTIC: [2] Declaration of Home\Controller\IndexController::error() should be compatible with Think\Controller::error($message = '', $jumpUrl = '', $ajax = false) D:\phpStudy2018\PHPTutorial\WWW\doctor\Application\Home\Controller\IndexController.class.php 第 19 行.
SQL: SHOW COLUMNS FROM `dzm_his_user` [ RunTime:0.0036s ]
SQL: SELECT * FROM `dzm_his_user` WHERE ( mobile='' ) LIMIT 1   [ RunTime:0.0002s ]
SQL: SHOW COLUMNS FROM `dzm_his_doctor` [ RunTime:0.0034s ]
SQL: SELECT * FROM `dzm_his_doctor` WHERE ( mobile='' ) LIMIT 1   [ RunTime:0.0003s ]
SQL: SHOW COLUMNS FROM `dzm_his_yydoctor` [ RunTime:0.0033s ]
SQL: SELECT * FROM `dzm_his_yydoctor` WHERE ( mobile='' ) LIMIT 1   [ RunTime:0.0002s ]
SQL: SHOW COLUMNS FROM `dzm_his_inspectionfee` [ RunTime:0.0085s ]
SQL: SELECT * FROM `dzm_his_inspectionfee` WHERE ( class='养生' ) ORDER BY ins_id desc LIMIT 7   [ RunTime:0.0003s ]
SQL: SELECT * FROM `dzm_his_inspectionfee` WHERE ( class='健康'  ) ORDER BY ins_id desc LIMIT 7   [ RunTime:0.0005s ]
SQL: SELECT * FROM `dzm_his_inspectionfee` WHERE ( class='两性'  ) ORDER BY ins_id desc LIMIT 7   [ RunTime:0.0003s ]
SQL: SELECT * FROM `dzm_his_inspectionfee` WHERE ( class='减肥'  ) ORDER BY ins_id desc LIMIT 7   [ RunTime:0.0003s ]
SQL: SELECT * FROM `dzm_his_inspectionfee` WHERE ( class='医院公开'  ) ORDER BY ins_id desc LIMIT 7   [ RunTime:0.0002s ]
SQL: SELECT * FROM `dzm_his_inspectionfee` WHERE ( class='医院动态'  ) ORDER BY ins_id desc LIMIT 7   [ RunTime:0.0002s ]
SQL: SELECT * FROM `dzm_his_inspectionfee` WHERE ( class='医院健康'  ) ORDER BY ins_id desc LIMIT 7   [ RunTime:0.0002s ]
SQL: SELECT * FROM `dzm_his_inspectionfee` WHERE ( class='医院党建'  ) ORDER BY ins_id desc LIMIT 7   [ RunTime:0.0002s ]
SQL: SELECT * FROM `dzm_his_inspectionfee` WHERE ( class='医院视频'  ) ORDER BY ins_id desc LIMIT 7   [ RunTime:0.0002s ]
SQL: SELECT * FROM `dzm_his_inspectionfee` WHERE ( class='我拍拍'  ) ORDER BY ins_id desc LIMIT 7   [ RunTime:0.0002s ]
SQL: SELECT * FROM `dzm_his_inspectionfee` WHERE ( class='择医网讲堂'  ) ORDER BY ins_id desc LIMIT 3   [ RunTime:0.0003s ]
SQL: SELECT * FROM `dzm_his_doctor` ORDER BY id desc LIMIT 3   [ RunTime:0.0002s ]
SQL: SELECT * FROM `dzm_his_yydoctor` ORDER BY id desc LIMIT 3   [ RunTime:0.0002s ]
SQL: SELECT * FROM `dzm_his_inspectionfee` WHERE ( class='美容'  ) ORDER BY ins_id desc LIMIT 7   [ RunTime:0.0002s ]
SQL: SELECT * FROM `dzm_his_inspectionfee` WHERE ( class='饮食'  ) ORDER BY ins_id desc LIMIT 7   [ RunTime:0.0003s ]
SQL: SELECT * FROM `dzm_his_inspectionfee` WHERE ( class='母婴'  ) ORDER BY ins_id desc LIMIT 7   [ RunTime:0.0002s ]
SQL: SELECT * FROM `dzm_his_inspectionfee` WHERE ( class='运动'  ) ORDER BY ins_id desc LIMIT 7   [ RunTime:0.0002s ]
SQL: SELECT * FROM `dzm_his_inspectionfee` WHERE ( class='百科'  ) ORDER BY ins_id desc LIMIT 7   [ RunTime:0.0004s ]
SQL: SELECT * FROM `dzm_his_inspectionfee` ORDER BY ins_id desc LIMIT 10   [ RunTime:0.0003s ]
SQL: SELECT * FROM `dzm_his_inspectionfee` ORDER BY ins_id asc LIMIT 10   [ RunTime:0.0006s ]
NOTIC: [8] Undefined offset: 0 D:\phpStudy2018\PHPTutorial\WWW\doctor\Application\Home\Controller\IndexController.class.php 第 177 行.
NOTIC: [8] Undefined offset: 0 D:\phpStudy2018\PHPTutorial\WWW\doctor\Application\Home\Controller\IndexController.class.php 第 178 行.
NOTIC: [8] Undefined offset: 0 D:\phpStudy2018\PHPTutorial\WWW\doctor\Application\Home\Controller\IndexController.class.php 第 179 行.
NOTIC: [8] Undefined offset: 0 D:\phpStudy2018\PHPTutorial\WWW\doctor\Application\Home\Controller\IndexController.class.php 第 180 行.
NOTIC: [8] Undefined offset: 0 D:\phpStudy2018\PHPTutorial\WWW\doctor\Application\Home\Controller\IndexController.class.php 第 181 行.
NOTIC: [8] Undefined offset: 0 D:\phpStudy2018\PHPTutorial\WWW\doctor\Application\Home\Controller\IndexController.class.php 第 182 行.
NOTIC: [8] Undefined offset: 0 D:\phpStudy2018\PHPTutorial\WWW\doctor\Application\Home\Controller\IndexController.class.php 第 183 行.
NOTIC: [8] Undefined offset: 0 D:\phpStudy2018\PHPTutorial\WWW\doctor\Application\Home\Controller\IndexController.class.php 第 184 行.
NOTIC: [8] Undefined offset: 0 D:\phpStudy2018\PHPTutorial\WWW\doctor\Application\Home\Controller\IndexController.class.php 第 185 行.
NOTIC: [8] Undefined offset: 0 D:\phpStudy2018\PHPTutorial\WWW\doctor\Application\Home\Controller\IndexController.class.php 第 186 行.
NOTIC: [8] Undefined offset: 0 D:\phpStudy2018\PHPTutorial\WWW\doctor\Application\Home\Controller\IndexController.class.php 第 187 行.
NOTIC: [8] Undefined offset: 0 D:\phpStudy2018\PHPTutorial\WWW\doctor\Application\Home\Controller\IndexController.class.php 第 188 行.
NOTIC: [8] Undefined offset: 0 D:\phpStudy2018\PHPTutorial\WWW\doctor\Application\Home\Controller\IndexController.class.php 第 189 行.
NOTIC: [8] Undefined offset: 0 D:\phpStudy2018\PHPTutorial\WWW\doctor\Application\Home\Controller\IndexController.class.php 第 190 行.
NOTIC: [8] Undefined offset: 0 D:\phpStudy2018\PHPTutorial\WWW\doctor\Application\Home\Controller\IndexController.class.php 第 191 行.
NOTIC: [8] Undefined offset: 0 D:\phpStudy2018\PHPTutorial\WWW\doctor\Application\Home\Controller\IndexController.class.php 第 192 行.
NOTIC: [8] Undefined offset: 0 D:\phpStudy2018\PHPTutorial\WWW\doctor\Application\Home\Controller\IndexController.class.php 第 193 行.
NOTIC: [8] Undefined offset: 0 D:\phpStudy2018\PHPTutorial\WWW\doctor\Application\Home\Controller\IndexController.class.php 第 194 行.
NOTIC: [8] Undefined offset: 0 D:\phpStudy2018\PHPTutorial\WWW\doctor\Application\Home\Controller\IndexController.class.php 第 227 行.
NOTIC: [8] Undefined offset: 0 D:\phpStudy2018\PHPTutorial\WWW\doctor\Application\Home\Controller\IndexController.class.php 第 230 行.
NOTIC: [8] Undefined offset: 0 D:\phpStudy2018\PHPTutorial\WWW\doctor\Application\Home\Controller\IndexController.class.php 第 233 行.
NOTIC: [8] Undefined offset: 0 D:\phpStudy2018\PHPTutorial\WWW\doctor\Application\Home\Controller\IndexController.class.php 第 236 行.
NOTIC: [8] Undefined offset: 0 D:\phpStudy2018\PHPTutorial\WWW\doctor\Application\Home\Controller\IndexController.class.php 第 239 行.
NOTIC: [8] Undefined offset: 0 D:\phpStudy2018\PHPTutorial\WWW\doctor\Application\Home\Controller\IndexController.class.php 第 242 行.
INFO: [ view_parse ] --START--
INFO: [ template_filter ] --START--
INFO: Run Behavior\ContentReplaceBehavior [ RunTime:0.000714s ]
INFO: [ template_filter ] --END-- [ RunTime:0.000737s ]
NOTIC: [8] Undefined offset: 0 D:\phpStudy2018\PHPTutorial\WWW\doctor\Application\Runtime\Cache\Home\f324508a16a2d221eb71b92d9fd560ca.php 第 2213 行.
NOTIC: [8] Undefined offset: 0 D:\phpStudy2018\PHPTutorial\WWW\doctor\Application\Runtime\Cache\Home\f324508a16a2d221eb71b92d9fd560ca.php 第 2217 行.
NOTIC: [8] Undefined offset: 0 D:\phpStudy2018\PHPTutorial\WWW\doctor\Application\Runtime\Cache\Home\f324508a16a2d221eb71b92d9fd560ca.php 第 2220 行.
NOTIC: [8] Undefined offset: 0 D:\phpStudy2018\PHPTutorial\WWW\doctor\Application\Runtime\Cache\Home\f324508a16a2d221eb71b92d9fd560ca.php 第 2245 行.
NOTIC: [8] Undefined offset: 0 D:\phpStudy2018\PHPTutorial\WWW\doctor\Application\Runtime\Cache\Home\f324508a16a2d221eb71b92d9fd560ca.php 第 2249 行.
NOTIC: [8] Undefined offset: 0 D:\phpStudy2018\PHPTutorial\WWW\doctor\Application\Runtime\Cache\Home\f324508a16a2d221eb71b92d9fd560ca.php 第 2252 行.
NOTIC: [8] Undefined offset: 0 D:\phpStudy2018\PHPTutorial\WWW\doctor\Application\Runtime\Cache\Home\f324508a16a2d221eb71b92d9fd560ca.php 第 2277 行.
NOTIC: [8] Undefined offset: 0 D:\phpStudy2018\PHPTutorial\WWW\doctor\Application\Runtime\Cache\Home\f324508a16a2d221eb71b92d9fd560ca.php 第 2281 行.
NOTIC: [8] Undefined offset: 0 D:\phpStudy2018\PHPTutorial\WWW\doctor\Application\Runtime\Cache\Home\f324508a16a2d221eb71b92d9fd560ca.php 第 2284 行.
NOTIC: [8] Undefined offset: 0 D:\phpStudy2018\PHPTutorial\WWW\doctor\Application\Runtime\Cache\Home\f324508a16a2d221eb71b92d9fd560ca.php 第 2313 行.
NOTIC: [8] Undefined offset: 0 D:\phpStudy2018\PHPTutorial\WWW\doctor\Application\Runtime\Cache\Home\f324508a16a2d221eb71b92d9fd560ca.php 第 2317 行.
NOTIC: [8] Undefined offset: 0 D:\phpStudy2018\PHPTutorial\WWW\doctor\Application\Runtime\Cache\Home\f324508a16a2d221eb71b92d9fd560ca.php 第 2320 行.
NOTIC: [8] Undefined offset: 0 D:\phpStudy2018\PHPTutorial\WWW\doctor\Application\Runtime\Cache\Home\f324508a16a2d221eb71b92d9fd560ca.php 第 2344 行.
NOTIC: [8] Undefined offset: 0 D:\phpStudy2018\PHPTutorial\WWW\doctor\Application\Runtime\Cache\Home\f324508a16a2d221eb71b92d9fd560ca.php 第 2348 行.
NOTIC: [8] Undefined offset: 0 D:\phpStudy2018\PHPTutorial\WWW\doctor\Application\Runtime\Cache\Home\f324508a16a2d221eb71b92d9fd560ca.php 第 2351 行.
NOTIC: [8] Undefined offset: 0 D:\phpStudy2018\PHPTutorial\WWW\doctor\Application\Runtime\Cache\Home\f324508a16a2d221eb71b92d9fd560ca.php 第 2375 行.
NOTIC: [8] Undefined offset: 0 D:\phpStudy2018\PHPTutorial\WWW\doctor\Application\Runtime\Cache\Home\f324508a16a2d221eb71b92d9fd560ca.php 第 2379 行.
NOTIC: [8] Undefined offset: 0 D:\phpStudy2018\PHPTutorial\WWW\doctor\Application\Runtime\Cache\Home\f324508a16a2d221eb71b92d9fd560ca.php 第 2382 行.
INFO: Run Behavior\ParseTemplateBehavior [ RunTime:0.024809s ]
INFO: [ view_parse ] --END-- [ RunTime:0.024828s ]
INFO: [ view_filter ] --START--
INFO: Run Behavior\WriteHtmlCacheBehavior [ RunTime:0.000263s ]
INFO: [ view_filter ] --END-- [ RunTime:0.000278s ]
INFO: [ app_end ] --START--
INFO: Run Behavior\ShowPageTraceBehavior [ RunTime:0.000370s ]
INFO: [ app_end ] --END-- [ RunTime:0.000392s ]

[ 2019-01-07T09:15:50+08:00 ] 127.0.0.1 /index.php/home/index/yylogin
INFO: [ app_init ] --START--
INFO: Run Behavior\BuildLiteBehavior [ RunTime:0.000005s ]
INFO: [ app_init ] --END-- [ RunTime:0.000255s ]
INFO: [ app_begin ] --START--
INFO: Run Behavior\ReadHtmlCacheBehavior [ RunTime:0.000235s ]
INFO: Run Behavior\CronRunBehavior [ RunTime:0.000159s ]
INFO: Run Behavior\CheckLangBehavior [ RunTime:0.000429s ]
INFO: [ app_begin ] --END-- [ RunTime:0.000862s ]
NOTIC: [2] Declaration of Home\Controller\IndexController::error() should be compatible with Think\Controller::error($message = '', $jumpUrl = '', $ajax = false) D:\phpStudy2018\PHPTutorial\WWW\doctor\Application\Home\Controller\IndexController.class.php 第 19 行.
SQL: SHOW COLUMNS FROM `dzm_his_user` [ RunTime:0.0086s ]
SQL: SELECT * FROM `dzm_his_user` WHERE ( mobile='' ) LIMIT 1   [ RunTime:0.0002s ]
SQL: SHOW COLUMNS FROM `dzm_his_doctor` [ RunTime:0.0035s ]
SQL: SELECT * FROM `dzm_his_doctor` WHERE ( mobile='' ) LIMIT 1   [ RunTime:0.0002s ]
SQL: SHOW COLUMNS FROM `dzm_his_yydoctor` [ RunTime:0.0121s ]
SQL: SELECT * FROM `dzm_his_yydoctor` WHERE ( mobile='' ) LIMIT 1   [ RunTime:0.0003s ]
INFO: [ view_parse ] --START--
INFO: [ template_filter ] --START--
INFO: Run Behavior\ContentReplaceBehavior [ RunTime:0.000039s ]
INFO: [ template_filter ] --END-- [ RunTime:0.000055s ]
INFO: Run Behavior\ParseTemplateBehavior [ RunTime:0.002901s ]
INFO: [ view_parse ] --END-- [ RunTime:0.002919s ]
INFO: [ view_filter ] --START--
INFO: Run Behavior\WriteHtmlCacheBehavior [ RunTime:0.000161s ]
INFO: [ view_filter ] --END-- [ RunTime:0.000174s ]
INFO: [ app_end ] --START--
INFO: Run Behavior\ShowPageTraceBehavior [ RunTime:0.000258s ]
INFO: [ app_end ] --END-- [ RunTime:0.000274s ]

[ 2019-01-07T09:15:50+08:00 ] 127.0.0.1 /home/Login/createVerify
INFO: [ app_init ] --START--
INFO: Run Behavior\BuildLiteBehavior [ RunTime:0.000004s ]
INFO: [ app_init ] --END-- [ RunTime:0.000193s ]
INFO: [ app_begin ] --START--
INFO: Run Behavior\ReadHtmlCacheBehavior [ RunTime:0.000234s ]
INFO: Run Behavior\CronRunBehavior [ RunTime:0.000159s ]
INFO: Run Behavior\CheckLangBehavior [ RunTime:0.000436s ]
INFO: [ app_begin ] --END-- [ RunTime:0.000869s ]
INFO: [ app_end ] --START--
INFO: Run Behavior\ShowPageTraceBehavior [ RunTime:0.000407s ]
INFO: [ app_end ] --END-- [ RunTime:0.000443s ]

[ 2019-01-07T09:16:00+08:00 ] 127.0.0.1 /index.php/home/index/checkhospital
INFO: [ app_init ] --START--
INFO: Run Behavior\BuildLiteBehavior [ RunTime:0.000004s ]
INFO: [ app_init ] --END-- [ RunTime:0.000189s ]
INFO: [ app_begin ] --START--
INFO: Run Behavior\ReadHtmlCacheBehavior [ RunTime:0.000231s ]
INFO: Run Behavior\CronRunBehavior [ RunTime:0.000159s ]
INFO: Run Behavior\CheckLangBehavior [ RunTime:0.000427s ]
INFO: [ app_begin ] --END-- [ RunTime:0.000854s ]
NOTIC: [2] Declaration of Home\Controller\IndexController::error() should be compatible with Think\Controller::error($message = '', $jumpUrl = '', $ajax = false) D:\phpStudy2018\PHPTutorial\WWW\doctor\Application\Home\Controller\IndexController.class.php 第 19 行.
SQL: SHOW COLUMNS FROM `dzm_his_user` [ RunTime:0.0035s ]
SQL: SELECT * FROM `dzm_his_user` WHERE ( mobile='' ) LIMIT 1   [ RunTime:0.0002s ]
SQL: SHOW COLUMNS FROM `dzm_his_doctor` [ RunTime:0.0034s ]
SQL: SELECT * FROM `dzm_his_doctor` WHERE ( mobile='' ) LIMIT 1   [ RunTime:0.0002s ]
SQL: SHOW COLUMNS FROM `dzm_his_yydoctor` [ RunTime:0.0033s ]
SQL: SELECT * FROM `dzm_his_yydoctor` WHERE ( mobile='' ) LIMIT 1   [ RunTime:0.0002s ]
SQL: SELECT * FROM `dzm_his_yydoctor` WHERE ( mobile='13141589223' ) LIMIT 1   [ RunTime:0.0002s ]
INFO: [ app_end ] --START--
INFO: Run Behavior\ShowPageTraceBehavior [ RunTime:0.000318s ]
INFO: [ app_end ] --END-- [ RunTime:0.000332s ]

[ 2019-01-07T09:16:00+08:00 ] 127.0.0.1 /index.php/home/index/yydocLogin
INFO: [ app_init ] --START--
INFO: Run Behavior\BuildLiteBehavior [ RunTime:0.000004s ]
INFO: [ app_init ] --END-- [ RunTime:0.000193s ]
INFO: [ app_begin ] --START--
INFO: Run Behavior\ReadHtmlCacheBehavior [ RunTime:0.000227s ]
INFO: Run Behavior\CronRunBehavior [ RunTime:0.000159s ]
INFO: Run Behavior\CheckLangBehavior [ RunTime:0.000439s ]
INFO: [ app_begin ] --END-- [ RunTime:0.000865s ]
NOTIC: [2] Declaration of Home\Controller\IndexController::error() should be compatible with Think\Controller::error($message = '', $jumpUrl = '', $ajax = false) D:\phpStudy2018\PHPTutorial\WWW\doctor\Application\Home\Controller\IndexController.class.php 第 19 行.
SQL: SHOW COLUMNS FROM `dzm_his_user` [ RunTime:0.0038s ]
SQL: SELECT * FROM `dzm_his_user` WHERE ( mobile='' ) LIMIT 1   [ RunTime:0.0002s ]
SQL: SHOW COLUMNS FROM `dzm_his_doctor` [ RunTime:0.0035s ]
SQL: SELECT * FROM `dzm_his_doctor` WHERE ( mobile='' ) LIMIT 1   [ RunTime:0.0002s ]
SQL: SHOW COLUMNS FROM `dzm_his_yydoctor` [ RunTime:0.0033s ]
SQL: SELECT * FROM `dzm_his_yydoctor` WHERE ( mobile='' ) LIMIT 1   [ RunTime:0.0002s ]
SQL: SELECT * FROM `dzm_his_yydoctor` WHERE `mobile` = '13141589223' LIMIT 1   [ RunTime:0.0002s ]
INFO: [ view_parse ] --START--
INFO: [ template_filter ] --START--
INFO: Run Behavior\ContentReplaceBehavior [ RunTime:0.000023s ]
INFO: [ template_filter ] --END-- [ RunTime:0.000042s ]
INFO: Run Behavior\ParseTemplateBehavior [ RunTime:0.003123s ]
INFO: [ view_parse ] --END-- [ RunTime:0.003146s ]
INFO: [ view_filter ] --START--
INFO: Run Behavior\WriteHtmlCacheBehavior [ RunTime:0.000238s ]
INFO: [ view_filter ] --END-- [ RunTime:0.000252s ]
SQL: UPDATE `dzm_his_doctor` SET `update_time`='1546823760' WHERE `mobile` = '13141589223' [ RunTime:0.0305s ]

[ 2019-01-07T09:16:00+08:00 ] 127.0.0.1 /index.php/home/index/yydoctorhome
INFO: [ app_init ] --START--
INFO: Run Behavior\BuildLiteBehavior [ RunTime:0.000004s ]
INFO: [ app_init ] --END-- [ RunTime:0.000186s ]
INFO: [ app_begin ] --START--
INFO: Run Behavior\ReadHtmlCacheBehavior [ RunTime:0.000226s ]
INFO: Run Behavior\CronRunBehavior [ RunTime:0.000160s ]
INFO: Run Behavior\CheckLangBehavior [ RunTime:0.000421s ]
INFO: [ app_begin ] --END-- [ RunTime:0.000846s ]
NOTIC: [2] Declaration of Home\Controller\IndexController::error() should be compatible with Think\Controller::error($message = '', $jumpUrl = '', $ajax = false) D:\phpStudy2018\PHPTutorial\WWW\doctor\Application\Home\Controller\IndexController.class.php 第 19 行.
SQL: SHOW COLUMNS FROM `dzm_his_user` [ RunTime:0.0086s ]
SQL: SELECT * FROM `dzm_his_user` WHERE ( mobile='13141589223' ) LIMIT 1   [ RunTime:0.0002s ]
SQL: SHOW COLUMNS FROM `dzm_his_doctor` [ RunTime:0.0034s ]
SQL: SELECT * FROM `dzm_his_doctor` WHERE ( mobile='13141589223' ) LIMIT 1   [ RunTime:0.0002s ]
SQL: SHOW COLUMNS FROM `dzm_his_yydoctor` [ RunTime:0.0034s ]
SQL: SELECT * FROM `dzm_his_yydoctor` WHERE ( mobile='13141589223' ) LIMIT 1   [ RunTime:0.0002s ]
NOTIC: [2] Missing argument 1 for Think\Model::where(), called in D:\phpStudy2018\PHPTutorial\WWW\doctor\Application\Home\Controller\IndexController.class.php on line 1402 and defined D:\phpStudy2018\PHPTutorial\WWW\doctor\ThinkPHP\Library\Think\Model.class.php 第 1797 行.
NOTIC: [8] Undefined variable: where D:\phpStudy2018\PHPTutorial\WWW\doctor\ThinkPHP\Library\Think\Model.class.php 第 1805 行.
NOTIC: [8] Undefined variable: where D:\phpStudy2018\PHPTutorial\WWW\doctor\ThinkPHP\Library\Think\Model.class.php 第 1808 行.
NOTIC: [8] Undefined variable: where D:\phpStudy2018\PHPTutorial\WWW\doctor\ThinkPHP\Library\Think\Model.class.php 第 1816 行.
SQL: SELECT * FROM `dzm_his_yydoctor` LIMIT 1   [ RunTime:0.0002s ]
INFO: [ view_parse ] --START--
INFO: [ template_filter ] --START--
INFO: Run Behavior\ContentReplaceBehavior [ RunTime:0.000083s ]
INFO: [ template_filter ] --END-- [ RunTime:0.000099s ]
INFO: Run Behavior\ParseTemplateBehavior [ RunTime:0.004857s ]
INFO: [ view_parse ] --END-- [ RunTime:0.004878s ]
INFO: [ view_filter ] --START--
INFO: Run Behavior\WriteHtmlCacheBehavior [ RunTime:0.000242s ]
INFO: [ view_filter ] --END-- [ RunTime:0.000257s ]
INFO: [ app_end ] --START--
INFO: Run Behavior\ShowPageTraceBehavior [ RunTime:0.000367s ]
INFO: [ app_end ] --END-- [ RunTime:0.000388s ]

[ 2019-01-07T09:16:05+08:00 ] 127.0.0.1 /index.php/home/index/yydoctorhome
INFO: [ app_init ] --START--
INFO: Run Behavior\BuildLiteBehavior [ RunTime:0.000004s ]
INFO: [ app_init ] --END-- [ RunTime:0.000190s ]
INFO: [ app_begin ] --START--
INFO: Run Behavior\ReadHtmlCacheBehavior [ RunTime:0.000229s ]
INFO: Run Behavior\CronRunBehavior [ RunTime:0.000158s ]
INFO: Run Behavior\CheckLangBehavior [ RunTime:0.000447s ]
INFO: [ app_begin ] --END-- [ RunTime:0.000873s ]
NOTIC: [2] Declaration of Home\Controller\IndexController::error() should be compatible with Think\Controller::error($message = '', $jumpUrl = '', $ajax = false) D:\phpStudy2018\PHPTutorial\WWW\doctor\Application\Home\Controller\IndexController.class.php 第 19 行.
SQL: SHOW COLUMNS FROM `dzm_his_user` [ RunTime:0.0036s ]
SQL: SELECT * FROM `dzm_his_user` WHERE ( mobile='13141589223' ) LIMIT 1   [ RunTime:0.0002s ]
SQL: SHOW COLUMNS FROM `dzm_his_doctor` [ RunTime:0.0033s ]
SQL: SELECT * FROM `dzm_his_doctor` WHERE ( mobile='13141589223' ) LIMIT 1   [ RunTime:0.0002s ]
SQL: SHOW COLUMNS FROM `dzm_his_yydoctor` [ RunTime:0.0033s ]
SQL: SELECT * FROM `dzm_his_yydoctor` WHERE ( mobile='13141589223' ) LIMIT 1   [ RunTime:0.0002s ]
NOTIC: [2] Missing argument 1 for Think\Model::where(), called in D:\phpStudy2018\PHPTutorial\WWW\doctor\Application\Home\Controller\IndexController.class.php on line 1402 and defined D:\phpStudy2018\PHPTutorial\WWW\doctor\ThinkPHP\Library\Think\Model.class.php 第 1797 行.
NOTIC: [8] Undefined variable: where D:\phpStudy2018\PHPTutorial\WWW\doctor\ThinkPHP\Library\Think\Model.class.php 第 1805 行.
NOTIC: [8] Undefined variable: where D:\phpStudy2018\PHPTutorial\WWW\doctor\ThinkPHP\Library\Think\Model.class.php 第 1808 行.
NOTIC: [8] Undefined variable: where D:\phpStudy2018\PHPTutorial\WWW\doctor\ThinkPHP\Library\Think\Model.class.php 第 1816 行.
SQL: SELECT * FROM `dzm_his_yydoctor` LIMIT 1   [ RunTime:0.0002s ]
INFO: [ view_parse ] --START--
INFO: [ template_filter ] --START--
INFO: Run Behavior\ContentReplaceBehavior [ RunTime:0.000085s ]
INFO: [ template_filter ] --END-- [ RunTime:0.000102s ]
INFO: Run Behavior\ParseTemplateBehavior [ RunTime:0.004177s ]
INFO: [ view_parse ] --END-- [ RunTime:0.004197s ]
INFO: [ view_filter ] --START--
INFO: Run Behavior\WriteHtmlCacheBehavior [ RunTime:0.000148s ]
INFO: [ view_filter ] --END-- [ RunTime:0.000162s ]
INFO: [ app_end ] --START--
INFO: Run Behavior\ShowPageTraceBehavior [ RunTime:0.000271s ]
INFO: [ app_end ] --END-- [ RunTime:0.000291s ]

[ 2019-01-07T09:16:08+08:00 ] 127.0.0.1 /index.php/home/index/yydoctorhome
INFO: [ app_init ] --START--
INFO: Run Behavior\BuildLiteBehavior [ RunTime:0.000006s ]
INFO: [ app_init ] --END-- [ RunTime:0.000198s ]
INFO: [ app_begin ] --START--
INFO: Run Behavior\ReadHtmlCacheBehavior [ RunTime:0.000232s ]
INFO: Run Behavior\CronRunBehavior [ RunTime:0.000161s ]
INFO: Run Behavior\CheckLangBehavior [ RunTime:0.000469s ]
INFO: [ app_begin ] --END-- [ RunTime:0.000902s ]
NOTIC: [2] Declaration of Home\Controller\IndexController::error() should be compatible with Think\Controller::error($message = '', $jumpUrl = '', $ajax = false) D:\phpStudy2018\PHPTutorial\WWW\doctor\Application\Home\Controller\IndexController.class.php 第 19 行.
SQL: SHOW COLUMNS FROM `dzm_his_user` [ RunTime:0.0088s ]
SQL: SELECT * FROM `dzm_his_user` WHERE ( mobile='13141589223' ) LIMIT 1   [ RunTime:0.0002s ]
SQL: SHOW COLUMNS FROM `dzm_his_doctor` [ RunTime:0.0034s ]
SQL: SELECT * FROM `dzm_his_doctor` WHERE ( mobile='13141589223' ) LIMIT 1   [ RunTime:0.0002s ]
SQL: SHOW COLUMNS FROM `dzm_his_yydoctor` [ RunTime:0.0032s ]
SQL: SELECT * FROM `dzm_his_yydoctor` WHERE ( mobile='13141589223' ) LIMIT 1   [ RunTime:0.0002s ]
NOTIC: [2] Missing argument 1 for Think\Model::where(), called in D:\phpStudy2018\PHPTutorial\WWW\doctor\Application\Home\Controller\IndexController.class.php on line 1402 and defined D:\phpStudy2018\PHPTutorial\WWW\doctor\ThinkPHP\Library\Think\Model.class.php 第 1797 行.
NOTIC: [8] Undefined variable: where D:\phpStudy2018\PHPTutorial\WWW\doctor\ThinkPHP\Library\Think\Model.class.php 第 1805 行.
NOTIC: [8] Undefined variable: where D:\phpStudy2018\PHPTutorial\WWW\doctor\ThinkPHP\Library\Think\Model.class.php 第 1808 行.
NOTIC: [8] Undefined variable: where D:\phpStudy2018\PHPTutorial\WWW\doctor\ThinkPHP\Library\Think\Model.class.php 第 1816 行.
SQL: SELECT * FROM `dzm_his_yydoctor` LIMIT 1   [ RunTime:0.0002s ]
INFO: [ view_parse ] --START--
INFO: [ template_filter ] --START--
INFO: Run Behavior\ContentReplaceBehavior [ RunTime:0.000086s ]
INFO: [ template_filter ] --END-- [ RunTime:0.000102s ]
INFO: Run Behavior\ParseTemplateBehavior [ RunTime:0.004219s ]
INFO: [ view_parse ] --END-- [ RunTime:0.004241s ]
INFO: [ view_filter ] --START--
INFO: Run Behavior\WriteHtmlCacheBehavior [ RunTime:0.000146s ]
INFO: [ view_filter ] --END-- [ RunTime:0.000159s ]
INFO: [ app_end ] --START--
INFO: Run Behavior\ShowPageTraceBehavior [ RunTime:0.000266s ]
INFO: [ app_end ] --END-- [ RunTime:0.000287s ]

[ 2019-01-07T09:16:12+08:00 ] 127.0.0.1 /index.php/home/index/yyauthprofile
INFO: [ app_init ] --START--
INFO: Run Behavior\BuildLiteBehavior [ RunTime:0.000004s ]
INFO: [ app_init ] --END-- [ RunTime:0.000192s ]
INFO: [ app_begin ] --START--
INFO: Run Behavior\ReadHtmlCacheBehavior [ RunTime:0.000234s ]
INFO: Run Behavior\CronRunBehavior [ RunTime:0.000159s ]
INFO: Run Behavior\CheckLangBehavior [ RunTime:0.000424s ]
INFO: [ app_begin ] --END-- [ RunTime:0.000855s ]
NOTIC: [2] Declaration of Home\Controller\IndexController::error() should be compatible with Think\Controller::error($message = '', $jumpUrl = '', $ajax = false) D:\phpStudy2018\PHPTutorial\WWW\doctor\Application\Home\Controller\IndexController.class.php 第 19 行.
SQL: SHOW COLUMNS FROM `dzm_his_user` [ RunTime:0.0088s ]
SQL: SELECT * FROM `dzm_his_user` WHERE ( mobile='13141589223' ) LIMIT 1   [ RunTime:0.0002s ]
SQL: SHOW COLUMNS FROM `dzm_his_doctor` [ RunTime:0.0034s ]
SQL: SELECT * FROM `dzm_his_doctor` WHERE ( mobile='13141589223' ) LIMIT 1   [ RunTime:0.0002s ]
SQL: SHOW COLUMNS FROM `dzm_his_yydoctor` [ RunTime:0.0036s ]
SQL: SELECT * FROM `dzm_his_yydoctor` WHERE ( mobile='13141589223' ) LIMIT 1   [ RunTime:0.0002s ]
SQL: SELECT * FROM `dzm_his_yydoctor` WHERE ( id='1' ) LIMIT 1   [ RunTime:0.0002s ]
INFO: [ view_parse ] --START--
INFO: [ template_filter ] --START--
INFO: Run Behavior\ContentReplaceBehavior [ RunTime:0.000086s ]
INFO: [ template_filter ] --END-- [ RunTime:0.000106s ]
INFO: Run Behavior\ParseTemplateBehavior [ RunTime:0.016771s ]
INFO: [ view_parse ] --END-- [ RunTime:0.016789s ]
INFO: [ view_filter ] --START--
INFO: Run Behavior\WriteHtmlCacheBehavior [ RunTime:0.000149s ]
INFO: [ view_filter ] --END-- [ RunTime:0.000162s ]
INFO: [ app_end ] --START--
INFO: Run Behavior\ShowPageTraceBehavior [ RunTime:0.000298s ]
INFO: [ app_end ] --END-- [ RunTime:0.000319s ]

[ 2019-01-07T09:16:17+08:00 ] 127.0.0.1 /index.php/home/index/yyhead_pic_settings
INFO: [ app_init ] --START--
INFO: Run Behavior\BuildLiteBehavior [ RunTime:0.000004s ]
INFO: [ app_init ] --END-- [ RunTime:0.000190s ]
INFO: [ app_begin ] --START--
INFO: Run Behavior\ReadHtmlCacheBehavior [ RunTime:0.000226s ]
INFO: Run Behavior\CronRunBehavior [ RunTime:0.000158s ]
INFO: Run Behavior\CheckLangBehavior [ RunTime:0.000426s ]
INFO: [ app_begin ] --END-- [ RunTime:0.000848s ]
NOTIC: [2] Declaration of Home\Controller\IndexController::error() should be compatible with Think\Controller::error($message = '', $jumpUrl = '', $ajax = false) D:\phpStudy2018\PHPTutorial\WWW\doctor\Application\Home\Controller\IndexController.class.php 第 19 行.
SQL: SHOW COLUMNS FROM `dzm_his_user` [ RunTime:0.0039s ]
SQL: SELECT * FROM `dzm_his_user` WHERE ( mobile='13141589223' ) LIMIT 1   [ RunTime:0.0002s ]
SQL: SHOW COLUMNS FROM `dzm_his_doctor` [ RunTime:0.0032s ]
SQL: SELECT * FROM `dzm_his_doctor` WHERE ( mobile='13141589223' ) LIMIT 1   [ RunTime:0.0002s ]
SQL: SHOW COLUMNS FROM `dzm_his_yydoctor` [ RunTime:0.0036s ]
SQL: SELECT * FROM `dzm_his_yydoctor` WHERE ( mobile='13141589223' ) LIMIT 1   [ RunTime:0.0002s ]
INFO: [ view_parse ] --START--
INFO: [ template_filter ] --START--
INFO: Run Behavior\ContentReplaceBehavior [ RunTime:0.000096s ]
INFO: [ template_filter ] --END-- [ RunTime:0.000115s ]
INFO: Run Behavior\ParseTemplateBehavior [ RunTime:0.015598s ]
INFO: [ view_parse ] --END-- [ RunTime:0.015616s ]
INFO: [ view_filter ] --START--
INFO: Run Behavior\WriteHtmlCacheBehavior [ RunTime:0.000147s ]
INFO: [ view_filter ] --END-- [ RunTime:0.000160s ]
INFO: [ app_end ] --START--
INFO: Run Behavior\ShowPageTraceBehavior [ RunTime:0.000290s ]
INFO: [ app_end ] --END-- [ RunTime:0.000310s ]

