[ 2019-01-03T17:47:43+08:00 ] 127.0.0.1 /Home/
INFO: [ app_init ] --START--
INFO: Run Behavior\BuildLiteBehavior [ RunTime:0.000013s ]
INFO: [ app_init ] --END-- [ RunTime:0.000475s ]
INFO: [ app_begin ] --START--
INFO: Run Behavior\ReadHtmlCacheBehavior [ RunTime:0.000428s ]
INFO: Run Behavior\CronRunBehavior [ RunTime:0.000288s ]
INFO: Run Behavior\CheckLangBehavior [ RunTime:0.000882s ]
INFO: [ app_begin ] --END-- [ RunTime:0.001653s ]
NOTIC: [2] Declaration of Home\Controller\IndexController::error() should be compatible with Think\Controller::error($message = '', $jumpUrl = '', $ajax = false) D:\phpStudy2018\PHPTutorial\WWW\doctor\Application\Home\Controller\IndexController.class.php 第 19 行.
SQL: SHOW COLUMNS FROM `dzm_his_user` [ RunTime:0.0261s ]
SQL: SELECT * FROM `dzm_his_user` WHERE ( mobile='13141589556' ) LIMIT 1   [ RunTime:0.0003s ]
SQL: SHOW COLUMNS FROM `dzm_his_doctor` [ RunTime:0.0062s ]
SQL: SELECT * FROM `dzm_his_doctor` WHERE ( mobile='13141589556' ) LIMIT 1   [ RunTime:0.0004s ]
SQL: SHOW COLUMNS FROM `dzm_his_yydoctor` [ RunTime:0.0114s ]
SQL: SELECT * FROM `dzm_his_yydoctor` WHERE ( mobile='13141589556' ) LIMIT 1   [ RunTime:0.0004s ]
SQL: SHOW COLUMNS FROM `dzm_his_inspectionfee` [ RunTime:0.0084s ]
SQL: SELECT * FROM `dzm_his_inspectionfee` WHERE ( class='养生' ) ORDER BY ins_id desc LIMIT 6   [ RunTime:0.0004s ]
SQL: SELECT * FROM `dzm_his_inspectionfee` WHERE ( istitle='1' ) ORDER BY ins_id desc LIMIT 1   [ RunTime:0.0004s ]
SQL: SELECT * FROM `dzm_his_inspectionfee` WHERE ( class='健康'  ) ORDER BY ins_id desc LIMIT 6   [ RunTime:0.0006s ]
SQL: SELECT * FROM `dzm_his_inspectionfee` WHERE ( class='两性'  ) ORDER BY ins_id desc LIMIT 6   [ RunTime:0.0004s ]
SQL: SELECT * FROM `dzm_his_inspectionfee` WHERE ( class='减肥'  ) ORDER BY ins_id desc LIMIT 6   [ RunTime:0.0004s ]
SQL: SELECT * FROM `dzm_his_inspectionfee` WHERE ( class='医院公开'  ) ORDER BY ins_id desc LIMIT 6   [ RunTime:0.0002s ]
SQL: SELECT * FROM `dzm_his_inspectionfee` WHERE ( class='医院动态'  ) ORDER BY ins_id desc LIMIT 6   [ RunTime:0.0002s ]
SQL: SELECT * FROM `dzm_his_inspectionfee` WHERE ( class='医院健康'  ) ORDER BY ins_id desc LIMIT 6   [ RunTime:0.0002s ]
NOTIC: [8] Undefined variable: class7 D:\phpStudy2018\PHPTutorial\WWW\doctor\Application\Home\Controller\IndexController.class.php 第 124 行.
SQL: SELECT * FROM `dzm_his_inspectionfee` WHERE ( class=''  ) ORDER BY ins_id desc LIMIT 6   [ RunTime:0.0002s ]
NOTIC: [8] Undefined variable: class8 D:\phpStudy2018\PHPTutorial\WWW\doctor\Application\Home\Controller\IndexController.class.php 第 125 行.
SQL: SELECT * FROM `dzm_his_inspectionfee` WHERE ( class=''  ) ORDER BY ins_id desc LIMIT 6   [ RunTime:0.0002s ]
NOTIC: [8] Undefined variable: class9 D:\phpStudy2018\PHPTutorial\WWW\doctor\Application\Home\Controller\IndexController.class.php 第 126 行.
SQL: SELECT * FROM `dzm_his_inspectionfee` WHERE ( class=''  ) ORDER BY ins_id desc LIMIT 6   [ RunTime:0.0002s ]
SQL: SELECT * FROM `dzm_his_inspectionfee` WHERE ( class='择医网讲堂'  ) ORDER BY ins_id desc LIMIT 3   [ RunTime:0.0003s ]
SQL: SELECT * FROM `dzm_his_doctor` ORDER BY id desc LIMIT 3   [ RunTime:0.0002s ]
SQL: SELECT * FROM `dzm_his_yydoctor` ORDER BY id desc LIMIT 3   [ RunTime:0.0002s ]
SQL: SELECT * FROM `dzm_his_inspectionfee` WHERE ( class='美容'  ) ORDER BY ins_id desc LIMIT 6   [ RunTime:0.0003s ]
SQL: SELECT * FROM `dzm_his_inspectionfee` WHERE ( class='饮食'  ) ORDER BY ins_id desc LIMIT 6   [ RunTime:0.0004s ]
SQL: SELECT * FROM `dzm_his_inspectionfee` WHERE ( class='母婴'  ) ORDER BY ins_id desc LIMIT 6   [ RunTime:0.0003s ]
SQL: SELECT * FROM `dzm_his_inspectionfee` WHERE ( class='运动'  ) ORDER BY ins_id desc LIMIT 6   [ RunTime:0.0003s ]
SQL: SELECT * FROM `dzm_his_inspectionfee` WHERE ( class='百科'  ) ORDER BY ins_id desc LIMIT 6   [ RunTime:0.0006s ]
SQL: SELECT * FROM `dzm_his_inspectionfee` ORDER BY ins_id desc LIMIT 10   [ RunTime:0.0004s ]
SQL: SELECT * FROM `dzm_his_inspectionfee` ORDER BY ins_id asc LIMIT 10   [ RunTime:0.0008s ]
INFO: [ view_parse ] --START--
INFO: [ template_filter ] --START--
INFO: Run Behavior\ContentReplaceBehavior [ RunTime:0.001030s ]
INFO: [ template_filter ] --END-- [ RunTime:0.001070s ]
INFO: Run Behavior\ParseTemplateBehavior [ RunTime:0.095829s ]
INFO: [ view_parse ] --END-- [ RunTime:0.095892s ]
INFO: [ view_filter ] --START--
INFO: Run Behavior\WriteHtmlCacheBehavior [ RunTime:0.000509s ]
INFO: [ view_filter ] --END-- [ RunTime:0.000532s ]
INFO: [ app_end ] --START--
INFO: Run Behavior\ShowPageTraceBehavior [ RunTime:0.000889s ]
INFO: [ app_end ] --END-- [ RunTime:0.000926s ]

