[ 2019-01-04T10:47:45+08:00 ] 61.151.178.176 /wap/
INFO: [ app_init ] --START--
INFO: Run Behavior\BuildLiteBehavior [ RunTime:0.000000s ]
INFO: [ app_init ] --END-- [ RunTime:0.003907s ]
INFO: [ app_begin ] --START--
INFO: Run Behavior\ReadHtmlCacheBehavior [ RunTime:0.003906s ]
INFO: Run Behavior\CronRunBehavior [ RunTime:0.002930s ]
INFO: Run Behavior\CheckLangBehavior [ RunTime:0.004883s ]
INFO: [ app_begin ] --END-- [ RunTime:0.012695s ]
ERR: 模板不存在:./Application/Wap/View/Public/404.html

[ 2019-01-04T10:48:10+08:00 ] 61.151.178.176 /wap/
INFO: [ app_init ] --START--
INFO: Run Behavior\BuildLiteBehavior [ RunTime:0.000000s ]
INFO: [ app_init ] --END-- [ RunTime:0.001953s ]
INFO: [ app_begin ] --START--
INFO: Run Behavior\ReadHtmlCacheBehavior [ RunTime:0.004882s ]
INFO: Run Behavior\CronRunBehavior [ RunTime:0.002930s ]
INFO: Run Behavior\CheckLangBehavior [ RunTime:0.006836s ]
INFO: [ app_begin ] --END-- [ RunTime:0.014648s ]
ERR: 模板不存在:./Application/Wap/View/Public/404.html

[ 2019-01-04T14:47:14+08:00 ] 101.226.225.86 /wap/
INFO: [ app_init ] --START--
INFO: Run Behavior\BuildLiteBehavior [ RunTime:0.000000s ]
INFO: [ app_init ] --END-- [ RunTime:0.002930s ]
INFO: [ app_begin ] --START--
INFO: Run Behavior\ReadHtmlCacheBehavior [ RunTime:0.002929s ]
INFO: Run Behavior\CronRunBehavior [ RunTime:0.002930s ]
INFO: Run Behavior\CheckLangBehavior [ RunTime:0.003906s ]
INFO: [ app_begin ] --END-- [ RunTime:0.009765s ]
ERR: 模板不存在:./Application/Wap/View/Public/404.html

[ 2019-01-04T14:47:24+08:00 ] 49.70.63.136 /wap/
INFO: [ app_init ] --START--
INFO: Run Behavior\BuildLiteBehavior [ RunTime:0.000000s ]
INFO: [ app_init ] --END-- [ RunTime:0.001953s ]
INFO: [ app_begin ] --START--
INFO: Run Behavior\ReadHtmlCacheBehavior [ RunTime:0.002929s ]
INFO: Run Behavior\CronRunBehavior [ RunTime:0.003907s ]
INFO: Run Behavior\CheckLangBehavior [ RunTime:0.005859s ]
INFO: [ app_begin ] --END-- [ RunTime:0.012695s ]
ERR: 模板不存在:./Application/Wap/View/Public/404.html

[ 2019-01-04T14:47:26+08:00 ] 101.226.225.86 /wap/css/error.css
INFO: [ app_init ] --START--
INFO: Run Behavior\BuildLiteBehavior [ RunTime:0.000000s ]
INFO: [ app_init ] --END-- [ RunTime:0.000977s ]
INFO: [ app_begin ] --START--
INFO: Run Behavior\ReadHtmlCacheBehavior [ RunTime:0.001953s ]
INFO: Run Behavior\CronRunBehavior [ RunTime:0.001953s ]
INFO: Run Behavior\CheckLangBehavior [ RunTime:0.004883s ]
INFO: [ app_begin ] --END-- [ RunTime:0.009765s ]
ERR: 无法加载控制器:Css

[ 2019-01-04T14:47:47+08:00 ] 101.226.225.86 /wap/
INFO: [ app_init ] --START--
INFO: Run Behavior\BuildLiteBehavior [ RunTime:0.000000s ]
INFO: [ app_init ] --END-- [ RunTime:0.002930s ]
INFO: [ app_begin ] --START--
INFO: Run Behavior\ReadHtmlCacheBehavior [ RunTime:0.002929s ]
INFO: Run Behavior\CronRunBehavior [ RunTime:0.002930s ]
INFO: Run Behavior\CheckLangBehavior [ RunTime:0.005859s ]
INFO: [ app_begin ] --END-- [ RunTime:0.013672s ]
ERR: 模板不存在:./Application/Wap/View/Public/404.html

[ 2019-01-04T14:47:48+08:00 ] 101.226.225.86 /wap/css/error.css
INFO: [ app_init ] --START--
INFO: Run Behavior\BuildLiteBehavior [ RunTime:0.000000s ]
INFO: [ app_init ] --END-- [ RunTime:0.000976s ]
INFO: [ app_begin ] --START--
INFO: Run Behavior\ReadHtmlCacheBehavior [ RunTime:0.002930s ]
INFO: Run Behavior\CronRunBehavior [ RunTime:0.000976s ]
INFO: Run Behavior\CheckLangBehavior [ RunTime:0.005860s ]
INFO: [ app_begin ] --END-- [ RunTime:0.010743s ]
ERR: 无法加载控制器:Css

[ 2019-01-04T14:48:06+08:00 ] 61.129.8.179 /wap
INFO: [ app_init ] --START--
INFO: Run Behavior\BuildLiteBehavior [ RunTime:0.000000s ]
INFO: [ app_init ] --END-- [ RunTime:0.001953s ]
INFO: [ app_begin ] --START--
INFO: Run Behavior\ReadHtmlCacheBehavior [ RunTime:0.003906s ]
INFO: Run Behavior\CronRunBehavior [ RunTime:0.001953s ]
INFO: Run Behavior\CheckLangBehavior [ RunTime:0.006836s ]
INFO: [ app_begin ] --END-- [ RunTime:0.012695s ]
ERR: 模板不存在:./Application/Wap/View/Public/404.html

[ 2019-01-04T16:29:32+08:00 ] 101.226.225.86 /wap/
INFO: [ app_init ] --START--
INFO: Run Behavior\BuildLiteBehavior [ RunTime:0.000000s ]
INFO: [ app_init ] --END-- [ RunTime:0.002930s ]
INFO: [ app_begin ] --START--
INFO: Run Behavior\ReadHtmlCacheBehavior [ RunTime:0.003907s ]
INFO: Run Behavior\CronRunBehavior [ RunTime:0.001953s ]
INFO: Run Behavior\CheckLangBehavior [ RunTime:0.009765s ]
INFO: [ app_begin ] --END-- [ RunTime:0.015625s ]
ERR: 模板不存在:./Application/Wap/View/Public/404.html

[ 2019-01-04T16:29:33+08:00 ] 101.226.225.86 /wap/css/error.css
INFO: [ app_init ] --START--
INFO: Run Behavior\BuildLiteBehavior [ RunTime:0.000000s ]
INFO: [ app_init ] --END-- [ RunTime:0.001954s ]
INFO: [ app_begin ] --START--
INFO: Run Behavior\ReadHtmlCacheBehavior [ RunTime:0.003906s ]
INFO: Run Behavior\CronRunBehavior [ RunTime:0.001954s ]
INFO: Run Behavior\CheckLangBehavior [ RunTime:0.004882s ]
INFO: [ app_begin ] --END-- [ RunTime:0.011718s ]
ERR: 无法加载控制器:Css

[ 2019-01-04T16:32:36+08:00 ] 49.92.206.185 /wap/
INFO: [ app_init ] --START--
INFO: Run Behavior\BuildLiteBehavior [ RunTime:0.000000s ]
INFO: [ app_init ] --END-- [ RunTime:0.003906s ]
INFO: [ app_begin ] --START--
INFO: Run Behavior\ReadHtmlCacheBehavior [ RunTime:0.004883s ]
INFO: Run Behavior\CronRunBehavior [ RunTime:0.002929s ]
INFO: Run Behavior\CheckLangBehavior [ RunTime:0.010742s ]
INFO: [ app_begin ] --END-- [ RunTime:0.019531s ]
ERR: 模板不存在:./Application/Wap/View/Public/404.html

[ 2019-01-04T16:32:37+08:00 ] 49.92.206.185 /wap/css/error.css
INFO: [ app_init ] --START--
INFO: Run Behavior\BuildLiteBehavior [ RunTime:0.000000s ]
INFO: [ app_init ] --END-- [ RunTime:0.001953s ]
INFO: [ app_begin ] --START--
INFO: Run Behavior\ReadHtmlCacheBehavior [ RunTime:0.002930s ]
INFO: Run Behavior\CronRunBehavior [ RunTime:0.000977s ]
INFO: Run Behavior\CheckLangBehavior [ RunTime:0.013672s ]
INFO: [ app_begin ] --END-- [ RunTime:0.019532s ]
ERR: 无法加载控制器:Css

