[ 2019-01-03T02:19:11+08:00 ] 112.20.213.197 /wap/
INFO: [ app_init ] --START--
INFO: Run Behavior\BuildLiteBehavior [ RunTime:0.000000s ]
INFO: [ app_init ] --END-- [ RunTime:0.002930s ]
INFO: [ app_begin ] --START--
INFO: Run Behavior\ReadHtmlCacheBehavior [ RunTime:0.003907s ]
INFO: Run Behavior\CronRunBehavior [ RunTime:0.001953s ]
INFO: Run Behavior\CheckLangBehavior [ RunTime:0.006836s ]
INFO: [ app_begin ] --END-- [ RunTime:0.012696s ]
ERR: 模板不存在:./Application/Wap/View/Public/404.html

[ 2019-01-03T02:19:18+08:00 ] 112.20.213.197 /wap/css/error.css
INFO: [ app_init ] --START--
INFO: Run Behavior\BuildLiteBehavior [ RunTime:0.000000s ]
INFO: [ app_init ] --END-- [ RunTime:0.001954s ]
INFO: [ app_begin ] --START--
INFO: Run Behavior\ReadHtmlCacheBehavior [ RunTime:0.002930s ]
INFO: Run Behavior\CronRunBehavior [ RunTime:0.002930s ]
INFO: Run Behavior\CheckLangBehavior [ RunTime:0.005860s ]
INFO: [ app_begin ] --END-- [ RunTime:0.012696s ]
ERR: 无法加载控制器:Css

[ 2019-01-03T14:50:51+08:00 ] 49.89.30.15 /wap/
INFO: [ app_init ] --START--
INFO: Run Behavior\BuildLiteBehavior [ RunTime:0.000000s ]
INFO: [ app_init ] --END-- [ RunTime:0.001953s ]
INFO: [ app_begin ] --START--
INFO: Run Behavior\ReadHtmlCacheBehavior [ RunTime:0.002930s ]
INFO: Run Behavior\CronRunBehavior [ RunTime:0.001953s ]
INFO: Run Behavior\CheckLangBehavior [ RunTime:0.004883s ]
INFO: [ app_begin ] --END-- [ RunTime:0.009766s ]
ERR: 模板不存在:./Application/Wap/View/Public/404.html

[ 2019-01-03T14:50:58+08:00 ] 49.89.30.15 /wap/css/error.css
INFO: [ app_init ] --START--
INFO: Run Behavior\BuildLiteBehavior [ RunTime:0.000000s ]
INFO: [ app_init ] --END-- [ RunTime:0.002930s ]
INFO: [ app_begin ] --START--
INFO: Run Behavior\ReadHtmlCacheBehavior [ RunTime:0.003906s ]
INFO: Run Behavior\CronRunBehavior [ RunTime:0.001953s ]
INFO: Run Behavior\CheckLangBehavior [ RunTime:0.007813s ]
INFO: [ app_begin ] --END-- [ RunTime:0.013672s ]
ERR: 无法加载控制器:Css

[ 2019-01-03T14:51:29+08:00 ] 49.89.30.15 /wap/javascript%20:;
INFO: [ app_init ] --START--
INFO: Run Behavior\BuildLiteBehavior [ RunTime:0.000000s ]
INFO: [ app_init ] --END-- [ RunTime:0.001953s ]
INFO: [ app_begin ] --START--
INFO: Run Behavior\ReadHtmlCacheBehavior [ RunTime:0.003906s ]
INFO: Run Behavior\CronRunBehavior [ RunTime:0.003906s ]
INFO: Run Behavior\CheckLangBehavior [ RunTime:0.006836s ]
INFO: [ app_begin ] --END-- [ RunTime:0.014648s ]
ERR: 无法加载控制器:Javascript :;

[ 2019-01-03T14:55:24+08:00 ] 49.70.60.132 /wap/
INFO: [ app_init ] --START--
INFO: Run Behavior\BuildLiteBehavior [ RunTime:0.000000s ]
INFO: [ app_init ] --END-- [ RunTime:0.001953s ]
INFO: [ app_begin ] --START--
INFO: Run Behavior\ReadHtmlCacheBehavior [ RunTime:0.004882s ]
INFO: Run Behavior\CronRunBehavior [ RunTime:0.001953s ]
INFO: Run Behavior\CheckLangBehavior [ RunTime:0.004883s ]
INFO: [ app_begin ] --END-- [ RunTime:0.011718s ]
ERR: 模板不存在:./Application/Wap/View/Public/404.html

[ 2019-01-03T14:55:25+08:00 ] 49.70.60.132 /wap/css/error.css
INFO: [ app_init ] --START--
INFO: Run Behavior\BuildLiteBehavior [ RunTime:0.000000s ]
INFO: [ app_init ] --END-- [ RunTime:0.001953s ]
INFO: [ app_begin ] --START--
INFO: Run Behavior\ReadHtmlCacheBehavior [ RunTime:0.002930s ]
INFO: Run Behavior\CronRunBehavior [ RunTime:0.001953s ]
INFO: Run Behavior\CheckLangBehavior [ RunTime:0.004883s ]
INFO: [ app_begin ] --END-- [ RunTime:0.009766s ]
ERR: 无法加载控制器:Css

[ 2019-01-03T14:55:27+08:00 ] 49.70.60.132 /wap/javascript%20:;
INFO: [ app_init ] --START--
INFO: Run Behavior\BuildLiteBehavior [ RunTime:0.000000s ]
INFO: [ app_init ] --END-- [ RunTime:0.002930s ]
INFO: [ app_begin ] --START--
INFO: Run Behavior\ReadHtmlCacheBehavior [ RunTime:0.002930s ]
INFO: Run Behavior\CronRunBehavior [ RunTime:0.001953s ]
INFO: Run Behavior\CheckLangBehavior [ RunTime:0.004883s ]
INFO: [ app_begin ] --END-- [ RunTime:0.009766s ]
ERR: 无法加载控制器:Javascript :;

[ 2019-01-03T14:55:29+08:00 ] 49.70.60.132 /wap/css/error.css
INFO: [ app_init ] --START--
INFO: Run Behavior\BuildLiteBehavior [ RunTime:0.000000s ]
INFO: [ app_init ] --END-- [ RunTime:0.002930s ]
INFO: [ app_begin ] --START--
INFO: Run Behavior\ReadHtmlCacheBehavior [ RunTime:0.002929s ]
INFO: Run Behavior\CronRunBehavior [ RunTime:0.000977s ]
INFO: Run Behavior\CheckLangBehavior [ RunTime:0.005859s ]
INFO: [ app_begin ] --END-- [ RunTime:0.010742s ]
ERR: 无法加载控制器:Css

[ 2019-01-03T14:55:50+08:00 ] 101.226.225.86 /wap/
INFO: [ app_init ] --START--
INFO: Run Behavior\BuildLiteBehavior [ RunTime:0.000000s ]
INFO: [ app_init ] --END-- [ RunTime:0.001953s ]
INFO: [ app_begin ] --START--
INFO: Run Behavior\ReadHtmlCacheBehavior [ RunTime:0.002930s ]
INFO: Run Behavior\CronRunBehavior [ RunTime:0.001953s ]
INFO: Run Behavior\CheckLangBehavior [ RunTime:0.004883s ]
INFO: [ app_begin ] --END-- [ RunTime:0.009766s ]
ERR: 模板不存在:./Application/Wap/View/Public/404.html

[ 2019-01-03T14:55:51+08:00 ] 49.95.4.29 /wap/
INFO: [ app_init ] --START--
INFO: Run Behavior\BuildLiteBehavior [ RunTime:0.000000s ]
INFO: [ app_init ] --END-- [ RunTime:0.001953s ]
INFO: [ app_begin ] --START--
INFO: Run Behavior\ReadHtmlCacheBehavior [ RunTime:0.002930s ]
INFO: Run Behavior\CronRunBehavior [ RunTime:0.001953s ]
INFO: Run Behavior\CheckLangBehavior [ RunTime:0.005860s ]
INFO: [ app_begin ] --END-- [ RunTime:0.011719s ]
ERR: 模板不存在:./Application/Wap/View/Public/404.html

[ 2019-01-03T14:55:51+08:00 ] 101.226.225.86 /wap/css/error.css
INFO: [ app_init ] --START--
INFO: Run Behavior\BuildLiteBehavior [ RunTime:0.000000s ]
INFO: [ app_init ] --END-- [ RunTime:0.002930s ]
INFO: [ app_begin ] --START--
INFO: Run Behavior\ReadHtmlCacheBehavior [ RunTime:0.003906s ]
INFO: Run Behavior\CronRunBehavior [ RunTime:0.001954s ]
INFO: Run Behavior\CheckLangBehavior [ RunTime:0.005859s ]
INFO: [ app_begin ] --END-- [ RunTime:0.011719s ]
ERR: 无法加载控制器:Css

[ 2019-01-03T14:56:52+08:00 ] 101.89.19.197 /wap
INFO: [ app_init ] --START--
INFO: Run Behavior\BuildLiteBehavior [ RunTime:0.000000s ]
INFO: [ app_init ] --END-- [ RunTime:0.001953s ]
INFO: [ app_begin ] --START--
INFO: Run Behavior\ReadHtmlCacheBehavior [ RunTime:0.003906s ]
INFO: Run Behavior\CronRunBehavior [ RunTime:0.000977s ]
INFO: Run Behavior\CheckLangBehavior [ RunTime:0.005859s ]
INFO: [ app_begin ] --END-- [ RunTime:0.011719s ]
ERR: 模板不存在:./Application/Wap/View/Public/404.html

[ 2019-01-03T21:36:46+08:00 ] 101.226.225.86 /wap/
INFO: [ app_init ] --START--
INFO: Run Behavior\BuildLiteBehavior [ RunTime:0.000000s ]
INFO: [ app_init ] --END-- [ RunTime:0.003906s ]
INFO: [ app_begin ] --START--
INFO: Run Behavior\ReadHtmlCacheBehavior [ RunTime:0.002930s ]
INFO: Run Behavior\CronRunBehavior [ RunTime:0.003906s ]
INFO: Run Behavior\CheckLangBehavior [ RunTime:0.032226s ]
INFO: [ app_begin ] --END-- [ RunTime:0.040039s ]
ERR: 模板不存在:./Application/Wap/View/Public/404.html

[ 2019-01-03T21:36:48+08:00 ] 101.226.225.86 /wap/css/error.css
INFO: [ app_init ] --START--
INFO: Run Behavior\BuildLiteBehavior [ RunTime:0.000000s ]
INFO: [ app_init ] --END-- [ RunTime:0.001953s ]
INFO: [ app_begin ] --START--
INFO: Run Behavior\ReadHtmlCacheBehavior [ RunTime:0.001953s ]
INFO: Run Behavior\CronRunBehavior [ RunTime:0.002930s ]
INFO: Run Behavior\CheckLangBehavior [ RunTime:0.006836s ]
INFO: [ app_begin ] --END-- [ RunTime:0.012695s ]
ERR: 无法加载控制器:Css

[ 2019-01-03T21:38:28+08:00 ] 112.20.248.5 /wap/
INFO: [ app_init ] --START--
INFO: Run Behavior\BuildLiteBehavior [ RunTime:0.000000s ]
INFO: [ app_init ] --END-- [ RunTime:0.002930s ]
INFO: [ app_begin ] --START--
INFO: Run Behavior\ReadHtmlCacheBehavior [ RunTime:0.004883s ]
INFO: Run Behavior\CronRunBehavior [ RunTime:0.001953s ]
INFO: Run Behavior\CheckLangBehavior [ RunTime:0.005859s ]
INFO: [ app_begin ] --END-- [ RunTime:0.013672s ]
ERR: 模板不存在:./Application/Wap/View/Public/404.html

[ 2019-01-03T21:38:29+08:00 ] 112.20.248.5 /wap/css/error.css
INFO: [ app_init ] --START--
INFO: Run Behavior\BuildLiteBehavior [ RunTime:0.000000s ]
INFO: [ app_init ] --END-- [ RunTime:0.002929s ]
INFO: [ app_begin ] --START--
INFO: Run Behavior\ReadHtmlCacheBehavior [ RunTime:0.003906s ]
INFO: Run Behavior\CronRunBehavior [ RunTime:0.003907s ]
INFO: Run Behavior\CheckLangBehavior [ RunTime:0.006836s ]
INFO: [ app_begin ] --END-- [ RunTime:0.015625s ]
ERR: 无法加载控制器:Css

