[ 2018-12-26T22:26:40+08:00 ] 127.0.0.1 /favicon.ico
INFO: [ app_init ] --START--
INFO: Run Behavior\BuildLiteBehavior [ RunTime:0.000020s ]
INFO: [ app_init ] --END-- [ RunTime:0.032878s ]

[ 2018-12-26T22:27:09+08:00 ] 127.0.0.1 /Public/home/img/2015/home/doctor-login.png
INFO: [ app_init ] --START--
INFO: Run Behavior\BuildLiteBehavior [ RunTime:0.000027s ]
INFO: [ app_init ] --END-- [ RunTime:0.000988s ]

[ 2018-12-26T22:27:09+08:00 ] 127.0.0.1 /img/v2/sprites.png?_=20131125
INFO: [ app_init ] --START--
INFO: Run Behavior\BuildLiteBehavior [ RunTime:0.000029s ]
INFO: [ app_init ] --END-- [ RunTime:0.001173s ]

[ 2018-12-26T22:27:09+08:00 ] 127.0.0.1 /img/v2/1px-bg.png
INFO: [ app_init ] --START--
INFO: Run Behavior\BuildLiteBehavior [ RunTime:0.000019s ]
INFO: [ app_init ] --END-- [ RunTime:0.000721s ]

[ 2018-12-26T22:27:09+08:00 ] 127.0.0.1 /Public/home/img/2015/home/ask.png?v=20170505
INFO: [ app_init ] --START--
INFO: Run Behavior\BuildLiteBehavior [ RunTime:0.000020s ]
INFO: [ app_init ] --END-- [ RunTime:0.000602s ]

[ 2018-12-26T22:27:09+08:00 ] 127.0.0.1 /Public/home/css/images/img-index.gif
INFO: [ app_init ] --START--
INFO: Run Behavior\BuildLiteBehavior [ RunTime:0.000016s ]
INFO: [ app_init ] --END-- [ RunTime:0.000487s ]

[ 2018-12-26T22:27:09+08:00 ] 127.0.0.1 /Public/home/img/2015/home/home-sprite.png
INFO: [ app_init ] --START--
INFO: Run Behavior\BuildLiteBehavior [ RunTime:0.000029s ]
INFO: [ app_init ] --END-- [ RunTime:0.002786s ]

[ 2018-12-26T22:27:09+08:00 ] 127.0.0.1 /Public/home/img/consult.png
INFO: [ app_init ] --START--
INFO: Run Behavior\BuildLiteBehavior [ RunTime:0.000021s ]
INFO: [ app_init ] --END-- [ RunTime:0.000766s ]

[ 2018-12-26T22:27:09+08:00 ] 127.0.0.1 /Public/home/img/v2/index-banner.jpg?v=2017_04_28
INFO: [ app_init ] --START--
INFO: Run Behavior\BuildLiteBehavior [ RunTime:0.000028s ]
INFO: [ app_init ] --END-- [ RunTime:0.001030s ]

[ 2018-12-26T22:27:09+08:00 ] 127.0.0.1 /Public/home/css/images/yyk_serach_arrow.gif
INFO: [ app_init ] --START--
INFO: Run Behavior\BuildLiteBehavior [ RunTime:0.000024s ]
INFO: [ app_init ] --END-- [ RunTime:0.000969s ]

[ 2018-12-26T22:27:09+08:00 ] 127.0.0.1 /Public/home/img/internethospital/opened.png
INFO: [ app_init ] --START--
INFO: Run Behavior\BuildLiteBehavior [ RunTime:0.000025s ]
INFO: [ app_init ] --END-- [ RunTime:0.002030s ]

[ 2018-12-26T22:27:09+08:00 ] 127.0.0.1 /Public/home/img/2015/home/ask.png
INFO: [ app_init ] --START--
INFO: Run Behavior\BuildLiteBehavior [ RunTime:0.000026s ]
INFO: [ app_init ] --END-- [ RunTime:0.000758s ]

[ 2018-12-26T22:27:09+08:00 ] 127.0.0.1 /Public/home/img/search/more-dot.png
INFO: [ app_init ] --START--
INFO: Run Behavior\BuildLiteBehavior [ RunTime:0.000023s ]
INFO: [ app_init ] --END-- [ RunTime:0.003064s ]

[ 2018-12-26T22:27:09+08:00 ] 127.0.0.1 /Public/home/img/spritesheet.png
INFO: [ app_init ] --START--
INFO: Run Behavior\BuildLiteBehavior [ RunTime:0.000016s ]
INFO: [ app_init ] --END-- [ RunTime:0.000545s ]

[ 2018-12-26T22:27:11+08:00 ] 127.0.0.1 /Public/home/img/rightbar-bg.png
INFO: [ app_init ] --START--
INFO: Run Behavior\BuildLiteBehavior [ RunTime:0.000019s ]
INFO: [ app_init ] --END-- [ RunTime:0.000637s ]

[ 2018-12-26T22:27:11+08:00 ] 127.0.0.1 /img/v2/hp2.png?_=20140624
INFO: [ app_init ] --START--
INFO: Run Behavior\BuildLiteBehavior [ RunTime:0.000022s ]
INFO: [ app_init ] --END-- [ RunTime:0.000666s ]

[ 2018-12-26T22:27:11+08:00 ] 127.0.0.1 /json/white/area/provinces
INFO: [ app_init ] --START--
INFO: Run Behavior\BuildLiteBehavior [ RunTime:0.000013s ]
INFO: [ app_init ] --END-- [ RunTime:0.000471s ]
INFO: [ app_begin ] --START--
INFO: Run Behavior\ReadHtmlCacheBehavior [ RunTime:0.000972s ]
INFO: Run Behavior\CronRunBehavior [ RunTime:0.000867s ]
INFO: Run Behavior\CheckLangBehavior [ RunTime:0.001883s ]
INFO: [ app_begin ] --END-- [ RunTime:0.003939s ]
ERR: 无法加载控制器:Json

[ 2018-12-26T22:31:19+08:00 ] 127.0.0.1 /Public/home/css/list/portal.basic.min.css?v=1535436384237752
INFO: [ app_init ] --START--
INFO: Run Behavior\BuildLiteBehavior [ RunTime:0.000020s ]
INFO: [ app_init ] --END-- [ RunTime:0.000766s ]
INFO: [ app_begin ] --START--
INFO: Run Behavior\ReadHtmlCacheBehavior [ RunTime:0.001070s ]
INFO: Run Behavior\CronRunBehavior [ RunTime:0.000754s ]
INFO: Run Behavior\CheckLangBehavior [ RunTime:0.001754s ]
INFO: [ app_begin ] --END-- [ RunTime:0.003769s ]
ERR: 无法加载控制器:Public

[ 2018-12-26T22:31:20+08:00 ] 127.0.0.1 /Public/home/img/2015/home/doctor-login.png
INFO: [ app_init ] --START--
INFO: Run Behavior\BuildLiteBehavior [ RunTime:0.000029s ]
INFO: [ app_init ] --END-- [ RunTime:0.000861s ]

[ 2018-12-26T22:31:20+08:00 ] 127.0.0.1 /Public/home/img/2015/home/nav_arrow.png
INFO: [ app_init ] --START--
INFO: Run Behavior\BuildLiteBehavior [ RunTime:0.000025s ]
INFO: [ app_init ] --END-- [ RunTime:0.001392s ]

[ 2018-12-26T22:31:20+08:00 ] 127.0.0.1 /Public/home/css/img/fastorder/bj.jpg
INFO: [ app_init ] --START--
INFO: Run Behavior\BuildLiteBehavior [ RunTime:0.000022s ]
INFO: [ app_init ] --END-- [ RunTime:0.001801s ]

[ 2018-12-26T22:31:20+08:00 ] 127.0.0.1 /Public/home/img/weDoctor.png
INFO: [ app_init ] --START--
INFO: Run Behavior\BuildLiteBehavior [ RunTime:0.000029s ]
INFO: [ app_init ] --END-- [ RunTime:0.000819s ]

[ 2018-12-26T22:31:20+08:00 ] 127.0.0.1 /Public/home/img/spritesheet.png
INFO: [ app_init ] --START--
INFO: Run Behavior\BuildLiteBehavior [ RunTime:0.000044s ]
INFO: [ app_init ] --END-- [ RunTime:0.001128s ]

[ 2018-12-26T22:31:38+08:00 ] 127.0.0.1 /his
INFO: [ app_init ] --START--
INFO: Run Behavior\BuildLiteBehavior [ RunTime:0.000018s ]
INFO: [ app_init ] --END-- [ RunTime:0.000604s ]
INFO: [ app_begin ] --START--
INFO: Run Behavior\ReadHtmlCacheBehavior [ RunTime:0.001144s ]
INFO: Run Behavior\CronRunBehavior [ RunTime:0.000716s ]
INFO: Run Behavior\CheckLangBehavior [ RunTime:0.001850s ]
INFO: [ app_begin ] --END-- [ RunTime:0.003915s ]
SQL: SHOW COLUMNS FROM `dzm_his_member` [ RunTime:0.0434s ]
INFO: [ view_parse ] --START--
INFO: [ template_filter ] --START--
INFO: Run Behavior\ContentReplaceBehavior [ RunTime:0.000191s ]
INFO: [ template_filter ] --END-- [ RunTime:0.000270s ]
INFO: Run Behavior\ParseTemplateBehavior [ RunTime:0.041264s ]
INFO: [ view_parse ] --END-- [ RunTime:0.041346s ]
INFO: [ view_filter ] --START--
INFO: Run Behavior\WriteHtmlCacheBehavior [ RunTime:0.000890s ]
INFO: Run Behavior\TokenBuildBehavior [ RunTime:0.001029s ]
INFO: [ view_filter ] --END-- [ RunTime:0.002048s ]
INFO: [ app_end ] --START--
INFO: Run Behavior\ShowPageTraceBehavior [ RunTime:0.002137s ]
INFO: [ app_end ] --END-- [ RunTime:0.002271s ]

[ 2018-12-26T22:31:39+08:00 ] 127.0.0.1 /index.php/Index/index
INFO: [ app_init ] --START--
INFO: Run Behavior\BuildLiteBehavior [ RunTime:0.000019s ]
INFO: [ app_init ] --END-- [ RunTime:0.000607s ]
INFO: [ app_begin ] --START--
INFO: Run Behavior\ReadHtmlCacheBehavior [ RunTime:0.000554s ]
INFO: Run Behavior\CronRunBehavior [ RunTime:0.000712s ]
INFO: Run Behavior\CheckLangBehavior [ RunTime:0.001267s ]
INFO: [ app_begin ] --END-- [ RunTime:0.002714s ]
SQL: SHOW COLUMNS FROM `dzm_his_member` [ RunTime:0.0264s ]
SQL: SHOW COLUMNS FROM `dzm_his_wxopenid` [ RunTime:0.0407s ]
SQL: SELECT * FROM `dzm_his_wxopenid` WHERE ( userid = 1 ) LIMIT 1   [ RunTime:0.0004s ]
SQL: SELECT * FROM `dzm_his_member` WHERE ( uid = 1 ) LIMIT 1   [ RunTime:0.0003s ]
SQL: SHOW COLUMNS FROM `dzm_his_hospital` [ RunTime:0.0670s ]
SQL: SELECT h.* FROM dzm_his_hospital h LEFT JOIN dzm_his_member m ON m.uid = h.hid  WHERE h.hid = '1' LIMIT 1   [ RunTime:0.0004s ]

[ 2018-12-26T22:31:39+08:00 ] 127.0.0.1 /index.php/Index/base_index?hospital_id=1
INFO: [ app_init ] --START--
INFO: Run Behavior\BuildLiteBehavior [ RunTime:0.000018s ]
INFO: [ app_init ] --END-- [ RunTime:0.000517s ]
INFO: [ app_begin ] --START--
INFO: Run Behavior\ReadHtmlCacheBehavior [ RunTime:0.000587s ]
INFO: Run Behavior\CronRunBehavior [ RunTime:0.000358s ]
INFO: Run Behavior\CheckLangBehavior [ RunTime:0.000940s ]
INFO: [ app_begin ] --END-- [ RunTime:0.002055s ]
SQL: SHOW COLUMNS FROM `dzm_his_member` [ RunTime:0.0051s ]
SQL: SHOW COLUMNS FROM `dzm_his_auth_group_access` [ RunTime:0.0163s ]
SQL: SELECT b.rules FROM dzm_his_auth_group_access a LEFT JOIN dzm_his_auth_group b ON b.id=a.group_id  WHERE a.uid = '1'  [ RunTime:0.0043s ]
SQL: SHOW COLUMNS FROM `dzm_his_auth_rule` [ RunTime:0.0331s ]
SQL: SELECT * FROM `dzm_his_auth_rule` WHERE `id` IN ('1','2','3','4','5','6','7','8','9','10','11','12','13','14','15','16','17','18','19','20','21','22','23','24','25','26','27','28','29','30','31','32','33','34','35','36','37','38','39','40','41','42','43','44','45','46','47','48','49','50','51','52','53','54','55','56','57','58','59','60','61','62','63','64','65','66','67','68','69','70','71','72','73','74','75','76','77','78','79','80','81','82','83','90','91','92','93','94','95','96','97','98','99','100','101','102','103','104','105','106','107','108','109','110','111','112','113','114','115','116','117','118','119','120','121','122','123','124','125','126','127','128','129','130','131','132','133','134','135','136','137','138','84','85','86','89','87','88','141','142','143','144','145','139','148','149','223','224','225','266','227','228') AND `is_menu` = 1 AND `status` = 1 AND `pid` = 0 ORDER BY order_list asc  [ RunTime:0.0277s ]
INFO: [ view_parse ] --START--
INFO: [ template_filter ] --START--
INFO: Run Behavior\ContentReplaceBehavior [ RunTime:0.000266s ]
INFO: [ template_filter ] --END-- [ RunTime:0.000379s ]
NOTIC: [8] Undefined variable: menu1 D:\phpStudy2018\WWW\doctor\Application\Runtime\Cache\His\a2fbc9338a55b9767c99486e40bc8103.php 第 112 行.
INFO: Run Behavior\ParseTemplateBehavior [ RunTime:0.046416s ]
INFO: [ view_parse ] --END-- [ RunTime:0.046480s ]
INFO: [ view_filter ] --START--
INFO: Run Behavior\WriteHtmlCacheBehavior [ RunTime:0.000885s ]
INFO: Run Behavior\TokenBuildBehavior [ RunTime:0.000925s ]
INFO: [ view_filter ] --END-- [ RunTime:0.001917s ]
INFO: [ app_end ] --START--
INFO: Run Behavior\ShowPageTraceBehavior [ RunTime:0.001148s ]
INFO: [ app_end ] --END-- [ RunTime:0.001234s ]

[ 2018-12-26T22:31:39+08:00 ] 127.0.0.1 /index.php/His/index/getMenuByPid
INFO: [ app_init ] --START--
INFO: Run Behavior\BuildLiteBehavior [ RunTime:0.000022s ]
INFO: [ app_init ] --END-- [ RunTime:0.000886s ]
INFO: [ app_begin ] --START--
INFO: Run Behavior\ReadHtmlCacheBehavior [ RunTime:0.001584s ]
INFO: Run Behavior\CronRunBehavior [ RunTime:0.000918s ]
INFO: Run Behavior\CheckLangBehavior [ RunTime:0.002363s ]
INFO: [ app_begin ] --END-- [ RunTime:0.005074s ]
SQL: SHOW COLUMNS FROM `dzm_his_member` [ RunTime:0.0055s ]
SQL: SHOW COLUMNS FROM `dzm_his_auth_group_access` [ RunTime:0.0044s ]
SQL: SELECT b.rules FROM dzm_his_auth_group_access a LEFT JOIN dzm_his_auth_group b ON b.id=a.group_id  WHERE a.uid = '1'  [ RunTime:0.0003s ]
SQL: SHOW COLUMNS FROM `dzm_his_auth_rule` [ RunTime:0.0051s ]
SQL: SELECT * FROM `dzm_his_auth_rule` WHERE `id` IN ('1','2','3','4','5','6','7','8','9','10','11','12','13','14','15','16','17','18','19','20','21','22','23','24','25','26','27','28','29','30','31','32','33','34','35','36','37','38','39','40','41','42','43','44','45','46','47','48','49','50','51','52','53','54','55','56','57','58','59','60','61','62','63','64','65','66','67','68','69','70','71','72','73','74','75','76','77','78','79','80','81','82','83','90','91','92','93','94','95','96','97','98','99','100','101','102','103','104','105','106','107','108','109','110','111','112','113','114','115','116','117','118','119','120','121','122','123','124','125','126','127','128','129','130','131','132','133','134','135','136','137','138','84','85','86','89','87','88','141','142','143','144','145','139','148','149','223','224','225','266','227','228') AND `is_menu` = 1 AND `status` = 1 AND `pid` = 1  [ RunTime:0.0005s ]

[ 2018-12-26T22:31:40+08:00 ] 127.0.0.1 /index.php/Doctor/index
INFO: [ app_init ] --START--
INFO: Run Behavior\BuildLiteBehavior [ RunTime:0.000019s ]
INFO: [ app_init ] --END-- [ RunTime:0.000592s ]
INFO: [ app_begin ] --START--
INFO: Run Behavior\ReadHtmlCacheBehavior [ RunTime:0.000854s ]
INFO: Run Behavior\CronRunBehavior [ RunTime:0.000742s ]
INFO: Run Behavior\CheckLangBehavior [ RunTime:0.001634s ]
INFO: [ app_begin ] --END-- [ RunTime:0.003434s ]
SQL: SHOW COLUMNS FROM `dzm_his_auth_group_access` [ RunTime:0.0271s ]
SQL: SELECT `uid`,`group_id`,`title`,`rules` FROM dzm_his_auth_group_access a INNER JOIN dzm_his_auth_group g on a.group_id=g.id  WHERE ( a.uid='1' and g.status='1' )  [ RunTime:0.0007s ]
SQL: SHOW COLUMNS FROM `dzm_his_auth_rule` [ RunTime:0.0064s ]
SQL: SELECT `condition`,`menu_name` FROM `dzm_his_auth_rule` WHERE `id` IN ('1','2','3','4','5','6','7','8','9','10','11','12','13','14','15','16','17','18','19','20','21','22','23','24','25','26','27','28','29','30','31','32','33','34','35','36','37','38','39','40','41','42','43','44','45','46','47','48','49','50','51','52','53','54','55','56','57','58','59','60','61','62','63','64','65','66','67','68','69','70','71','72','73','74','75','76','77','78','79','80','81','82','83','90','91','92','93','94','95','96','97','98','99','100','101','102','103','104','105','106','107','108','109','110','111','112','113','114','115','116','117','118','119','120','121','122','123','124','125','126','127','128','129','130','131','132','133','134','135','136','137','138','84','85','86','89','87','88','141','142','143','144','145','139','148','149','223','224','225','266','227','228') AND `type` = 1 AND `status` = 1  [ RunTime:0.0011s ]
SQL: SHOW COLUMNS FROM `dzm_his_doctor` [ RunTime:0.0083s ]
INFO: [ view_parse ] --START--
INFO: [ template_filter ] --START--
INFO: Run Behavior\ContentReplaceBehavior [ RunTime:0.003786s ]
INFO: [ template_filter ] --END-- [ RunTime:0.004075s ]
NOTIC: [8] Undefined index: name D:\phpStudy2018\WWW\doctor\Application\Runtime\Cache\His\4c76a4f64095c59596389c0565f34682.php 第 78 行.
NOTIC: [8] Undefined index: birthday D:\phpStudy2018\WWW\doctor\Application\Runtime\Cache\His\4c76a4f64095c59596389c0565f34682.php 第 106 行.
NOTIC: [8] Undefined index: mobile D:\phpStudy2018\WWW\doctor\Application\Runtime\Cache\His\4c76a4f64095c59596389c0565f34682.php 第 123 行.
NOTIC: [8] Undefined index: address D:\phpStudy2018\WWW\doctor\Application\Runtime\Cache\His\4c76a4f64095c59596389c0565f34682.php 第 135 行.
NOTIC: [8] Undefined index: allergy_info D:\phpStudy2018\WWW\doctor\Application\Runtime\Cache\His\4c76a4f64095c59596389c0565f34682.php 第 140 行.
NOTIC: [8] Undefined index: name D:\phpStudy2018\WWW\doctor\Application\Runtime\Cache\His\4c76a4f64095c59596389c0565f34682.php 第 525 行.
NOTIC: [8] Undefined index: mobile D:\phpStudy2018\WWW\doctor\Application\Runtime\Cache\His\4c76a4f64095c59596389c0565f34682.php 第 526 行.
NOTIC: [8] Undefined index: birthday D:\phpStudy2018\WWW\doctor\Application\Runtime\Cache\His\4c76a4f64095c59596389c0565f34682.php 第 528 行.
NOTIC: [8] Undefined index: address D:\phpStudy2018\WWW\doctor\Application\Runtime\Cache\His\4c76a4f64095c59596389c0565f34682.php 第 529 行.
NOTIC: [8] Undefined index: allergy_info D:\phpStudy2018\WWW\doctor\Application\Runtime\Cache\His\4c76a4f64095c59596389c0565f34682.php 第 530 行.
INFO: Run Behavior\ParseTemplateBehavior [ RunTime:0.131698s ]
INFO: [ view_parse ] --END-- [ RunTime:0.131840s ]
INFO: [ view_filter ] --START--
INFO: Run Behavior\WriteHtmlCacheBehavior [ RunTime:0.001977s ]
INFO: Run Behavior\TokenBuildBehavior [ RunTime:0.002550s ]
INFO: [ view_filter ] --END-- [ RunTime:0.004748s ]
INFO: [ app_end ] --START--
INFO: Run Behavior\ShowPageTraceBehavior [ RunTime:0.009374s ]
INFO: [ app_end ] --END-- [ RunTime:0.009724s ]

[ 2018-12-26T22:31:40+08:00 ] 127.0.0.1 /Doctor/getMedicines
INFO: [ app_init ] --START--
INFO: Run Behavior\BuildLiteBehavior [ RunTime:0.000028s ]
INFO: [ app_init ] --END-- [ RunTime:0.000833s ]
INFO: [ app_begin ] --START--
INFO: Run Behavior\ReadHtmlCacheBehavior [ RunTime:0.001073s ]
INFO: Run Behavior\CronRunBehavior [ RunTime:0.000592s ]
INFO: Run Behavior\CheckLangBehavior [ RunTime:0.002217s ]
INFO: [ app_begin ] --END-- [ RunTime:0.004208s ]
SQL: SHOW COLUMNS FROM `dzm_his_auth_group_access` [ RunTime:0.0196s ]
SQL: SELECT `uid`,`group_id`,`title`,`rules` FROM dzm_his_auth_group_access a INNER JOIN dzm_his_auth_group g on a.group_id=g.id  WHERE ( a.uid='1' and g.status='1' )  [ RunTime:0.0003s ]
SQL: SHOW COLUMNS FROM `dzm_his_auth_rule` [ RunTime:0.0070s ]
SQL: SELECT `condition`,`menu_name` FROM `dzm_his_auth_rule` WHERE `id` IN ('1','2','3','4','5','6','7','8','9','10','11','12','13','14','15','16','17','18','19','20','21','22','23','24','25','26','27','28','29','30','31','32','33','34','35','36','37','38','39','40','41','42','43','44','45','46','47','48','49','50','51','52','53','54','55','56','57','58','59','60','61','62','63','64','65','66','67','68','69','70','71','72','73','74','75','76','77','78','79','80','81','82','83','90','91','92','93','94','95','96','97','98','99','100','101','102','103','104','105','106','107','108','109','110','111','112','113','114','115','116','117','118','119','120','121','122','123','124','125','126','127','128','129','130','131','132','133','134','135','136','137','138','84','85','86','89','87','88','141','142','143','144','145','139','148','149','223','224','225','266','227','228') AND `type` = 1 AND `status` = 1  [ RunTime:0.0014s ]
SQL: SHOW COLUMNS FROM `dzm_his_doctor` [ RunTime:0.0092s ]
SQL: SELECT 
c.hmr_id as medicines_id,b.inventory_num,b.inventory_unit,b.inventory_prescription_price,a.medicines_name,a.unit
 FROM dzm_his_hospital_medicines_relation c 
 LEFT JOIN dzm_his_medicines a ON c.medicines_id=a.medicines_id
 LEFT JOIN  dzm_his_inventory b ON c.hmr_id=b.hmr_id
 WHERE c.hospital_id='1'  LIMIT 50 [ RunTime:0.0914s ]

[ 2018-12-26T22:31:40+08:00 ] 127.0.0.1 /Doctor/getRegistrations
INFO: [ app_init ] --START--
INFO: Run Behavior\BuildLiteBehavior [ RunTime:0.000027s ]
INFO: [ app_init ] --END-- [ RunTime:0.000928s ]
INFO: [ app_begin ] --START--
INFO: Run Behavior\ReadHtmlCacheBehavior [ RunTime:0.001237s ]
INFO: Run Behavior\CronRunBehavior [ RunTime:0.000947s ]
INFO: Run Behavior\CheckLangBehavior [ RunTime:0.002179s ]
INFO: [ app_begin ] --END-- [ RunTime:0.004575s ]
SQL: SHOW COLUMNS FROM `dzm_his_auth_group_access` [ RunTime:0.0093s ]
SQL: SELECT `uid`,`group_id`,`title`,`rules` FROM dzm_his_auth_group_access a INNER JOIN dzm_his_auth_group g on a.group_id=g.id  WHERE ( a.uid='1' and g.status='1' )  [ RunTime:0.0006s ]
SQL: SHOW COLUMNS FROM `dzm_his_auth_rule` [ RunTime:0.0106s ]
SQL: SELECT `condition`,`menu_name` FROM `dzm_his_auth_rule` WHERE `id` IN ('1','2','3','4','5','6','7','8','9','10','11','12','13','14','15','16','17','18','19','20','21','22','23','24','25','26','27','28','29','30','31','32','33','34','35','36','37','38','39','40','41','42','43','44','45','46','47','48','49','50','51','52','53','54','55','56','57','58','59','60','61','62','63','64','65','66','67','68','69','70','71','72','73','74','75','76','77','78','79','80','81','82','83','90','91','92','93','94','95','96','97','98','99','100','101','102','103','104','105','106','107','108','109','110','111','112','113','114','115','116','117','118','119','120','121','122','123','124','125','126','127','128','129','130','131','132','133','134','135','136','137','138','84','85','86','89','87','88','141','142','143','144','145','139','148','149','223','224','225','266','227','228') AND `type` = 1 AND `status` = 1  [ RunTime:0.0016s ]
SQL: SHOW COLUMNS FROM `dzm_his_doctor` [ RunTime:0.0119s ]
SQL: SELECT 
 count(a.patient_id) as count_num 
FROM dzm_his_registration a 
LEFT JOIN dzm_patient b ON a.patient_id=b.patient_id 
LEFT JOIN dzm_his_registeredfee d ON a.registeredfee_id=d.reg_id 
WHERE a.physician_id='1' AND a.registration_status=1    [ RunTime:0.1008s ]

[ 2018-12-26T22:31:40+08:00 ] 127.0.0.1 /Doctor/getInspectionfee
INFO: [ app_init ] --START--
INFO: Run Behavior\BuildLiteBehavior [ RunTime:0.000024s ]
INFO: [ app_init ] --END-- [ RunTime:0.000780s ]
INFO: [ app_begin ] --START--
INFO: Run Behavior\ReadHtmlCacheBehavior [ RunTime:0.001910s ]
INFO: Run Behavior\CronRunBehavior [ RunTime:0.000557s ]
INFO: Run Behavior\CheckLangBehavior [ RunTime:0.001181s ]
INFO: [ app_begin ] --END-- [ RunTime:0.003880s ]
SQL: SHOW COLUMNS FROM `dzm_his_auth_group_access` [ RunTime:0.0204s ]
SQL: SELECT `uid`,`group_id`,`title`,`rules` FROM dzm_his_auth_group_access a INNER JOIN dzm_his_auth_group g on a.group_id=g.id  WHERE ( a.uid='1' and g.status='1' )  [ RunTime:0.0012s ]
SQL: SHOW COLUMNS FROM `dzm_his_auth_rule` [ RunTime:0.0206s ]
SQL: SELECT `condition`,`menu_name` FROM `dzm_his_auth_rule` WHERE `id` IN ('1','2','3','4','5','6','7','8','9','10','11','12','13','14','15','16','17','18','19','20','21','22','23','24','25','26','27','28','29','30','31','32','33','34','35','36','37','38','39','40','41','42','43','44','45','46','47','48','49','50','51','52','53','54','55','56','57','58','59','60','61','62','63','64','65','66','67','68','69','70','71','72','73','74','75','76','77','78','79','80','81','82','83','90','91','92','93','94','95','96','97','98','99','100','101','102','103','104','105','106','107','108','109','110','111','112','113','114','115','116','117','118','119','120','121','122','123','124','125','126','127','128','129','130','131','132','133','134','135','136','137','138','84','85','86','89','87','88','141','142','143','144','145','139','148','149','223','224','225','266','227','228') AND `type` = 1 AND `status` = 1  [ RunTime:0.0036s ]
SQL: SHOW COLUMNS FROM `dzm_his_doctor` [ RunTime:0.0131s ]
SQL: SELECT * FROM dzm_his_inspectionfee WHERE hid='1'  [ RunTime:0.0013s ]

[ 2018-12-26T22:31:40+08:00 ] 127.0.0.1 /Doctor/getPkgList
INFO: [ app_init ] --START--
INFO: Run Behavior\BuildLiteBehavior [ RunTime:0.000018s ]
INFO: [ app_init ] --END-- [ RunTime:0.000550s ]
INFO: [ app_begin ] --START--
INFO: Run Behavior\ReadHtmlCacheBehavior [ RunTime:0.000653s ]
INFO: Run Behavior\CronRunBehavior [ RunTime:0.000391s ]
INFO: Run Behavior\CheckLangBehavior [ RunTime:0.001153s ]
INFO: [ app_begin ] --END-- [ RunTime:0.002348s ]
SQL: SHOW COLUMNS FROM `dzm_his_auth_group_access` [ RunTime:0.0076s ]
SQL: SELECT `uid`,`group_id`,`title`,`rules` FROM dzm_his_auth_group_access a INNER JOIN dzm_his_auth_group g on a.group_id=g.id  WHERE ( a.uid='1' and g.status='1' )  [ RunTime:0.0004s ]
SQL: SHOW COLUMNS FROM `dzm_his_auth_rule` [ RunTime:0.0074s ]
SQL: SELECT `condition`,`menu_name` FROM `dzm_his_auth_rule` WHERE `id` IN ('1','2','3','4','5','6','7','8','9','10','11','12','13','14','15','16','17','18','19','20','21','22','23','24','25','26','27','28','29','30','31','32','33','34','35','36','37','38','39','40','41','42','43','44','45','46','47','48','49','50','51','52','53','54','55','56','57','58','59','60','61','62','63','64','65','66','67','68','69','70','71','72','73','74','75','76','77','78','79','80','81','82','83','90','91','92','93','94','95','96','97','98','99','100','101','102','103','104','105','106','107','108','109','110','111','112','113','114','115','116','117','118','119','120','121','122','123','124','125','126','127','128','129','130','131','132','133','134','135','136','137','138','84','85','86','89','87','88','141','142','143','144','145','139','148','149','223','224','225','266','227','228') AND `type` = 1 AND `status` = 1  [ RunTime:0.0013s ]
SQL: SHOW COLUMNS FROM `dzm_his_doctor` [ RunTime:0.0083s ]
SQL: SELECT a.*,b.name,b.mobile,b.sex,b.birthday
,from_unixtime(a.addtime,'%m-%d %h:%i') as addtime_str
,from_unixtime(a.addtime,'%Y-%m-%d %h:%i:%s') as addtime_str_full,c.true_name,d.owner_name
 FROM dzm_his_care_pkg a 
 LEFT JOIN dzm_patient b ON a.patient_id=b.patient_id
 LEFT JOIN dzm_his_doctor c ON a.doctor_id=c.uid
 LEFT JOIN dzm_his_hospital d ON a.hospital_id=d.hid
 WHERE a.doctor_id='1' AND  a.type_id=0 AND a.hospital_id=1
ORDER BY a.id DESC
 LIMIT 50
 [ RunTime:0.0421s ]

[ 2018-12-26T22:31:41+08:00 ] 127.0.0.1 /Doctor/getExtracharges
INFO: [ app_init ] --START--
INFO: Run Behavior\BuildLiteBehavior [ RunTime:0.000018s ]
INFO: [ app_init ] --END-- [ RunTime:0.000614s ]
INFO: [ app_begin ] --START--
INFO: Run Behavior\ReadHtmlCacheBehavior [ RunTime:0.001566s ]
INFO: Run Behavior\CronRunBehavior [ RunTime:0.000765s ]
INFO: Run Behavior\CheckLangBehavior [ RunTime:0.001416s ]
INFO: [ app_begin ] --END-- [ RunTime:0.003903s ]
SQL: SHOW COLUMNS FROM `dzm_his_auth_group_access` [ RunTime:0.0115s ]
SQL: SELECT `uid`,`group_id`,`title`,`rules` FROM dzm_his_auth_group_access a INNER JOIN dzm_his_auth_group g on a.group_id=g.id  WHERE ( a.uid='1' and g.status='1' )  [ RunTime:0.0006s ]
SQL: SHOW COLUMNS FROM `dzm_his_auth_rule` [ RunTime:0.0080s ]
SQL: SELECT `condition`,`menu_name` FROM `dzm_his_auth_rule` WHERE `id` IN ('1','2','3','4','5','6','7','8','9','10','11','12','13','14','15','16','17','18','19','20','21','22','23','24','25','26','27','28','29','30','31','32','33','34','35','36','37','38','39','40','41','42','43','44','45','46','47','48','49','50','51','52','53','54','55','56','57','58','59','60','61','62','63','64','65','66','67','68','69','70','71','72','73','74','75','76','77','78','79','80','81','82','83','90','91','92','93','94','95','96','97','98','99','100','101','102','103','104','105','106','107','108','109','110','111','112','113','114','115','116','117','118','119','120','121','122','123','124','125','126','127','128','129','130','131','132','133','134','135','136','137','138','84','85','86','89','87','88','141','142','143','144','145','139','148','149','223','224','225','266','227','228') AND `type` = 1 AND `status` = 1  [ RunTime:0.0014s ]
SQL: SHOW COLUMNS FROM `dzm_his_doctor` [ RunTime:0.0087s ]
SQL: SELECT * FROM dzm_his_prescription_extracharges WHERE hid='1' AND type='0' [ RunTime:0.0306s ]

[ 2018-12-26T22:31:41+08:00 ] 127.0.0.1 /Doctor/getPatientList
INFO: [ app_init ] --START--
INFO: Run Behavior\BuildLiteBehavior [ RunTime:0.000029s ]
INFO: [ app_init ] --END-- [ RunTime:0.000838s ]
INFO: [ app_begin ] --START--
INFO: Run Behavior\ReadHtmlCacheBehavior [ RunTime:0.026226s ]
INFO: Run Behavior\CronRunBehavior [ RunTime:0.000412s ]
INFO: Run Behavior\CheckLangBehavior [ RunTime:0.000954s ]
INFO: [ app_begin ] --END-- [ RunTime:0.027908s ]
SQL: SHOW COLUMNS FROM `dzm_his_auth_group_access` [ RunTime:0.0110s ]
SQL: SELECT `uid`,`group_id`,`title`,`rules` FROM dzm_his_auth_group_access a INNER JOIN dzm_his_auth_group g on a.group_id=g.id  WHERE ( a.uid='1' and g.status='1' )  [ RunTime:0.0005s ]
SQL: SHOW COLUMNS FROM `dzm_his_auth_rule` [ RunTime:0.0086s ]
SQL: SELECT `condition`,`menu_name` FROM `dzm_his_auth_rule` WHERE `id` IN ('1','2','3','4','5','6','7','8','9','10','11','12','13','14','15','16','17','18','19','20','21','22','23','24','25','26','27','28','29','30','31','32','33','34','35','36','37','38','39','40','41','42','43','44','45','46','47','48','49','50','51','52','53','54','55','56','57','58','59','60','61','62','63','64','65','66','67','68','69','70','71','72','73','74','75','76','77','78','79','80','81','82','83','90','91','92','93','94','95','96','97','98','99','100','101','102','103','104','105','106','107','108','109','110','111','112','113','114','115','116','117','118','119','120','121','122','123','124','125','126','127','128','129','130','131','132','133','134','135','136','137','138','84','85','86','89','87','88','141','142','143','144','145','139','148','149','223','224','225','266','227','228') AND `type` = 1 AND `status` = 1  [ RunTime:0.0013s ]
SQL: SHOW COLUMNS FROM `dzm_his_doctor` [ RunTime:0.0095s ]
SQL: SELECT count(b.patient_id) as count_num FROM dzm_patient b WHERE b.hospital_id='1'    [ RunTime:0.0007s ]
SQL: SELECT * FROM dzm_patient b WHERE b.hospital_id='1'  ORDER BY b.patient_id DESC,b.last_login_time DESC LIMIT 0,7 [ RunTime:0.0006s ]

[ 2018-12-26T22:31:41+08:00 ] 127.0.0.1 /index.php/His/index/getMenuByPid
INFO: [ app_init ] --START--
INFO: Run Behavior\BuildLiteBehavior [ RunTime:0.000018s ]
INFO: [ app_init ] --END-- [ RunTime:0.000611s ]
INFO: [ app_begin ] --START--
INFO: Run Behavior\ReadHtmlCacheBehavior [ RunTime:0.002014s ]
INFO: Run Behavior\CronRunBehavior [ RunTime:0.001074s ]
INFO: Run Behavior\CheckLangBehavior [ RunTime:0.002014s ]
INFO: [ app_begin ] --END-- [ RunTime:0.005377s ]
SQL: SHOW COLUMNS FROM `dzm_his_member` [ RunTime:0.0325s ]
SQL: SHOW COLUMNS FROM `dzm_his_auth_group_access` [ RunTime:0.0074s ]
SQL: SELECT b.rules FROM dzm_his_auth_group_access a LEFT JOIN dzm_his_auth_group b ON b.id=a.group_id  WHERE a.uid = '1'  [ RunTime:0.0007s ]
SQL: SHOW COLUMNS FROM `dzm_his_auth_rule` [ RunTime:0.0075s ]
SQL: SELECT * FROM `dzm_his_auth_rule` WHERE `id` IN ('1','2','3','4','5','6','7','8','9','10','11','12','13','14','15','16','17','18','19','20','21','22','23','24','25','26','27','28','29','30','31','32','33','34','35','36','37','38','39','40','41','42','43','44','45','46','47','48','49','50','51','52','53','54','55','56','57','58','59','60','61','62','63','64','65','66','67','68','69','70','71','72','73','74','75','76','77','78','79','80','81','82','83','90','91','92','93','94','95','96','97','98','99','100','101','102','103','104','105','106','107','108','109','110','111','112','113','114','115','116','117','118','119','120','121','122','123','124','125','126','127','128','129','130','131','132','133','134','135','136','137','138','84','85','86','89','87','88','141','142','143','144','145','139','148','149','223','224','225','266','227','228') AND `is_menu` = 1 AND `status` = 1 AND `pid` = 22  [ RunTime:0.0011s ]

[ 2018-12-26T22:31:41+08:00 ] 127.0.0.1 /index.php/Member/userList
INFO: [ app_init ] --START--
INFO: Run Behavior\BuildLiteBehavior [ RunTime:0.000044s ]
INFO: [ app_init ] --END-- [ RunTime:0.001615s ]
INFO: [ app_begin ] --START--
INFO: Run Behavior\ReadHtmlCacheBehavior [ RunTime:0.000926s ]
INFO: Run Behavior\CronRunBehavior [ RunTime:0.000503s ]
INFO: Run Behavior\CheckLangBehavior [ RunTime:0.001563s ]
INFO: [ app_begin ] --END-- [ RunTime:0.003156s ]
SQL: SHOW COLUMNS FROM `dzm_his_auth_group_access` [ RunTime:0.0562s ]
SQL: SELECT `uid`,`group_id`,`title`,`rules` FROM dzm_his_auth_group_access a INNER JOIN dzm_his_auth_group g on a.group_id=g.id  WHERE ( a.uid='1' and g.status='1' )  [ RunTime:0.0005s ]
SQL: SHOW COLUMNS FROM `dzm_his_auth_rule` [ RunTime:0.0076s ]
SQL: SELECT `condition`,`menu_name` FROM `dzm_his_auth_rule` WHERE `id` IN ('1','2','3','4','5','6','7','8','9','10','11','12','13','14','15','16','17','18','19','20','21','22','23','24','25','26','27','28','29','30','31','32','33','34','35','36','37','38','39','40','41','42','43','44','45','46','47','48','49','50','51','52','53','54','55','56','57','58','59','60','61','62','63','64','65','66','67','68','69','70','71','72','73','74','75','76','77','78','79','80','81','82','83','90','91','92','93','94','95','96','97','98','99','100','101','102','103','104','105','106','107','108','109','110','111','112','113','114','115','116','117','118','119','120','121','122','123','124','125','126','127','128','129','130','131','132','133','134','135','136','137','138','84','85','86','89','87','88','141','142','143','144','145','139','148','149','223','224','225','266','227','228') AND `type` = 1 AND `status` = 1  [ RunTime:0.0016s ]
SQL: SHOW COLUMNS FROM `dzm_his_member` [ RunTime:0.0103s ]
SQL: SHOW COLUMNS FROM `dzm_his_supplier` [ RunTime:0.0514s ]
NOTIC: [2] Missing argument 1 for Think\Model::where(), called in D:\phpStudy2018\WWW\doctor\Application\His\Controller\MemberController.class.php on line 357 and defined D:\phpStudy2018\WWW\doctor\ThinkPHP\Library\Think\Model.class.php 第 1797 行.
NOTIC: [8] Undefined variable: where D:\phpStudy2018\WWW\doctor\ThinkPHP\Library\Think\Model.class.php 第 1805 行.
NOTIC: [8] Undefined variable: where D:\phpStudy2018\WWW\doctor\ThinkPHP\Library\Think\Model.class.php 第 1808 行.
NOTIC: [8] Undefined variable: where D:\phpStudy2018\WWW\doctor\ThinkPHP\Library\Think\Model.class.php 第 1816 行.
SQL: SELECT * FROM `dzm_his_supplier`  [ RunTime:0.0004s ]
SQL: SELECT COUNT(*) AS tp_count FROM `dzm_his_member` WHERE `p_id` = 1 AND `status` = 2 LIMIT 1   [ RunTime:0.0004s ]
SQL: SHOW COLUMNS FROM `dzm_his_department` [ RunTime:0.0253s ]
SQL: SELECT COUNT(*) AS tp_count FROM `dzm_his_department` WHERE `hid` = 1 LIMIT 1   [ RunTime:0.0004s ]
SQL: SELECT * FROM `dzm_his_department` WHERE `hid` = 1 ORDER BY create_time desc,update_time desc LIMIT 0,10   [ RunTime:0.0005s ]
SQL: SHOW COLUMNS FROM `dzm_his_auth_group` [ RunTime:0.0093s ]
SQL: SELECT COUNT(*) AS tp_count FROM `dzm_his_auth_group` WHERE `status` = 1 LIMIT 1   [ RunTime:0.0004s ]
SQL: SELECT * FROM `dzm_his_auth_group` WHERE `status` = 1 ORDER BY is_manage DESC LIMIT 0,10   [ RunTime:0.0005s ]
INFO: [ view_parse ] --START--
INFO: [ template_filter ] --START--
INFO: Run Behavior\ContentReplaceBehavior [ RunTime:0.000503s ]
INFO: [ template_filter ] --END-- [ RunTime:0.000602s ]
NOTIC: [8] Undefined variable: pager_str D:\phpStudy2018\WWW\doctor\Application\Runtime\Cache\His\29d97a9caacf483ee0bf59b3674462e9.php 第 107 行.
NOTIC: [8] Use of undefined constant id - assumed 'id' D:\phpStudy2018\WWW\doctor\Application\Runtime\Cache\His\29d97a9caacf483ee0bf59b3674462e9.php 第 130 行.
NOTIC: [8] Use of undefined constant id - assumed 'id' D:\phpStudy2018\WWW\doctor\Application\Runtime\Cache\His\29d97a9caacf483ee0bf59b3674462e9.php 第 130 行.
NOTIC: [8] Use of undefined constant id - assumed 'id' D:\phpStudy2018\WWW\doctor\Application\Runtime\Cache\His\29d97a9caacf483ee0bf59b3674462e9.php 第 130 行.
NOTIC: [8] Use of undefined constant id - assumed 'id' D:\phpStudy2018\WWW\doctor\Application\Runtime\Cache\His\29d97a9caacf483ee0bf59b3674462e9.php 第 130 行.
NOTIC: [8] Use of undefined constant id - assumed 'id' D:\phpStudy2018\WWW\doctor\Application\Runtime\Cache\His\29d97a9caacf483ee0bf59b3674462e9.php 第 130 行.
NOTIC: [8] Use of undefined constant id - assumed 'id' D:\phpStudy2018\WWW\doctor\Application\Runtime\Cache\His\29d97a9caacf483ee0bf59b3674462e9.php 第 130 行.
NOTIC: [8] Use of undefined constant id - assumed 'id' D:\phpStudy2018\WWW\doctor\Application\Runtime\Cache\His\29d97a9caacf483ee0bf59b3674462e9.php 第 130 行.
NOTIC: [8] Use of undefined constant id - assumed 'id' D:\phpStudy2018\WWW\doctor\Application\Runtime\Cache\His\29d97a9caacf483ee0bf59b3674462e9.php 第 130 行.
INFO: Run Behavior\ParseTemplateBehavior [ RunTime:0.072666s ]
INFO: [ view_parse ] --END-- [ RunTime:0.072757s ]
INFO: [ view_filter ] --START--
INFO: Run Behavior\WriteHtmlCacheBehavior [ RunTime:0.001068s ]
INFO: Run Behavior\TokenBuildBehavior [ RunTime:0.001017s ]
INFO: [ view_filter ] --END-- [ RunTime:0.002209s ]
INFO: [ app_end ] --START--
INFO: Run Behavior\ShowPageTraceBehavior [ RunTime:0.004106s ]
INFO: [ app_end ] --END-- [ RunTime:0.004233s ]

[ 2018-12-26T22:31:42+08:00 ] 127.0.0.1 /index.php/Member/userList
INFO: [ app_init ] --START--
INFO: Run Behavior\BuildLiteBehavior [ RunTime:0.000024s ]
INFO: [ app_init ] --END-- [ RunTime:0.000992s ]
INFO: [ app_begin ] --START--
INFO: Run Behavior\ReadHtmlCacheBehavior [ RunTime:0.000868s ]
INFO: Run Behavior\CronRunBehavior [ RunTime:0.000641s ]
INFO: Run Behavior\CheckLangBehavior [ RunTime:0.001489s ]
INFO: [ app_begin ] --END-- [ RunTime:0.003188s ]
SQL: SHOW COLUMNS FROM `dzm_his_auth_group_access` [ RunTime:0.0233s ]
SQL: SELECT `uid`,`group_id`,`title`,`rules` FROM dzm_his_auth_group_access a INNER JOIN dzm_his_auth_group g on a.group_id=g.id  WHERE ( a.uid='1' and g.status='1' )  [ RunTime:0.0003s ]
SQL: SHOW COLUMNS FROM `dzm_his_auth_rule` [ RunTime:0.0078s ]
SQL: SELECT `condition`,`menu_name` FROM `dzm_his_auth_rule` WHERE `id` IN ('1','2','3','4','5','6','7','8','9','10','11','12','13','14','15','16','17','18','19','20','21','22','23','24','25','26','27','28','29','30','31','32','33','34','35','36','37','38','39','40','41','42','43','44','45','46','47','48','49','50','51','52','53','54','55','56','57','58','59','60','61','62','63','64','65','66','67','68','69','70','71','72','73','74','75','76','77','78','79','80','81','82','83','90','91','92','93','94','95','96','97','98','99','100','101','102','103','104','105','106','107','108','109','110','111','112','113','114','115','116','117','118','119','120','121','122','123','124','125','126','127','128','129','130','131','132','133','134','135','136','137','138','84','85','86','89','87','88','141','142','143','144','145','139','148','149','223','224','225','266','227','228') AND `type` = 1 AND `status` = 1  [ RunTime:0.0008s ]
SQL: SHOW COLUMNS FROM `dzm_his_member` [ RunTime:0.0077s ]
SQL: SELECT COUNT(*) AS tp_count FROM dzm_his_member hm LEFT JOIN dzm_his_doctor hd ON hm.uid = hd.uid LEFT JOIN dzm_his_department hde ON hm.department_id = hde.did LEFT JOIN dzm_his_auth_group ag ON hm.type = ag.id  WHERE `p_id` = '1' AND hm.status = 1 LIMIT 1   [ RunTime:0.0008s ]
SQL: SELECT hm.uid,hm.create_time,hd.id,hd.mobile,hm.user_name,hd.true_name,hd.sex,hd.age,hde.department_name,ag.title FROM dzm_his_member hm LEFT JOIN dzm_his_doctor hd ON hm.uid = hd.uid LEFT JOIN dzm_his_department hde ON hm.department_id = hde.did LEFT JOIN dzm_his_auth_group ag ON hm.type = ag.id  WHERE `p_id` = '1' AND hm.status = 1 ORDER BY hm.create_time desc LIMIT 0,10   [ RunTime:0.0012s ]
SQL: SHOW COLUMNS FROM `dzm_his_doctor` [ RunTime:0.0066s ]
NOTIC: [2] Missing argument 1 for Think\Model::where(), called in D:\phpStudy2018\WWW\doctor\Application\His\Model\HisMemberModel.class.php on line 356 and defined D:\phpStudy2018\WWW\doctor\ThinkPHP\Library\Think\Model.class.php 第 1797 行.
NOTIC: [8] Undefined variable: where D:\phpStudy2018\WWW\doctor\ThinkPHP\Library\Think\Model.class.php 第 1805 行.
NOTIC: [8] Undefined variable: where D:\phpStudy2018\WWW\doctor\ThinkPHP\Library\Think\Model.class.php 第 1808 行.
NOTIC: [8] Undefined variable: where D:\phpStudy2018\WWW\doctor\ThinkPHP\Library\Think\Model.class.php 第 1816 行.
SQL: SELECT * FROM `dzm_his_doctor`  [ RunTime:0.0008s ]
NOTIC: [8] Undefined index: rank D:\phpStudy2018\WWW\doctor\Application\His\Controller\MemberController.class.php 第 345 行.

[ 2018-12-26T22:31:43+08:00 ] 127.0.0.1 /index.php/Inspectionfee/index
INFO: [ app_init ] --START--
INFO: Run Behavior\BuildLiteBehavior [ RunTime:0.000020s ]
INFO: [ app_init ] --END-- [ RunTime:0.000612s ]
INFO: [ app_begin ] --START--
INFO: Run Behavior\ReadHtmlCacheBehavior [ RunTime:0.000603s ]
INFO: Run Behavior\CronRunBehavior [ RunTime:0.000385s ]
INFO: Run Behavior\CheckLangBehavior [ RunTime:0.002623s ]
INFO: [ app_begin ] --END-- [ RunTime:0.004104s ]
SQL: SHOW COLUMNS FROM `dzm_his_auth_group_access` [ RunTime:0.0101s ]
SQL: SELECT `uid`,`group_id`,`title`,`rules` FROM dzm_his_auth_group_access a INNER JOIN dzm_his_auth_group g on a.group_id=g.id  WHERE ( a.uid='1' and g.status='1' )  [ RunTime:0.0006s ]
SQL: SHOW COLUMNS FROM `dzm_his_auth_rule` [ RunTime:0.0077s ]
SQL: SELECT `condition`,`menu_name` FROM `dzm_his_auth_rule` WHERE `id` IN ('1','2','3','4','5','6','7','8','9','10','11','12','13','14','15','16','17','18','19','20','21','22','23','24','25','26','27','28','29','30','31','32','33','34','35','36','37','38','39','40','41','42','43','44','45','46','47','48','49','50','51','52','53','54','55','56','57','58','59','60','61','62','63','64','65','66','67','68','69','70','71','72','73','74','75','76','77','78','79','80','81','82','83','90','91','92','93','94','95','96','97','98','99','100','101','102','103','104','105','106','107','108','109','110','111','112','113','114','115','116','117','118','119','120','121','122','123','124','125','126','127','128','129','130','131','132','133','134','135','136','137','138','84','85','86','89','87','88','141','142','143','144','145','139','148','149','223','224','225','266','227','228') AND `type` = 1 AND `status` = 1  [ RunTime:0.0018s ]
SQL: SHOW COLUMNS FROM `dzm_his_inspectionfee` [ RunTime:0.0105s ]
SQL: SELECT COUNT(*) AS tp_count FROM `dzm_his_inspectionfee` WHERE `hid` = 1 LIMIT 1   [ RunTime:0.0006s ]
SQL: SELECT * FROM `dzm_his_inspectionfee` WHERE `hid` = 1 ORDER BY create_time DESC LIMIT 0,10   [ RunTime:0.0013s ]
NOTIC: [8] Undefined index: unit_price D:\phpStudy2018\WWW\doctor\Application\His\Controller\InspectionfeeController.class.php 第 42 行.
NOTIC: [8] Undefined index: cost D:\phpStudy2018\WWW\doctor\Application\His\Controller\InspectionfeeController.class.php 第 43 行.
INFO: [ view_parse ] --START--
INFO: [ template_filter ] --START--
INFO: Run Behavior\ContentReplaceBehavior [ RunTime:0.000631s ]
INFO: [ template_filter ] --END-- [ RunTime:0.000750s ]
INFO: Run Behavior\ParseTemplateBehavior [ RunTime:0.066823s ]
INFO: [ view_parse ] --END-- [ RunTime:0.066930s ]
INFO: [ view_filter ] --START--
INFO: Run Behavior\WriteHtmlCacheBehavior [ RunTime:0.001001s ]
INFO: Run Behavior\TokenBuildBehavior [ RunTime:0.001024s ]
INFO: [ view_filter ] --END-- [ RunTime:0.002149s ]
INFO: [ app_end ] --START--
INFO: Run Behavior\ShowPageTraceBehavior [ RunTime:0.006067s ]
INFO: [ app_end ] --END-- [ RunTime:0.006183s ]

[ 2018-12-26T22:31:43+08:00 ] 127.0.0.1 /index.php/Inspectionfee/index
INFO: [ app_init ] --START--
INFO: Run Behavior\BuildLiteBehavior [ RunTime:0.000046s ]
INFO: [ app_init ] --END-- [ RunTime:0.000778s ]
INFO: [ app_begin ] --START--
INFO: Run Behavior\ReadHtmlCacheBehavior [ RunTime:0.000597s ]
INFO: Run Behavior\CronRunBehavior [ RunTime:0.000518s ]
INFO: Run Behavior\CheckLangBehavior [ RunTime:0.001192s ]
INFO: [ app_begin ] --END-- [ RunTime:0.002454s ]
SQL: SHOW COLUMNS FROM `dzm_his_auth_group_access` [ RunTime:0.0046s ]
SQL: SELECT `uid`,`group_id`,`title`,`rules` FROM dzm_his_auth_group_access a INNER JOIN dzm_his_auth_group g on a.group_id=g.id  WHERE ( a.uid='1' and g.status='1' )  [ RunTime:0.0004s ]
SQL: SHOW COLUMNS FROM `dzm_his_auth_rule` [ RunTime:0.0069s ]
SQL: SELECT `condition`,`menu_name` FROM `dzm_his_auth_rule` WHERE `id` IN ('1','2','3','4','5','6','7','8','9','10','11','12','13','14','15','16','17','18','19','20','21','22','23','24','25','26','27','28','29','30','31','32','33','34','35','36','37','38','39','40','41','42','43','44','45','46','47','48','49','50','51','52','53','54','55','56','57','58','59','60','61','62','63','64','65','66','67','68','69','70','71','72','73','74','75','76','77','78','79','80','81','82','83','90','91','92','93','94','95','96','97','98','99','100','101','102','103','104','105','106','107','108','109','110','111','112','113','114','115','116','117','118','119','120','121','122','123','124','125','126','127','128','129','130','131','132','133','134','135','136','137','138','84','85','86','89','87','88','141','142','143','144','145','139','148','149','223','224','225','266','227','228') AND `type` = 1 AND `status` = 1  [ RunTime:0.0012s ]
SQL: SHOW COLUMNS FROM `dzm_his_inspectionfee` [ RunTime:0.0073s ]
SQL: SELECT COUNT(*) AS tp_count FROM `dzm_his_inspectionfee` WHERE `hid` = 1 LIMIT 1   [ RunTime:0.0004s ]
SQL: SELECT * FROM `dzm_his_inspectionfee` WHERE `hid` = 1 ORDER BY create_time DESC LIMIT 0,10   [ RunTime:0.0009s ]
NOTIC: [8] Undefined index: unit_price D:\phpStudy2018\WWW\doctor\Application\His\Controller\InspectionfeeController.class.php 第 42 行.
NOTIC: [8] Undefined index: cost D:\phpStudy2018\WWW\doctor\Application\His\Controller\InspectionfeeController.class.php 第 43 行.

[ 2018-12-26T22:31:46+08:00 ] 127.0.0.1 /index.php/Inspectionfee/addInspection
INFO: [ app_init ] --START--
INFO: Run Behavior\BuildLiteBehavior [ RunTime:0.000018s ]
INFO: [ app_init ] --END-- [ RunTime:0.000544s ]
INFO: [ app_begin ] --START--
INFO: Run Behavior\ReadHtmlCacheBehavior [ RunTime:0.000633s ]
INFO: Run Behavior\CronRunBehavior [ RunTime:0.000510s ]
INFO: Run Behavior\CheckLangBehavior [ RunTime:0.001842s ]
INFO: [ app_begin ] --END-- [ RunTime:0.003135s ]
SQL: SHOW COLUMNS FROM `dzm_his_auth_group_access` [ RunTime:0.0060s ]
SQL: SELECT `uid`,`group_id`,`title`,`rules` FROM dzm_his_auth_group_access a INNER JOIN dzm_his_auth_group g on a.group_id=g.id  WHERE ( a.uid='1' and g.status='1' )  [ RunTime:0.0004s ]
SQL: SHOW COLUMNS FROM `dzm_his_auth_rule` [ RunTime:0.0064s ]
SQL: SELECT `condition`,`menu_name` FROM `dzm_his_auth_rule` WHERE `id` IN ('1','2','3','4','5','6','7','8','9','10','11','12','13','14','15','16','17','18','19','20','21','22','23','24','25','26','27','28','29','30','31','32','33','34','35','36','37','38','39','40','41','42','43','44','45','46','47','48','49','50','51','52','53','54','55','56','57','58','59','60','61','62','63','64','65','66','67','68','69','70','71','72','73','74','75','76','77','78','79','80','81','82','83','90','91','92','93','94','95','96','97','98','99','100','101','102','103','104','105','106','107','108','109','110','111','112','113','114','115','116','117','118','119','120','121','122','123','124','125','126','127','128','129','130','131','132','133','134','135','136','137','138','84','85','86','89','87','88','141','142','143','144','145','139','148','149','223','224','225','266','227','228') AND `type` = 1 AND `status` = 1  [ RunTime:0.0010s ]
SQL: SHOW COLUMNS FROM `dzm_his_inspectionfee` [ RunTime:0.0065s ]
SQL: SHOW COLUMNS FROM `dzm_his_dictionary` [ RunTime:0.0394s ]
SQL: SELECT `dictionary_name`,`did` FROM `dzm_his_dictionary` WHERE `parent_id` = 16 AND `hid` IN (0,'1') ORDER BY create_time desc,update_time desc  [ RunTime:0.0005s ]

[ 2018-12-26T22:32:04+08:00 ] 127.0.0.1 /index.php/Inspectionfee/addInspection
INFO: [ app_init ] --START--
INFO: Run Behavior\BuildLiteBehavior [ RunTime:0.000019s ]
INFO: [ app_init ] --END-- [ RunTime:0.000681s ]
INFO: [ app_begin ] --START--
INFO: Run Behavior\ReadHtmlCacheBehavior [ RunTime:0.000726s ]
INFO: Run Behavior\CronRunBehavior [ RunTime:0.000511s ]
INFO: Run Behavior\CheckLangBehavior [ RunTime:0.001192s ]
INFO: [ app_begin ] --END-- [ RunTime:0.002590s ]
SQL: SHOW COLUMNS FROM `dzm_his_auth_group_access` [ RunTime:0.0452s ]
SQL: SELECT `uid`,`group_id`,`title`,`rules` FROM dzm_his_auth_group_access a INNER JOIN dzm_his_auth_group g on a.group_id=g.id  WHERE ( a.uid='1' and g.status='1' )  [ RunTime:0.0008s ]
SQL: SHOW COLUMNS FROM `dzm_his_auth_rule` [ RunTime:0.0127s ]
SQL: SELECT `condition`,`menu_name` FROM `dzm_his_auth_rule` WHERE `id` IN ('1','2','3','4','5','6','7','8','9','10','11','12','13','14','15','16','17','18','19','20','21','22','23','24','25','26','27','28','29','30','31','32','33','34','35','36','37','38','39','40','41','42','43','44','45','46','47','48','49','50','51','52','53','54','55','56','57','58','59','60','61','62','63','64','65','66','67','68','69','70','71','72','73','74','75','76','77','78','79','80','81','82','83','90','91','92','93','94','95','96','97','98','99','100','101','102','103','104','105','106','107','108','109','110','111','112','113','114','115','116','117','118','119','120','121','122','123','124','125','126','127','128','129','130','131','132','133','134','135','136','137','138','84','85','86','89','87','88','141','142','143','144','145','139','148','149','223','224','225','266','227','228') AND `type` = 1 AND `status` = 1  [ RunTime:0.0022s ]
SQL: SHOW COLUMNS FROM `dzm_his_inspectionfee` [ RunTime:0.0122s ]
SQL: SELECT * FROM `dzm_his_inspectionfee` WHERE `hid` = 1  [ RunTime:0.0011s ]
SQL: SHOW COLUMNS FROM `dzm_his_dictionary` [ RunTime:0.0078s ]
SQL: SELECT * FROM `dzm_his_dictionary` WHERE ( did = 36 ) LIMIT 1   [ RunTime:0.0006s ]
NOTIC: [8] Undefined index: validate D:\phpStudy2018\WWW\doctor\ThinkPHP\Library\Think\Model.class.php 第 1185 行.
NOTIC: [8] Undefined index: auto D:\phpStudy2018\WWW\doctor\ThinkPHP\Library\Think\Model.class.php 第 1128 行.
SQL: INSERT INTO `dzm_his_inspectionfee` (`mid`,`hid`,`inspection_name`,`unit_price`,`unit`,`cost`,`textarea`,`class`,`class_id`,`create_time`) VALUES ('1','1','认为我问问','1','','1','<p>我往往</p>','网站公告','36','1545834724') [ RunTime:0.0010s ]

[ 2018-12-26T22:32:04+08:00 ] 127.0.0.1 /index.php/Inspectionfee/index
INFO: [ app_init ] --START--
INFO: Run Behavior\BuildLiteBehavior [ RunTime:0.000017s ]
INFO: [ app_init ] --END-- [ RunTime:0.000582s ]
INFO: [ app_begin ] --START--
INFO: Run Behavior\ReadHtmlCacheBehavior [ RunTime:0.000602s ]
INFO: Run Behavior\CronRunBehavior [ RunTime:0.000381s ]
INFO: Run Behavior\CheckLangBehavior [ RunTime:0.000905s ]
INFO: [ app_begin ] --END-- [ RunTime:0.002014s ]
SQL: SHOW COLUMNS FROM `dzm_his_auth_group_access` [ RunTime:0.0060s ]
SQL: SELECT `uid`,`group_id`,`title`,`rules` FROM dzm_his_auth_group_access a INNER JOIN dzm_his_auth_group g on a.group_id=g.id  WHERE ( a.uid='1' and g.status='1' )  [ RunTime:0.0004s ]
SQL: SHOW COLUMNS FROM `dzm_his_auth_rule` [ RunTime:0.0077s ]
SQL: SELECT `condition`,`menu_name` FROM `dzm_his_auth_rule` WHERE `id` IN ('1','2','3','4','5','6','7','8','9','10','11','12','13','14','15','16','17','18','19','20','21','22','23','24','25','26','27','28','29','30','31','32','33','34','35','36','37','38','39','40','41','42','43','44','45','46','47','48','49','50','51','52','53','54','55','56','57','58','59','60','61','62','63','64','65','66','67','68','69','70','71','72','73','74','75','76','77','78','79','80','81','82','83','90','91','92','93','94','95','96','97','98','99','100','101','102','103','104','105','106','107','108','109','110','111','112','113','114','115','116','117','118','119','120','121','122','123','124','125','126','127','128','129','130','131','132','133','134','135','136','137','138','84','85','86','89','87','88','141','142','143','144','145','139','148','149','223','224','225','266','227','228') AND `type` = 1 AND `status` = 1  [ RunTime:0.0020s ]
SQL: SHOW COLUMNS FROM `dzm_his_inspectionfee` [ RunTime:0.0082s ]
SQL: SELECT COUNT(*) AS tp_count FROM `dzm_his_inspectionfee` WHERE `hid` = 1 LIMIT 1   [ RunTime:0.0003s ]
SQL: SELECT * FROM `dzm_his_inspectionfee` WHERE `hid` = 1 ORDER BY create_time DESC LIMIT 0,10   [ RunTime:0.0009s ]
NOTIC: [8] Undefined index: unit_price D:\phpStudy2018\WWW\doctor\Application\His\Controller\InspectionfeeController.class.php 第 42 行.
NOTIC: [8] Undefined index: cost D:\phpStudy2018\WWW\doctor\Application\His\Controller\InspectionfeeController.class.php 第 43 行.

[ 2018-12-26T22:32:06+08:00 ] 127.0.0.1 /Public/home/css/list/portal.basic.min.css?v=1535436384237752
INFO: [ app_init ] --START--
INFO: Run Behavior\BuildLiteBehavior [ RunTime:0.000021s ]
INFO: [ app_init ] --END-- [ RunTime:0.000524s ]
INFO: [ app_begin ] --START--
INFO: Run Behavior\ReadHtmlCacheBehavior [ RunTime:0.000656s ]
INFO: Run Behavior\CronRunBehavior [ RunTime:0.000364s ]
INFO: Run Behavior\CheckLangBehavior [ RunTime:0.000799s ]
INFO: [ app_begin ] --END-- [ RunTime:0.001990s ]
ERR: 无法加载控制器:Public

[ 2018-12-26T22:32:06+08:00 ] 127.0.0.1 /Public/home/img/2015/home/doctor-login.png
INFO: [ app_init ] --START--
INFO: Run Behavior\BuildLiteBehavior [ RunTime:0.000028s ]
INFO: [ app_init ] --END-- [ RunTime:0.000831s ]

[ 2018-12-26T22:32:06+08:00 ] 127.0.0.1 /Public/home/img/weDoctor.png
INFO: [ app_init ] --START--
INFO: Run Behavior\BuildLiteBehavior [ RunTime:0.000030s ]
INFO: [ app_init ] --END-- [ RunTime:0.000950s ]

[ 2018-12-26T22:32:06+08:00 ] 127.0.0.1 /Public/home/css/img/fastorder/bj.jpg
INFO: [ app_init ] --START--
INFO: Run Behavior\BuildLiteBehavior [ RunTime:0.000032s ]
INFO: [ app_init ] --END-- [ RunTime:0.001260s ]

[ 2018-12-26T22:32:06+08:00 ] 127.0.0.1 /Public/home/img/spritesheet.png
INFO: [ app_init ] --START--
INFO: Run Behavior\BuildLiteBehavior [ RunTime:0.000021s ]
INFO: [ app_init ] --END-- [ RunTime:0.000614s ]

[ 2018-12-26T22:32:06+08:00 ] 127.0.0.1 /Public/home/img/2015/home/nav_arrow.png
INFO: [ app_init ] --START--
INFO: Run Behavior\BuildLiteBehavior [ RunTime:0.000021s ]
INFO: [ app_init ] --END-- [ RunTime:0.000710s ]

