[ 2018-12-27T09:24:07+08:00 ] 127.0.0.1 /favicon.ico
INFO: [ app_init ] --START--
INFO: Run Behavior\BuildLiteBehavior [ RunTime:0.000007s ]
INFO: [ app_init ] --END-- [ RunTime:0.003020s ]

[ 2018-12-27T09:24:07+08:00 ] 127.0.0.1 /Public/home/img/2015/home/doctor-login.png
INFO: [ app_init ] --START--
INFO: Run Behavior\BuildLiteBehavior [ RunTime:0.000007s ]
INFO: [ app_init ] --END-- [ RunTime:0.000239s ]

[ 2018-12-27T09:24:07+08:00 ] 127.0.0.1 /img/v2/1px-bg.png
INFO: [ app_init ] --START--
INFO: Run Behavior\BuildLiteBehavior [ RunTime:0.000008s ]
INFO: [ app_init ] --END-- [ RunTime:0.000256s ]

[ 2018-12-27T09:24:07+08:00 ] 127.0.0.1 /img/v2/sprites.png?_=20131125
INFO: [ app_init ] --START--
INFO: Run Behavior\BuildLiteBehavior [ RunTime:0.000011s ]
INFO: [ app_init ] --END-- [ RunTime:0.000380s ]

[ 2018-12-27T09:24:07+08:00 ] 127.0.0.1 /Public/home/img/2015/home/nav_arrow.png
INFO: [ app_init ] --START--
INFO: Run Behavior\BuildLiteBehavior [ RunTime:0.000009s ]
INFO: [ app_init ] --END-- [ RunTime:0.000316s ]

[ 2018-12-27T09:24:07+08:00 ] 127.0.0.1 /Public/home/img/v2/index-banner.jpg?v=2017_04_28
INFO: [ app_init ] --START--
INFO: Run Behavior\BuildLiteBehavior [ RunTime:0.000009s ]
INFO: [ app_init ] --END-- [ RunTime:0.000291s ]

[ 2018-12-27T09:24:07+08:00 ] 127.0.0.1 /Public/home/img/2015/home/home-sprite.png
INFO: [ app_init ] --START--
INFO: Run Behavior\BuildLiteBehavior [ RunTime:0.000011s ]
INFO: [ app_init ] --END-- [ RunTime:0.000408s ]

[ 2018-12-27T09:24:07+08:00 ] 127.0.0.1 /Public/home/css/images/img-index.gif
INFO: [ app_init ] --START--
INFO: Run Behavior\BuildLiteBehavior [ RunTime:0.000007s ]
INFO: [ app_init ] --END-- [ RunTime:0.000224s ]

[ 2018-12-27T09:24:07+08:00 ] 127.0.0.1 /Public/home/img/internethospital/opened.png
INFO: [ app_init ] --START--
INFO: Run Behavior\BuildLiteBehavior [ RunTime:0.000007s ]
INFO: [ app_init ] --END-- [ RunTime:0.000260s ]

[ 2018-12-27T09:24:07+08:00 ] 127.0.0.1 /Public/home/css/images/yyk_serach_arrow.gif
INFO: [ app_init ] --START--
INFO: Run Behavior\BuildLiteBehavior [ RunTime:0.000006s ]
INFO: [ app_init ] --END-- [ RunTime:0.000274s ]

[ 2018-12-27T09:24:07+08:00 ] 127.0.0.1 /Public/home/img/2015/home/ask.png?v=20170505
INFO: [ app_init ] --START--
INFO: Run Behavior\BuildLiteBehavior [ RunTime:0.000007s ]
INFO: [ app_init ] --END-- [ RunTime:0.000266s ]

[ 2018-12-27T09:24:07+08:00 ] 127.0.0.1 /Public/home/img/consult.png
INFO: [ app_init ] --START--
INFO: Run Behavior\BuildLiteBehavior [ RunTime:0.000010s ]
INFO: [ app_init ] --END-- [ RunTime:0.000326s ]

[ 2018-12-27T09:24:07+08:00 ] 127.0.0.1 /Public/home/img/weDoctor.png
INFO: [ app_init ] --START--
INFO: Run Behavior\BuildLiteBehavior [ RunTime:0.000011s ]
INFO: [ app_init ] --END-- [ RunTime:0.000257s ]

[ 2018-12-27T09:24:07+08:00 ] 127.0.0.1 /Public/home/img/spritesheet.png
INFO: [ app_init ] --START--
INFO: Run Behavior\BuildLiteBehavior [ RunTime:0.000012s ]
INFO: [ app_init ] --END-- [ RunTime:0.000284s ]

[ 2018-12-27T09:24:08+08:00 ] 127.0.0.1 /Public/home/img/rightbar-bg.png
INFO: [ app_init ] --START--
INFO: Run Behavior\BuildLiteBehavior [ RunTime:0.000006s ]
INFO: [ app_init ] --END-- [ RunTime:0.000223s ]

[ 2018-12-27T09:24:08+08:00 ] 127.0.0.1 /img/v2/hp2.png?_=20140624
INFO: [ app_init ] --START--
INFO: Run Behavior\BuildLiteBehavior [ RunTime:0.000009s ]
INFO: [ app_init ] --END-- [ RunTime:0.000266s ]

[ 2018-12-27T09:24:08+08:00 ] 127.0.0.1 /json/white/area/provinces
INFO: [ app_init ] --START--
INFO: Run Behavior\BuildLiteBehavior [ RunTime:0.000019s ]
INFO: [ app_init ] --END-- [ RunTime:0.000533s ]
INFO: [ app_begin ] --START--
INFO: Run Behavior\ReadHtmlCacheBehavior [ RunTime:0.000623s ]
INFO: Run Behavior\CronRunBehavior [ RunTime:0.000319s ]
INFO: Run Behavior\CheckLangBehavior [ RunTime:0.000755s ]
INFO: [ app_begin ] --END-- [ RunTime:0.001779s ]
ERR: 无法加载控制器:Json

[ 2018-12-27T09:24:10+08:00 ] 127.0.0.1 /Public/home/img/account/bg-doctor.jpg
INFO: [ app_init ] --START--
INFO: Run Behavior\BuildLiteBehavior [ RunTime:0.000013s ]
INFO: [ app_init ] --END-- [ RunTime:0.000378s ]

[ 2018-12-27T09:24:10+08:00 ] 127.0.0.1 /Public/home/img/account/double-arrow.png
INFO: [ app_init ] --START--
INFO: Run Behavior\BuildLiteBehavior [ RunTime:0.000009s ]
INFO: [ app_init ] --END-- [ RunTime:0.000236s ]

[ 2018-12-27T09:24:10+08:00 ] 127.0.0.1 /Public/home/img/account/show-qr.png
INFO: [ app_init ] --START--
INFO: Run Behavior\BuildLiteBehavior [ RunTime:0.000007s ]
INFO: [ app_init ] --END-- [ RunTime:0.000228s ]

[ 2018-12-27T09:24:37+08:00 ] 127.0.0.1 /json/white/area/provinces
INFO: [ app_init ] --START--
INFO: Run Behavior\BuildLiteBehavior [ RunTime:0.000010s ]
INFO: [ app_init ] --END-- [ RunTime:0.000336s ]
INFO: [ app_begin ] --START--
INFO: Run Behavior\ReadHtmlCacheBehavior [ RunTime:0.000285s ]
INFO: Run Behavior\CronRunBehavior [ RunTime:0.000184s ]
INFO: Run Behavior\CheckLangBehavior [ RunTime:0.000450s ]
INFO: [ app_begin ] --END-- [ RunTime:0.000980s ]
ERR: 无法加载控制器:Json

[ 2018-12-27T09:25:34+08:00 ] 127.0.0.1 /Public/home/css/img/account/v3/sprite-login.png
INFO: [ app_init ] --START--
INFO: Run Behavior\BuildLiteBehavior [ RunTime:0.000032s ]
INFO: [ app_init ] --END-- [ RunTime:0.000299s ]

[ 2018-12-27T09:25:34+08:00 ] 127.0.0.1 /Public/home/css/img/account/bg-user.jpg
INFO: [ app_init ] --START--
INFO: Run Behavior\BuildLiteBehavior [ RunTime:0.000011s ]
INFO: [ app_init ] --END-- [ RunTime:0.000275s ]

[ 2018-12-27T09:25:34+08:00 ] 127.0.0.1 /index.php/His/Login/geetest_show_verify
INFO: [ app_init ] --START--
INFO: Run Behavior\BuildLiteBehavior [ RunTime:0.000018s ]
INFO: [ app_init ] --END-- [ RunTime:0.000387s ]
INFO: [ app_begin ] --START--
INFO: Run Behavior\ReadHtmlCacheBehavior [ RunTime:0.000309s ]
INFO: Run Behavior\CronRunBehavior [ RunTime:0.000197s ]
INFO: Run Behavior\CheckLangBehavior [ RunTime:0.000502s ]
INFO: [ app_begin ] --END-- [ RunTime:0.001075s ]
INFO: [ view_parse ] --START--
INFO: [ template_filter ] --START--
INFO: Run Behavior\ContentReplaceBehavior [ RunTime:0.000037s ]
INFO: [ template_filter ] --END-- [ RunTime:0.000072s ]
INFO: Run Behavior\ParseTemplateBehavior [ RunTime:0.018372s ]
INFO: [ view_parse ] --END-- [ RunTime:0.018416s ]
INFO: [ view_filter ] --START--
INFO: Run Behavior\WriteHtmlCacheBehavior [ RunTime:0.000369s ]
INFO: Run Behavior\TokenBuildBehavior [ RunTime:0.000536s ]
INFO: [ view_filter ] --END-- [ RunTime:0.000944s ]
INFO: [ app_end ] --START--
INFO: Run Behavior\ShowPageTraceBehavior [ RunTime:0.000490s ]
INFO: [ app_end ] --END-- [ RunTime:0.000512s ]

[ 2018-12-27T09:30:15+08:00 ] 127.0.0.1 /Public/home/css/img/account/bg-user.jpg
INFO: [ app_init ] --START--
INFO: Run Behavior\BuildLiteBehavior [ RunTime:0.000010s ]
INFO: [ app_init ] --END-- [ RunTime:0.000261s ]

[ 2018-12-27T09:30:15+08:00 ] 127.0.0.1 /Public/home/css/img/account/v3/sprite-login.png
INFO: [ app_init ] --START--
INFO: Run Behavior\BuildLiteBehavior [ RunTime:0.000008s ]
INFO: [ app_init ] --END-- [ RunTime:0.000309s ]

[ 2018-12-27T09:30:19+08:00 ] 127.0.0.1 /img/v2/sprites.png?_=20131125
INFO: [ app_init ] --START--
INFO: Run Behavior\BuildLiteBehavior [ RunTime:0.000018s ]
INFO: [ app_init ] --END-- [ RunTime:0.000405s ]

[ 2018-12-27T09:30:19+08:00 ] 127.0.0.1 /img/v2/1px-bg.png
INFO: [ app_init ] --START--
INFO: Run Behavior\BuildLiteBehavior [ RunTime:0.000013s ]
INFO: [ app_init ] --END-- [ RunTime:0.000295s ]

[ 2018-12-27T09:30:19+08:00 ] 127.0.0.1 /Public/home/img/2015/home/nav_arrow.png
INFO: [ app_init ] --START--
INFO: Run Behavior\BuildLiteBehavior [ RunTime:0.000008s ]
INFO: [ app_init ] --END-- [ RunTime:0.000297s ]

[ 2018-12-27T09:30:19+08:00 ] 127.0.0.1 /Public/home/img/v2/index-banner.jpg?v=2017_04_28
INFO: [ app_init ] --START--
INFO: Run Behavior\BuildLiteBehavior [ RunTime:0.000010s ]
INFO: [ app_init ] --END-- [ RunTime:0.000323s ]

[ 2018-12-27T09:30:19+08:00 ] 127.0.0.1 /Public/home/css/images/img-index.gif
INFO: [ app_init ] --START--
INFO: Run Behavior\BuildLiteBehavior [ RunTime:0.000008s ]
INFO: [ app_init ] --END-- [ RunTime:0.000292s ]

[ 2018-12-27T09:30:19+08:00 ] 127.0.0.1 /Public/home/img/2015/home/home-sprite.png
INFO: [ app_init ] --START--
INFO: Run Behavior\BuildLiteBehavior [ RunTime:0.000007s ]
INFO: [ app_init ] --END-- [ RunTime:0.000285s ]

[ 2018-12-27T09:30:19+08:00 ] 127.0.0.1 /Public/home/img/2015/home/ask.png?v=20170505
INFO: [ app_init ] --START--
INFO: Run Behavior\BuildLiteBehavior [ RunTime:0.000011s ]
INFO: [ app_init ] --END-- [ RunTime:0.000314s ]

[ 2018-12-27T09:30:19+08:00 ] 127.0.0.1 /Public/home/img/internethospital/opened.png
INFO: [ app_init ] --START--
INFO: Run Behavior\BuildLiteBehavior [ RunTime:0.000029s ]
INFO: [ app_init ] --END-- [ RunTime:0.000568s ]

[ 2018-12-27T09:30:19+08:00 ] 127.0.0.1 /Public/home/img/2015/home/ask.png
INFO: [ app_init ] --START--
INFO: Run Behavior\BuildLiteBehavior [ RunTime:0.000041s ]
INFO: [ app_init ] --END-- [ RunTime:0.000826s ]

[ 2018-12-27T09:30:19+08:00 ] 127.0.0.1 /Public/home/img/search/more-dot.png
INFO: [ app_init ] --START--
INFO: Run Behavior\BuildLiteBehavior [ RunTime:0.000042s ]
INFO: [ app_init ] --END-- [ RunTime:0.000851s ]

[ 2018-12-27T09:30:19+08:00 ] 127.0.0.1 /Public/home/img/consult.png
INFO: [ app_init ] --START--
INFO: Run Behavior\BuildLiteBehavior [ RunTime:0.000051s ]
INFO: [ app_init ] --END-- [ RunTime:0.000868s ]

[ 2018-12-27T09:30:19+08:00 ] 127.0.0.1 /Public/home/css/images/yyk_serach_arrow.gif
INFO: [ app_init ] --START--
INFO: Run Behavior\BuildLiteBehavior [ RunTime:0.000019s ]
INFO: [ app_init ] --END-- [ RunTime:0.000404s ]

[ 2018-12-27T09:30:19+08:00 ] 127.0.0.1 /Public/home/img/weDoctor.png
INFO: [ app_init ] --START--
INFO: Run Behavior\BuildLiteBehavior [ RunTime:0.000011s ]
INFO: [ app_init ] --END-- [ RunTime:0.000261s ]



[ 2018-12-27T09:30:19+08:00 ] 127.0.0.1 /Public/home/img/rightbar-bg.png
INFO: [ app_init ] --START--
INFO: Run Behavior\BuildLiteBehavior [ RunTime:0.000011s ]
INFO: [ app_init ] --END-- [ RunTime:0.000299s ]

[ 2018-12-27T09:30:19+08:00 ] 127.0.0.1 /img/v2/hp2.png?_=20140624
INFO: [ app_init ] --START--
INFO: Run Behavior\BuildLiteBehavior [ RunTime:0.000008s ]
INFO: [ app_init ] --END-- [ RunTime:0.000239s ]

[ 2018-12-27T09:30:19+08:00 ] 127.0.0.1 /json/white/area/provinces
INFO: [ app_init ] --START--
INFO: Run Behavior\BuildLiteBehavior [ RunTime:0.000027s ]
INFO: [ app_init ] --END-- [ RunTime:0.000507s ]
INFO: [ app_begin ] --START--
INFO: Run Behavior\ReadHtmlCacheBehavior [ RunTime:0.000436s ]
INFO: Run Behavior\CronRunBehavior [ RunTime:0.000287s ]
INFO: Run Behavior\CheckLangBehavior [ RunTime:0.000739s ]
INFO: [ app_begin ] --END-- [ RunTime:0.001569s ]
ERR: 无法加载控制器:Json

[ 2018-12-27T09:30:34+08:00 ] 127.0.0.1 /Public/home/css/img/account/bg-user.jpg
INFO: [ app_init ] --START--
INFO: Run Behavior\BuildLiteBehavior [ RunTime:0.000008s ]
INFO: [ app_init ] --END-- [ RunTime:0.000238s ]

[ 2018-12-27T09:30:34+08:00 ] 127.0.0.1 /Public/home/css/img/account/v3/sprite-login.png
INFO: [ app_init ] --START--
INFO: Run Behavior\BuildLiteBehavior [ RunTime:0.000006s ]
INFO: [ app_init ] --END-- [ RunTime:0.000226s ]

[ 2018-12-27T09:30:37+08:00 ] 127.0.0.1 /img/v2/1px-bg.png
INFO: [ app_init ] --START--
INFO: Run Behavior\BuildLiteBehavior [ RunTime:0.000014s ]
INFO: [ app_init ] --END-- [ RunTime:0.000449s ]

[ 2018-12-27T09:30:37+08:00 ] 127.0.0.1 /img/v2/sprites.png?_=20131125
INFO: [ app_init ] --START--
INFO: Run Behavior\BuildLiteBehavior [ RunTime:0.000008s ]
INFO: [ app_init ] --END-- [ RunTime:0.000279s ]

[ 2018-12-27T09:30:37+08:00 ] 127.0.0.1 /Public/home/img/2015/home/nav_arrow.png
INFO: [ app_init ] --START--
INFO: Run Behavior\BuildLiteBehavior [ RunTime:0.000012s ]
INFO: [ app_init ] --END-- [ RunTime:0.000326s ]

[ 2018-12-27T09:30:37+08:00 ] 127.0.0.1 /Public/home/img/v2/index-banner.jpg?v=2017_04_28
INFO: [ app_init ] --START--
INFO: Run Behavior\BuildLiteBehavior [ RunTime:0.000013s ]
INFO: [ app_init ] --END-- [ RunTime:0.000297s ]

[ 2018-12-27T09:30:37+08:00 ] 127.0.0.1 /Public/home/img/2015/home/home-sprite.png
INFO: [ app_init ] --START--
INFO: Run Behavior\BuildLiteBehavior [ RunTime:0.000017s ]
INFO: [ app_init ] --END-- [ RunTime:0.000595s ]

[ 2018-12-27T09:30:37+08:00 ] 127.0.0.1 /Public/home/css/images/img-index.gif
INFO: [ app_init ] --START--
INFO: Run Behavior\BuildLiteBehavior [ RunTime:0.000017s ]
INFO: [ app_init ] --END-- [ RunTime:0.000456s ]

[ 2018-12-27T09:30:37+08:00 ] 127.0.0.1 /Public/home/img/2015/home/ask.png
INFO: [ app_init ] --START--
INFO: Run Behavior\BuildLiteBehavior [ RunTime:0.000033s ]
INFO: [ app_init ] --END-- [ RunTime:0.000293s ]

[ 2018-12-27T09:30:37+08:00 ] 127.0.0.1 /Public/home/css/images/yyk_serach_arrow.gif
INFO: [ app_init ] --START--
INFO: Run Behavior\BuildLiteBehavior [ RunTime:0.000014s ]
INFO: [ app_init ] --END-- [ RunTime:0.000369s ]

[ 2018-12-27T09:30:37+08:00 ] 127.0.0.1 /Public/home/img/2015/home/ask.png?v=20170505
INFO: [ app_init ] --START--
INFO: Run Behavior\BuildLiteBehavior [ RunTime:0.000009s ]
INFO: [ app_init ] --END-- [ RunTime:0.000294s ]

[ 2018-12-27T09:30:37+08:00 ] 127.0.0.1 /Public/home/img/internethospital/opened.png
INFO: [ app_init ] --START--
INFO: Run Behavior\BuildLiteBehavior [ RunTime:0.000007s ]
INFO: [ app_init ] --END-- [ RunTime:0.000333s ]

[ 2018-12-27T09:30:37+08:00 ] 127.0.0.1 /Public/home/img/consult.png
INFO: [ app_init ] --START--
INFO: Run Behavior\BuildLiteBehavior [ RunTime:0.000008s ]
INFO: [ app_init ] --END-- [ RunTime:0.000261s ]

[ 2018-12-27T09:30:37+08:00 ] 127.0.0.1 /Public/home/img/search/more-dot.png
INFO: [ app_init ] --START--
INFO: Run Behavior\BuildLiteBehavior [ RunTime:0.000011s ]
INFO: [ app_init ] --END-- [ RunTime:0.000335s ]

[ 2018-12-27T09:30:37+08:00 ] 127.0.0.1 /Public/home/img/weDoctor.png
INFO: [ app_init ] --START--
INFO: Run Behavior\BuildLiteBehavior [ RunTime:0.000008s ]
INFO: [ app_init ] --END-- [ RunTime:0.000235s ]

[ 2018-12-27T09:30:37+08:00 ] 127.0.0.1 /Public/home/img/spritesheet.png
INFO: [ app_init ] --START--
INFO: Run Behavior\BuildLiteBehavior [ RunTime:0.000007s ]
INFO: [ app_init ] --END-- [ RunTime:0.000220s ]

[ 2018-12-27T09:30:37+08:00 ] 127.0.0.1 /Public/home/img/rightbar-bg.png
INFO: [ app_init ] --START--
INFO: Run Behavior\BuildLiteBehavior [ RunTime:0.000042s ]
INFO: [ app_init ] --END-- [ RunTime:0.001260s ]

[ 2018-12-27T09:30:37+08:00 ] 127.0.0.1 /img/v2/hp2.png?_=20140624
INFO: [ app_init ] --START--
INFO: Run Behavior\BuildLiteBehavior [ RunTime:0.000011s ]
INFO: [ app_init ] --END-- [ RunTime:0.000264s ]

[ 2018-12-27T09:30:37+08:00 ] 127.0.0.1 /json/white/area/provinces
INFO: [ app_init ] --START--
INFO: Run Behavior\BuildLiteBehavior [ RunTime:0.000014s ]
INFO: [ app_init ] --END-- [ RunTime:0.000254s ]
INFO: [ app_begin ] --START--
INFO: Run Behavior\ReadHtmlCacheBehavior [ RunTime:0.000457s ]
INFO: Run Behavior\CronRunBehavior [ RunTime:0.000284s ]
INFO: Run Behavior\CheckLangBehavior [ RunTime:0.000705s ]
INFO: [ app_begin ] --END-- [ RunTime:0.001510s ]
ERR: 无法加载控制器:Json

[ 2018-12-27T09:30:39+08:00 ] 127.0.0.1 /img/v2/1px-bg.png
INFO: [ app_init ] --START--
INFO: Run Behavior\BuildLiteBehavior [ RunTime:0.000008s ]
INFO: [ app_init ] --END-- [ RunTime:0.000269s ]

[ 2018-12-27T09:30:39+08:00 ] 127.0.0.1 /img/v2/sprites.png?_=20131125
INFO: [ app_init ] --START--
INFO: Run Behavior\BuildLiteBehavior [ RunTime:0.000007s ]
INFO: [ app_init ] --END-- [ RunTime:0.000263s ]

[ 2018-12-27T09:30:39+08:00 ] 127.0.0.1 /Public/home/img/2015/home/doctor-login.png
INFO: [ app_init ] --START--
INFO: Run Behavior\BuildLiteBehavior [ RunTime:0.000007s ]
INFO: [ app_init ] --END-- [ RunTime:0.000252s ]

[ 2018-12-27T09:30:39+08:00 ] 127.0.0.1 /Public/home/img/2015/home/nav_arrow.png
INFO: [ app_init ] --START--
INFO: Run Behavior\BuildLiteBehavior [ RunTime:0.000012s ]
INFO: [ app_init ] --END-- [ RunTime:0.000374s ]

[ 2018-12-27T09:30:39+08:00 ] 127.0.0.1 /Public/home/img/v2/index-banner.jpg?v=2017_04_28
INFO: [ app_init ] --START--
INFO: Run Behavior\BuildLiteBehavior [ RunTime:0.000009s ]
INFO: [ app_init ] --END-- [ RunTime:0.000389s ]

[ 2018-12-27T09:30:39+08:00 ] 127.0.0.1 /Public/home/img/2015/home/home-sprite.png
INFO: [ app_init ] --START--
INFO: Run Behavior\BuildLiteBehavior [ RunTime:0.000008s ]
INFO: [ app_init ] --END-- [ RunTime:0.000318s ]

[ 2018-12-27T09:30:39+08:00 ] 127.0.0.1 /Public/home/css/images/img-index.gif
INFO: [ app_init ] --START--
INFO: Run Behavior\BuildLiteBehavior [ RunTime:0.000007s ]
INFO: [ app_init ] --END-- [ RunTime:0.000241s ]

[ 2018-12-27T09:30:39+08:00 ] 127.0.0.1 /Public/home/img/2015/home/ask.png?v=20170505
INFO: [ app_init ] --START--
INFO: Run Behavior\BuildLiteBehavior [ RunTime:0.000014s ]
INFO: [ app_init ] --END-- [ RunTime:0.000420s ]

[ 2018-12-27T09:30:39+08:00 ] 127.0.0.1 /Public/home/img/search/more-dot.png
INFO: [ app_init ] --START--
INFO: Run Behavior\BuildLiteBehavior [ RunTime:0.000012s ]
INFO: [ app_init ] --END-- [ RunTime:0.000367s ]

[ 2018-12-27T09:30:39+08:00 ] 127.0.0.1 /Public/home/img/consult.png
INFO: [ app_init ] --START--
INFO: Run Behavior\BuildLiteBehavior [ RunTime:0.000012s ]
INFO: [ app_init ] --END-- [ RunTime:0.000403s ]

[ 2018-12-27T09:30:39+08:00 ] 127.0.0.1 /Public/home/img/internethospital/opened.png
INFO: [ app_init ] --START--
INFO: Run Behavior\BuildLiteBehavior [ RunTime:0.000007s ]
INFO: [ app_init ] --END-- [ RunTime:0.000259s ]

[ 2018-12-27T09:30:39+08:00 ] 127.0.0.1 /Public/home/css/images/yyk_serach_arrow.gif
INFO: [ app_init ] --START--
INFO: Run Behavior\BuildLiteBehavior [ RunTime:0.000010s ]
INFO: [ app_init ] --END-- [ RunTime:0.000357s ]

[ 2018-12-27T09:30:39+08:00 ] 127.0.0.1 /Public/home/img/2015/home/ask.png
INFO: [ app_init ] --START--
INFO: Run Behavior\BuildLiteBehavior [ RunTime:0.000012s ]
INFO: [ app_init ] --END-- [ RunTime:0.000369s ]

[ 2018-12-27T09:30:40+08:00 ] 127.0.0.1 /Public/home/img/spritesheet.png
INFO: [ app_init ] --START--
INFO: Run Behavior\BuildLiteBehavior [ RunTime:0.000007s ]
INFO: [ app_init ] --END-- [ RunTime:0.000351s ]

[ 2018-12-27T09:30:40+08:00 ] 127.0.0.1 /Public/home/img/weDoctor.png
INFO: [ app_init ] --START--
INFO: Run Behavior\BuildLiteBehavior [ RunTime:0.000007s ]
INFO: [ app_init ] --END-- [ RunTime:0.000368s ]

[ 2018-12-27T09:30:40+08:00 ] 127.0.0.1 /Public/home/img/rightbar-bg.png
INFO: [ app_init ] --START--
INFO: Run Behavior\BuildLiteBehavior [ RunTime:0.000008s ]
INFO: [ app_init ] --END-- [ RunTime:0.000242s ]

[ 2018-12-27T09:30:40+08:00 ] 127.0.0.1 /img/v2/hp2.png?_=20140624
INFO: [ app_init ] --START--
INFO: Run Behavior\BuildLiteBehavior [ RunTime:0.000045s ]
INFO: [ app_init ] --END-- [ RunTime:0.001165s ]

[ 2018-12-27T09:30:40+08:00 ] 127.0.0.1 /json/white/area/provinces
INFO: [ app_init ] --START--
INFO: Run Behavior\BuildLiteBehavior [ RunTime:0.000007s ]
INFO: [ app_init ] --END-- [ RunTime:0.000234s ]
INFO: [ app_begin ] --START--
INFO: Run Behavior\ReadHtmlCacheBehavior [ RunTime:0.000298s ]
INFO: Run Behavior\CronRunBehavior [ RunTime:0.000199s ]
INFO: Run Behavior\CheckLangBehavior [ RunTime:0.000490s ]
INFO: [ app_begin ] --END-- [ RunTime:0.001050s ]
ERR: 无法加载控制器:Json

[ 2018-12-27T09:30:42+08:00 ] 127.0.0.1 /Public/home/css/img/account/v3/sprite-login.png
INFO: [ app_init ] --START--
INFO: Run Behavior\BuildLiteBehavior [ RunTime:0.000009s ]
INFO: [ app_init ] --END-- [ RunTime:0.000267s ]

[ 2018-12-27T09:30:42+08:00 ] 127.0.0.1 /Public/home/css/img/account/bg-user.jpg
INFO: [ app_init ] --START--
INFO: Run Behavior\BuildLiteBehavior [ RunTime:0.000008s ]
INFO: [ app_init ] --END-- [ RunTime:0.000262s ]

[ 2018-12-27T09:30:45+08:00 ] 127.0.0.1 /img/v2/sprites.png?_=20131125
INFO: [ app_init ] --START--
INFO: Run Behavior\BuildLiteBehavior [ RunTime:0.000009s ]
INFO: [ app_init ] --END-- [ RunTime:0.000275s ]

[ 2018-12-27T09:30:45+08:00 ] 127.0.0.1 /img/v2/1px-bg.png
INFO: [ app_init ] --START--
INFO: Run Behavior\BuildLiteBehavior [ RunTime:0.000011s ]
INFO: [ app_init ] --END-- [ RunTime:0.000375s ]

[ 2018-12-27T09:30:45+08:00 ] 127.0.0.1 /Public/home/img/2015/home/home-sprite.png
INFO: [ app_init ] --START--
INFO: Run Behavior\BuildLiteBehavior [ RunTime:0.000008s ]
INFO: [ app_init ] --END-- [ RunTime:0.000374s ]

[ 2018-12-27T09:30:45+08:00 ] 127.0.0.1 /Public/home/img/v2/index-banner.jpg?v=2017_04_28
INFO: [ app_init ] --START--
INFO: Run Behavior\BuildLiteBehavior [ RunTime:0.000017s ]
INFO: [ app_init ] --END-- [ RunTime:0.000471s ]

[ 2018-12-27T09:30:45+08:00 ] 127.0.0.1 /Public/home/img/2015/home/nav_arrow.png
INFO: [ app_init ] --START--
INFO: Run Behavior\BuildLiteBehavior [ RunTime:0.000017s ]
INFO: [ app_init ] --END-- [ RunTime:0.000536s ]

[ 2018-12-27T09:30:45+08:00 ] 127.0.0.1 /Public/home/css/images/img-index.gif
INFO: [ app_init ] --START--
INFO: Run Behavior\BuildLiteBehavior [ RunTime:0.000013s ]
INFO: [ app_init ] --END-- [ RunTime:0.000539s ]

[ 2018-12-27T09:30:45+08:00 ] 127.0.0.1 /Public/home/img/internethospital/opened.png
INFO: [ app_init ] --START--
INFO: Run Behavior\BuildLiteBehavior [ RunTime:0.000022s ]
INFO: [ app_init ] --END-- [ RunTime:0.000587s ]

[ 2018-12-27T09:30:45+08:00 ] 127.0.0.1 /Public/home/img/2015/home/ask.png
INFO: [ app_init ] --START--
INFO: Run Behavior\BuildLiteBehavior [ RunTime:0.000045s ]
INFO: [ app_init ] --END-- [ RunTime:0.000851s ]

[ 2018-12-27T09:30:45+08:00 ] 127.0.0.1 /Public/home/img/2015/home/ask.png?v=20170505
INFO: [ app_init ] --START--
INFO: Run Behavior\BuildLiteBehavior [ RunTime:0.000008s ]
INFO: [ app_init ] --END-- [ RunTime:0.000279s ]

[ 2018-12-27T09:30:45+08:00 ] 127.0.0.1 /Public/home/img/search/more-dot.png
INFO: [ app_init ] --START--
INFO: Run Behavior\BuildLiteBehavior [ RunTime:0.000008s ]
INFO: [ app_init ] --END-- [ RunTime:0.000304s ]

0s ]

[ 2018-12-27T09:30:45+08:00 ] 127.0.0.1 /Public/home/img/consult.png
INFO: [ app_init ] --START--
INFO: Run Behavior\BuildLiteBehavior [ RunTime:0.000010s ]
INFO: [ app_init ] --END-- [ RunTime:0.000315s ]

[ 2018-12-27T09:30:45+08:00 ] 127.0.0.1 /Public/home/img/spritesheet.png
INFO: [ app_init ] --START--
INFO: Run Behavior\BuildLiteBehavior [ RunTime:0.000012s ]
INFO: [ app_init ] --END-- [ RunTime:0.000358s ]

[ 2018-12-27T09:30:45+08:00 ] 127.0.0.1 /Public/home/img/weDoctor.png
INFO: [ app_init ] --START--
INFO: Run Behavior\BuildLiteBehavior [ RunTime:0.000017s ]
INFO: [ app_init ] --END-- [ RunTime:0.000458s ]

[ 2018-12-27T09:30:45+08:00 ] 127.0.0.1 /Public/home/img/rightbar-bg.png
INFO: [ app_init ] --START--
INFO: Run Behavior\BuildLiteBehavior [ RunTime:0.000013s ]
INFO: [ app_init ] --END-- [ RunTime:0.000308s ]

[ 2018-12-27T09:30:45+08:00 ] 127.0.0.1 /img/v2/hp2.png?_=20140624
INFO: [ app_init ] --START--
INFO: Run Behavior\BuildLiteBehavior [ RunTime:0.000010s ]
INFO: [ app_init ] --END-- [ RunTime:0.000442s ]

[ 2018-12-27T09:30:45+08:00 ] 127.0.0.1 /json/white/area/provinces
INFO: [ app_init ] --START--
INFO: Run Behavior\BuildLiteBehavior [ RunTime:0.000010s ]
INFO: [ app_init ] --END-- [ RunTime:0.000289s ]
INFO: [ app_begin ] --START--
INFO: Run Behavior\ReadHtmlCacheBehavior [ RunTime:0.000349s ]
INFO: Run Behavior\CronRunBehavior [ RunTime:0.000230s ]
INFO: Run Behavior\CheckLangBehavior [ RunTime:0.000857s ]
INFO: [ app_begin ] --END-- [ RunTime:0.001552s ]
ERR: 无法加载控制器:Json

[ 2018-12-27T09:31:28+08:00 ] 127.0.0.1 /Public/home/css/img/account/v3/sprite-login.png
INFO: [ app_init ] --START--
INFO: Run Behavior\BuildLiteBehavior [ RunTime:0.000012s ]
INFO: [ app_init ] --END-- [ RunTime:0.000294s ]

[ 2018-12-27T09:31:28+08:00 ] 127.0.0.1 /Public/home/css/img/account/bg-user.jpg
INFO: [ app_init ] --START--
INFO: Run Behavior\BuildLiteBehavior [ RunTime:0.000012s ]
INFO: [ app_init ] --END-- [ RunTime:0.000390s ]

[ 2018-12-27T09:31:29+08:00 ] 127.0.0.1 /img/v2/sprites.png?_=20131125
INFO: [ app_init ] --START--
INFO: Run Behavior\BuildLiteBehavior [ RunTime:0.000008s ]
INFO: [ app_init ] --END-- [ RunTime:0.000274s ]

[ 2018-12-27T09:31:29+08:00 ] 127.0.0.1 /Public/home/img/2015/home/doctor-login.png
INFO: [ app_init ] --START--
INFO: Run Behavior\BuildLiteBehavior [ RunTime:0.000024s ]
INFO: [ app_init ] --END-- [ RunTime:0.000393s ]

[ 2018-12-27T09:31:29+08:00 ] 127.0.0.1 /img/v2/1px-bg.png
INFO: [ app_init ] --START--
INFO: Run Behavior\BuildLiteBehavior [ RunTime:0.000024s ]
INFO: [ app_init ] --END-- [ RunTime:0.000327s ]

[ 2018-12-27T09:31:29+08:00 ] 127.0.0.1 /Public/home/img/2015/home/home-sprite.png
INFO: [ app_init ] --START--
INFO: Run Behavior\BuildLiteBehavior [ RunTime:0.000014s ]
INFO: [ app_init ] --END-- [ RunTime:0.000359s ]

[ 2018-12-27T09:31:29+08:00 ] 127.0.0.1 /Public/home/img/2015/home/nav_arrow.png
INFO: [ app_init ] --START--
INFO: Run Behavior\BuildLiteBehavior [ RunTime:0.000017s ]
INFO: [ app_init ] --END-- [ RunTime:0.000331s ]

[ 2018-12-27T09:31:29+08:00 ] 127.0.0.1 /Public/home/img/v2/index-banner.jpg?v=2017_04_28
INFO: [ app_init ] --START--
INFO: Run Behavior\BuildLiteBehavior [ RunTime:0.000014s ]
INFO: [ app_init ] --END-- [ RunTime:0.000404s ]

[ 2018-12-27T09:31:29+08:00 ] 127.0.0.1 /Public/home/css/images/img-index.gif
INFO: [ app_init ] --START--
INFO: Run Behavior\BuildLiteBehavior [ RunTime:0.000008s ]
INFO: [ app_init ] --END-- [ RunTime:0.000279s ]

[ 2018-12-27T09:31:29+08:00 ] 127.0.0.1 /Public/home/img/2015/home/ask.png
INFO: [ app_init ] --START--
INFO: Run Behavior\BuildLiteBehavior [ RunTime:0.000009s ]
INFO: [ app_init ] --END-- [ RunTime:0.000274s ]

[ 2018-12-27T09:31:29+08:00 ] 127.0.0.1 /Public/home/img/2015/home/ask.png?v=20170505
INFO: [ app_init ] --START--
INFO: Run Behavior\BuildLiteBehavior [ RunTime:0.000007s ]
INFO: [ app_init ] --END-- [ RunTime:0.000275s ]

[ 2018-12-27T09:31:29+08:00 ] 127.0.0.1 /Public/home/img/internethospital/opened.png
INFO: [ app_init ] --START--
INFO: Run Behavior\BuildLiteBehavior [ RunTime:0.000008s ]
INFO: [ app_init ] --END-- [ RunTime:0.000294s ]

[ 2018-12-27T09:31:29+08:00 ] 127.0.0.1 /Public/home/img/search/more-dot.png
INFO: [ app_init ] --START--
INFO: Run Behavior\BuildLiteBehavior [ RunTime:0.000007s ]
INFO: [ app_init ] --END-- [ RunTime:0.000264s ]

[ 2018-12-27T09:31:29+08:00 ] 127.0.0.1 /Public/home/img/consult.png
INFO: [ app_init ] --START--
INFO: Run Behavior\BuildLiteBehavior [ RunTime:0.000007s ]
INFO: [ app_init ] --END-- [ RunTime:0.000261s ]

[ 2018-12-27T09:31:29+08:00 ] 127.0.0.1 /Public/home/css/images/yyk_serach_arrow.gif
INFO: [ app_init ] --START--
INFO: Run Behavior\BuildLiteBehavior [ RunTime:0.000013s ]
INFO: [ app_init ] --END-- [ RunTime:0.000367s ]

[ 2018-12-27T09:31:29+08:00 ] 127.0.0.1 /Public/home/img/weDoctor.png
INFO: [ app_init ] --START--
INFO: Run Behavior\BuildLiteBehavior [ RunTime:0.000007s ]
INFO: [ app_init ] --END-- [ RunTime:0.000258s ]

[ 2018-12-27T09:31:29+08:00 ] 127.0.0.1 /Public/home/img/spritesheet.png
INFO: [ app_init ] --START--
INFO: Run Behavior\BuildLiteBehavior [ RunTime:0.000008s ]
INFO: [ app_init ] --END-- [ RunTime:0.000260s ]

[ 2018-12-27T09:31:29+08:00 ] 127.0.0.1 /Public/home/img/rightbar-bg.png
INFO: [ app_init ] --START--
INFO: Run Behavior\BuildLiteBehavior [ RunTime:0.000010s ]
INFO: [ app_init ] --END-- [ RunTime:0.000328s ]

[ 2018-12-27T09:31:29+08:00 ] 127.0.0.1 /img/v2/hp2.png?_=20140624
INFO: [ app_init ] --START--
INFO: Run Behavior\BuildLiteBehavior [ RunTime:0.000008s ]
INFO: [ app_init ] --END-- [ RunTime:0.000256s ]

[ 2018-12-27T09:31:29+08:00 ] 127.0.0.1 /json/white/area/provinces
INFO: [ app_init ] --START--
INFO: Run Behavior\BuildLiteBehavior [ RunTime:0.000009s ]
INFO: [ app_init ] --END-- [ RunTime:0.000269s ]
INFO: [ app_begin ] --START--
INFO: Run Behavior\ReadHtmlCacheBehavior [ RunTime:0.000485s ]
INFO: Run Behavior\CronRunBehavior [ RunTime:0.000359s ]
INFO: Run Behavior\CheckLangBehavior [ RunTime:0.000975s ]
INFO: [ app_begin ] --END-- [ RunTime:0.001929s ]
ERR: 无法加载控制器:Json

[ 2018-12-27T09:31:36+08:00 ] 127.0.0.1 /Public/home/img/2015/home/doctor-login.png
INFO: [ app_init ] --START--
INFO: Run Behavior\BuildLiteBehavior [ RunTime:0.000017s ]
INFO: [ app_init ] --END-- [ RunTime:0.000452s ]

[ 2018-12-27T09:31:36+08:00 ] 127.0.0.1 /img/v2/sprites.png?_=20131125
INFO: [ app_init ] --START--
INFO: Run Behavior\BuildLiteBehavior [ RunTime:0.000013s ]
INFO: [ app_init ] --END-- [ RunTime:0.000326s ]

[ 2018-12-27T09:31:36+08:00 ] 127.0.0.1 /Public/home/img/2015/home/home-sprite.png
INFO: [ app_init ] --START--
INFO: Run Behavior\BuildLiteBehavior [ RunTime:0.000009s ]
INFO: [ app_init ] --END-- [ RunTime:0.000359s ]

[ 2018-12-27T09:31:36+08:00 ] 127.0.0.1 /img/v2/1px-bg.png
INFO: [ app_init ] --START--
INFO: Run Behavior\BuildLiteBehavior [ RunTime:0.000012s ]
INFO: [ app_init ] --END-- [ RunTime:0.000450s ]

[ 2018-12-27T09:31:36+08:00 ] 127.0.0.1 /Public/home/img/v2/index-banner.jpg?v=2017_04_28
INFO: [ app_init ] --START--
INFO: Run Behavior\BuildLiteBehavior [ RunTime:0.000012s ]
INFO: [ app_init ] --END-- [ RunTime:0.000473s ]

[ 2018-12-27T09:31:36+08:00 ] 127.0.0.1 /Public/home/img/2015/home/nav_arrow.png
INFO: [ app_init ] --START--
INFO: Run Behavior\BuildLiteBehavior [ RunTime:0.000013s ]
INFO: [ app_init ] --END-- [ RunTime:0.000374s ]

[ 2018-12-27T09:31:36+08:00 ] 127.0.0.1 /Public/home/css/images/img-index.gif
INFO: [ app_init ] --START--
INFO: Run Behavior\BuildLiteBehavior [ RunTime:0.000009s ]
INFO: [ app_init ] --END-- [ RunTime:0.000278s ]

[ 2018-12-27T09:31:36+08:00 ] 127.0.0.1 /Public/home/img/2015/home/ask.png?v=20170505
INFO: [ app_init ] --START--
INFO: Run Behavior\BuildLiteBehavior [ RunTime:0.000010s ]
INFO: [ app_init ] --END-- [ RunTime:0.000290s ]

[ 2018-12-27T09:31:36+08:00 ] 127.0.0.1 /Public/home/img/internethospital/opened.png
INFO: [ app_init ] --START--
INFO: Run Behavior\BuildLiteBehavior [ RunTime:0.000009s ]
INFO: [ app_init ] --END-- [ RunTime:0.000297s ]

[ 2018-12-27T09:31:36+08:00 ] 127.0.0.1 /Public/home/img/consult.png
INFO: [ app_init ] --START--
INFO: Run Behavior\BuildLiteBehavior [ RunTime:0.000014s ]
INFO: [ app_init ] --END-- [ RunTime:0.000327s ]

0s ]

[ 2018-12-27T09:31:36+08:00 ] 127.0.0.1 /Public/home/css/images/yyk_serach_arrow.gif
INFO: [ app_init ] --START--
INFO: Run Behavior\BuildLiteBehavior [ RunTime:0.000015s ]
INFO: [ app_init ] --END-- [ RunTime:0.000428s ]

[ 2018-12-27T09:31:36+08:00 ] 127.0.0.1 /Public/home/img/2015/home/ask.png
INFO: [ app_init ] --START--
INFO: Run Behavior\BuildLiteBehavior [ RunTime:0.000011s ]
INFO: [ app_init ] --END-- [ RunTime:0.000381s ]

[ 2018-12-27T09:31:37+08:00 ] 127.0.0.1 /Public/home/img/spritesheet.png
INFO: [ app_init ] --START--
INFO: Run Behavior\BuildLiteBehavior [ RunTime:0.000013s ]
INFO: [ app_init ] --END-- [ RunTime:0.000331s ]

[ 2018-12-27T09:31:37+08:00 ] 127.0.0.1 /Public/home/img/weDoctor.png
INFO: [ app_init ] --START--
INFO: Run Behavior\BuildLiteBehavior [ RunTime:0.000013s ]
INFO: [ app_init ] --END-- [ RunTime:0.000370s ]

[ 2018-12-27T09:31:37+08:00 ] 127.0.0.1 /Public/home/img/rightbar-bg.png
INFO: [ app_init ] --START--
INFO: Run Behavior\BuildLiteBehavior [ RunTime:0.000010s ]
INFO: [ app_init ] --END-- [ RunTime:0.000285s ]

[ 2018-12-27T09:31:37+08:00 ] 127.0.0.1 /img/v2/hp2.png?_=20140624
INFO: [ app_init ] --START--
INFO: Run Behavior\BuildLiteBehavior [ RunTime:0.000007s ]
INFO: [ app_init ] --END-- [ RunTime:0.000260s ]

[ 2018-12-27T09:31:37+08:00 ] 127.0.0.1 /json/white/area/provinces
INFO: [ app_init ] --START--
INFO: Run Behavior\BuildLiteBehavior [ RunTime:0.000017s ]
INFO: [ app_init ] --END-- [ RunTime:0.000627s ]
INFO: [ app_begin ] --START--
INFO: Run Behavior\ReadHtmlCacheBehavior [ RunTime:0.000348s ]
INFO: Run Behavior\CronRunBehavior [ RunTime:0.000231s ]
INFO: Run Behavior\CheckLangBehavior [ RunTime:0.000577s ]
INFO: [ app_begin ] --END-- [ RunTime:0.001222s ]
ERR: 无法加载控制器:Json

[ 2018-12-27T09:31:56+08:00 ] 127.0.0.1 /Public/home/css/img/account/bg-user.jpg
INFO: [ app_init ] --START--
INFO: Run Behavior\BuildLiteBehavior [ RunTime:0.000013s ]
INFO: [ app_init ] --END-- [ RunTime:0.000404s ]

[ 2018-12-27T09:31:56+08:00 ] 127.0.0.1 /Public/home/css/img/account/v3/sprite-login.png
INFO: [ app_init ] --START--
INFO: Run Behavior\BuildLiteBehavior [ RunTime:0.000010s ]
INFO: [ app_init ] --END-- [ RunTime:0.000282s ]

[ 2018-12-27T09:31:58+08:00 ] 127.0.0.1 /Public/home/img/2015/home/doctor-login.png
INFO: [ app_init ] --START--
INFO: Run Behavior\BuildLiteBehavior [ RunTime:0.000016s ]
INFO: [ app_init ] --END-- [ RunTime:0.000464s ]

[ 2018-12-27T09:31:58+08:00 ] 127.0.0.1 /img/v2/sprites.png?_=20131125
INFO: [ app_init ] --START--
INFO: Run Behavior\BuildLiteBehavior [ RunTime:0.000012s ]
INFO: [ app_init ] --END-- [ RunTime:0.000367s ]

[ 2018-12-27T09:31:58+08:00 ] 127.0.0.1 /Public/home/img/2015/home/nav_arrow.png
INFO: [ app_init ] --START--
INFO: Run Behavior\BuildLiteBehavior [ RunTime:0.000010s ]
INFO: [ app_init ] --END-- [ RunTime:0.000334s ]

[ 2018-12-27T09:31:58+08:00 ] 127.0.0.1 /Public/home/img/2015/home/home-sprite.png
INFO: [ app_init ] --START--
INFO: Run Behavior\BuildLiteBehavior [ RunTime:0.000008s ]
INFO: [ app_init ] --END-- [ RunTime:0.000343s ]

[ 2018-12-27T09:31:58+08:00 ] 127.0.0.1 /Public/home/img/v2/index-banner.jpg?v=2017_04_28
INFO: [ app_init ] --START--
INFO: Run Behavior\BuildLiteBehavior [ RunTime:0.000015s ]
INFO: [ app_init ] --END-- [ RunTime:0.000493s ]

[ 2018-12-27T09:31:58+08:00 ] 127.0.0.1 /Public/home/css/images/img-index.gif
INFO: [ app_init ] --START--
INFO: Run Behavior\BuildLiteBehavior [ RunTime:0.000009s ]
INFO: [ app_init ] --END-- [ RunTime:0.000275s ]

[ 2018-12-27T09:31:58+08:00 ] 127.0.0.1 /Public/home/img/internethospital/opened.png
INFO: [ app_init ] --START--
INFO: Run Behavior\BuildLiteBehavior [ RunTime:0.000009s ]
INFO: [ app_init ] --END-- [ RunTime:0.000300s ]

[ 2018-12-27T09:31:58+08:00 ] 127.0.0.1 /Public/home/img/2015/home/ask.png
INFO: [ app_init ] --START--
INFO: Run Behavior\BuildLiteBehavior [ RunTime:0.000008s ]
INFO: [ app_init ] --END-- [ RunTime:0.000298s ]

[ 2018-12-27T09:31:58+08:00 ] 127.0.0.1 /Public/home/img/consult.png
INFO: [ app_init ] --START--
INFO: Run Behavior\BuildLiteBehavior [ RunTime:0.000011s ]
INFO: [ app_init ] --END-- [ RunTime:0.000405s ]

[ 2018-12-27T09:31:58+08:00 ] 127.0.0.1 /Public/home/img/2015/home/ask.png?v=20170505
INFO: [ app_init ] --START--
INFO: Run Behavior\BuildLiteBehavior [ RunTime:0.000009s ]
INFO: [ app_init ] --END-- [ RunTime:0.000299s ]

[ 2018-12-27T09:31:58+08:00 ] 127.0.0.1 /Public/home/css/images/yyk_serach_arrow.gif
INFO: [ app_init ] --START--
INFO: Run Behavior\BuildLiteBehavior [ RunTime:0.000009s ]
INFO: [ app_init ] --END-- [ RunTime:0.000347s ]

[ 2018-12-27T09:31:58+08:00 ] 127.0.0.1 /Public/home/img/search/more-dot.png
INFO: [ app_init ] --START--
INFO: Run Behavior\BuildLiteBehavior [ RunTime:0.000009s ]
INFO: [ app_init ] --END-- [ RunTime:0.000346s ]

[ 2018-12-27T09:31:58+08:00 ] 127.0.0.1 /Public/home/img/spritesheet.png
INFO: [ app_init ] --START--
INFO: Run Behavior\BuildLiteBehavior [ RunTime:0.000010s ]
INFO: [ app_init ] --END-- [ RunTime:0.000305s ]

[ 2018-12-27T09:31:58+08:00 ] 127.0.0.1 /Public/home/img/weDoctor.png
INFO: [ app_init ] --START--
INFO: Run Behavior\BuildLiteBehavior [ RunTime:0.000009s ]
INFO: [ app_init ] --END-- [ RunTime:0.000295s ]

[ 2018-12-27T09:31:58+08:00 ] 127.0.0.1 /Public/home/img/rightbar-bg.png
INFO: [ app_init ] --START--
INFO: Run Behavior\BuildLiteBehavior [ RunTime:0.000009s ]
INFO: [ app_init ] --END-- [ RunTime:0.000271s ]

[ 2018-12-27T09:31:58+08:00 ] 127.0.0.1 /img/v2/hp2.png?_=20140624
INFO: [ app_init ] --START--
INFO: Run Behavior\BuildLiteBehavior [ RunTime:0.000013s ]
INFO: [ app_init ] --END-- [ RunTime:0.000436s ]

[ 2018-12-27T09:31:58+08:00 ] 127.0.0.1 /json/white/area/provinces
INFO: [ app_init ] --START--
INFO: Run Behavior\BuildLiteBehavior [ RunTime:0.000020s ]
INFO: [ app_init ] --END-- [ RunTime:0.000325s ]
INFO: [ app_begin ] --START--
INFO: Run Behavior\ReadHtmlCacheBehavior [ RunTime:0.000366s ]
INFO: Run Behavior\CronRunBehavior [ RunTime:0.000248s ]
INFO: Run Behavior\CheckLangBehavior [ RunTime:0.000606s ]
INFO: [ app_begin ] --END-- [ RunTime:0.001299s ]
ERR: 无法加载控制器:Json

[ 2018-12-27T09:32:13+08:00 ] 127.0.0.1 /Public/home/css/img/account/bg-user.jpg
INFO: [ app_init ] --START--
INFO: Run Behavior\BuildLiteBehavior [ RunTime:0.000012s ]
INFO: [ app_init ] --END-- [ RunTime:0.000325s ]

[ 2018-12-27T09:32:13+08:00 ] 127.0.0.1 /Public/home/css/img/account/v3/sprite-login.png
INFO: [ app_init ] --START--
INFO: Run Behavior\BuildLiteBehavior [ RunTime:0.000014s ]
INFO: [ app_init ] --END-- [ RunTime:0.000359s ]

[ 2018-12-27T09:34:57+08:00 ] 127.0.0.1 /front/portal-pc-static/img/qr/drain/app-login.jpg
INFO: [ app_init ] --START--
INFO: Run Behavior\BuildLiteBehavior [ RunTime:0.000013s ]
INFO: [ app_init ] --END-- [ RunTime:0.000474s ]

[ 2018-12-27T09:34:57+08:00 ] 127.0.0.1 /front/portal-pc-static/img/account/v3/qr-doctor.png
INFO: [ app_init ] --START--
INFO: Run Behavior\BuildLiteBehavior [ RunTime:0.000011s ]
INFO: [ app_init ] --END-- [ RunTime:0.000406s ]

[ 2018-12-27T09:34:57+08:00 ] 127.0.0.1 /front/portal-pc-static/img/qr/drain/wechat-subscription.jpg
INFO: [ app_init ] --START--
INFO: Run Behavior\BuildLiteBehavior [ RunTime:0.000018s ]
INFO: [ app_init ] --END-- [ RunTime:0.000403s ]

[ 2018-12-27T09:34:57+08:00 ] 127.0.0.1 /front/portal-pc-static/img/account/v3/qr-user.png
INFO: [ app_init ] --START--
INFO: Run Behavior\BuildLiteBehavior [ RunTime:0.000009s ]
INFO: [ app_init ] --END-- [ RunTime:0.000382s ]

[ 2018-12-27T09:34:57+08:00 ] 127.0.0.1 /Public/home/css/img/account/bg-user.jpg
INFO: [ app_init ] --START--
INFO: Run Behavior\BuildLiteBehavior [ RunTime:0.000010s ]
INFO: [ app_init ] --END-- [ RunTime:0.000397s ]

[ 2018-12-27T09:34:57+08:00 ] 127.0.0.1 /Public/home/css/img/account/v3/sprite-login.png
INFO: [ app_init ] --START--
INFO: Run Behavior\BuildLiteBehavior [ RunTime:0.000008s ]
INFO: [ app_init ] --END-- [ RunTime:0.000263s ]

[ 2018-12-27T09:35:00+08:00 ] 127.0.0.1 /Public/home/img/2015/home/doctor-login.png
INFO: [ app_init ] --START--
INFO: Run Behavior\BuildLiteBehavior [ RunTime:0.000024s ]
INFO: [ app_init ] --END-- [ RunTime:0.000964s ]

[ 2018-12-27T09:35:00+08:00 ] 127.0.0.1 /Public/home/img/2015/home/nav_arrow.png
INFO: [ app_init ] --START--
INFO: Run Behavior\BuildLiteBehavior [ RunTime:0.000020s ]
INFO: [ app_init ] --END-- [ RunTime:0.000369s ]

[ 2018-12-27T09:35:00+08:00 ] 127.0.0.1 /Public/home/img/2015/home/home-sprite.png
INFO: [ app_init ] --START--
INFO: Run Behavior\BuildLiteBehavior [ RunTime:0.000023s ]
INFO: [ app_init ] --END-- [ RunTime:0.000433s ]

[ 2018-12-27T09:35:00+08:00 ] 127.0.0.1 /img/v2/sprites.png?_=20131125
INFO: [ app_init ] --START--
INFO: Run Behavior\BuildLiteBehavior [ RunTime:0.000027s ]
INFO: [ app_init ] --END-- [ RunTime:0.000570s ]

[ 2018-12-27T09:35:00+08:00 ] 127.0.0.1 /img/v2/1px-bg.png
INFO: [ app_init ] --START--
INFO: Run Behavior\BuildLiteBehavior [ RunTime:0.000019s ]
INFO: [ app_init ] --END-- [ RunTime:0.000403s ]

[ 2018-12-27T09:35:00+08:00 ] 127.0.0.1 /Public/home/img/v2/index-banner.jpg?v=2017_04_28
INFO: [ app_init ] --START--
INFO: Run Behavior\BuildLiteBehavior [ RunTime:0.000032s ]
INFO: [ app_init ] --END-- [ RunTime:0.000515s ]

[ 2018-12-27T09:35:00+08:00 ] 127.0.0.1 /Public/home/css/images/img-index.gif
INFO: [ app_init ] --START--
INFO: Run Behavior\BuildLiteBehavior [ RunTime:0.000029s ]
INFO: [ app_init ] --END-- [ RunTime:0.000348s ]

[ 2018-12-27T09:35:00+08:00 ] 127.0.0.1 /Public/home/img/2015/home/ask.png?v=20170505
INFO: [ app_init ] --START--
INFO: Run Behavior\BuildLiteBehavior [ RunTime:0.000014s ]
INFO: [ app_init ] --END-- [ RunTime:0.000308s ]

[ 2018-12-27T09:35:00+08:00 ] 127.0.0.1 /Public/home/css/images/yyk_serach_arrow.gif
INFO: [ app_init ] --START--
INFO: Run Behavior\BuildLiteBehavior [ RunTime:0.000008s ]
INFO: [ app_init ] --END-- [ RunTime:0.000258s ]

[ 2018-12-27T09:35:00+08:00 ] 127.0.0.1 /Public/home/img/internethospital/opened.png
INFO: [ app_init ] --START--
INFO: Run Behavior\BuildLiteBehavior [ RunTime:0.000009s ]
INFO: [ app_init ] --END-- [ RunTime:0.000254s ]

[ 2018-12-27T09:35:00+08:00 ] 127.0.0.1 /Public/home/img/search/more-dot.png
INFO: [ app_init ] --START--
INFO: Run Behavior\BuildLiteBehavior [ RunTime:0.000011s ]
INFO: [ app_init ] --END-- [ RunTime:0.000342s ]

[ 2018-12-27T09:35:00+08:00 ] 127.0.0.1 /Public/home/img/consult.png
INFO: [ app_init ] --START--
INFO: Run Behavior\BuildLiteBehavior [ RunTime:0.000009s ]
INFO: [ app_init ] --END-- [ RunTime:0.000315s ]

[ 2018-12-27T09:35:00+08:00 ] 127.0.0.1 /Public/home/img/2015/home/ask.png
INFO: [ app_init ] --START--
INFO: Run Behavior\BuildLiteBehavior [ RunTime:0.000010s ]
INFO: [ app_init ] --END-- [ RunTime:0.000317s ]

[ 2018-12-27T09:35:00+08:00 ] 127.0.0.1 /Public/home/img/spritesheet.png
INFO: [ app_init ] --START--
INFO: Run Behavior\BuildLiteBehavior [ RunTime:0.000008s ]
INFO: [ app_init ] --END-- [ RunTime:0.000258s ]

[ 2018-12-27T09:35:00+08:00 ] 127.0.0.1 /Public/home/img/weDoctor.png
INFO: [ app_init ] --START--
INFO: Run Behavior\BuildLiteBehavior [ RunTime:0.000009s ]
INFO: [ app_init ] --END-- [ RunTime:0.000266s ]

[ 2018-12-27T09:35:00+08:00 ] 127.0.0.1 /Public/home/img/rightbar-bg.png
INFO: [ app_init ] --START--
INFO: Run Behavior\BuildLiteBehavior [ RunTime:0.000018s ]
INFO: [ app_init ] --END-- [ RunTime:0.000441s ]

[ 2018-12-27T09:35:00+08:00 ] 127.0.0.1 /img/v2/hp2.png?_=20140624
INFO: [ app_init ] --START--
INFO: Run Behavior\BuildLiteBehavior [ RunTime:0.000013s ]
INFO: [ app_init ] --END-- [ RunTime:0.000354s ]

[ 2018-12-27T09:35:00+08:00 ] 127.0.0.1 /json/white/area/provinces
INFO: [ app_init ] --START--
INFO: Run Behavior\BuildLiteBehavior [ RunTime:0.000012s ]
INFO: [ app_init ] --END-- [ RunTime:0.000362s ]
INFO: [ app_begin ] --START--
INFO: Run Behavior\ReadHtmlCacheBehavior [ RunTime:0.000423s ]
INFO: Run Behavior\CronRunBehavior [ RunTime:0.000285s ]
INFO: Run Behavior\CheckLangBehavior [ RunTime:0.000649s ]
INFO: [ app_begin ] --END-- [ RunTime:0.001416s ]
ERR: 无法加载控制器:Json

[ 2018-12-27T09:35:04+08:00 ] 127.0.0.1 /front/portal-pc-static/img/qr/drain/app-login.jpg
INFO: [ app_init ] --START--
INFO: Run Behavior\BuildLiteBehavior [ RunTime:0.000012s ]
INFO: [ app_init ] --END-- [ RunTime:0.000311s ]

[ 2018-12-27T09:35:04+08:00 ] 127.0.0.1 /front/portal-pc-static/img/qr/drain/wechat-subscription.jpg
INFO: [ app_init ] --START--
INFO: Run Behavior\BuildLiteBehavior [ RunTime:0.000009s ]
INFO: [ app_init ] --END-- [ RunTime:0.000249s ]

[ 2018-12-27T09:35:04+08:00 ] 127.0.0.1 /front/portal-pc-static/img/account/v3/qr-user.png
INFO: [ app_init ] --START--
INFO: Run Behavior\BuildLiteBehavior [ RunTime:0.000008s ]
INFO: [ app_init ] --END-- [ RunTime:0.000243s ]

[ 2018-12-27T09:35:04+08:00 ] 127.0.0.1 /front/portal-pc-static/img/account/v3/qr-doctor.png
INFO: [ app_init ] --START--
INFO: Run Behavior\BuildLiteBehavior [ RunTime:0.000008s ]
INFO: [ app_init ] --END-- [ RunTime:0.000237s ]

[ 2018-12-27T09:35:05+08:00 ] 127.0.0.1 /front/portal-pc-static/img/qr/drain/app-login.jpg
INFO: [ app_init ] --START--
INFO: Run Behavior\BuildLiteBehavior [ RunTime:0.000006s ]
INFO: [ app_init ] --END-- [ RunTime:0.000284s ]

[ 2018-12-27T09:35:05+08:00 ] 127.0.0.1 /front/portal-pc-static/img/qr/drain/wechat-subscription.jpg
INFO: [ app_init ] --START--
INFO: Run Behavior\BuildLiteBehavior [ RunTime:0.000008s ]
INFO: [ app_init ] --END-- [ RunTime:0.000307s ]

[ 2018-12-27T09:35:05+08:00 ] 127.0.0.1 /Public/home/css/img/account/v3/sprite-login.png
INFO: [ app_init ] --START--
INFO: Run Behavior\BuildLiteBehavior [ RunTime:0.000008s ]
INFO: [ app_init ] --END-- [ RunTime:0.000238s ]

[ 2018-12-27T09:35:05+08:00 ] 127.0.0.1 /Public/home/css/img/account/bg-user.jpg
INFO: [ app_init ] --START--
INFO: Run Behavior\BuildLiteBehavior [ RunTime:0.000007s ]
INFO: [ app_init ] --END-- [ RunTime:0.000242s ]

[ 2018-12-27T09:35:08+08:00 ] 127.0.0.1 /Public/home/css/img/account/v3/sprite-login.png
INFO: [ app_init ] --START--
INFO: Run Behavior\BuildLiteBehavior [ RunTime:0.000007s ]
INFO: [ app_init ] --END-- [ RunTime:0.000227s ]

[ 2018-12-27T09:35:08+08:00 ] 127.0.0.1 /Public/home/css/img/account/bg-user.jpg
INFO: [ app_init ] --START--
INFO: Run Behavior\BuildLiteBehavior [ RunTime:0.000007s ]
INFO: [ app_init ] --END-- [ RunTime:0.000232s ]

[ 2018-12-27T09:36:11+08:00 ] 127.0.0.1 /Public/home/css/img/account/bg-user.jpg
INFO: [ app_init ] --START--
INFO: Run Behavior\BuildLiteBehavior [ RunTime:0.000011s ]
INFO: [ app_init ] --END-- [ RunTime:0.000279s ]

[ 2018-12-27T09:36:11+08:00 ] 127.0.0.1 /Public/home/css/img/account/v3/sprite-login.png
INFO: [ app_init ] --START--
INFO: Run Behavior\BuildLiteBehavior [ RunTime:0.000007s ]
INFO: [ app_init ] --END-- [ RunTime:0.000228s ]

[ 2018-12-27T09:36:37+08:00 ] 127.0.0.1 /Public/home/css/img/account/bg-user.jpg
INFO: [ app_init ] --START--
INFO: Run Behavior\BuildLiteBehavior [ RunTime:0.000011s ]
INFO: [ app_init ] --END-- [ RunTime:0.000304s ]

[ 2018-12-27T09:36:37+08:00 ] 127.0.0.1 /Public/home/css/img/account/v3/sprite-login.png
INFO: [ app_init ] --START--
INFO: Run Behavior\BuildLiteBehavior [ RunTime:0.000010s ]
INFO: [ app_init ] --END-- [ RunTime:0.000276s ]

[ 2018-12-27T09:39:56+08:00 ] 127.0.0.1 /Public/home/css/img/account/v3/sprite-login.png
INFO: [ app_init ] --START--
INFO: Run Behavior\BuildLiteBehavior [ RunTime:0.000008s ]
INFO: [ app_init ] --END-- [ RunTime:0.000237s ]

[ 2018-12-27T09:39:56+08:00 ] 127.0.0.1 /Public/home/css/img/account/bg-user.jpg
INFO: [ app_init ] --START--
INFO: Run Behavior\BuildLiteBehavior [ RunTime:0.000014s ]
INFO: [ app_init ] --END-- [ RunTime:0.000377s ]

[ 2018-12-27T09:40:27+08:00 ] 127.0.0.1 /Public/home/css/img/account/bg-user.jpg
INFO: [ app_init ] --START--
INFO: Run Behavior\BuildLiteBehavior [ RunTime:0.000012s ]
INFO: [ app_init ] --END-- [ RunTime:0.000281s ]

[ 2018-12-27T09:40:27+08:00 ] 127.0.0.1 /Public/home/css/img/account/v3/sprite-login.png
INFO: [ app_init ] --START--
INFO: Run Behavior\BuildLiteBehavior [ RunTime:0.000009s ]
INFO: [ app_init ] --END-- [ RunTime:0.000266s ]

[ 2018-12-27T09:40:32+08:00 ] 127.0.0.1 /Public/home/img/2015/home/doctor-login.png
INFO: [ app_init ] --START--
INFO: Run Behavior\BuildLiteBehavior [ RunTime:0.000008s ]
INFO: [ app_init ] --END-- [ RunTime:0.000293s ]

[ 2018-12-27T09:40:32+08:00 ] 127.0.0.1 /img/v2/1px-bg.png
INFO: [ app_init ] --START--
INFO: Run Behavior\BuildLiteBehavior [ RunTime:0.000007s ]
INFO: [ app_init ] --END-- [ RunTime:0.000353s ]

[ 2018-12-27T09:40:32+08:00 ] 127.0.0.1 /Public/home/img/2015/home/home-sprite.png
INFO: [ app_init ] --START--
INFO: Run Behavior\BuildLiteBehavior [ RunTime:0.000011s ]
INFO: [ app_init ] --END-- [ RunTime:0.000323s ]

[ 2018-12-27T09:40:32+08:00 ] 127.0.0.1 /img/v2/sprites.png?_=20131125
INFO: [ app_init ] --START--
INFO: Run Behavior\BuildLiteBehavior [ RunTime:0.000011s ]
INFO: [ app_init ] --END-- [ RunTime:0.000409s ]

[ 2018-12-27T09:40:32+08:00 ] 127.0.0.1 /Public/home/img/2015/home/nav_arrow.png
INFO: [ app_init ] --START--
INFO: Run Behavior\BuildLiteBehavior [ RunTime:0.000007s ]
INFO: [ app_init ] --END-- [ RunTime:0.000287s ]

[ 2018-12-27T09:40:32+08:00 ] 127.0.0.1 /Public/home/img/v2/index-banner.jpg?v=2017_04_28
INFO: [ app_init ] --START--
INFO: Run Behavior\BuildLiteBehavior [ RunTime:0.000009s ]
INFO: [ app_init ] --END-- [ RunTime:0.000533s ]

[ 2018-12-27T09:40:33+08:00 ] 127.0.0.1 /Public/home/css/images/img-index.gif
INFO: [ app_init ] --START--
INFO: Run Behavior\BuildLiteBehavior [ RunTime:0.000010s ]
INFO: [ app_init ] --END-- [ RunTime:0.000261s ]

[ 2018-12-27T09:40:33+08:00 ] 127.0.0.1 /Public/home/img/2015/home/ask.png
INFO: [ app_init ] --START--
INFO: Run Behavior\BuildLiteBehavior [ RunTime:0.000008s ]
INFO: [ app_init ] --END-- [ RunTime:0.000255s ]

[ 2018-12-27T09:40:33+08:00 ] 127.0.0.1 /Public/home/img/internethospital/opened.png
INFO: [ app_init ] --START--
INFO: Run Behavior\BuildLiteBehavior [ RunTime:0.000007s ]
INFO: [ app_init ] --END-- [ RunTime:0.000241s ]

[ 2018-12-27T09:40:33+08:00 ] 127.0.0.1 /Public/home/img/search/more-dot.png
INFO: [ app_init ] --START--
INFO: Run Behavior\BuildLiteBehavior [ RunTime:0.000011s ]
INFO: [ app_init ] --END-- [ RunTime:0.000318s ]

[ 2018-12-27T09:40:33+08:00 ] 127.0.0.1 /Public/home/img/consult.png
INFO: [ app_init ] --START--
INFO: Run Behavior\BuildLiteBehavior [ RunTime:0.000008s ]
INFO: [ app_init ] --END-- [ RunTime:0.000237s ]

[ 2018-12-27T09:40:33+08:00 ] 127.0.0.1 /Public/home/css/images/yyk_serach_arrow.gif
INFO: [ app_init ] --START--
INFO: Run Behavior\BuildLiteBehavior [ RunTime:0.000010s ]
INFO: [ app_init ] --END-- [ RunTime:0.000320s ]


[ 2018-12-27T09:40:33+08:00 ] 127.0.0.1 /Public/home/img/weDoctor.png
INFO: [ app_init ] --START--
INFO: Run Behavior\BuildLiteBehavior [ RunTime:0.000013s ]
INFO: [ app_init ] --END-- [ RunTime:0.000318s ]

[ 2018-12-27T09:40:33+08:00 ] 127.0.0.1 /Public/home/img/spritesheet.png
INFO: [ app_init ] --START--
INFO: Run Behavior\BuildLiteBehavior [ RunTime:0.000022s ]
INFO: [ app_init ] --END-- [ RunTime:0.000349s ]

[ 2018-12-27T09:40:33+08:00 ] 127.0.0.1 /Public/home/img/rightbar-bg.png
INFO: [ app_init ] --START--
INFO: Run Behavior\BuildLiteBehavior [ RunTime:0.000008s ]
INFO: [ app_init ] --END-- [ RunTime:0.000330s ]

[ 2018-12-27T09:40:33+08:00 ] 127.0.0.1 /img/v2/hp2.png?_=20140624
INFO: [ app_init ] --START--
INFO: Run Behavior\BuildLiteBehavior [ RunTime:0.000016s ]
INFO: [ app_init ] --END-- [ RunTime:0.000299s ]

[ 2018-12-27T09:40:33+08:00 ] 127.0.0.1 /json/white/area/provinces
INFO: [ app_init ] --START--
INFO: Run Behavior\BuildLiteBehavior [ RunTime:0.000014s ]
INFO: [ app_init ] --END-- [ RunTime:0.000424s ]
INFO: [ app_begin ] --START--
INFO: Run Behavior\ReadHtmlCacheBehavior [ RunTime:0.000273s ]
INFO: Run Behavior\CronRunBehavior [ RunTime:0.000184s ]
INFO: Run Behavior\CheckLangBehavior [ RunTime:0.000450s ]
INFO: [ app_begin ] --END-- [ RunTime:0.000967s ]
ERR: 无法加载控制器:Json

[ 2018-12-27T09:41:04+08:00 ] 127.0.0.1 /Public/home/css/img/account/bg-user.jpg
INFO: [ app_init ] --START--
INFO: Run Behavior\BuildLiteBehavior [ RunTime:0.000012s ]
INFO: [ app_init ] --END-- [ RunTime:0.000315s ]

[ 2018-12-27T09:41:04+08:00 ] 127.0.0.1 /Public/home/css/img/account/v3/sprite-login.png
INFO: [ app_init ] --START--
INFO: Run Behavior\BuildLiteBehavior [ RunTime:0.000010s ]
INFO: [ app_init ] --END-- [ RunTime:0.000284s ]

[ 2018-12-27T09:42:36+08:00 ] 127.0.0.1 /Public/home/css/img/account/bg-user.jpg
INFO: [ app_init ] --START--
INFO: Run Behavior\BuildLiteBehavior [ RunTime:0.000007s ]
INFO: [ app_init ] --END-- [ RunTime:0.000327s ]

7s ]

[ 2018-12-27T09:42:38+08:00 ] 127.0.0.1 /Public/home/css/img/account/bg-user.jpg
INFO: [ app_init ] --START--
INFO: Run Behavior\BuildLiteBehavior [ RunTime:0.000010s ]
INFO: [ app_init ] --END-- [ RunTime:0.000244s ]

[ 2018-12-27T09:42:38+08:00 ] 127.0.0.1 /Public/home/css/img/account/v3/sprite-login.png
INFO: [ app_init ] --START--
INFO: Run Behavior\BuildLiteBehavior [ RunTime:0.000017s ]
INFO: [ app_init ] --END-- [ RunTime:0.000372s ]

[ 2018-12-27T09:42:39+08:00 ] 127.0.0.1 /Public/home/css/img/account/bg-user.jpg
INFO: [ app_init ] --START--
INFO: Run Behavior\BuildLiteBehavior [ RunTime:0.000008s ]
INFO: [ app_init ] --END-- [ RunTime:0.000234s ]

[ 2018-12-27T09:42:39+08:00 ] 127.0.0.1 /Public/home/css/img/account/v3/sprite-login.png
INFO: [ app_init ] --START--
INFO: Run Behavior\BuildLiteBehavior [ RunTime:0.000009s ]
INFO: [ app_init ] --END-- [ RunTime:0.000231s ]

[ 2018-12-27T09:42:59+08:00 ] 127.0.0.1 /Public/home/css/img/account/bg-user.jpg
INFO: [ app_init ] --START--
INFO: Run Behavior\BuildLiteBehavior [ RunTime:0.000015s ]
INFO: [ app_init ] --END-- [ RunTime:0.000383s ]

[ 2018-12-27T09:42:59+08:00 ] 127.0.0.1 /Public/home/css/img/account/v3/sprite-login.png
INFO: [ app_init ] --START--
INFO: Run Behavior\BuildLiteBehavior [ RunTime:0.000013s ]
INFO: [ app_init ] --END-- [ RunTime:0.000606s ]

[ 2018-12-27T09:43:06+08:00 ] 127.0.0.1 /Public/home/css/img/account/bg-user.jpg
INFO: [ app_init ] --START--
INFO: Run Behavior\BuildLiteBehavior [ RunTime:0.000045s ]
INFO: [ app_init ] --END-- [ RunTime:0.000349s ]

[ 2018-12-27T09:43:06+08:00 ] 127.0.0.1 /Public/home/css/img/account/v3/sprite-login.png
INFO: [ app_init ] --START--
INFO: Run Behavior\BuildLiteBehavior [ RunTime:0.000009s ]
INFO: [ app_init ] --END-- [ RunTime:0.000265s ]

[ 2018-12-27T09:43:08+08:00 ] 127.0.0.1 /Public/home/css/img/account/v3/sprite-login.png
INFO: [ app_init ] --START--
INFO: Run Behavior\BuildLiteBehavior [ RunTime:0.000014s ]
INFO: [ app_init ] --END-- [ RunTime:0.000344s ]

[ 2018-12-27T09:43:08+08:00 ] 127.0.0.1 /Public/home/css/img/account/bg-user.jpg
INFO: [ app_init ] --START--
INFO: Run Behavior\BuildLiteBehavior [ RunTime:0.000010s ]
INFO: [ app_init ] --END-- [ RunTime:0.000311s ]

[ 2018-12-27T09:43:09+08:00 ] 127.0.0.1 /Public/home/css/img/account/bg-user.jpg
INFO: [ app_init ] --START--
INFO: Run Behavior\BuildLiteBehavior [ RunTime:0.000011s ]
INFO: [ app_init ] --END-- [ RunTime:0.000248s ]

[ 2018-12-27T09:43:09+08:00 ] 127.0.0.1 /Public/home/css/img/account/v3/sprite-login.png
INFO: [ app_init ] --START--
INFO: Run Behavior\BuildLiteBehavior [ RunTime:0.000007s ]
INFO: [ app_init ] --END-- [ RunTime:0.000234s ]

[ 2018-12-27T09:43:15+08:00 ] 127.0.0.1 /Public/home/css/img/account/bg-user.jpg
INFO: [ app_init ] --START--
INFO: Run Behavior\BuildLiteBehavior [ RunTime:0.000009s ]
INFO: [ app_init ] --END-- [ RunTime:0.000242s ]

[ 2018-12-27T09:43:15+08:00 ] 127.0.0.1 /Public/home/css/img/account/v3/sprite-login.png
INFO: [ app_init ] --START--
INFO: Run Behavior\BuildLiteBehavior [ RunTime:0.000007s ]
INFO: [ app_init ] --END-- [ RunTime:0.000235s ]

[ 2018-12-27T09:44:02+08:00 ] 127.0.0.1 /Public/home/css/img/account/bg-user.jpg
INFO: [ app_init ] --START--
INFO: Run Behavior\BuildLiteBehavior [ RunTime:0.000008s ]
INFO: [ app_init ] --END-- [ RunTime:0.000236s ]

[ 2018-12-27T09:44:02+08:00 ] 127.0.0.1 /Public/home/css/img/account/v3/sprite-login.png
INFO: [ app_init ] --START--
INFO: Run Behavior\BuildLiteBehavior [ RunTime:0.000010s ]
INFO: [ app_init ] --END-- [ RunTime:0.000257s ]

[ 2018-12-27T09:44:03+08:00 ] 127.0.0.1 /Public/home/css/img/account/v3/sprite-login.png
INFO: [ app_init ] --START--
INFO: Run Behavior\BuildLiteBehavior [ RunTime:0.000007s ]
INFO: [ app_init ] --END-- [ RunTime:0.000227s ]

[ 2018-12-27T09:44:30+08:00 ] 127.0.0.1 /Public/home/css/img/account/bg-user.jpg
INFO: [ app_init ] --START--
INFO: Run Behavior\BuildLiteBehavior [ RunTime:0.000007s ]
INFO: [ app_init ] --END-- [ RunTime:0.000227s ]

[ 2018-12-27T09:44:30+08:00 ] 127.0.0.1 /Public/home/css/img/account/v3/sprite-login.png
INFO: [ app_init ] --START--
INFO: Run Behavior\BuildLiteBehavior [ RunTime:0.000006s ]
INFO: [ app_init ] --END-- [ RunTime:0.000229s ]

[ 2018-12-27T09:44:31+08:00 ] 127.0.0.1 /Public/home/css/img/account/bg-user.jpg
INFO: [ app_init ] --START--
INFO: Run Behavior\BuildLiteBehavior [ RunTime:0.000008s ]
INFO: [ app_init ] --END-- [ RunTime:0.000416s ]

[ 2018-12-27T09:44:31+08:00 ] 127.0.0.1 /Public/home/css/img/account/v3/sprite-login.png
INFO: [ app_init ] --START--
INFO: Run Behavior\BuildLiteBehavior [ RunTime:0.000007s ]
INFO: [ app_init ] --END-- [ RunTime:0.000307s ]

[ 2018-12-27T09:44:40+08:00 ] 127.0.0.1 /Public/home/css/img/account/bg-user.jpg
INFO: [ app_init ] --START--
INFO: Run Behavior\BuildLiteBehavior [ RunTime:0.000006s ]
INFO: [ app_init ] --END-- [ RunTime:0.000245s ]

[ 2018-12-27T09:44:40+08:00 ] 127.0.0.1 /Public/home/css/img/account/v3/sprite-login.png
INFO: [ app_init ] --START--
INFO: Run Behavior\BuildLiteBehavior [ RunTime:0.000007s ]
INFO: [ app_init ] --END-- [ RunTime:0.000244s ]

[ 2018-12-27T09:44:41+08:00 ] 127.0.0.1 /Public/home/css/img/account/v3/sprite-login.png
INFO: [ app_init ] --START--
INFO: Run Behavior\BuildLiteBehavior [ RunTime:0.000012s ]
INFO: [ app_init ] --END-- [ RunTime:0.000251s ]

[ 2018-12-27T09:44:41+08:00 ] 127.0.0.1 /Public/home/css/img/account/bg-user.jpg
INFO: [ app_init ] --START--
INFO: Run Behavior\BuildLiteBehavior [ RunTime:0.000012s ]
INFO: [ app_init ] --END-- [ RunTime:0.000268s ]

[ 2018-12-27T09:44:52+08:00 ] 127.0.0.1 /Public/home/css/img/account/bg-user.jpg
INFO: [ app_init ] --START--
INFO: Run Behavior\BuildLiteBehavior [ RunTime:0.000008s ]
INFO: [ app_init ] --END-- [ RunTime:0.000230s ]

[ 2018-12-27T09:44:52+08:00 ] 127.0.0.1 /Public/home/css/img/account/v3/sprite-login.png
INFO: [ app_init ] --START--
INFO: Run Behavior\BuildLiteBehavior [ RunTime:0.000006s ]
INFO: [ app_init ] --END-- [ RunTime:0.000225s ]

[ 2018-12-27T09:45:53+08:00 ] 127.0.0.1 /Public/home/css/img/account/bg-user.jpg
INFO: [ app_init ] --START--
INFO: Run Behavior\BuildLiteBehavior [ RunTime:0.000016s ]
INFO: [ app_init ] --END-- [ RunTime:0.000373s ]

[ 2018-12-27T09:45:53+08:00 ] 127.0.0.1 /Public/home/css/img/account/v3/sprite-login.png
INFO: [ app_init ] --START--
INFO: Run Behavior\BuildLiteBehavior [ RunTime:0.000012s ]
INFO: [ app_init ] --END-- [ RunTime:0.000282s ]

[ 2018-12-27T09:47:46+08:00 ] 127.0.0.1 /Public/home/css/img/account/v3/sprite-login.png
INFO: [ app_init ] --START--
INFO: Run Behavior\BuildLiteBehavior [ RunTime:0.000008s ]
INFO: [ app_init ] --END-- [ RunTime:0.000240s ]

[ 2018-12-27T09:47:46+08:00 ] 127.0.0.1 /Public/home/css/img/account/bg-user.jpg
INFO: [ app_init ] --START--
INFO: Run Behavior\BuildLiteBehavior [ RunTime:0.000008s ]
INFO: [ app_init ] --END-- [ RunTime:0.000230s ]

[ 2018-12-27T09:48:14+08:00 ] 127.0.0.1 /Public/home/css/img/account/bg-user.jpg
INFO: [ app_init ] --START--
INFO: Run Behavior\BuildLiteBehavior [ RunTime:0.000009s ]
INFO: [ app_init ] --END-- [ RunTime:0.000256s ]

[ 2018-12-27T09:48:14+08:00 ] 127.0.0.1 /Public/home/css/img/account/v3/sprite-login.png
INFO: [ app_init ] --START--
INFO: Run Behavior\BuildLiteBehavior [ RunTime:0.000008s ]
INFO: [ app_init ] --END-- [ RunTime:0.000257s ]

[ 2018-12-27T09:49:21+08:00 ] 127.0.0.1 /Public/home/css/img/account/bg-user.jpg
INFO: [ app_init ] --START--
INFO: Run Behavior\BuildLiteBehavior [ RunTime:0.000010s ]
INFO: [ app_init ] --END-- [ RunTime:0.000304s ]

[ 2018-12-27T09:49:21+08:00 ] 127.0.0.1 /Public/home/css/img/account/v3/sprite-login.png
INFO: [ app_init ] --START--
INFO: Run Behavior\BuildLiteBehavior [ RunTime:0.000007s ]
INFO: [ app_init ] --END-- [ RunTime:0.000231s ]

[ 2018-12-27T09:49:34+08:00 ] 127.0.0.1 /Public/home/css/img/account/bg-user.jpg
INFO: [ app_init ] --START--
INFO: Run Behavior\BuildLiteBehavior [ RunTime:0.000007s ]
INFO: [ app_init ] --END-- [ RunTime:0.000224s ]

[ 2018-12-27T09:50:10+08:00 ] 127.0.0.1 /Public/home/css/img/account/bg-user.jpg
INFO: [ app_init ] --START--
INFO: Run Behavior\BuildLiteBehavior [ RunTime:0.000008s ]
INFO: [ app_init ] --END-- [ RunTime:0.000240s ]

[ 2018-12-27T09:50:10+08:00 ] 127.0.0.1 /Public/home/css/img/account/v3/sprite-login.png
INFO: [ app_init ] --START--
INFO: Run Behavior\BuildLiteBehavior [ RunTime:0.000009s ]
INFO: [ app_init ] --END-- [ RunTime:0.000281s ]

[ 2018-12-27T09:50:29+08:00 ] 127.0.0.1 /Public/home/css/img/account/bg-user.jpg
INFO: [ app_init ] --START--
INFO: Run Behavior\BuildLiteBehavior [ RunTime:0.000009s ]
INFO: [ app_init ] --END-- [ RunTime:0.000269s ]

[ 2018-12-27T09:50:29+08:00 ] 127.0.0.1 /Public/home/css/img/account/v3/sprite-login.png
INFO: [ app_init ] --START--
INFO: Run Behavior\BuildLiteBehavior [ RunTime:0.000010s ]
INFO: [ app_init ] --END-- [ RunTime:0.000265s ]

[ 2018-12-27T09:52:11+08:00 ] 127.0.0.1 /Public/home/css/img/account/bg-user.jpg
INFO: [ app_init ] --START--
INFO: Run Behavior\BuildLiteBehavior [ RunTime:0.000009s ]
INFO: [ app_init ] --END-- [ RunTime:0.000324s ]

[ 2018-12-27T09:52:11+08:00 ] 127.0.0.1 /Public/home/css/img/account/v3/sprite-login.png
INFO: [ app_init ] --START--
INFO: Run Behavior\BuildLiteBehavior [ RunTime:0.000010s ]
INFO: [ app_init ] --END-- [ RunTime:0.000417s ]

[ 2018-12-27T09:52:30+08:00 ] 127.0.0.1 /Public/home/css/img/account/v3/sprite-login.png
INFO: [ app_init ] --START--
INFO: Run Behavior\BuildLiteBehavior [ RunTime:0.000008s ]
INFO: [ app_init ] --END-- [ RunTime:0.000228s ]

[ 2018-12-27T09:52:30+08:00 ] 127.0.0.1 /Public/home/css/img/account/bg-user.jpg
INFO: [ app_init ] --START--
INFO: Run Behavior\BuildLiteBehavior [ RunTime:0.000009s ]
INFO: [ app_init ] --END-- [ RunTime:0.000516s ]

[ 2018-12-27T09:53:11+08:00 ] 127.0.0.1 /Public/home/css/img/account/bg-user.jpg
INFO: [ app_init ] --START--
INFO: Run Behavior\BuildLiteBehavior [ RunTime:0.000010s ]
INFO: [ app_init ] --END-- [ RunTime:0.000269s ]

[ 2018-12-27T09:53:11+08:00 ] 127.0.0.1 /Public/home/css/img/account/v3/sprite-login.png
INFO: [ app_init ] --START--
INFO: Run Behavior\BuildLiteBehavior [ RunTime:0.000009s ]
INFO: [ app_init ] --END-- [ RunTime:0.000247s ]

[ 2018-12-27T09:53:11+08:00 ] 127.0.0.1 /Public/home/css/img/account/bg-user.jpg
INFO: [ app_init ] --START--
INFO: Run Behavior\BuildLiteBehavior [ RunTime:0.000006s ]
INFO: [ app_init ] --END-- [ RunTime:0.000248s ]

[ 2018-12-27T09:53:11+08:00 ] 127.0.0.1 /Public/home/css/img/account/v3/sprite-login.png
INFO: [ app_init ] --START--
INFO: Run Behavior\BuildLiteBehavior [ RunTime:0.000007s ]
INFO: [ app_init ] --END-- [ RunTime:0.000237s ]

[ 2018-12-27T09:53:22+08:00 ] 127.0.0.1 /Public/home/css/img/account/bg-user.jpg
INFO: [ app_init ] --START--
INFO: Run Behavior\BuildLiteBehavior [ RunTime:0.000007s ]
INFO: [ app_init ] --END-- [ RunTime:0.000229s ]

[ 2018-12-27T09:53:22+08:00 ] 127.0.0.1 /Public/home/css/img/account/v3/sprite-login.png
INFO: [ app_init ] --START--
INFO: Run Behavior\BuildLiteBehavior [ RunTime:0.000013s ]
INFO: [ app_init ] --END-- [ RunTime:0.000416s ]

[ 2018-12-27T09:53:51+08:00 ] 127.0.0.1 /Public/home/css/img/account/bg-user.jpg
INFO: [ app_init ] --START--
INFO: Run Behavior\BuildLiteBehavior [ RunTime:0.000012s ]
INFO: [ app_init ] --END-- [ RunTime:0.000426s ]

[ 2018-12-27T09:53:51+08:00 ] 127.0.0.1 /Public/home/css/img/account/v3/sprite-login.png
INFO: [ app_init ] --START--
INFO: Run Behavior\BuildLiteBehavior [ RunTime:0.000008s ]
INFO: [ app_init ] --END-- [ RunTime:0.000314s ]

[ 2018-12-27T09:54:27+08:00 ] 127.0.0.1 /Public/home/css/img/account/v3/sprite-login.png
INFO: [ app_init ] --START--
INFO: Run Behavior\BuildLiteBehavior [ RunTime:0.000008s ]
INFO: [ app_init ] --END-- [ RunTime:0.000254s ]

[ 2018-12-27T09:54:27+08:00 ] 127.0.0.1 /Public/home/css/img/account/bg-user.jpg
INFO: [ app_init ] --START--
INFO: Run Behavior\BuildLiteBehavior [ RunTime:0.000007s ]
INFO: [ app_init ] --END-- [ RunTime:0.000235s ]

[ 2018-12-27T09:54:27+08:00 ] 127.0.0.1 /Public/home/css/img/account/bg-user.jpg
INFO: [ app_init ] --START--
INFO: Run Behavior\BuildLiteBehavior [ RunTime:0.000012s ]
INFO: [ app_init ] --END-- [ RunTime:0.000274s ]

[ 2018-12-27T09:55:06+08:00 ] 127.0.0.1 /Public/home/css/img/account/bg-user.jpg
INFO: [ app_init ] --START--
INFO: Run Behavior\BuildLiteBehavior [ RunTime:0.000009s ]
INFO: [ app_init ] --END-- [ RunTime:0.000251s ]

[ 2018-12-27T09:55:06+08:00 ] 127.0.0.1 /Public/home/css/img/account/v3/sprite-login.png
INFO: [ app_init ] --START--
INFO: Run Behavior\BuildLiteBehavior [ RunTime:0.000007s ]
INFO: [ app_init ] --END-- [ RunTime:0.000244s ]

[ 2018-12-27T09:55:33+08:00 ] 127.0.0.1 /Public/home/css/img/account/v3/sprite-login.png
INFO: [ app_init ] --START--
INFO: Run Behavior\BuildLiteBehavior [ RunTime:0.000007s ]
INFO: [ app_init ] --END-- [ RunTime:0.000231s ]

[ 2018-12-27T09:55:33+08:00 ] 127.0.0.1 /Public/home/css/img/account/bg-user.jpg
INFO: [ app_init ] --START--
INFO: Run Behavior\BuildLiteBehavior [ RunTime:0.000008s ]
INFO: [ app_init ] --END-- [ RunTime:0.000250s ]

[ 2018-12-27T10:03:58+08:00 ] 127.0.0.1 /Public/home/img/account/bg-doctor.jpg
INFO: [ app_init ] --START--
INFO: Run Behavior\BuildLiteBehavior [ RunTime:0.000012s ]
INFO: [ app_init ] --END-- [ RunTime:0.000291s ]

[ 2018-12-27T10:03:58+08:00 ] 127.0.0.1 /Public/home/img/account/show-qr.png
INFO: [ app_init ] --START--
INFO: Run Behavior\BuildLiteBehavior [ RunTime:0.000008s ]
INFO: [ app_init ] --END-- [ RunTime:0.000297s ]

[ 2018-12-27T10:03:58+08:00 ] 127.0.0.1 /Public/home/img/account/double-arrow.png
INFO: [ app_init ] --START--
INFO: Run Behavior\BuildLiteBehavior [ RunTime:0.000011s ]
INFO: [ app_init ] --END-- [ RunTime:0.000399s ]

[ 2018-12-27T10:06:20+08:00 ] 127.0.0.1 /Public/home/img/account/bg-doctor.jpg
INFO: [ app_init ] --START--
INFO: Run Behavior\BuildLiteBehavior [ RunTime:0.000008s ]
INFO: [ app_init ] --END-- [ RunTime:0.000321s ]

[ 2018-12-27T10:06:20+08:00 ] 127.0.0.1 /Public/home/img/account/double-arrow.png
INFO: [ app_init ] --START--
INFO: Run Behavior\BuildLiteBehavior [ RunTime:0.000011s ]
INFO: [ app_init ] --END-- [ RunTime:0.000596s ]

[ 2018-12-27T10:06:20+08:00 ] 127.0.0.1 /Public/home/img/account/show-qr.png
INFO: [ app_init ] --START--
INFO: Run Behavior\BuildLiteBehavior [ RunTime:0.000010s ]
INFO: [ app_init ] --END-- [ RunTime:0.000569s ]

[ 2018-12-27T10:06:30+08:00 ] 127.0.0.1 /Public/home/img/account/bg-doctor.jpg
INFO: [ app_init ] --START--
INFO: Run Behavior\BuildLiteBehavior [ RunTime:0.000008s ]
INFO: [ app_init ] --END-- [ RunTime:0.000255s ]

[ 2018-12-27T10:06:30+08:00 ] 127.0.0.1 /Public/home/img/account/show-qr.png
INFO: [ app_init ] --START--
INFO: Run Behavior\BuildLiteBehavior [ RunTime:0.000007s ]
INFO: [ app_init ] --END-- [ RunTime:0.000229s ]

[ 2018-12-27T10:06:30+08:00 ] 127.0.0.1 /Public/home/img/account/double-arrow.png
INFO: [ app_init ] --START--
INFO: Run Behavior\BuildLiteBehavior [ RunTime:0.000007s ]
INFO: [ app_init ] --END-- [ RunTime:0.000227s ]

