[ 2018-12-24T09:06:04+08:00 ] 127.0.0.1 /img/v2/1px-bg.png
INFO: [ app_init ] --START--
INFO: Run Behavior\BuildLiteBehavior [ RunTime:0.000007s ]
INFO: [ app_init ] --END-- [ RunTime:0.000307s ]

[ 2018-12-24T09:06:04+08:00 ] 127.0.0.1 /Public/home/img/2015/home/doctor-login.png
INFO: [ app_init ] --START--
INFO: Run Behavior\BuildLiteBehavior [ RunTime:0.000007s ]
INFO: [ app_init ] --END-- [ RunTime:0.000298s ]

[ 2018-12-24T09:06:04+08:00 ] 127.0.0.1 /img/v2/sprites.png?_=20131125
INFO: [ app_init ] --START--
INFO: Run Behavior\BuildLiteBehavior [ RunTime:0.000007s ]
INFO: [ app_init ] --END-- [ RunTime:0.000242s ]

[ 2018-12-24T09:06:04+08:00 ] 127.0.0.1 /Public/home/img/2015/home/home-sprite.png
INFO: [ app_init ] --START--
INFO: Run Behavior\BuildLiteBehavior [ RunTime:0.000007s ]
INFO: [ app_init ] --END-- [ RunTime:0.000261s ]

[ 2018-12-24T09:06:04+08:00 ] 127.0.0.1 /Public/home/img/2015/home/nav_arrow.png
INFO: [ app_init ] --START--
INFO: Run Behavior\BuildLiteBehavior [ RunTime:0.000012s ]
INFO: [ app_init ] --END-- [ RunTime:0.000335s ]

[ 2018-12-24T09:06:04+08:00 ] 127.0.0.1 /Public/home/img/v2/index-banner.jpg?v=2017_04_28
INFO: [ app_init ] --START--
INFO: Run Behavior\BuildLiteBehavior [ RunTime:0.000008s ]
INFO: [ app_init ] --END-- [ RunTime:0.000371s ]

[ 2018-12-24T09:06:04+08:00 ] 127.0.0.1 /Public/home/css/images/img-index.gif
INFO: [ app_init ] --START--
INFO: Run Behavior\BuildLiteBehavior [ RunTime:0.000010s ]
INFO: [ app_init ] --END-- [ RunTime:0.000375s ]

[ 2018-12-24T09:06:04+08:00 ] 127.0.0.1 /Public/home/img/2015/home/ask.png
INFO: [ app_init ] --START--
INFO: Run Behavior\BuildLiteBehavior [ RunTime:0.000010s ]
INFO: [ app_init ] --END-- [ RunTime:0.000328s ]

[ 2018-12-24T09:06:04+08:00 ] 127.0.0.1 /Public/home/img/2015/home/ask.png?v=20170505
INFO: [ app_init ] --START--
INFO: Run Behavior\BuildLiteBehavior [ RunTime:0.000010s ]
INFO: [ app_init ] --END-- [ RunTime:0.000329s ]

[ 2018-12-24T09:06:04+08:00 ] 127.0.0.1 /Public/home/img/internethospital/opened.png
INFO: [ app_init ] --START--
INFO: Run Behavior\BuildLiteBehavior [ RunTime:0.000008s ]
INFO: [ app_init ] --END-- [ RunTime:0.000261s ]

[ 2018-12-24T09:06:04+08:00 ] 127.0.0.1 /Public/home/img/search/more-dot.png
INFO: [ app_init ] --START--
INFO: Run Behavior\BuildLiteBehavior [ RunTime:0.000006s ]
INFO: [ app_init ] --END-- [ RunTime:0.000236s ]

[ 2018-12-24T09:06:04+08:00 ] 127.0.0.1 /Public/home/img/consult.png
INFO: [ app_init ] --START--
INFO: Run Behavior\BuildLiteBehavior [ RunTime:0.000009s ]
INFO: [ app_init ] --END-- [ RunTime:0.000370s ]

[ 2018-12-24T09:06:04+08:00 ] 127.0.0.1 /Public/home/css/images/yyk_serach_arrow.gif
INFO: [ app_init ] --START--
INFO: Run Behavior\BuildLiteBehavior [ RunTime:0.000008s ]
INFO: [ app_init ] --END-- [ RunTime:0.000277s ]

[ 2018-12-24T09:06:04+08:00 ] 127.0.0.1 /Public/home/img/weDoctor.png
INFO: [ app_init ] --START--
INFO: Run Behavior\BuildLiteBehavior [ RunTime:0.000007s ]
INFO: [ app_init ] --END-- [ RunTime:0.000328s ]

[ 2018-12-24T09:06:04+08:00 ] 127.0.0.1 /Public/home/img/spritesheet.png
INFO: [ app_init ] --START--
INFO: Run Behavior\BuildLiteBehavior [ RunTime:0.000008s ]
INFO: [ app_init ] --END-- [ RunTime:0.000304s ]

[ 2018-12-24T09:06:05+08:00 ] 127.0.0.1 /Public/home/img/rightbar-bg.png
INFO: [ app_init ] --START--
INFO: Run Behavior\BuildLiteBehavior [ RunTime:0.000007s ]
INFO: [ app_init ] --END-- [ RunTime:0.000243s ]

[ 2018-12-24T09:06:05+08:00 ] 127.0.0.1 /img/v2/hp2.png?_=20140624
INFO: [ app_init ] --START--
INFO: Run Behavior\BuildLiteBehavior [ RunTime:0.000009s ]
INFO: [ app_init ] --END-- [ RunTime:0.000238s ]

[ 2018-12-24T09:06:05+08:00 ] 127.0.0.1 /json/white/area/provinces
INFO: [ app_init ] --START--
INFO: Run Behavior\BuildLiteBehavior [ RunTime:0.000008s ]
INFO: [ app_init ] --END-- [ RunTime:0.000267s ]
INFO: [ app_begin ] --START--
INFO: Run Behavior\ReadHtmlCacheBehavior [ RunTime:0.000539s ]
INFO: Run Behavior\CronRunBehavior [ RunTime:0.000325s ]
INFO: Run Behavior\CheckLangBehavior [ RunTime:0.000760s ]
INFO: [ app_begin ] --END-- [ RunTime:0.001716s ]
ERR: 无法加载控制器:Json

