[ 2018-12-15T11:33:03+08:00 ] 127.0.0.1 /style/bg.jpg
INFO: [ app_init ] --START--
INFO: Run Behavior\BuildLiteBehavior [ RunTime:0.000020s ]
INFO: [ app_init ] --END-- [ RunTime:0.000687s ]

[ 2018-12-15T11:33:12+08:00 ] 127.0.0.1 /style/bg.jpg
INFO: [ app_init ] --START--
INFO: Run Behavior\BuildLiteBehavior [ RunTime:0.000015s ]
INFO: [ app_init ] --END-- [ RunTime:0.000542s ]

[ 2018-12-15T11:33:23+08:00 ] 127.0.0.1 /style/bg.jpg
INFO: [ app_init ] --START--
INFO: Run Behavior\BuildLiteBehavior [ RunTime:0.000022s ]
INFO: [ app_init ] --END-- [ RunTime:0.004129s ]

[ 2018-12-15T11:34:39+08:00 ] 127.0.0.1 /style/bg.jpg
INFO: [ app_init ] --START--
INFO: Run Behavior\BuildLiteBehavior [ RunTime:0.000018s ]
INFO: [ app_init ] --END-- [ RunTime:0.000633s ]

[ 2018-12-15T11:34:51+08:00 ] 127.0.0.1 /style/bg.jpg
INFO: [ app_init ] --START--
INFO: Run Behavior\BuildLiteBehavior [ RunTime:0.000012s ]
INFO: [ app_init ] --END-- [ RunTime:0.000387s ]

[ 2018-12-15T11:36:37+08:00 ] 127.0.0.1 /style/bg.jpg
INFO: [ app_init ] --START--
INFO: Run Behavior\BuildLiteBehavior [ RunTime:0.000018s ]
INFO: [ app_init ] --END-- [ RunTime:0.000622s ]

[ 2018-12-15T11:36:39+08:00 ] 127.0.0.1 /style/bg.jpg
INFO: [ app_init ] --START--
INFO: Run Behavior\BuildLiteBehavior [ RunTime:0.000018s ]
INFO: [ app_init ] --END-- [ RunTime:0.000665s ]

[ 2018-12-15T11:36:41+08:00 ] 127.0.0.1 /style/bg.jpg
INFO: [ app_init ] --START--
INFO: Run Behavior\BuildLiteBehavior [ RunTime:0.000015s ]
INFO: [ app_init ] --END-- [ RunTime:0.000526s ]

[ 2018-12-15T11:36:42+08:00 ] 127.0.0.1 /style/bg.jpg
INFO: [ app_init ] --START--
INFO: Run Behavior\BuildLiteBehavior [ RunTime:0.000020s ]
INFO: [ app_init ] --END-- [ RunTime:0.000643s ]

[ 2018-12-15T11:36:43+08:00 ] 127.0.0.1 /style/bg.jpg
INFO: [ app_init ] --START--
INFO: Run Behavior\BuildLiteBehavior [ RunTime:0.000021s ]
INFO: [ app_init ] --END-- [ RunTime:0.000728s ]

[ 2018-12-15T11:36:46+08:00 ] 127.0.0.1 /style/bg.jpg
INFO: [ app_init ] --START--
INFO: Run Behavior\BuildLiteBehavior [ RunTime:0.000029s ]
INFO: [ app_init ] --END-- [ RunTime:0.000706s ]

[ 2018-12-15T11:36:50+08:00 ] 127.0.0.1 /style/bg.jpg
INFO: [ app_init ] --START--
INFO: Run Behavior\BuildLiteBehavior [ RunTime:0.000018s ]
INFO: [ app_init ] --END-- [ RunTime:0.000693s ]

[ 2018-12-15T11:36:56+08:00 ] 127.0.0.1 /style/bg.jpg
INFO: [ app_init ] --START--
INFO: Run Behavior\BuildLiteBehavior [ RunTime:0.000026s ]
INFO: [ app_init ] --END-- [ RunTime:0.000455s ]

[ 2018-12-15T11:36:57+08:00 ] 127.0.0.1 /style/bg.jpg
INFO: [ app_init ] --START--
INFO: Run Behavior\BuildLiteBehavior [ RunTime:0.000022s ]
INFO: [ app_init ] --END-- [ RunTime:0.000730s ]

[ 2018-12-15T11:36:58+08:00 ] 127.0.0.1 /style/bg.jpg
INFO: [ app_init ] --START--
INFO: Run Behavior\BuildLiteBehavior [ RunTime:0.000012s ]
INFO: [ app_init ] --END-- [ RunTime:0.000346s ]

[ 2018-12-15T11:36:59+08:00 ] 127.0.0.1 /style/bg.jpg
INFO: [ app_init ] --START--
INFO: Run Behavior\BuildLiteBehavior [ RunTime:0.000017s ]
INFO: [ app_init ] --END-- [ RunTime:0.000662s ]

[ 2018-12-15T11:37:01+08:00 ] 127.0.0.1 /style/bg.jpg
INFO: [ app_init ] --START--
INFO: Run Behavior\BuildLiteBehavior [ RunTime:0.000014s ]
INFO: [ app_init ] --END-- [ RunTime:0.000468s ]

[ 2018-12-15T11:37:06+08:00 ] 127.0.0.1 /Public/home/img/2015/home/home-sprite.png
INFO: [ app_init ] --START--
INFO: Run Behavior\BuildLiteBehavior [ RunTime:0.000020s ]
INFO: [ app_init ] --END-- [ RunTime:0.000725s ]

[ 2018-12-15T11:37:06+08:00 ] 127.0.0.1 /img/v2/sprites.png?_=20131125
INFO: [ app_init ] --START--
INFO: Run Behavior\BuildLiteBehavior [ RunTime:0.000017s ]
INFO: [ app_init ] --END-- [ RunTime:0.000550s ]

[ 2018-12-15T11:37:06+08:00 ] 127.0.0.1 /Public/home/css/images/img-index.gif
INFO: [ app_init ] --START--
INFO: Run Behavior\BuildLiteBehavior [ RunTime:0.000011s ]
INFO: [ app_init ] --END-- [ RunTime:0.000351s ]

[ 2018-12-15T11:37:06+08:00 ] 127.0.0.1 /Public/home/img/search/more-dot.png
INFO: [ app_init ] --START--
INFO: Run Behavior\BuildLiteBehavior [ RunTime:0.000018s ]
INFO: [ app_init ] --END-- [ RunTime:0.000615s ]

[ 2018-12-15T11:37:06+08:00 ] 127.0.0.1 /Public/home/img/consult.png
INFO: [ app_init ] --START--
INFO: Run Behavior\BuildLiteBehavior [ RunTime:0.000034s ]
INFO: [ app_init ] --END-- [ RunTime:0.000479s ]

[ 2018-12-15T11:37:06+08:00 ] 127.0.0.1 /Public/home/img/2015/home/ask.png?v=20170505
INFO: [ app_init ] --START--
INFO: Run Behavior\BuildLiteBehavior [ RunTime:0.000016s ]
INFO: [ app_init ] --END-- [ RunTime:0.000486s ]

[ 2018-12-15T11:37:06+08:00 ] 127.0.0.1 /Public/home/img/2015/home/ask.png
INFO: [ app_init ] --START--
INFO: Run Behavior\BuildLiteBehavior [ RunTime:0.000021s ]
INFO: [ app_init ] --END-- [ RunTime:0.000614s ]

[ 2018-12-15T11:37:06+08:00 ] 127.0.0.1 /img/v2/hp2.png?_=20140624
INFO: [ app_init ] --START--
INFO: Run Behavior\BuildLiteBehavior [ RunTime:0.000032s ]
INFO: [ app_init ] --END-- [ RunTime:0.000504s ]

[ 2018-12-15T11:37:06+08:00 ] 127.0.0.1 /json/white/area/provinces
INFO: [ app_init ] --START--
INFO: Run Behavior\BuildLiteBehavior [ RunTime:0.000011s ]
INFO: [ app_init ] --END-- [ RunTime:0.000322s ]
INFO: [ app_begin ] --START--
INFO: Run Behavior\ReadHtmlCacheBehavior [ RunTime:0.000393s ]
INFO: Run Behavior\CronRunBehavior [ RunTime:0.000255s ]
INFO: Run Behavior\CheckLangBehavior [ RunTime:0.000809s ]
INFO: [ app_begin ] --END-- [ RunTime:0.001536s ]
ERR: 无法加载控制器:Json

[ 2018-12-15T11:37:06+08:00 ] 127.0.0.1 /Public/home/img/weDoctor.png
INFO: [ app_init ] --START--
INFO: Run Behavior\BuildLiteBehavior [ RunTime:0.000014s ]
INFO: [ app_init ] --END-- [ RunTime:0.000640s ]

[ 2018-12-15T11:37:06+08:00 ] 127.0.0.1 /Public/home/img/spritesheet.png
INFO: [ app_init ] --START--
INFO: Run Behavior\BuildLiteBehavior [ RunTime:0.000020s ]
INFO: [ app_init ] --END-- [ RunTime:0.000347s ]

[ 2018-12-15T11:37:06+08:00 ] 127.0.0.1 /Public/home/img/rightbar-bg.png
INFO: [ app_init ] --START--
INFO: Run Behavior\BuildLiteBehavior [ RunTime:0.000009s ]
INFO: [ app_init ] --END-- [ RunTime:0.000322s ]

[ 2018-12-15T11:37:07+08:00 ] 127.0.0.1 /Public/home/img/homepage-sp.png?_=20170508
INFO: [ app_init ] --START--
INFO: Run Behavior\BuildLiteBehavior [ RunTime:0.000014s ]
INFO: [ app_init ] --END-- [ RunTime:0.000447s ]

[ 2018-12-15T11:37:07+08:00 ] 127.0.0.1 /Public/home/img/internethospital/opened.png
INFO: [ app_init ] --START--
INFO: Run Behavior\BuildLiteBehavior [ RunTime:0.000018s ]
INFO: [ app_init ] --END-- [ RunTime:0.000640s ]

[ 2018-12-15T11:37:07+08:00 ] 127.0.0.1 /img/v2/1px-bg.png
INFO: [ app_init ] --START--
INFO: Run Behavior\BuildLiteBehavior [ RunTime:0.000019s ]
INFO: [ app_init ] --END-- [ RunTime:0.000747s ]

[ 2018-12-15T11:37:07+08:00 ] 127.0.0.1 /Public/home/img/v2/index-banner.jpg?v=2017_04_28
INFO: [ app_init ] --START--
INFO: Run Behavior\BuildLiteBehavior [ RunTime:0.000049s ]
INFO: [ app_init ] --END-- [ RunTime:0.001233s ]

[ 2018-12-15T11:37:07+08:00 ] 127.0.0.1 /Public/home/img/2015/home/nav_arrow.png
INFO: [ app_init ] --START--
INFO: Run Behavior\BuildLiteBehavior [ RunTime:0.000051s ]
INFO: [ app_init ] --END-- [ RunTime:0.001883s ]

[ 2018-12-15T11:37:09+08:00 ] 127.0.0.1 /style/bg.jpg
INFO: [ app_init ] --START--
INFO: Run Behavior\BuildLiteBehavior [ RunTime:0.000022s ]
INFO: [ app_init ] --END-- [ RunTime:0.000836s ]

[ 2018-12-15T11:37:16+08:00 ] 127.0.0.1 /style/bg.jpg
INFO: [ app_init ] --START--
INFO: Run Behavior\BuildLiteBehavior [ RunTime:0.000019s ]
INFO: [ app_init ] --END-- [ RunTime:0.000732s ]

[ 2018-12-15T11:38:05+08:00 ] 127.0.0.1 /style/bg.jpg
INFO: [ app_init ] --START--
INFO: Run Behavior\BuildLiteBehavior [ RunTime:0.000018s ]
INFO: [ app_init ] --END-- [ RunTime:0.000620s ]

[ 2018-12-15T11:38:07+08:00 ] 127.0.0.1 /style/bg.jpg
INFO: [ app_init ] --START--
INFO: Run Behavior\BuildLiteBehavior [ RunTime:0.000044s ]
INFO: [ app_init ] --END-- [ RunTime:0.000680s ]

[ 2018-12-15T11:38:09+08:00 ] 127.0.0.1 /style/bg.jpg
INFO: [ app_init ] --START--
INFO: Run Behavior\BuildLiteBehavior [ RunTime:0.000019s ]
INFO: [ app_init ] --END-- [ RunTime:0.000706s ]

[ 2018-12-15T11:38:10+08:00 ] 127.0.0.1 /style/bg.jpg
INFO: [ app_init ] --START--
INFO: Run Behavior\BuildLiteBehavior [ RunTime:0.000017s ]
INFO: [ app_init ] --END-- [ RunTime:0.000658s ]

[ 2018-12-15T11:38:12+08:00 ] 127.0.0.1 /style/bg.jpg
INFO: [ app_init ] --START--
INFO: Run Behavior\BuildLiteBehavior [ RunTime:0.000018s ]
INFO: [ app_init ] --END-- [ RunTime:0.000530s ]

[ 2018-12-15T11:38:14+08:00 ] 127.0.0.1 /style/bg.jpg
INFO: [ app_init ] --START--
INFO: Run Behavior\BuildLiteBehavior [ RunTime:0.000018s ]
INFO: [ app_init ] --END-- [ RunTime:0.000681s ]

[ 2018-12-15T11:38:16+08:00 ] 127.0.0.1 /style/bg.jpg
INFO: [ app_init ] --START--
INFO: Run Behavior\BuildLiteBehavior [ RunTime:0.000019s ]
INFO: [ app_init ] --END-- [ RunTime:0.000639s ]

[ 2018-12-15T11:38:17+08:00 ] 127.0.0.1 /style/bg.jpg
INFO: [ app_init ] --START--
INFO: Run Behavior\BuildLiteBehavior [ RunTime:0.000022s ]
INFO: [ app_init ] --END-- [ RunTime:0.000722s ]

[ 2018-12-15T11:38:18+08:00 ] 127.0.0.1 /style/bg.jpg
INFO: [ app_init ] --START--
INFO: Run Behavior\BuildLiteBehavior [ RunTime:0.000014s ]
INFO: [ app_init ] --END-- [ RunTime:0.000455s ]

[ 2018-12-15T11:38:33+08:00 ] 127.0.0.1 /style/bg.jpg
INFO: [ app_init ] --START--
INFO: Run Behavior\BuildLiteBehavior [ RunTime:0.000022s ]
INFO: [ app_init ] --END-- [ RunTime:0.000787s ]

[ 2018-12-15T11:38:34+08:00 ] 127.0.0.1 /style/bg.jpg
INFO: [ app_init ] --START--
INFO: Run Behavior\BuildLiteBehavior [ RunTime:0.000020s ]
INFO: [ app_init ] --END-- [ RunTime:0.000611s ]

