[ 2018-12-20T09:19:53+08:00 ] 127.0.0.1 /favicon.ico
INFO: [ app_init ] --START--
INFO: Run Behavior\BuildLiteBehavior [ RunTime:0.000007s ]
INFO: [ app_init ] --END-- [ RunTime:0.000263s ]

[ 2018-12-20T09:19:54+08:00 ] 127.0.0.1 /Public/home/img/2015/home/doctor-login.png
INFO: [ app_init ] --START--
INFO: Run Behavior\BuildLiteBehavior [ RunTime:0.000007s ]
INFO: [ app_init ] --END-- [ RunTime:0.000361s ]

[ 2018-12-20T09:19:54+08:00 ] 127.0.0.1 /img/v2/sprites.png?_=20131125
INFO: [ app_init ] --START--
INFO: Run Behavior\BuildLiteBehavior [ RunTime:0.000009s ]
INFO: [ app_init ] --END-- [ RunTime:0.000411s ]

[ 2018-12-20T09:19:54+08:00 ] 127.0.0.1 /img/v2/1px-bg.png
INFO: [ app_init ] --START--
INFO: Run Behavior\BuildLiteBehavior [ RunTime:0.000006s ]
INFO: [ app_init ] --END-- [ RunTime:0.000286s ]

[ 2018-12-20T09:19:54+08:00 ] 127.0.0.1 /Public/home/img/2015/home/nav_arrow.png
INFO: [ app_init ] --START--
INFO: Run Behavior\BuildLiteBehavior [ RunTime:0.000006s ]
INFO: [ app_init ] --END-- [ RunTime:0.000232s ]

[ 2018-12-20T09:19:54+08:00 ] 127.0.0.1 /Public/home/img/2015/home/home-sprite.png
INFO: [ app_init ] --START--
INFO: Run Behavior\BuildLiteBehavior [ RunTime:0.000007s ]
INFO: [ app_init ] --END-- [ RunTime:0.000273s ]

[ 2018-12-20T09:19:54+08:00 ] 127.0.0.1 /Public/home/img/v2/index-banner.jpg?v=2017_04_28
INFO: [ app_init ] --START--
INFO: Run Behavior\BuildLiteBehavior [ RunTime:0.000007s ]
INFO: [ app_init ] --END-- [ RunTime:0.000221s ]

[ 2018-12-20T09:19:54+08:00 ] 127.0.0.1 /Public/home/css/images/img-index.gif
INFO: [ app_init ] --START--
INFO: Run Behavior\BuildLiteBehavior [ RunTime:0.000013s ]
INFO: [ app_init ] --END-- [ RunTime:0.000239s ]

[ 2018-12-20T09:19:54+08:00 ] 127.0.0.1 /Public/home/css/images/img-index.gif
INFO: [ app_init ] --START--
INFO: Run Behavior\BuildLiteBehavior [ RunTime:0.000007s ]
INFO: [ app_init ] --END-- [ RunTime:0.000223s ]

[ 2018-12-20T09:19:54+08:00 ] 127.0.0.1 /Public/home/img/internethospital/opened.png
INFO: [ app_init ] --START--
INFO: Run Behavior\BuildLiteBehavior [ RunTime:0.000008s ]
INFO: [ app_init ] --END-- [ RunTime:0.000271s ]

[ 2018-12-20T09:19:54+08:00 ] 127.0.0.1 /Public/home/img/2015/home/ask.png?v=20170505
INFO: [ app_init ] --START--
INFO: Run Behavior\BuildLiteBehavior [ RunTime:0.000007s ]
INFO: [ app_init ] --END-- [ RunTime:0.000250s ]

[ 2018-12-20T09:19:54+08:00 ] 127.0.0.1 /Public/home/img/search/more-dot.png
INFO: [ app_init ] --START--
INFO: Run Behavior\BuildLiteBehavior [ RunTime:0.000009s ]
INFO: [ app_init ] --END-- [ RunTime:0.000307s ]

[ 2018-12-20T09:19:54+08:00 ] 127.0.0.1 /Public/home/img/2015/home/ask.png
INFO: [ app_init ] --START--
INFO: Run Behavior\BuildLiteBehavior [ RunTime:0.000010s ]
INFO: [ app_init ] --END-- [ RunTime:0.000316s ]

[ 2018-12-20T09:19:54+08:00 ] 127.0.0.1 /Public/home/img/consult.png
INFO: [ app_init ] --START--
INFO: Run Behavior\BuildLiteBehavior [ RunTime:0.000030s ]
INFO: [ app_init ] --END-- [ RunTime:0.000580s ]

[ 2018-12-20T09:19:54+08:00 ] 127.0.0.1 /Public/home/css/images/yyk_serach_arrow.gif
INFO: [ app_init ] --START--
INFO: Run Behavior\BuildLiteBehavior [ RunTime:0.000012s ]
INFO: [ app_init ] --END-- [ RunTime:0.000336s ]

[ 2018-12-20T09:19:54+08:00 ] 127.0.0.1 /Public/home/img/2015/home/home-sprite.png
INFO: [ app_init ] --START--
INFO: Run Behavior\BuildLiteBehavior [ RunTime:0.000007s ]
INFO: [ app_init ] --END-- [ RunTime:0.000343s ]

[ 2018-12-20T09:19:54+08:00 ] 127.0.0.1 /Public/home/img/spritesheet.png
INFO: [ app_init ] --START--
INFO: Run Behavior\BuildLiteBehavior [ RunTime:0.000007s ]
INFO: [ app_init ] --END-- [ RunTime:0.000260s ]

[ 2018-12-20T09:19:54+08:00 ] 127.0.0.1 /Public/home/img/weDoctor.png
INFO: [ app_init ] --START--
INFO: Run Behavior\BuildLiteBehavior [ RunTime:0.000007s ]
INFO: [ app_init ] --END-- [ RunTime:0.000248s ]

[ 2018-12-20T09:19:54+08:00 ] 127.0.0.1 /Public/home/img/rightbar-bg.png
INFO: [ app_init ] --START--
INFO: Run Behavior\BuildLiteBehavior [ RunTime:0.000007s ]
INFO: [ app_init ] --END-- [ RunTime:0.000226s ]

[ 2018-12-20T09:19:54+08:00 ] 127.0.0.1 /img/v2/hp2.png?_=20140624
INFO: [ app_init ] --START--
INFO: Run Behavior\BuildLiteBehavior [ RunTime:0.000008s ]
INFO: [ app_init ] --END-- [ RunTime:0.000241s ]

[ 2018-12-20T09:19:54+08:00 ] 127.0.0.1 /json/white/area/provinces
INFO: [ app_init ] --START--
INFO: Run Behavior\BuildLiteBehavior [ RunTime:0.000012s ]
INFO: [ app_init ] --END-- [ RunTime:0.000286s ]
INFO: [ app_begin ] --START--
INFO: Run Behavior\ReadHtmlCacheBehavior [ RunTime:0.000501s ]
INFO: Run Behavior\CronRunBehavior [ RunTime:0.000295s ]
INFO: Run Behavior\CheckLangBehavior [ RunTime:0.000685s ]
INFO: [ app_begin ] --END-- [ RunTime:0.001547s ]
ERR: 无法加载控制器:Json

[ 2018-12-20T09:19:57+08:00 ] 127.0.0.1 /Public/home/css/list/portal.basic.min.css?v=1535436384237752
INFO: [ app_init ] --START--
INFO: Run Behavior\BuildLiteBehavior [ RunTime:0.000007s ]
INFO: [ app_init ] --END-- [ RunTime:0.000227s ]
INFO: [ app_begin ] --START--
INFO: Run Behavior\ReadHtmlCacheBehavior [ RunTime:0.000419s ]
INFO: Run Behavior\CronRunBehavior [ RunTime:0.000300s ]
INFO: Run Behavior\CheckLangBehavior [ RunTime:0.000691s ]
INFO: [ app_begin ] --END-- [ RunTime:0.001476s ]
ERR: 无法加载控制器:Public

[ 2018-12-20T09:19:57+08:00 ] 127.0.0.1 /Public/home/img/2015/home/doctor-login.png
INFO: [ app_init ] --START--
INFO: Run Behavior\BuildLiteBehavior [ RunTime:0.000006s ]
INFO: [ app_init ] --END-- [ RunTime:0.000227s ]

[ 2018-12-20T09:19:57+08:00 ] 127.0.0.1 /Public/home/img/2015/home/nav_arrow.png
INFO: [ app_init ] --START--
INFO: Run Behavior\BuildLiteBehavior [ RunTime:0.000007s ]
INFO: [ app_init ] --END-- [ RunTime:0.000234s ]

[ 2018-12-20T09:19:57+08:00 ] 127.0.0.1 /Public/home/img/weDoctor.png
INFO: [ app_init ] --START--
INFO: Run Behavior\BuildLiteBehavior [ RunTime:0.000006s ]
INFO: [ app_init ] --END-- [ RunTime:0.000232s ]

[ 2018-12-20T09:19:57+08:00 ] 127.0.0.1 /Public/home/img/spritesheet.png
INFO: [ app_init ] --START--
INFO: Run Behavior\BuildLiteBehavior [ RunTime:0.000006s ]
INFO: [ app_init ] --END-- [ RunTime:0.000235s ]

[ 2018-12-20T09:19:57+08:00 ] 127.0.0.1 /Public/home/css/img/fastorder/bj.jpg
INFO: [ app_init ] --START--
INFO: Run Behavior\BuildLiteBehavior [ RunTime:0.000006s ]
INFO: [ app_init ] --END-- [ RunTime:0.000233s ]

[ 2018-12-20T09:20:05+08:00 ] 127.0.0.1 /his
INFO: [ app_init ] --START--
INFO: Run Behavior\BuildLiteBehavior [ RunTime:0.000006s ]
INFO: [ app_init ] --END-- [ RunTime:0.000219s ]
INFO: [ app_begin ] --START--
INFO: Run Behavior\ReadHtmlCacheBehavior [ RunTime:0.000298s ]
INFO: Run Behavior\CronRunBehavior [ RunTime:0.000219s ]
INFO: Run Behavior\CheckLangBehavior [ RunTime:0.000457s ]
INFO: [ app_begin ] --END-- [ RunTime:0.001044s ]
SQL: SHOW COLUMNS FROM `dzm_his_member` [ RunTime:0.0156s ]
INFO: [ view_parse ] --START--
INFO: [ template_filter ] --START--
INFO: Run Behavior\ContentReplaceBehavior [ RunTime:0.000072s ]
INFO: [ template_filter ] --END-- [ RunTime:0.000099s ]
INFO: Run Behavior\ParseTemplateBehavior [ RunTime:0.006149s ]
INFO: [ view_parse ] --END-- [ RunTime:0.006178s ]
INFO: [ view_filter ] --START--
INFO: Run Behavior\WriteHtmlCacheBehavior [ RunTime:0.000355s ]
INFO: Run Behavior\TokenBuildBehavior [ RunTime:0.000377s ]
INFO: [ view_filter ] --END-- [ RunTime:0.000770s ]
INFO: [ app_end ] --START--
INFO: Run Behavior\ShowPageTraceBehavior [ RunTime:0.000466s ]
INFO: [ app_end ] --END-- [ RunTime:0.000493s ]

[ 2018-12-20T09:20:05+08:00 ] 127.0.0.1 /index.php/Index/index
INFO: [ app_init ] --START--
INFO: Run Behavior\BuildLiteBehavior [ RunTime:0.000006s ]
INFO: [ app_init ] --END-- [ RunTime:0.000227s ]
INFO: [ app_begin ] --START--
INFO: Run Behavior\ReadHtmlCacheBehavior [ RunTime:0.000480s ]
INFO: Run Behavior\CronRunBehavior [ RunTime:0.000320s ]
INFO: Run Behavior\CheckLangBehavior [ RunTime:0.000837s ]
INFO: [ app_begin ] --END-- [ RunTime:0.001713s ]
SQL: SHOW COLUMNS FROM `dzm_his_member` [ RunTime:0.0044s ]
SQL: SHOW COLUMNS FROM `dzm_his_wxopenid` [ RunTime:0.0063s ]
SQL: SELECT * FROM `dzm_his_wxopenid` WHERE ( userid = 1 ) LIMIT 1   [ RunTime:0.0002s ]
SQL: SELECT * FROM `dzm_his_member` WHERE ( uid = 1 ) LIMIT 1   [ RunTime:0.0002s ]
SQL: SHOW COLUMNS FROM `dzm_his_hospital` [ RunTime:0.0043s ]
SQL: SELECT h.* FROM dzm_his_hospital h LEFT JOIN dzm_his_member m ON m.uid = h.hid  WHERE h.hid = '1' LIMIT 1   [ RunTime:0.0002s ]

[ 2018-12-20T09:20:05+08:00 ] 127.0.0.1 /index.php/Index/base_index?hospital_id=1
INFO: [ app_init ] --START--
INFO: Run Behavior\BuildLiteBehavior [ RunTime:0.000017s ]
INFO: [ app_init ] --END-- [ RunTime:0.000310s ]
INFO: [ app_begin ] --START--
INFO: Run Behavior\ReadHtmlCacheBehavior [ RunTime:0.000458s ]
INFO: Run Behavior\CronRunBehavior [ RunTime:0.000216s ]
INFO: Run Behavior\CheckLangBehavior [ RunTime:0.000445s ]
INFO: [ app_begin ] --END-- [ RunTime:0.001246s ]
SQL: SHOW COLUMNS FROM `dzm_his_member` [ RunTime:0.0037s ]
SQL: SHOW COLUMNS FROM `dzm_his_auth_group_access` [ RunTime:0.0089s ]
SQL: SELECT b.rules FROM dzm_his_auth_group_access a LEFT JOIN dzm_his_auth_group b ON b.id=a.group_id  WHERE a.uid = '1'  [ RunTime:0.0047s ]
SQL: SHOW COLUMNS FROM `dzm_his_auth_rule` [ RunTime:0.0043s ]
SQL: SELECT * FROM `dzm_his_auth_rule` WHERE `id` IN ('1','2','3','4','5','6','7','8','9','10','11','12','13','14','15','16','17','18','19','20','21','22','23','24','25','26','27','28','29','30','31','32','33','34','35','36','37','38','39','40','41','42','43','44','45','46','47','48','49','50','51','52','53','54','55','56','57','58','59','60','61','62','63','64','65','66','67','68','69','70','71','72','73','74','75','76','77','78','79','80','81','82','83','90','91','92','93','94','95','96','97','98','99','100','101','102','103','104','105','106','107','108','109','110','111','112','113','114','115','116','117','118','119','120','121','122','123','124','125','126','127','128','129','130','131','132','133','134','135','136','137','138','84','85','86','89','87','88','141','142','143','144','145','139','148','149','223','224','225','266','227','228') AND `is_menu` = 1 AND `status` = 1 AND `pid` = 0 ORDER BY order_list asc  [ RunTime:0.0006s ]
INFO: [ view_parse ] --START--
INFO: [ template_filter ] --START--
INFO: Run Behavior\ContentReplaceBehavior [ RunTime:0.000079s ]
INFO: [ template_filter ] --END-- [ RunTime:0.000105s ]
NOTIC: [8] Undefined variable: menu1 D:\phpStudy2018\PHPTutorial\WWW\doctor\Application\Runtime\Cache\His\a2fbc9338a55b9767c99486e40bc8103.php 第 112 行.
INFO: Run Behavior\ParseTemplateBehavior [ RunTime:0.007439s ]
INFO: [ view_parse ] --END-- [ RunTime:0.007466s ]
INFO: [ view_filter ] --START--
INFO: Run Behavior\WriteHtmlCacheBehavior [ RunTime:0.000344s ]
INFO: Run Behavior\TokenBuildBehavior [ RunTime:0.000377s ]
INFO: [ view_filter ] --END-- [ RunTime:0.000756s ]
INFO: [ app_end ] --START--
INFO: Run Behavior\ShowPageTraceBehavior [ RunTime:0.000441s ]
INFO: [ app_end ] --END-- [ RunTime:0.000463s ]

[ 2018-12-20T09:20:05+08:00 ] 127.0.0.1 /index.php/His/index/getMenuByPid
INFO: [ app_init ] --START--
INFO: Run Behavior\BuildLiteBehavior [ RunTime:0.000007s ]
INFO: [ app_init ] --END-- [ RunTime:0.000221s ]
INFO: [ app_begin ] --START--
INFO: Run Behavior\ReadHtmlCacheBehavior [ RunTime:0.000308s ]
INFO: Run Behavior\CronRunBehavior [ RunTime:0.000185s ]
INFO: Run Behavior\CheckLangBehavior [ RunTime:0.000477s ]
INFO: [ app_begin ] --END-- [ RunTime:0.001030s ]
SQL: SHOW COLUMNS FROM `dzm_his_member` [ RunTime:0.0041s ]
SQL: SHOW COLUMNS FROM `dzm_his_auth_group_access` [ RunTime:0.0042s ]
SQL: SELECT b.rules FROM dzm_his_auth_group_access a LEFT JOIN dzm_his_auth_group b ON b.id=a.group_id  WHERE a.uid = '1'  [ RunTime:0.0002s ]
SQL: SHOW COLUMNS FROM `dzm_his_auth_rule` [ RunTime:0.0033s ]
SQL: SELECT * FROM `dzm_his_auth_rule` WHERE `id` IN ('1','2','3','4','5','6','7','8','9','10','11','12','13','14','15','16','17','18','19','20','21','22','23','24','25','26','27','28','29','30','31','32','33','34','35','36','37','38','39','40','41','42','43','44','45','46','47','48','49','50','51','52','53','54','55','56','57','58','59','60','61','62','63','64','65','66','67','68','69','70','71','72','73','74','75','76','77','78','79','80','81','82','83','90','91','92','93','94','95','96','97','98','99','100','101','102','103','104','105','106','107','108','109','110','111','112','113','114','115','116','117','118','119','120','121','122','123','124','125','126','127','128','129','130','131','132','133','134','135','136','137','138','84','85','86','89','87','88','141','142','143','144','145','139','148','149','223','224','225','266','227','228') AND `is_menu` = 1 AND `status` = 1 AND `pid` = 1  [ RunTime:0.0004s ]

[ 2018-12-20T09:20:05+08:00 ] 127.0.0.1 /index.php/Doctor/index
INFO: [ app_init ] --START--
INFO: Run Behavior\BuildLiteBehavior [ RunTime:0.000007s ]
INFO: [ app_init ] --END-- [ RunTime:0.000219s ]
INFO: [ app_begin ] --START--
INFO: Run Behavior\ReadHtmlCacheBehavior [ RunTime:0.000316s ]
INFO: Run Behavior\CronRunBehavior [ RunTime:0.000334s ]
INFO: Run Behavior\CheckLangBehavior [ RunTime:0.000759s ]
INFO: [ app_begin ] --END-- [ RunTime:0.001530s ]
SQL: SHOW COLUMNS FROM `dzm_his_auth_group_access` [ RunTime:0.0030s ]
SQL: SELECT `uid`,`group_id`,`title`,`rules` FROM dzm_his_auth_group_access a INNER JOIN dzm_his_auth_group g on a.group_id=g.id  WHERE ( a.uid='1' and g.status='1' )  [ RunTime:0.0002s ]
SQL: SHOW COLUMNS FROM `dzm_his_auth_rule` [ RunTime:0.0036s ]
SQL: SELECT `condition`,`menu_name` FROM `dzm_his_auth_rule` WHERE `id` IN ('1','2','3','4','5','6','7','8','9','10','11','12','13','14','15','16','17','18','19','20','21','22','23','24','25','26','27','28','29','30','31','32','33','34','35','36','37','38','39','40','41','42','43','44','45','46','47','48','49','50','51','52','53','54','55','56','57','58','59','60','61','62','63','64','65','66','67','68','69','70','71','72','73','74','75','76','77','78','79','80','81','82','83','90','91','92','93','94','95','96','97','98','99','100','101','102','103','104','105','106','107','108','109','110','111','112','113','114','115','116','117','118','119','120','121','122','123','124','125','126','127','128','129','130','131','132','133','134','135','136','137','138','84','85','86','89','87','88','141','142','143','144','145','139','148','149','223','224','225','266','227','228') AND `type` = 1 AND `status` = 1  [ RunTime:0.0005s ]
SQL: SHOW COLUMNS FROM `dzm_his_doctor` [ RunTime:0.0035s ]
INFO: [ view_parse ] --START--
INFO: [ template_filter ] --START--
INFO: Run Behavior\ContentReplaceBehavior [ RunTime:0.000812s ]
INFO: [ template_filter ] --END-- [ RunTime:0.000844s ]
NOTIC: [8] Undefined index: name D:\phpStudy2018\PHPTutorial\WWW\doctor\Application\Runtime\Cache\His\4c76a4f64095c59596389c0565f34682.php 第 78 行.
NOTIC: [8] Undefined index: birthday D:\phpStudy2018\PHPTutorial\WWW\doctor\Application\Runtime\Cache\His\4c76a4f64095c59596389c0565f34682.php 第 106 行.
NOTIC: [8] Undefined index: mobile D:\phpStudy2018\PHPTutorial\WWW\doctor\Application\Runtime\Cache\His\4c76a4f64095c59596389c0565f34682.php 第 123 行.
NOTIC: [8] Undefined index: address D:\phpStudy2018\PHPTutorial\WWW\doctor\Application\Runtime\Cache\His\4c76a4f64095c59596389c0565f34682.php 第 135 行.
NOTIC: [8] Undefined index: allergy_info D:\phpStudy2018\PHPTutorial\WWW\doctor\Application\Runtime\Cache\His\4c76a4f64095c59596389c0565f34682.php 第 140 行.
NOTIC: [8] Undefined index: name D:\phpStudy2018\PHPTutorial\WWW\doctor\Application\Runtime\Cache\His\4c76a4f64095c59596389c0565f34682.php 第 525 行.
NOTIC: [8] Undefined index: mobile D:\phpStudy2018\PHPTutorial\WWW\doctor\Application\Runtime\Cache\His\4c76a4f64095c59596389c0565f34682.php 第 526 行.
NOTIC: [8] Undefined index: birthday D:\phpStudy2018\PHPTutorial\WWW\doctor\Application\Runtime\Cache\His\4c76a4f64095c59596389c0565f34682.php 第 528 行.
NOTIC: [8] Undefined index: address D:\phpStudy2018\PHPTutorial\WWW\doctor\Application\Runtime\Cache\His\4c76a4f64095c59596389c0565f34682.php 第 529 行.
NOTIC: [8] Undefined index: allergy_info D:\phpStudy2018\PHPTutorial\WWW\doctor\Application\Runtime\Cache\His\4c76a4f64095c59596389c0565f34682.php 第 530 行.
INFO: Run Behavior\ParseTemplateBehavior [ RunTime:0.012800s ]
INFO: [ view_parse ] --END-- [ RunTime:0.012831s ]
INFO: [ view_filter ] --START--
INFO: Run Behavior\WriteHtmlCacheBehavior [ RunTime:0.000383s ]
INFO: Run Behavior\TokenBuildBehavior [ RunTime:0.000396s ]
INFO: [ view_filter ] --END-- [ RunTime:0.000815s ]
INFO: [ app_end ] --START--
INFO: Run Behavior\ShowPageTraceBehavior [ RunTime:0.000456s ]
INFO: [ app_end ] --END-- [ RunTime:0.000480s ]

[ 2018-12-20T09:20:05+08:00 ] 127.0.0.1 /Doctor/getRegistrations
INFO: [ app_init ] --START--
INFO: Run Behavior\BuildLiteBehavior [ RunTime:0.000007s ]
INFO: [ app_init ] --END-- [ RunTime:0.000255s ]
INFO: [ app_begin ] --START--
INFO: Run Behavior\ReadHtmlCacheBehavior [ RunTime:0.000309s ]
INFO: Run Behavior\CronRunBehavior [ RunTime:0.000194s ]
INFO: Run Behavior\CheckLangBehavior [ RunTime:0.000490s ]
INFO: [ app_begin ] --END-- [ RunTime:0.001057s ]
SQL: SHOW COLUMNS FROM `dzm_his_auth_group_access` [ RunTime:0.0129s ]
SQL: SELECT `uid`,`group_id`,`title`,`rules` FROM dzm_his_auth_group_access a INNER JOIN dzm_his_auth_group g on a.group_id=g.id  WHERE ( a.uid='1' and g.status='1' )  [ RunTime:0.0002s ]
SQL: SHOW COLUMNS FROM `dzm_his_auth_rule` [ RunTime:0.0033s ]
SQL: SELECT `condition`,`menu_name` FROM `dzm_his_auth_rule` WHERE `id` IN ('1','2','3','4','5','6','7','8','9','10','11','12','13','14','15','16','17','18','19','20','21','22','23','24','25','26','27','28','29','30','31','32','33','34','35','36','37','38','39','40','41','42','43','44','45','46','47','48','49','50','51','52','53','54','55','56','57','58','59','60','61','62','63','64','65','66','67','68','69','70','71','72','73','74','75','76','77','78','79','80','81','82','83','90','91','92','93','94','95','96','97','98','99','100','101','102','103','104','105','106','107','108','109','110','111','112','113','114','115','116','117','118','119','120','121','122','123','124','125','126','127','128','129','130','131','132','133','134','135','136','137','138','84','85','86','89','87','88','141','142','143','144','145','139','148','149','223','224','225','266','227','228') AND `type` = 1 AND `status` = 1  [ RunTime:0.0005s ]
SQL: SHOW COLUMNS FROM `dzm_his_doctor` [ RunTime:0.0043s ]
SQL: SELECT 
 count(a.patient_id) as count_num 
FROM dzm_his_registration a 
LEFT JOIN dzm_patient b ON a.patient_id=b.patient_id 
LEFT JOIN dzm_his_registeredfee d ON a.registeredfee_id=d.reg_id 
WHERE a.physician_id='1' AND a.registration_status=1    [ RunTime:0.0065s ]

[ 2018-12-20T09:20:06+08:00 ] 127.0.0.1 /Doctor/getPatientList
INFO: [ app_init ] --START--
INFO: Run Behavior\BuildLiteBehavior [ RunTime:0.000007s ]
INFO: [ app_init ] --END-- [ RunTime:0.000230s ]
INFO: [ app_begin ] --START--
INFO: Run Behavior\ReadHtmlCacheBehavior [ RunTime:0.000284s ]
INFO: Run Behavior\CronRunBehavior [ RunTime:0.000187s ]
INFO: Run Behavior\CheckLangBehavior [ RunTime:0.000473s ]
INFO: [ app_begin ] --END-- [ RunTime:0.001004s ]
SQL: SHOW COLUMNS FROM `dzm_his_auth_group_access` [ RunTime:0.0032s ]
SQL: SELECT `uid`,`group_id`,`title`,`rules` FROM dzm_his_auth_group_access a INNER JOIN dzm_his_auth_group g on a.group_id=g.id  WHERE ( a.uid='1' and g.status='1' )  [ RunTime:0.0002s ]
SQL: SHOW COLUMNS FROM `dzm_his_auth_rule` [ RunTime:0.0035s ]
SQL: SELECT `condition`,`menu_name` FROM `dzm_his_auth_rule` WHERE `id` IN ('1','2','3','4','5','6','7','8','9','10','11','12','13','14','15','16','17','18','19','20','21','22','23','24','25','26','27','28','29','30','31','32','33','34','35','36','37','38','39','40','41','42','43','44','45','46','47','48','49','50','51','52','53','54','55','56','57','58','59','60','61','62','63','64','65','66','67','68','69','70','71','72','73','74','75','76','77','78','79','80','81','82','83','90','91','92','93','94','95','96','97','98','99','100','101','102','103','104','105','106','107','108','109','110','111','112','113','114','115','116','117','118','119','120','121','122','123','124','125','126','127','128','129','130','131','132','133','134','135','136','137','138','84','85','86','89','87','88','141','142','143','144','145','139','148','149','223','224','225','266','227','228') AND `type` = 1 AND `status` = 1  [ RunTime:0.0005s ]
SQL: SHOW COLUMNS FROM `dzm_his_doctor` [ RunTime:0.0034s ]
SQL: SELECT count(b.patient_id) as count_num FROM dzm_patient b WHERE b.hospital_id='1'    [ RunTime:0.0002s ]
SQL: SELECT * FROM dzm_patient b WHERE b.hospital_id='1'  ORDER BY b.patient_id DESC,b.last_login_time DESC LIMIT 0,7 [ RunTime:0.0002s ]

[ 2018-12-20T09:20:06+08:00 ] 127.0.0.1 /Doctor/getExtracharges
INFO: [ app_init ] --START--
INFO: Run Behavior\BuildLiteBehavior [ RunTime:0.000009s ]
INFO: [ app_init ] --END-- [ RunTime:0.000318s ]
INFO: [ app_begin ] --START--
INFO: Run Behavior\ReadHtmlCacheBehavior [ RunTime:0.000269s ]
INFO: Run Behavior\CronRunBehavior [ RunTime:0.000199s ]
INFO: Run Behavior\CheckLangBehavior [ RunTime:0.000491s ]
INFO: [ app_begin ] --END-- [ RunTime:0.001016s ]
SQL: SHOW COLUMNS FROM `dzm_his_auth_group_access` [ RunTime:0.0033s ]
SQL: SELECT `uid`,`group_id`,`title`,`rules` FROM dzm_his_auth_group_access a INNER JOIN dzm_his_auth_group g on a.group_id=g.id  WHERE ( a.uid='1' and g.status='1' )  [ RunTime:0.0002s ]
SQL: SHOW COLUMNS FROM `dzm_his_auth_rule` [ RunTime:0.0033s ]
SQL: SELECT `condition`,`menu_name` FROM `dzm_his_auth_rule` WHERE `id` IN ('1','2','3','4','5','6','7','8','9','10','11','12','13','14','15','16','17','18','19','20','21','22','23','24','25','26','27','28','29','30','31','32','33','34','35','36','37','38','39','40','41','42','43','44','45','46','47','48','49','50','51','52','53','54','55','56','57','58','59','60','61','62','63','64','65','66','67','68','69','70','71','72','73','74','75','76','77','78','79','80','81','82','83','90','91','92','93','94','95','96','97','98','99','100','101','102','103','104','105','106','107','108','109','110','111','112','113','114','115','116','117','118','119','120','121','122','123','124','125','126','127','128','129','130','131','132','133','134','135','136','137','138','84','85','86','89','87','88','141','142','143','144','145','139','148','149','223','224','225','266','227','228') AND `type` = 1 AND `status` = 1  [ RunTime:0.0005s ]
SQL: SHOW COLUMNS FROM `dzm_his_doctor` [ RunTime:0.0036s ]
SQL: SELECT * FROM dzm_his_prescription_extracharges WHERE hid='1' AND type='0' [ RunTime:0.0024s ]

[ 2018-12-20T09:20:06+08:00 ] 127.0.0.1 /Doctor/getInspectionfee
INFO: [ app_init ] --START--
INFO: Run Behavior\BuildLiteBehavior [ RunTime:0.000007s ]
INFO: [ app_init ] --END-- [ RunTime:0.000231s ]
INFO: [ app_begin ] --START--
INFO: Run Behavior\ReadHtmlCacheBehavior [ RunTime:0.000596s ]
INFO: Run Behavior\CronRunBehavior [ RunTime:0.000402s ]
INFO: Run Behavior\CheckLangBehavior [ RunTime:0.000899s ]
INFO: [ app_begin ] --END-- [ RunTime:0.001977s ]
SQL: SHOW COLUMNS FROM `dzm_his_auth_group_access` [ RunTime:0.0032s ]
SQL: SELECT `uid`,`group_id`,`title`,`rules` FROM dzm_his_auth_group_access a INNER JOIN dzm_his_auth_group g on a.group_id=g.id  WHERE ( a.uid='1' and g.status='1' )  [ RunTime:0.0002s ]
SQL: SHOW COLUMNS FROM `dzm_his_auth_rule` [ RunTime:0.0032s ]
SQL: SELECT `condition`,`menu_name` FROM `dzm_his_auth_rule` WHERE `id` IN ('1','2','3','4','5','6','7','8','9','10','11','12','13','14','15','16','17','18','19','20','21','22','23','24','25','26','27','28','29','30','31','32','33','34','35','36','37','38','39','40','41','42','43','44','45','46','47','48','49','50','51','52','53','54','55','56','57','58','59','60','61','62','63','64','65','66','67','68','69','70','71','72','73','74','75','76','77','78','79','80','81','82','83','90','91','92','93','94','95','96','97','98','99','100','101','102','103','104','105','106','107','108','109','110','111','112','113','114','115','116','117','118','119','120','121','122','123','124','125','126','127','128','129','130','131','132','133','134','135','136','137','138','84','85','86','89','87','88','141','142','143','144','145','139','148','149','223','224','225','266','227','228') AND `type` = 1 AND `status` = 1  [ RunTime:0.0005s ]
SQL: SHOW COLUMNS FROM `dzm_his_doctor` [ RunTime:0.0036s ]
SQL: SELECT * FROM dzm_his_inspectionfee WHERE hid='1'  [ RunTime:0.0007s ]

[ 2018-12-20T09:20:06+08:00 ] 127.0.0.1 /Doctor/getPkgList
INFO: [ app_init ] --START--
INFO: Run Behavior\BuildLiteBehavior [ RunTime:0.000006s ]
INFO: [ app_init ] --END-- [ RunTime:0.000239s ]
INFO: [ app_begin ] --START--
INFO: Run Behavior\ReadHtmlCacheBehavior [ RunTime:0.000399s ]
INFO: Run Behavior\CronRunBehavior [ RunTime:0.000187s ]
INFO: Run Behavior\CheckLangBehavior [ RunTime:0.000472s ]
INFO: [ app_begin ] --END-- [ RunTime:0.001119s ]
SQL: SHOW COLUMNS FROM `dzm_his_auth_group_access` [ RunTime:0.0032s ]
SQL: SELECT `uid`,`group_id`,`title`,`rules` FROM dzm_his_auth_group_access a INNER JOIN dzm_his_auth_group g on a.group_id=g.id  WHERE ( a.uid='1' and g.status='1' )  [ RunTime:0.0003s ]
SQL: SHOW COLUMNS FROM `dzm_his_auth_rule` [ RunTime:0.0041s ]
SQL: SELECT `condition`,`menu_name` FROM `dzm_his_auth_rule` WHERE `id` IN ('1','2','3','4','5','6','7','8','9','10','11','12','13','14','15','16','17','18','19','20','21','22','23','24','25','26','27','28','29','30','31','32','33','34','35','36','37','38','39','40','41','42','43','44','45','46','47','48','49','50','51','52','53','54','55','56','57','58','59','60','61','62','63','64','65','66','67','68','69','70','71','72','73','74','75','76','77','78','79','80','81','82','83','90','91','92','93','94','95','96','97','98','99','100','101','102','103','104','105','106','107','108','109','110','111','112','113','114','115','116','117','118','119','120','121','122','123','124','125','126','127','128','129','130','131','132','133','134','135','136','137','138','84','85','86','89','87','88','141','142','143','144','145','139','148','149','223','224','225','266','227','228') AND `type` = 1 AND `status` = 1  [ RunTime:0.0005s ]
SQL: SHOW COLUMNS FROM `dzm_his_doctor` [ RunTime:0.0037s ]
SQL: SELECT a.*,b.name,b.mobile,b.sex,b.birthday
,from_unixtime(a.addtime,'%m-%d %h:%i') as addtime_str
,from_unixtime(a.addtime,'%Y-%m-%d %h:%i:%s') as addtime_str_full,c.true_name,d.owner_name
 FROM dzm_his_care_pkg a 
 LEFT JOIN dzm_patient b ON a.patient_id=b.patient_id
 LEFT JOIN dzm_his_doctor c ON a.doctor_id=c.uid
 LEFT JOIN dzm_his_hospital d ON a.hospital_id=d.hid
 WHERE a.doctor_id='1' AND  a.type_id=0 AND a.hospital_id=1
ORDER BY a.id DESC
 LIMIT 50
 [ RunTime:0.0112s ]

[ 2018-12-20T09:20:06+08:00 ] 127.0.0.1 /Doctor/getMedicines
INFO: [ app_init ] --START--
INFO: Run Behavior\BuildLiteBehavior [ RunTime:0.000010s ]
INFO: [ app_init ] --END-- [ RunTime:0.000316s ]
INFO: [ app_begin ] --START--
INFO: Run Behavior\ReadHtmlCacheBehavior [ RunTime:0.000577s ]
INFO: Run Behavior\CronRunBehavior [ RunTime:0.000409s ]
INFO: Run Behavior\CheckLangBehavior [ RunTime:0.000713s ]
INFO: [ app_begin ] --END-- [ RunTime:0.001780s ]
SQL: SHOW COLUMNS FROM `dzm_his_auth_group_access` [ RunTime:0.0031s ]
SQL: SELECT `uid`,`group_id`,`title`,`rules` FROM dzm_his_auth_group_access a INNER JOIN dzm_his_auth_group g on a.group_id=g.id  WHERE ( a.uid='1' and g.status='1' )  [ RunTime:0.0003s ]
SQL: SHOW COLUMNS FROM `dzm_his_auth_rule` [ RunTime:0.0038s ]
SQL: SELECT `condition`,`menu_name` FROM `dzm_his_auth_rule` WHERE `id` IN ('1','2','3','4','5','6','7','8','9','10','11','12','13','14','15','16','17','18','19','20','21','22','23','24','25','26','27','28','29','30','31','32','33','34','35','36','37','38','39','40','41','42','43','44','45','46','47','48','49','50','51','52','53','54','55','56','57','58','59','60','61','62','63','64','65','66','67','68','69','70','71','72','73','74','75','76','77','78','79','80','81','82','83','90','91','92','93','94','95','96','97','98','99','100','101','102','103','104','105','106','107','108','109','110','111','112','113','114','115','116','117','118','119','120','121','122','123','124','125','126','127','128','129','130','131','132','133','134','135','136','137','138','84','85','86','89','87','88','141','142','143','144','145','139','148','149','223','224','225','266','227','228') AND `type` = 1 AND `status` = 1  [ RunTime:0.0005s ]
SQL: SHOW COLUMNS FROM `dzm_his_doctor` [ RunTime:0.0035s ]
SQL: SELECT 
c.hmr_id as medicines_id,b.inventory_num,b.inventory_unit,b.inventory_prescription_price,a.medicines_name,a.unit
 FROM dzm_his_hospital_medicines_relation c 
 LEFT JOIN dzm_his_medicines a ON c.medicines_id=a.medicines_id
 LEFT JOIN  dzm_his_inventory b ON c.hmr_id=b.hmr_id
 WHERE c.hospital_id='1'  LIMIT 50 [ RunTime:0.0039s ]

[ 2018-12-20T09:20:06+08:00 ] 127.0.0.1 /index.php/His/index/getMenuByPid
INFO: [ app_init ] --START--
INFO: Run Behavior\BuildLiteBehavior [ RunTime:0.000007s ]
INFO: [ app_init ] --END-- [ RunTime:0.000220s ]
INFO: [ app_begin ] --START--
INFO: Run Behavior\ReadHtmlCacheBehavior [ RunTime:0.000270s ]
INFO: Run Behavior\CronRunBehavior [ RunTime:0.000176s ]
INFO: Run Behavior\CheckLangBehavior [ RunTime:0.000438s ]
INFO: [ app_begin ] --END-- [ RunTime:0.000940s ]
SQL: SHOW COLUMNS FROM `dzm_his_member` [ RunTime:0.0134s ]
SQL: SHOW COLUMNS FROM `dzm_his_auth_group_access` [ RunTime:0.0030s ]
SQL: SELECT b.rules FROM dzm_his_auth_group_access a LEFT JOIN dzm_his_auth_group b ON b.id=a.group_id  WHERE a.uid = '1'  [ RunTime:0.0002s ]
SQL: SHOW COLUMNS FROM `dzm_his_auth_rule` [ RunTime:0.0040s ]
SQL: SELECT * FROM `dzm_his_auth_rule` WHERE `id` IN ('1','2','3','4','5','6','7','8','9','10','11','12','13','14','15','16','17','18','19','20','21','22','23','24','25','26','27','28','29','30','31','32','33','34','35','36','37','38','39','40','41','42','43','44','45','46','47','48','49','50','51','52','53','54','55','56','57','58','59','60','61','62','63','64','65','66','67','68','69','70','71','72','73','74','75','76','77','78','79','80','81','82','83','90','91','92','93','94','95','96','97','98','99','100','101','102','103','104','105','106','107','108','109','110','111','112','113','114','115','116','117','118','119','120','121','122','123','124','125','126','127','128','129','130','131','132','133','134','135','136','137','138','84','85','86','89','87','88','141','142','143','144','145','139','148','149','223','224','225','266','227','228') AND `is_menu` = 1 AND `status` = 1 AND `pid` = 22  [ RunTime:0.0004s ]

[ 2018-12-20T09:20:07+08:00 ] 127.0.0.1 /index.php/Member/userList
INFO: [ app_init ] --START--
INFO: Run Behavior\BuildLiteBehavior [ RunTime:0.000007s ]
INFO: [ app_init ] --END-- [ RunTime:0.000222s ]
INFO: [ app_begin ] --START--
INFO: Run Behavior\ReadHtmlCacheBehavior [ RunTime:0.000283s ]
INFO: Run Behavior\CronRunBehavior [ RunTime:0.000175s ]
INFO: Run Behavior\CheckLangBehavior [ RunTime:0.000441s ]
INFO: [ app_begin ] --END-- [ RunTime:0.000962s ]
SQL: SHOW COLUMNS FROM `dzm_his_auth_group_access` [ RunTime:0.0042s ]
SQL: SELECT `uid`,`group_id`,`title`,`rules` FROM dzm_his_auth_group_access a INNER JOIN dzm_his_auth_group g on a.group_id=g.id  WHERE ( a.uid='1' and g.status='1' )  [ RunTime:0.0002s ]
SQL: SHOW COLUMNS FROM `dzm_his_auth_rule` [ RunTime:0.0033s ]
SQL: SELECT `condition`,`menu_name` FROM `dzm_his_auth_rule` WHERE `id` IN ('1','2','3','4','5','6','7','8','9','10','11','12','13','14','15','16','17','18','19','20','21','22','23','24','25','26','27','28','29','30','31','32','33','34','35','36','37','38','39','40','41','42','43','44','45','46','47','48','49','50','51','52','53','54','55','56','57','58','59','60','61','62','63','64','65','66','67','68','69','70','71','72','73','74','75','76','77','78','79','80','81','82','83','90','91','92','93','94','95','96','97','98','99','100','101','102','103','104','105','106','107','108','109','110','111','112','113','114','115','116','117','118','119','120','121','122','123','124','125','126','127','128','129','130','131','132','133','134','135','136','137','138','84','85','86','89','87','88','141','142','143','144','145','139','148','149','223','224','225','266','227','228') AND `type` = 1 AND `status` = 1  [ RunTime:0.0005s ]
SQL: SHOW COLUMNS FROM `dzm_his_member` [ RunTime:0.0033s ]
SQL: SHOW COLUMNS FROM `dzm_his_supplier` [ RunTime:0.0051s ]
NOTIC: [2] Missing argument 1 for Think\Model::where(), called in D:\phpStudy2018\PHPTutorial\WWW\doctor\Application\His\Controller\MemberController.class.php on line 357 and defined D:\phpStudy2018\PHPTutorial\WWW\doctor\ThinkPHP\Library\Think\Model.class.php 第 1797 行.
NOTIC: [8] Undefined variable: where D:\phpStudy2018\PHPTutorial\WWW\doctor\ThinkPHP\Library\Think\Model.class.php 第 1805 行.
NOTIC: [8] Undefined variable: where D:\phpStudy2018\PHPTutorial\WWW\doctor\ThinkPHP\Library\Think\Model.class.php 第 1808 行.
NOTIC: [8] Undefined variable: where D:\phpStudy2018\PHPTutorial\WWW\doctor\ThinkPHP\Library\Think\Model.class.php 第 1816 行.
SQL: SELECT * FROM `dzm_his_supplier`  [ RunTime:0.0003s ]
SQL: SELECT COUNT(*) AS tp_count FROM `dzm_his_member` WHERE `p_id` = 1 AND `status` = 2 LIMIT 1   [ RunTime:0.0002s ]
SQL: SHOW COLUMNS FROM `dzm_his_department` [ RunTime:0.0046s ]
SQL: SELECT COUNT(*) AS tp_count FROM `dzm_his_department` WHERE `hid` = 1 LIMIT 1   [ RunTime:0.0002s ]
SQL: SELECT * FROM `dzm_his_department` WHERE `hid` = 1 ORDER BY create_time desc,update_time desc LIMIT 0,10   [ RunTime:0.0002s ]
SQL: SHOW COLUMNS FROM `dzm_his_auth_group` [ RunTime:0.0033s ]
SQL: SELECT COUNT(*) AS tp_count FROM `dzm_his_auth_group` WHERE `status` = 1 LIMIT 1   [ RunTime:0.0002s ]
SQL: SELECT * FROM `dzm_his_auth_group` WHERE `status` = 1 ORDER BY is_manage DESC LIMIT 0,10   [ RunTime:0.0002s ]
INFO: [ view_parse ] --START--
INFO: [ template_filter ] --START--
INFO: Run Behavior\ContentReplaceBehavior [ RunTime:0.000183s ]
INFO: [ template_filter ] --END-- [ RunTime:0.000214s ]
NOTIC: [8] Undefined variable: pager_str D:\phpStudy2018\PHPTutorial\WWW\doctor\Application\Runtime\Cache\His\29d97a9caacf483ee0bf59b3674462e9.php 第 107 行.
NOTIC: [8] Use of undefined constant id - assumed 'id' D:\phpStudy2018\PHPTutorial\WWW\doctor\Application\Runtime\Cache\His\29d97a9caacf483ee0bf59b3674462e9.php 第 130 行.
NOTIC: [8] Use of undefined constant id - assumed 'id' D:\phpStudy2018\PHPTutorial\WWW\doctor\Application\Runtime\Cache\His\29d97a9caacf483ee0bf59b3674462e9.php 第 130 行.
NOTIC: [8] Use of undefined constant id - assumed 'id' D:\phpStudy2018\PHPTutorial\WWW\doctor\Application\Runtime\Cache\His\29d97a9caacf483ee0bf59b3674462e9.php 第 130 行.
NOTIC: [8] Use of undefined constant id - assumed 'id' D:\phpStudy2018\PHPTutorial\WWW\doctor\Application\Runtime\Cache\His\29d97a9caacf483ee0bf59b3674462e9.php 第 130 行.
NOTIC: [8] Use of undefined constant id - assumed 'id' D:\phpStudy2018\PHPTutorial\WWW\doctor\Application\Runtime\Cache\His\29d97a9caacf483ee0bf59b3674462e9.php 第 130 行.
NOTIC: [8] Use of undefined constant id - assumed 'id' D:\phpStudy2018\PHPTutorial\WWW\doctor\Application\Runtime\Cache\His\29d97a9caacf483ee0bf59b3674462e9.php 第 130 行.
NOTIC: [8] Use of undefined constant id - assumed 'id' D:\phpStudy2018\PHPTutorial\WWW\doctor\Application\Runtime\Cache\His\29d97a9caacf483ee0bf59b3674462e9.php 第 130 行.
NOTIC: [8] Use of undefined constant id - assumed 'id' D:\phpStudy2018\PHPTutorial\WWW\doctor\Application\Runtime\Cache\His\29d97a9caacf483ee0bf59b3674462e9.php 第 130 行.
INFO: Run Behavior\ParseTemplateBehavior [ RunTime:0.012777s ]
INFO: [ view_parse ] --END-- [ RunTime:0.012805s ]
INFO: [ view_filter ] --START--
INFO: Run Behavior\WriteHtmlCacheBehavior [ RunTime:0.000352s ]
INFO: Run Behavior\TokenBuildBehavior [ RunTime:0.000389s ]
INFO: [ view_filter ] --END-- [ RunTime:0.000777s ]
INFO: [ app_end ] --START--
INFO: Run Behavior\ShowPageTraceBehavior [ RunTime:0.000456s ]
INFO: [ app_end ] --END-- [ RunTime:0.000480s ]

[ 2018-12-20T09:20:07+08:00 ] 127.0.0.1 /index.php/Member/userList
INFO: [ app_init ] --START--
INFO: Run Behavior\BuildLiteBehavior [ RunTime:0.000007s ]
INFO: [ app_init ] --END-- [ RunTime:0.000239s ]
INFO: [ app_begin ] --START--
INFO: Run Behavior\ReadHtmlCacheBehavior [ RunTime:0.000261s ]
INFO: Run Behavior\CronRunBehavior [ RunTime:0.000189s ]
INFO: Run Behavior\CheckLangBehavior [ RunTime:0.000437s ]
INFO: [ app_begin ] --END-- [ RunTime:0.000944s ]
SQL: SHOW COLUMNS FROM `dzm_his_auth_group_access` [ RunTime:0.0033s ]
SQL: SELECT `uid`,`group_id`,`title`,`rules` FROM dzm_his_auth_group_access a INNER JOIN dzm_his_auth_group g on a.group_id=g.id  WHERE ( a.uid='1' and g.status='1' )  [ RunTime:0.0002s ]
SQL: SHOW COLUMNS FROM `dzm_his_auth_rule` [ RunTime:0.0033s ]
SQL: SELECT `condition`,`menu_name` FROM `dzm_his_auth_rule` WHERE `id` IN ('1','2','3','4','5','6','7','8','9','10','11','12','13','14','15','16','17','18','19','20','21','22','23','24','25','26','27','28','29','30','31','32','33','34','35','36','37','38','39','40','41','42','43','44','45','46','47','48','49','50','51','52','53','54','55','56','57','58','59','60','61','62','63','64','65','66','67','68','69','70','71','72','73','74','75','76','77','78','79','80','81','82','83','90','91','92','93','94','95','96','97','98','99','100','101','102','103','104','105','106','107','108','109','110','111','112','113','114','115','116','117','118','119','120','121','122','123','124','125','126','127','128','129','130','131','132','133','134','135','136','137','138','84','85','86','89','87','88','141','142','143','144','145','139','148','149','223','224','225','266','227','228') AND `type` = 1 AND `status` = 1  [ RunTime:0.0004s ]
SQL: SHOW COLUMNS FROM `dzm_his_member` [ RunTime:0.0059s ]
SQL: SELECT COUNT(*) AS tp_count FROM dzm_his_member hm LEFT JOIN dzm_his_doctor hd ON hm.uid = hd.uid LEFT JOIN dzm_his_department hde ON hm.department_id = hde.did LEFT JOIN dzm_his_auth_group ag ON hm.type = ag.id  WHERE `p_id` = '1' AND hm.status = 1 LIMIT 1   [ RunTime:0.0002s ]
SQL: SELECT hm.uid,hm.create_time,hd.id,hd.mobile,hm.user_name,hd.true_name,hd.sex,hd.age,hde.department_name,ag.title FROM dzm_his_member hm LEFT JOIN dzm_his_doctor hd ON hm.uid = hd.uid LEFT JOIN dzm_his_department hde ON hm.department_id = hde.did LEFT JOIN dzm_his_auth_group ag ON hm.type = ag.id  WHERE `p_id` = '1' AND hm.status = 1 ORDER BY hm.create_time desc LIMIT 0,10   [ RunTime:0.0004s ]
SQL: SHOW COLUMNS FROM `dzm_his_doctor` [ RunTime:0.0032s ]
NOTIC: [2] Missing argument 1 for Think\Model::where(), called in D:\phpStudy2018\PHPTutorial\WWW\doctor\Application\His\Model\HisMemberModel.class.php on line 356 and defined D:\phpStudy2018\PHPTutorial\WWW\doctor\ThinkPHP\Library\Think\Model.class.php 第 1797 行.
NOTIC: [8] Undefined variable: where D:\phpStudy2018\PHPTutorial\WWW\doctor\ThinkPHP\Library\Think\Model.class.php 第 1805 行.
NOTIC: [8] Undefined variable: where D:\phpStudy2018\PHPTutorial\WWW\doctor\ThinkPHP\Library\Think\Model.class.php 第 1808 行.
NOTIC: [8] Undefined variable: where D:\phpStudy2018\PHPTutorial\WWW\doctor\ThinkPHP\Library\Think\Model.class.php 第 1816 行.
SQL: SELECT * FROM `dzm_his_doctor`  [ RunTime:0.0002s ]
NOTIC: [8] Undefined index: rank D:\phpStudy2018\PHPTutorial\WWW\doctor\Application\His\Controller\MemberController.class.php 第 345 行.

[ 2018-12-20T09:20:09+08:00 ] 127.0.0.1 /index.php/Supplier/index
INFO: [ app_init ] --START--
INFO: Run Behavior\BuildLiteBehavior [ RunTime:0.000006s ]
INFO: [ app_init ] --END-- [ RunTime:0.000216s ]
INFO: [ app_begin ] --START--
INFO: Run Behavior\ReadHtmlCacheBehavior [ RunTime:0.000269s ]
INFO: Run Behavior\CronRunBehavior [ RunTime:0.000177s ]
INFO: Run Behavior\CheckLangBehavior [ RunTime:0.000443s ]
INFO: [ app_begin ] --END-- [ RunTime:0.000948s ]
SQL: SHOW COLUMNS FROM `dzm_his_auth_group_access` [ RunTime:0.0134s ]
SQL: SELECT `uid`,`group_id`,`title`,`rules` FROM dzm_his_auth_group_access a INNER JOIN dzm_his_auth_group g on a.group_id=g.id  WHERE ( a.uid='1' and g.status='1' )  [ RunTime:0.0002s ]
SQL: SHOW COLUMNS FROM `dzm_his_auth_rule` [ RunTime:0.0041s ]
SQL: SELECT `condition`,`menu_name` FROM `dzm_his_auth_rule` WHERE `id` IN ('1','2','3','4','5','6','7','8','9','10','11','12','13','14','15','16','17','18','19','20','21','22','23','24','25','26','27','28','29','30','31','32','33','34','35','36','37','38','39','40','41','42','43','44','45','46','47','48','49','50','51','52','53','54','55','56','57','58','59','60','61','62','63','64','65','66','67','68','69','70','71','72','73','74','75','76','77','78','79','80','81','82','83','90','91','92','93','94','95','96','97','98','99','100','101','102','103','104','105','106','107','108','109','110','111','112','113','114','115','116','117','118','119','120','121','122','123','124','125','126','127','128','129','130','131','132','133','134','135','136','137','138','84','85','86','89','87','88','141','142','143','144','145','139','148','149','223','224','225','266','227','228') AND `type` = 1 AND `status` = 1  [ RunTime:0.0005s ]
SQL: SHOW COLUMNS FROM `dzm_his_supplier` [ RunTime:0.0033s ]
SQL: SHOW COLUMNS FROM `dzm_his_yydoctor` [ RunTime:0.0110s ]
SQL: SELECT * FROM `dzm_his_yydoctor`  [ RunTime:0.0002s ]
INFO: [ view_parse ] --START--
INFO: [ template_filter ] --START--
INFO: Run Behavior\ContentReplaceBehavior [ RunTime:0.000130s ]
INFO: [ template_filter ] --END-- [ RunTime:0.000156s ]
INFO: Run Behavior\ParseTemplateBehavior [ RunTime:0.007204s ]
INFO: [ view_parse ] --END-- [ RunTime:0.007231s ]
INFO: [ view_filter ] --START--
INFO: Run Behavior\WriteHtmlCacheBehavior [ RunTime:0.000363s ]
INFO: Run Behavior\TokenBuildBehavior [ RunTime:0.000377s ]
INFO: [ view_filter ] --END-- [ RunTime:0.000776s ]
INFO: [ app_end ] --START--
INFO: Run Behavior\ShowPageTraceBehavior [ RunTime:0.000446s ]
INFO: [ app_end ] --END-- [ RunTime:0.000471s ]

[ 2018-12-20T09:20:10+08:00 ] 127.0.0.1 /index.php/Supplier/Index
INFO: [ app_init ] --START--
INFO: Run Behavior\BuildLiteBehavior [ RunTime:0.000011s ]
INFO: [ app_init ] --END-- [ RunTime:0.000240s ]
INFO: [ app_begin ] --START--
INFO: Run Behavior\ReadHtmlCacheBehavior [ RunTime:0.000273s ]
INFO: Run Behavior\CronRunBehavior [ RunTime:0.000181s ]
INFO: Run Behavior\CheckLangBehavior [ RunTime:0.000458s ]
INFO: [ app_begin ] --END-- [ RunTime:0.000968s ]
SQL: SHOW COLUMNS FROM `dzm_his_auth_group_access` [ RunTime:0.0035s ]
SQL: SELECT `uid`,`group_id`,`title`,`rules` FROM dzm_his_auth_group_access a INNER JOIN dzm_his_auth_group g on a.group_id=g.id  WHERE ( a.uid='1' and g.status='1' )  [ RunTime:0.0002s ]
SQL: SHOW COLUMNS FROM `dzm_his_auth_rule` [ RunTime:0.0038s ]
SQL: SELECT `condition`,`menu_name` FROM `dzm_his_auth_rule` WHERE `id` IN ('1','2','3','4','5','6','7','8','9','10','11','12','13','14','15','16','17','18','19','20','21','22','23','24','25','26','27','28','29','30','31','32','33','34','35','36','37','38','39','40','41','42','43','44','45','46','47','48','49','50','51','52','53','54','55','56','57','58','59','60','61','62','63','64','65','66','67','68','69','70','71','72','73','74','75','76','77','78','79','80','81','82','83','90','91','92','93','94','95','96','97','98','99','100','101','102','103','104','105','106','107','108','109','110','111','112','113','114','115','116','117','118','119','120','121','122','123','124','125','126','127','128','129','130','131','132','133','134','135','136','137','138','84','85','86','89','87','88','141','142','143','144','145','139','148','149','223','224','225','266','227','228') AND `type` = 1 AND `status` = 1  [ RunTime:0.0005s ]
SQL: SHOW COLUMNS FROM `dzm_his_supplier` [ RunTime:0.0041s ]
SQL: SHOW COLUMNS FROM `dzm_his_yydoctor` [ RunTime:0.0036s ]
SQL: SELECT * FROM `dzm_his_yydoctor`  [ RunTime:0.0002s ]

[ 2018-12-20T09:20:12+08:00 ] 127.0.0.1 /index.php/Inspectionfee/index
INFO: [ app_init ] --START--
INFO: Run Behavior\BuildLiteBehavior [ RunTime:0.000007s ]
INFO: [ app_init ] --END-- [ RunTime:0.000224s ]
INFO: [ app_begin ] --START--
INFO: Run Behavior\ReadHtmlCacheBehavior [ RunTime:0.000263s ]
INFO: Run Behavior\CronRunBehavior [ RunTime:0.000184s ]
INFO: Run Behavior\CheckLangBehavior [ RunTime:0.000445s ]
INFO: [ app_begin ] --END-- [ RunTime:0.000953s ]
SQL: SHOW COLUMNS FROM `dzm_his_auth_group_access` [ RunTime:0.0037s ]
SQL: SELECT `uid`,`group_id`,`title`,`rules` FROM dzm_his_auth_group_access a INNER JOIN dzm_his_auth_group g on a.group_id=g.id  WHERE ( a.uid='1' and g.status='1' )  [ RunTime:0.0002s ]
SQL: SHOW COLUMNS FROM `dzm_his_auth_rule` [ RunTime:0.0032s ]
SQL: SELECT `condition`,`menu_name` FROM `dzm_his_auth_rule` WHERE `id` IN ('1','2','3','4','5','6','7','8','9','10','11','12','13','14','15','16','17','18','19','20','21','22','23','24','25','26','27','28','29','30','31','32','33','34','35','36','37','38','39','40','41','42','43','44','45','46','47','48','49','50','51','52','53','54','55','56','57','58','59','60','61','62','63','64','65','66','67','68','69','70','71','72','73','74','75','76','77','78','79','80','81','82','83','90','91','92','93','94','95','96','97','98','99','100','101','102','103','104','105','106','107','108','109','110','111','112','113','114','115','116','117','118','119','120','121','122','123','124','125','126','127','128','129','130','131','132','133','134','135','136','137','138','84','85','86','89','87','88','141','142','143','144','145','139','148','149','223','224','225','266','227','228') AND `type` = 1 AND `status` = 1  [ RunTime:0.0005s ]
SQL: SHOW COLUMNS FROM `dzm_his_inspectionfee` [ RunTime:0.0033s ]
SQL: SELECT COUNT(*) AS tp_count FROM `dzm_his_inspectionfee` WHERE `hid` = 1 LIMIT 1   [ RunTime:0.0002s ]
SQL: SELECT * FROM `dzm_his_inspectionfee` WHERE `hid` = 1 ORDER BY create_time DESC LIMIT 0,10   [ RunTime:0.0005s ]
NOTIC: [8] Undefined index: unit_price D:\phpStudy2018\PHPTutorial\WWW\doctor\Application\His\Controller\InspectionfeeController.class.php 第 42 行.
NOTIC: [8] Undefined index: cost D:\phpStudy2018\PHPTutorial\WWW\doctor\Application\His\Controller\InspectionfeeController.class.php 第 43 行.
INFO: [ view_parse ] --START--
INFO: [ template_filter ] --START--
INFO: Run Behavior\ContentReplaceBehavior [ RunTime:0.000160s ]
INFO: [ template_filter ] --END-- [ RunTime:0.000187s ]
INFO: Run Behavior\ParseTemplateBehavior [ RunTime:0.007967s ]
INFO: [ view_parse ] --END-- [ RunTime:0.008006s ]
INFO: [ view_filter ] --START--
INFO: Run Behavior\WriteHtmlCacheBehavior [ RunTime:0.000337s ]
INFO: Run Behavior\TokenBuildBehavior [ RunTime:0.000384s ]
INFO: [ view_filter ] --END-- [ RunTime:0.000759s ]
INFO: [ app_end ] --START--
INFO: Run Behavior\ShowPageTraceBehavior [ RunTime:0.000450s ]
INFO: [ app_end ] --END-- [ RunTime:0.000475s ]

[ 2018-12-20T09:20:12+08:00 ] 127.0.0.1 /index.php/Inspectionfee/index
INFO: [ app_init ] --START--
INFO: Run Behavior\BuildLiteBehavior [ RunTime:0.000007s ]
INFO: [ app_init ] --END-- [ RunTime:0.000218s ]
INFO: [ app_begin ] --START--
INFO: Run Behavior\ReadHtmlCacheBehavior [ RunTime:0.000297s ]
INFO: Run Behavior\CronRunBehavior [ RunTime:0.000201s ]
INFO: Run Behavior\CheckLangBehavior [ RunTime:0.000491s ]
INFO: [ app_begin ] --END-- [ RunTime:0.001048s ]
SQL: SHOW COLUMNS FROM `dzm_his_auth_group_access` [ RunTime:0.0136s ]
SQL: SELECT `uid`,`group_id`,`title`,`rules` FROM dzm_his_auth_group_access a INNER JOIN dzm_his_auth_group g on a.group_id=g.id  WHERE ( a.uid='1' and g.status='1' )  [ RunTime:0.0002s ]
SQL: SHOW COLUMNS FROM `dzm_his_auth_rule` [ RunTime:0.0034s ]
SQL: SELECT `condition`,`menu_name` FROM `dzm_his_auth_rule` WHERE `id` IN ('1','2','3','4','5','6','7','8','9','10','11','12','13','14','15','16','17','18','19','20','21','22','23','24','25','26','27','28','29','30','31','32','33','34','35','36','37','38','39','40','41','42','43','44','45','46','47','48','49','50','51','52','53','54','55','56','57','58','59','60','61','62','63','64','65','66','67','68','69','70','71','72','73','74','75','76','77','78','79','80','81','82','83','90','91','92','93','94','95','96','97','98','99','100','101','102','103','104','105','106','107','108','109','110','111','112','113','114','115','116','117','118','119','120','121','122','123','124','125','126','127','128','129','130','131','132','133','134','135','136','137','138','84','85','86','89','87','88','141','142','143','144','145','139','148','149','223','224','225','266','227','228') AND `type` = 1 AND `status` = 1  [ RunTime:0.0007s ]
SQL: SHOW COLUMNS FROM `dzm_his_inspectionfee` [ RunTime:0.0058s ]
SQL: SELECT COUNT(*) AS tp_count FROM `dzm_his_inspectionfee` WHERE `hid` = 1 LIMIT 1   [ RunTime:0.0002s ]
SQL: SELECT * FROM `dzm_his_inspectionfee` WHERE `hid` = 1 ORDER BY create_time DESC LIMIT 0,10   [ RunTime:0.0005s ]
NOTIC: [8] Undefined index: unit_price D:\phpStudy2018\PHPTutorial\WWW\doctor\Application\His\Controller\InspectionfeeController.class.php 第 42 行.
NOTIC: [8] Undefined index: cost D:\phpStudy2018\PHPTutorial\WWW\doctor\Application\His\Controller\InspectionfeeController.class.php 第 43 行.

[ 2018-12-20T09:20:14+08:00 ] 127.0.0.1 /index.php/Inspectionfee/editInspection?ins_id=34
INFO: [ app_init ] --START--
INFO: Run Behavior\BuildLiteBehavior [ RunTime:0.000012s ]
INFO: [ app_init ] --END-- [ RunTime:0.000313s ]
INFO: [ app_begin ] --START--
INFO: Run Behavior\ReadHtmlCacheBehavior [ RunTime:0.000273s ]
INFO: Run Behavior\CronRunBehavior [ RunTime:0.000177s ]
INFO: Run Behavior\CheckLangBehavior [ RunTime:0.000437s ]
INFO: [ app_begin ] --END-- [ RunTime:0.000942s ]
SQL: SHOW COLUMNS FROM `dzm_his_auth_group_access` [ RunTime:0.0034s ]
SQL: SELECT `uid`,`group_id`,`title`,`rules` FROM dzm_his_auth_group_access a INNER JOIN dzm_his_auth_group g on a.group_id=g.id  WHERE ( a.uid='1' and g.status='1' )  [ RunTime:0.0003s ]
SQL: SHOW COLUMNS FROM `dzm_his_auth_rule` [ RunTime:0.0041s ]
SQL: SELECT `condition`,`menu_name` FROM `dzm_his_auth_rule` WHERE `id` IN ('1','2','3','4','5','6','7','8','9','10','11','12','13','14','15','16','17','18','19','20','21','22','23','24','25','26','27','28','29','30','31','32','33','34','35','36','37','38','39','40','41','42','43','44','45','46','47','48','49','50','51','52','53','54','55','56','57','58','59','60','61','62','63','64','65','66','67','68','69','70','71','72','73','74','75','76','77','78','79','80','81','82','83','90','91','92','93','94','95','96','97','98','99','100','101','102','103','104','105','106','107','108','109','110','111','112','113','114','115','116','117','118','119','120','121','122','123','124','125','126','127','128','129','130','131','132','133','134','135','136','137','138','84','85','86','89','87','88','141','142','143','144','145','139','148','149','223','224','225','266','227','228') AND `type` = 1 AND `status` = 1  [ RunTime:0.0005s ]
SQL: SHOW COLUMNS FROM `dzm_his_inspectionfee` [ RunTime:0.0034s ]
SQL: SELECT * FROM `dzm_his_inspectionfee` WHERE ( ins_id = 34 ) LIMIT 1   [ RunTime:0.0002s ]
SQL: SHOW COLUMNS FROM `dzm_his_dictionary` [ RunTime:0.0045s ]
SQL: SELECT `dictionary_name`,`did` FROM `dzm_his_dictionary` WHERE `parent_id` = 16 AND `hid` IN (0,'1') ORDER BY create_time desc,update_time desc  [ RunTime:0.0002s ]

[ 2018-12-20T09:41:47+08:00 ] 127.0.0.1 /Public/home/img/2015/home/doctor-login.png
INFO: [ app_init ] --START--
INFO: Run Behavior\BuildLiteBehavior [ RunTime:0.000007s ]
INFO: [ app_init ] --END-- [ RunTime:0.000242s ]

[ 2018-12-20T09:41:47+08:00 ] 127.0.0.1 /img/v2/1px-bg.png
INFO: [ app_init ] --START--
INFO: Run Behavior\BuildLiteBehavior [ RunTime:0.000007s ]
INFO: [ app_init ] --END-- [ RunTime:0.000292s ]

[ 2018-12-20T09:41:47+08:00 ] 127.0.0.1 /img/v2/sprites.png?_=20131125
INFO: [ app_init ] --START--
INFO: Run Behavior\BuildLiteBehavior [ RunTime:0.000006s ]
INFO: [ app_init ] --END-- [ RunTime:0.000282s ]

[ 2018-12-20T09:41:47+08:00 ] 127.0.0.1 /Public/home/img/2015/home/nav_arrow.png
INFO: [ app_init ] --START--
INFO: Run Behavior\BuildLiteBehavior [ RunTime:0.000011s ]
INFO: [ app_init ] --END-- [ RunTime:0.000385s ]

[ 2018-12-20T09:41:47+08:00 ] 127.0.0.1 /Public/home/img/2015/home/home-sprite.png
INFO: [ app_init ] --START--
INFO: Run Behavior\BuildLiteBehavior [ RunTime:0.000007s ]
INFO: [ app_init ] --END-- [ RunTime:0.000275s ]

[ 2018-12-20T09:41:47+08:00 ] 127.0.0.1 /Public/home/img/v2/index-banner.jpg?v=2017_04_28
INFO: [ app_init ] --START--
INFO: Run Behavior\BuildLiteBehavior [ RunTime:0.000008s ]
INFO: [ app_init ] --END-- [ RunTime:0.000303s ]

[ 2018-12-20T09:41:47+08:00 ] 127.0.0.1 /Public/home/css/images/img-index.gif
INFO: [ app_init ] --START--
INFO: Run Behavior\BuildLiteBehavior [ RunTime:0.000007s ]
INFO: [ app_init ] --END-- [ RunTime:0.000217s ]

[ 2018-12-20T09:41:47+08:00 ] 127.0.0.1 /Public/home/css/images/img-index.gif
INFO: [ app_init ] --START--
INFO: Run Behavior\BuildLiteBehavior [ RunTime:0.000007s ]
INFO: [ app_init ] --END-- [ RunTime:0.000221s ]

[ 2018-12-20T09:41:47+08:00 ] 127.0.0.1 /Public/home/img/internethospital/opened.png
INFO: [ app_init ] --START--
INFO: Run Behavior\BuildLiteBehavior [ RunTime:0.000007s ]
INFO: [ app_init ] --END-- [ RunTime:0.000244s ]

[ 2018-12-20T09:41:47+08:00 ] 127.0.0.1 /Public/home/img/2015/home/ask.png?v=20170505
INFO: [ app_init ] --START--
INFO: Run Behavior\BuildLiteBehavior [ RunTime:0.000009s ]
INFO: [ app_init ] --END-- [ RunTime:0.000320s ]

[ 2018-12-20T09:41:47+08:00 ] 127.0.0.1 /Public/home/img/2015/home/ask.png
INFO: [ app_init ] --START--
INFO: Run Behavior\BuildLiteBehavior [ RunTime:0.000010s ]
INFO: [ app_init ] --END-- [ RunTime:0.000312s ]

[ 2018-12-20T09:41:47+08:00 ] 127.0.0.1 /Public/home/img/consult.png
INFO: [ app_init ] --START--
INFO: Run Behavior\BuildLiteBehavior [ RunTime:0.000007s ]
INFO: [ app_init ] --END-- [ RunTime:0.000239s ]

[ 2018-12-20T09:41:47+08:00 ] 127.0.0.1 /Public/home/css/images/yyk_serach_arrow.gif
INFO: [ app_init ] --START--
INFO: Run Behavior\BuildLiteBehavior [ RunTime:0.000007s ]
INFO: [ app_init ] --END-- [ RunTime:0.000346s ]

[ 2018-12-20T09:41:47+08:00 ] 127.0.0.1 /Public/home/img/2015/home/home-sprite.png
INFO: [ app_init ] --START--
INFO: Run Behavior\BuildLiteBehavior [ RunTime:0.000007s ]
INFO: [ app_init ] --END-- [ RunTime:0.000219s ]

[ 2018-12-20T09:41:47+08:00 ] 127.0.0.1 /Public/home/img/spritesheet.png
INFO: [ app_init ] --START--
INFO: Run Behavior\BuildLiteBehavior [ RunTime:0.000013s ]
INFO: [ app_init ] --END-- [ RunTime:0.000293s ]

[ 2018-12-20T09:41:47+08:00 ] 127.0.0.1 /Public/home/img/rightbar-bg.png
INFO: [ app_init ] --START--
INFO: Run Behavior\BuildLiteBehavior [ RunTime:0.000009s ]
INFO: [ app_init ] --END-- [ RunTime:0.000253s ]

[ 2018-12-20T09:41:47+08:00 ] 127.0.0.1 /img/v2/hp2.png?_=20140624
INFO: [ app_init ] --START--
INFO: Run Behavior\BuildLiteBehavior [ RunTime:0.000007s ]
INFO: [ app_init ] --END-- [ RunTime:0.000237s ]

[ 2018-12-20T09:41:47+08:00 ] 127.0.0.1 /json/white/area/provinces
INFO: [ app_init ] --START--
INFO: Run Behavior\BuildLiteBehavior [ RunTime:0.000007s ]
INFO: [ app_init ] --END-- [ RunTime:0.000236s ]
INFO: [ app_begin ] --START--
INFO: Run Behavior\ReadHtmlCacheBehavior [ RunTime:0.000417s ]
INFO: Run Behavior\CronRunBehavior [ RunTime:0.000282s ]
INFO: Run Behavior\CheckLangBehavior [ RunTime:0.000634s ]
INFO: [ app_begin ] --END-- [ RunTime:0.001390s ]
ERR: 无法加载控制器:Json

[ 2018-12-20T09:41:48+08:00 ] 127.0.0.1 /Public/home/css/list/portal.basic.min.css?v=1535436384237752
INFO: [ app_init ] --START--
INFO: Run Behavior\BuildLiteBehavior [ RunTime:0.000008s ]
INFO: [ app_init ] --END-- [ RunTime:0.000245s ]
INFO: [ app_begin ] --START--
INFO: Run Behavior\ReadHtmlCacheBehavior [ RunTime:0.000414s ]
INFO: Run Behavior\CronRunBehavior [ RunTime:0.000305s ]
INFO: Run Behavior\CheckLangBehavior [ RunTime:0.000649s ]
INFO: [ app_begin ] --END-- [ RunTime:0.001435s ]
ERR: 无法加载控制器:Public

[ 2018-12-20T09:41:48+08:00 ] 127.0.0.1 /Public/home/img/2015/home/nav_arrow.png
INFO: [ app_init ] --START--
INFO: Run Behavior\BuildLiteBehavior [ RunTime:0.000007s ]
INFO: [ app_init ] --END-- [ RunTime:0.000234s ]

[ 2018-12-20T09:41:48+08:00 ] 127.0.0.1 /Public/home/img/weDoctor.png
INFO: [ app_init ] --START--
INFO: Run Behavior\BuildLiteBehavior [ RunTime:0.000006s ]
INFO: [ app_init ] --END-- [ RunTime:0.000288s ]

[ 2018-12-20T09:41:48+08:00 ] 127.0.0.1 /Public/home/img/2015/home/doctor-login.png
INFO: [ app_init ] --START--
INFO: Run Behavior\BuildLiteBehavior [ RunTime:0.000016s ]
INFO: [ app_init ] --END-- [ RunTime:0.000257s ]

[ 2018-12-20T09:41:48+08:00 ] 127.0.0.1 /Public/home/css/img/fastorder/bj.jpg
INFO: [ app_init ] --START--
INFO: Run Behavior\BuildLiteBehavior [ RunTime:0.000006s ]
INFO: [ app_init ] --END-- [ RunTime:0.000240s ]

[ 2018-12-20T09:41:48+08:00 ] 127.0.0.1 /Public/home/img/spritesheet.png
INFO: [ app_init ] --START--
INFO: Run Behavior\BuildLiteBehavior [ RunTime:0.000021s ]
INFO: [ app_init ] --END-- [ RunTime:0.000477s ]

[ 2018-12-20T09:42:19+08:00 ] 127.0.0.1 /Public/home/css/list/portal.basic.min.css?v=1535436384237752
INFO: [ app_init ] --START--
INFO: Run Behavior\BuildLiteBehavior [ RunTime:0.000007s ]
INFO: [ app_init ] --END-- [ RunTime:0.000227s ]
INFO: [ app_begin ] --START--
INFO: Run Behavior\ReadHtmlCacheBehavior [ RunTime:0.000267s ]
INFO: Run Behavior\CronRunBehavior [ RunTime:0.000175s ]
INFO: Run Behavior\CheckLangBehavior [ RunTime:0.000432s ]
INFO: [ app_begin ] --END-- [ RunTime:0.000936s ]
ERR: 无法加载控制器:Public

[ 2018-12-20T09:42:19+08:00 ] 127.0.0.1 /Public/home/img/2015/home/doctor-login.png
INFO: [ app_init ] --START--
INFO: Run Behavior\BuildLiteBehavior [ RunTime:0.000014s ]
INFO: [ app_init ] --END-- [ RunTime:0.000387s ]

[ 2018-12-20T09:42:19+08:00 ] 127.0.0.1 /Public/home/img/weDoctor.png
INFO: [ app_init ] --START--
INFO: Run Behavior\BuildLiteBehavior [ RunTime:0.000009s ]
INFO: [ app_init ] --END-- [ RunTime:0.000302s ]

6s ]



[ 2018-12-20T09:42:19+08:00 ] 127.0.0.1 /Public/home/img/spritesheet.png
INFO: [ app_init ] --START--
INFO: Run Behavior\BuildLiteBehavior [ RunTime:0.000009s ]
INFO: [ app_init ] --END-- [ RunTime:0.000270s ]

[ 2018-12-20T09:43:12+08:00 ] 127.0.0.1 /Public/home/css/list/portal.basic.min.css?v=1535436384237752
INFO: [ app_init ] --START--
INFO: Run Behavior\BuildLiteBehavior [ RunTime:0.000013s ]
INFO: [ app_init ] --END-- [ RunTime:0.000340s ]
INFO: [ app_begin ] --START--
INFO: Run Behavior\ReadHtmlCacheBehavior [ RunTime:0.000396s ]
INFO: Run Behavior\CronRunBehavior [ RunTime:0.000247s ]
INFO: Run Behavior\CheckLangBehavior [ RunTime:0.000643s ]
INFO: [ app_begin ] --END-- [ RunTime:0.001372s ]
ERR: 无法加载控制器:Public

[ 2018-12-20T09:43:12+08:00 ] 127.0.0.1 /Public/home/img/2015/home/nav_arrow.png
INFO: [ app_init ] --START--
INFO: Run Behavior\BuildLiteBehavior [ RunTime:0.000015s ]
INFO: [ app_init ] --END-- [ RunTime:0.000379s ]

[ 2018-12-20T09:43:12+08:00 ] 127.0.0.1 /Public/home/img/2015/home/doctor-login.png
INFO: [ app_init ] --START--
INFO: Run Behavior\BuildLiteBehavior [ RunTime:0.000030s ]
INFO: [ app_init ] --END-- [ RunTime:0.000352s ]

[ 2018-12-20T09:43:12+08:00 ] 127.0.0.1 /Public/home/css/img/fastorder/bj.jpg
INFO: [ app_init ] --START--
INFO: Run Behavior\BuildLiteBehavior [ RunTime:0.000007s ]
INFO: [ app_init ] --END-- [ RunTime:0.000261s ]

[ 2018-12-20T09:43:12+08:00 ] 127.0.0.1 /Public/home/img/spritesheet.png
INFO: [ app_init ] --START--
INFO: Run Behavior\BuildLiteBehavior [ RunTime:0.000007s ]
INFO: [ app_init ] --END-- [ RunTime:0.000259s ]

[ 2018-12-20T09:43:12+08:00 ] 127.0.0.1 /Public/home/img/weDoctor.png
INFO: [ app_init ] --START--
INFO: Run Behavior\BuildLiteBehavior [ RunTime:0.000010s ]
INFO: [ app_init ] --END-- [ RunTime:0.000325s ]

[ 2018-12-20T09:44:00+08:00 ] 127.0.0.1 /Public/home/css/list/portal.basic.min.css?v=1535436384237752
INFO: [ app_init ] --START--
INFO: Run Behavior\BuildLiteBehavior [ RunTime:0.000007s ]
INFO: [ app_init ] --END-- [ RunTime:0.000276s ]
INFO: [ app_begin ] --START--
INFO: Run Behavior\ReadHtmlCacheBehavior [ RunTime:0.000408s ]
INFO: Run Behavior\CronRunBehavior [ RunTime:0.000284s ]
INFO: Run Behavior\CheckLangBehavior [ RunTime:0.000648s ]
INFO: [ app_begin ] --END-- [ RunTime:0.001403s ]
ERR: 无法加载控制器:Public

[ 2018-12-20T09:44:01+08:00 ] 127.0.0.1 /Public/home/img/2015/home/nav_arrow.png
INFO: [ app_init ] --START--
INFO: Run Behavior\BuildLiteBehavior [ RunTime:0.000015s ]
INFO: [ app_init ] --END-- [ RunTime:0.000376s ]

[ 2018-12-20T09:44:01+08:00 ] 127.0.0.1 /Public/home/img/spritesheet.png
INFO: [ app_init ] --START--
INFO: Run Behavior\BuildLiteBehavior [ RunTime:0.000012s ]
INFO: [ app_init ] --END-- [ RunTime:0.000300s ]

[ 2018-12-20T09:44:01+08:00 ] 127.0.0.1 /Public/home/img/2015/home/doctor-login.png
INFO: [ app_init ] --START--
INFO: Run Behavior\BuildLiteBehavior [ RunTime:0.000016s ]
INFO: [ app_init ] --END-- [ RunTime:0.000415s ]

[ 2018-12-20T09:44:01+08:00 ] 127.0.0.1 /Public/home/css/img/fastorder/bj.jpg
INFO: [ app_init ] --START--
INFO: Run Behavior\BuildLiteBehavior [ RunTime:0.000008s ]
INFO: [ app_init ] --END-- [ RunTime:0.000311s ]

[ 2018-12-20T09:44:01+08:00 ] 127.0.0.1 /Public/home/img/weDoctor.png
INFO: [ app_init ] --START--
INFO: Run Behavior\BuildLiteBehavior [ RunTime:0.000008s ]
INFO: [ app_init ] --END-- [ RunTime:0.000314s ]

[ 2018-12-20T09:44:03+08:00 ] 127.0.0.1 /Public/home/comment/css/show.css
INFO: [ app_init ] --START--
INFO: Run Behavior\BuildLiteBehavior [ RunTime:0.000006s ]
INFO: [ app_init ] --END-- [ RunTime:0.000253s ]
INFO: [ app_begin ] --START--
INFO: Run Behavior\ReadHtmlCacheBehavior [ RunTime:0.000326s ]
INFO: Run Behavior\CronRunBehavior [ RunTime:0.000187s ]
INFO: Run Behavior\CheckLangBehavior [ RunTime:0.000485s ]
INFO: [ app_begin ] --END-- [ RunTime:0.001070s ]
ERR: 无法加载控制器:Public

[ 2018-12-20T09:44:03+08:00 ] 127.0.0.1 /Public/home/css/list/portal.basic.min.css?v=1535436384237752
INFO: [ app_init ] --START--
INFO: Run Behavior\BuildLiteBehavior [ RunTime:0.000007s ]
INFO: [ app_init ] --END-- [ RunTime:0.000288s ]
INFO: [ app_begin ] --START--
INFO: Run Behavior\ReadHtmlCacheBehavior [ RunTime:0.000449s ]
INFO: Run Behavior\CronRunBehavior [ RunTime:0.000295s ]
INFO: Run Behavior\CheckLangBehavior [ RunTime:0.000662s ]
INFO: [ app_begin ] --END-- [ RunTime:0.001479s ]
ERR: 无法加载控制器:Public

[ 2018-12-20T09:44:03+08:00 ] 127.0.0.1 /Public/home/comment/css/show.css
INFO: [ app_init ] --START--
INFO: Run Behavior\BuildLiteBehavior [ RunTime:0.000007s ]
INFO: [ app_init ] --END-- [ RunTime:0.000224s ]
INFO: [ app_begin ] --START--
INFO: Run Behavior\ReadHtmlCacheBehavior [ RunTime:0.000264s ]
INFO: Run Behavior\CronRunBehavior [ RunTime:0.000174s ]
INFO: Run Behavior\CheckLangBehavior [ RunTime:0.000440s ]
INFO: [ app_begin ] --END-- [ RunTime:0.000939s ]
ERR: 无法加载控制器:Public

[ 2018-12-20T09:44:03+08:00 ] 127.0.0.1 /Public/home/img/2015/home/doctor-login.png
INFO: [ app_init ] --START--
INFO: Run Behavior\BuildLiteBehavior [ RunTime:0.000006s ]
INFO: [ app_init ] --END-- [ RunTime:0.000234s ]

[ 2018-12-20T09:44:03+08:00 ] 127.0.0.1 /Public/home/css/img/fastorder/bj.jpg
INFO: [ app_init ] --START--
INFO: Run Behavior\BuildLiteBehavior [ RunTime:0.000007s ]
INFO: [ app_init ] --END-- [ RunTime:0.000231s ]

[ 2018-12-20T09:44:03+08:00 ] 127.0.0.1 /Public/home/img/spritesheet.png
INFO: [ app_init ] --START--
INFO: Run Behavior\BuildLiteBehavior [ RunTime:0.000007s ]
INFO: [ app_init ] --END-- [ RunTime:0.000229s ]

[ 2018-12-20T09:44:03+08:00 ] 127.0.0.1 /Public/home/img/weDoctor.png
INFO: [ app_init ] --START--
INFO: Run Behavior\BuildLiteBehavior [ RunTime:0.000006s ]
INFO: [ app_init ] --END-- [ RunTime:0.000227s ]

