[ 2019-01-06T14:56:28+08:00 ] 127.0.0.1 /favicon.ico
INFO: [ app_init ] --START--
INFO: Run Behavior\BuildLiteBehavior [ RunTime:0.000009s ]
INFO: [ app_init ] --END-- [ RunTime:0.000433s ]

[ 2019-01-06T14:56:33+08:00 ] 127.0.0.1 /Public/home/img/2015/home/doctor-login.png
INFO: [ app_init ] --START--
INFO: Run Behavior\BuildLiteBehavior [ RunTime:0.000012s ]
INFO: [ app_init ] --END-- [ RunTime:0.000518s ]

[ 2019-01-06T14:56:33+08:00 ] 127.0.0.1 /Public/home/img/2015/home/nav_arrow.png
INFO: [ app_init ] --START--
INFO: Run Behavior\BuildLiteBehavior [ RunTime:0.000009s ]
INFO: [ app_init ] --END-- [ RunTime:0.000319s ]

[ 2019-01-06T14:56:33+08:00 ] 127.0.0.1 /Public/home/img/v2/index-banner.jpg?v=2017_04_28
INFO: [ app_init ] --START--
INFO: Run Behavior\BuildLiteBehavior [ RunTime:0.000013s ]
INFO: [ app_init ] --END-- [ RunTime:0.000488s ]

[ 2019-01-06T14:56:33+08:00 ] 127.0.0.1 /Public/home/css/images/img-index.gif
INFO: [ app_init ] --START--
INFO: Run Behavior\BuildLiteBehavior [ RunTime:0.000011s ]
INFO: [ app_init ] --END-- [ RunTime:0.000328s ]

[ 2019-01-06T14:56:33+08:00 ] 127.0.0.1 /Public/home/img/internethospital/opened.png
INFO: [ app_init ] --START--
INFO: Run Behavior\BuildLiteBehavior [ RunTime:0.000019s ]
INFO: [ app_init ] --END-- [ RunTime:0.000550s ]

[ 2019-01-06T14:56:33+08:00 ] 127.0.0.1 /Public/home/img/search/more-dot.png
INFO: [ app_init ] --START--
INFO: Run Behavior\BuildLiteBehavior [ RunTime:0.000016s ]
INFO: [ app_init ] --END-- [ RunTime:0.000592s ]

[ 2019-01-06T14:56:33+08:00 ] 127.0.0.1 /Public/home/img/consult.png
INFO: [ app_init ] --START--
INFO: Run Behavior\BuildLiteBehavior [ RunTime:0.000018s ]
INFO: [ app_init ] --END-- [ RunTime:0.000590s ]

[ 2019-01-06T14:56:33+08:00 ] 127.0.0.1 /Public/home/css/images/yyk_serach_arrow.gif
INFO: [ app_init ] --START--
INFO: Run Behavior\BuildLiteBehavior [ RunTime:0.000014s ]
INFO: [ app_init ] --END-- [ RunTime:0.000591s ]

[ 2019-01-06T14:56:33+08:00 ] 127.0.0.1 /img/v2/hp2.png?_=20140624
INFO: [ app_init ] --START--
INFO: Run Behavior\BuildLiteBehavior [ RunTime:0.000012s ]
INFO: [ app_init ] --END-- [ RunTime:0.000350s ]

[ 2019-01-06T14:56:33+08:00 ] 127.0.0.1 /json/white/area/provinces
INFO: [ app_init ] --START--
INFO: Run Behavior\BuildLiteBehavior [ RunTime:0.000015s ]
INFO: [ app_init ] --END-- [ RunTime:0.000519s ]
INFO: [ app_begin ] --START--
INFO: Run Behavior\ReadHtmlCacheBehavior [ RunTime:0.000624s ]
INFO: Run Behavior\CronRunBehavior [ RunTime:0.000382s ]
INFO: Run Behavior\CheckLangBehavior [ RunTime:0.000993s ]
INFO: [ app_begin ] --END-- [ RunTime:0.002123s ]
ERR: 无法加载控制器:Json

[ 2019-01-06T14:56:33+08:00 ] 127.0.0.1 /Public/home/img/weDoctor.png
INFO: [ app_init ] --START--
INFO: Run Behavior\BuildLiteBehavior [ RunTime:0.000017s ]
INFO: [ app_init ] --END-- [ RunTime:0.000599s ]

[ 2019-01-06T14:56:33+08:00 ] 127.0.0.1 /Public/home/img/spritesheet.png
INFO: [ app_init ] --START--
INFO: Run Behavior\BuildLiteBehavior [ RunTime:0.000016s ]
INFO: [ app_init ] --END-- [ RunTime:0.000459s ]

[ 2019-01-06T14:56:33+08:00 ] 127.0.0.1 /Public/home/img/rightbar-bg.png
INFO: [ app_init ] --START--
INFO: Run Behavior\BuildLiteBehavior [ RunTime:0.000035s ]
INFO: [ app_init ] --END-- [ RunTime:0.000372s ]

[ 2019-01-06T14:56:34+08:00 ] 127.0.0.1 /img/v2/1px-bg.png
INFO: [ app_init ] --START--
INFO: Run Behavior\BuildLiteBehavior [ RunTime:0.000013s ]
INFO: [ app_init ] --END-- [ RunTime:0.000602s ]

[ 2019-01-06T14:56:34+08:00 ] 127.0.0.1 /Public/home/img/2015/home/home-sprite.png
INFO: [ app_init ] --START--
INFO: Run Behavior\BuildLiteBehavior [ RunTime:0.000012s ]
INFO: [ app_init ] --END-- [ RunTime:0.000364s ]

[ 2019-01-06T14:56:34+08:00 ] 127.0.0.1 /Public/home/img/2015/home/ask.png?v=20170505
INFO: [ app_init ] --START--
INFO: Run Behavior\BuildLiteBehavior [ RunTime:0.000013s ]
INFO: [ app_init ] --END-- [ RunTime:0.000404s ]

[ 2019-01-06T14:56:34+08:00 ] 127.0.0.1 /Public/home/img/2015/home/ask.png
INFO: [ app_init ] --START--
INFO: Run Behavior\BuildLiteBehavior [ RunTime:0.000013s ]
INFO: [ app_init ] --END-- [ RunTime:0.000425s ]

[ 2019-01-06T14:56:34+08:00 ] 127.0.0.1 /img/v2/sprites.png?_=20131125
INFO: [ app_init ] --START--
INFO: Run Behavior\BuildLiteBehavior [ RunTime:0.000010s ]
INFO: [ app_init ] --END-- [ RunTime:0.000434s ]

[ 2019-01-06T14:56:44+08:00 ] 127.0.0.1 /Public/home/img/expert_2015/sprite20170112.png
INFO: [ app_init ] --START--
INFO: Run Behavior\BuildLiteBehavior [ RunTime:0.000017s ]
INFO: [ app_init ] --END-- [ RunTime:0.000806s ]

[ 2019-01-06T14:57:50+08:00 ] 127.0.0.1 /img/v2/1px-bg.png
INFO: [ app_init ] --START--
INFO: Run Behavior\BuildLiteBehavior [ RunTime:0.000018s ]
INFO: [ app_init ] --END-- [ RunTime:0.000525s ]

[ 2019-01-06T14:57:50+08:00 ] 127.0.0.1 /Public/home/img/2015/home/doctor-login.png
INFO: [ app_init ] --START--
INFO: Run Behavior\BuildLiteBehavior [ RunTime:0.000047s ]
INFO: [ app_init ] --END-- [ RunTime:0.000798s ]

[ 2019-01-06T14:57:50+08:00 ] 127.0.0.1 /Public/home/img/v2/index-banner.jpg?v=2017_04_28
INFO: [ app_init ] --START--
INFO: Run Behavior\BuildLiteBehavior [ RunTime:0.000027s ]
INFO: [ app_init ] --END-- [ RunTime:0.000669s ]

[ 2019-01-06T14:57:51+08:00 ] 127.0.0.1 /Public/home/img/2015/home/ask.png
INFO: [ app_init ] --START--
INFO: Run Behavior\BuildLiteBehavior [ RunTime:0.000017s ]
INFO: [ app_init ] --END-- [ RunTime:0.000546s ]

[ 2019-01-06T14:57:51+08:00 ] 127.0.0.1 /Public/home/img/2015/home/ask.png?v=20170505
INFO: [ app_init ] --START--
INFO: Run Behavior\BuildLiteBehavior [ RunTime:0.000024s ]
INFO: [ app_init ] --END-- [ RunTime:0.000561s ]

[ 2019-01-06T14:57:51+08:00 ] 127.0.0.1 /Public/home/img/internethospital/opened.png
INFO: [ app_init ] --START--
INFO: Run Behavior\BuildLiteBehavior [ RunTime:0.000020s ]
INFO: [ app_init ] --END-- [ RunTime:0.000874s ]

[ 2019-01-06T14:57:51+08:00 ] 127.0.0.1 /Public/home/img/search/more-dot.png
INFO: [ app_init ] --START--
INFO: Run Behavior\BuildLiteBehavior [ RunTime:0.000016s ]
INFO: [ app_init ] --END-- [ RunTime:0.000587s ]

[ 2019-01-06T14:57:51+08:00 ] 127.0.0.1 /Public/home/img/consult.png
INFO: [ app_init ] --START--
INFO: Run Behavior\BuildLiteBehavior [ RunTime:0.000020s ]
INFO: [ app_init ] --END-- [ RunTime:0.000845s ]

[ 2019-01-06T14:57:51+08:00 ] 127.0.0.1 /Public/home/css/images/yyk_serach_arrow.gif
INFO: [ app_init ] --START--
INFO: Run Behavior\BuildLiteBehavior [ RunTime:0.000019s ]
INFO: [ app_init ] --END-- [ RunTime:0.000646s ]

[ 2019-01-06T14:57:51+08:00 ] 127.0.0.1 /Public/home/img/spritesheet.png
INFO: [ app_init ] --START--
INFO: Run Behavior\BuildLiteBehavior [ RunTime:0.000016s ]
INFO: [ app_init ] --END-- [ RunTime:0.000496s ]

[ 2019-01-06T14:57:51+08:00 ] 127.0.0.1 /Public/home/img/weDoctor.png
INFO: [ app_init ] --START--
INFO: Run Behavior\BuildLiteBehavior [ RunTime:0.000019s ]
INFO: [ app_init ] --END-- [ RunTime:0.000676s ]

[ 2019-01-06T14:57:51+08:00 ] 127.0.0.1 /Public/home/img/rightbar-bg.png
INFO: [ app_init ] --START--
INFO: Run Behavior\BuildLiteBehavior [ RunTime:0.000019s ]
INFO: [ app_init ] --END-- [ RunTime:0.000642s ]

[ 2019-01-06T14:57:51+08:00 ] 127.0.0.1 /img/v2/hp2.png?_=20140624
INFO: [ app_init ] --START--
INFO: Run Behavior\BuildLiteBehavior [ RunTime:0.000020s ]
INFO: [ app_init ] --END-- [ RunTime:0.000584s ]

[ 2019-01-06T14:57:51+08:00 ] 127.0.0.1 /json/white/area/provinces
INFO: [ app_init ] --START--
INFO: Run Behavior\BuildLiteBehavior [ RunTime:0.000016s ]
INFO: [ app_init ] --END-- [ RunTime:0.000715s ]
INFO: [ app_begin ] --START--
INFO: Run Behavior\ReadHtmlCacheBehavior [ RunTime:0.000730s ]
INFO: Run Behavior\CronRunBehavior [ RunTime:0.000599s ]
INFO: Run Behavior\CheckLangBehavior [ RunTime:0.001473s ]
INFO: [ app_begin ] --END-- [ RunTime:0.002974s ]
ERR: 无法加载控制器:Json

[ 2019-01-06T14:57:51+08:00 ] 127.0.0.1 /Public/home/img/2015/home/nav_arrow.png
INFO: [ app_init ] --START--
INFO: Run Behavior\BuildLiteBehavior [ RunTime:0.000013s ]
INFO: [ app_init ] --END-- [ RunTime:0.000711s ]

[ 2019-01-06T14:57:51+08:00 ] 127.0.0.1 /img/v2/sprites.png?_=20131125
INFO: [ app_init ] --START--
INFO: Run Behavior\BuildLiteBehavior [ RunTime:0.000020s ]
INFO: [ app_init ] --END-- [ RunTime:0.000681s ]

[ 2019-01-06T14:57:52+08:00 ] 127.0.0.1 /Public/home/img/2015/home/home-sprite.png
INFO: [ app_init ] --START--
INFO: Run Behavior\BuildLiteBehavior [ RunTime:0.000019s ]
INFO: [ app_init ] --END-- [ RunTime:0.000892s ]

[ 2019-01-06T14:57:52+08:00 ] 127.0.0.1 /Public/home/css/images/img-index.gif
INFO: [ app_init ] --START--
INFO: Run Behavior\BuildLiteBehavior [ RunTime:0.000016s ]
INFO: [ app_init ] --END-- [ RunTime:0.000951s ]

[ 2019-01-06T14:58:01+08:00 ] 127.0.0.1 /Public/home/img/expert_2015/sprite20170112.png
INFO: [ app_init ] --START--
INFO: Run Behavior\BuildLiteBehavior [ RunTime:0.000010s ]
INFO: [ app_init ] --END-- [ RunTime:0.000422s ]

[ 2019-01-06T14:58:16+08:00 ] 127.0.0.1 /Public/home/img/2015/home/nav_arrow.png
INFO: [ app_init ] --START--
INFO: Run Behavior\BuildLiteBehavior [ RunTime:0.000015s ]
INFO: [ app_init ] --END-- [ RunTime:0.000436s ]

[ 2019-01-06T14:58:16+08:00 ] 127.0.0.1 /img/v2/1px-bg.png
INFO: [ app_init ] --START--
INFO: Run Behavior\BuildLiteBehavior [ RunTime:0.000017s ]
INFO: [ app_init ] --END-- [ RunTime:0.000504s ]

[ 2019-01-06T14:58:16+08:00 ] 127.0.0.1 /Public/home/img/v2/index-banner.jpg?v=2017_04_28
INFO: [ app_init ] --START--
INFO: Run Behavior\BuildLiteBehavior [ RunTime:0.000017s ]
INFO: [ app_init ] --END-- [ RunTime:0.000623s ]

[ 2019-01-06T14:58:16+08:00 ] 127.0.0.1 /Public/home/img/2015/home/home-sprite.png
INFO: [ app_init ] --START--
INFO: Run Behavior\BuildLiteBehavior [ RunTime:0.000020s ]
INFO: [ app_init ] --END-- [ RunTime:0.000824s ]

[ 2019-01-06T14:58:16+08:00 ] 127.0.0.1 /img/v2/sprites.png?_=20131125
INFO: [ app_init ] --START--
INFO: Run Behavior\BuildLiteBehavior [ RunTime:0.000110s ]
INFO: [ app_init ] --END-- [ RunTime:0.001164s ]

[ 2019-01-06T14:58:16+08:00 ] 127.0.0.1 /Public/home/img/2015/home/doctor-login.png
INFO: [ app_init ] --START--
INFO: Run Behavior\BuildLiteBehavior [ RunTime:0.000016s ]
INFO: [ app_init ] --END-- [ RunTime:0.000519s ]

[ 2019-01-06T14:58:16+08:00 ] 127.0.0.1 /Public/home/css/images/img-index.gif
INFO: [ app_init ] --START--
INFO: Run Behavior\BuildLiteBehavior [ RunTime:0.000110s ]
INFO: [ app_init ] --END-- [ RunTime:0.000988s ]

[ 2019-01-06T14:58:16+08:00 ] 127.0.0.1 /Public/home/img/2015/home/ask.png?v=20170505
INFO: [ app_init ] --START--
INFO: Run Behavior\BuildLiteBehavior [ RunTime:0.000016s ]
INFO: [ app_init ] --END-- [ RunTime:0.000443s ]

[ 2019-01-06T14:58:16+08:00 ] 127.0.0.1 /Public/home/css/images/yyk_serach_arrow.gif
INFO: [ app_init ] --START--
INFO: Run Behavior\BuildLiteBehavior [ RunTime:0.000143s ]
INFO: [ app_init ] --END-- [ RunTime:0.001697s ]

[ 2019-01-06T14:58:16+08:00 ] 127.0.0.1 /Public/home/img/search/more-dot.png
INFO: [ app_init ] --START--
INFO: Run Behavior\BuildLiteBehavior [ RunTime:0.000020s ]
INFO: [ app_init ] --END-- [ RunTime:0.001223s ]

[ 2019-01-06T14:58:16+08:00 ] 127.0.0.1 /Public/home/img/internethospital/opened.png
INFO: [ app_init ] --START--
INFO: Run Behavior\BuildLiteBehavior [ RunTime:0.000018s ]
INFO: [ app_init ] --END-- [ RunTime:0.000619s ]

[ 2019-01-06T14:58:16+08:00 ] 127.0.0.1 /Public/home/img/consult.png
INFO: [ app_init ] --START--
INFO: Run Behavior\BuildLiteBehavior [ RunTime:0.000019s ]
INFO: [ app_init ] --END-- [ RunTime:0.000529s ]

[ 2019-01-06T14:58:16+08:00 ] 127.0.0.1 /Public/home/img/2015/home/ask.png
INFO: [ app_init ] --START--
INFO: Run Behavior\BuildLiteBehavior [ RunTime:0.000016s ]
INFO: [ app_init ] --END-- [ RunTime:0.000522s ]

[ 2019-01-06T14:58:17+08:00 ] 127.0.0.1 /Public/home/img/weDoctor.png
INFO: [ app_init ] --START--
INFO: Run Behavior\BuildLiteBehavior [ RunTime:0.000017s ]
INFO: [ app_init ] --END-- [ RunTime:0.000557s ]

[ 2019-01-06T14:58:17+08:00 ] 127.0.0.1 /Public/home/img/spritesheet.png
INFO: [ app_init ] --START--
INFO: Run Behavior\BuildLiteBehavior [ RunTime:0.000020s ]
INFO: [ app_init ] --END-- [ RunTime:0.000708s ]

[ 2019-01-06T14:58:18+08:00 ] 127.0.0.1 /Public/home/img/rightbar-bg.png
INFO: [ app_init ] --START--
INFO: Run Behavior\BuildLiteBehavior [ RunTime:0.000022s ]
INFO: [ app_init ] --END-- [ RunTime:0.000730s ]

[ 2019-01-06T14:58:18+08:00 ] 127.0.0.1 /Public/home/img/expert_2015/sprite20170112.png
INFO: [ app_init ] --START--
INFO: Run Behavior\BuildLiteBehavior [ RunTime:0.000018s ]
INFO: [ app_init ] --END-- [ RunTime:0.000633s ]

[ 2019-01-06T14:58:18+08:00 ] 127.0.0.1 /img/v2/hp2.png?_=20140624
INFO: [ app_init ] --START--
INFO: Run Behavior\BuildLiteBehavior [ RunTime:0.000016s ]
INFO: [ app_init ] --END-- [ RunTime:0.000547s ]

[ 2019-01-06T14:58:18+08:00 ] 127.0.0.1 /json/white/area/provinces
INFO: [ app_init ] --START--
INFO: Run Behavior\BuildLiteBehavior [ RunTime:0.000016s ]
INFO: [ app_init ] --END-- [ RunTime:0.000499s ]
INFO: [ app_begin ] --START--
INFO: Run Behavior\ReadHtmlCacheBehavior [ RunTime:0.000556s ]
INFO: Run Behavior\CronRunBehavior [ RunTime:0.000390s ]
INFO: Run Behavior\CheckLangBehavior [ RunTime:0.001019s ]
INFO: [ app_begin ] --END-- [ RunTime:0.002095s ]
ERR: 无法加载控制器:Json

[ 2019-01-06T15:12:54+08:00 ] 127.0.0.1 /Public/home/img/2015/home/doctor-login.png
INFO: [ app_init ] --START--
INFO: Run Behavior\BuildLiteBehavior [ RunTime:0.000021s ]
INFO: [ app_init ] --END-- [ RunTime:0.001529s ]

[ 2019-01-06T15:12:54+08:00 ] 127.0.0.1 /Public/home/css/images/img-index.gif
INFO: [ app_init ] --START--
INFO: Run Behavior\BuildLiteBehavior [ RunTime:0.000017s ]
INFO: [ app_init ] --END-- [ RunTime:0.000687s ]

[ 2019-01-06T15:12:54+08:00 ] 127.0.0.1 /Public/home/img/2015/home/ask.png?v=20170505
INFO: [ app_init ] --START--
INFO: Run Behavior\BuildLiteBehavior [ RunTime:0.000022s ]
INFO: [ app_init ] --END-- [ RunTime:0.000639s ]

[ 2019-01-06T15:12:54+08:00 ] 127.0.0.1 /Public/home/img/2015/home/ask.png
INFO: [ app_init ] --START--
INFO: Run Behavior\BuildLiteBehavior [ RunTime:0.000018s ]
INFO: [ app_init ] --END-- [ RunTime:0.000592s ]

[ 2019-01-06T15:12:54+08:00 ] 127.0.0.1 /Public/home/img/internethospital/opened.png
INFO: [ app_init ] --START--
INFO: Run Behavior\BuildLiteBehavior [ RunTime:0.000019s ]
INFO: [ app_init ] --END-- [ RunTime:0.000700s ]

[ 2019-01-06T15:12:54+08:00 ] 127.0.0.1 /Public/home/img/search/more-dot.png
INFO: [ app_init ] --START--
INFO: Run Behavior\BuildLiteBehavior [ RunTime:0.000019s ]
INFO: [ app_init ] --END-- [ RunTime:0.000603s ]

[ 2019-01-06T15:12:54+08:00 ] 127.0.0.1 /Public/home/img/consult.png
INFO: [ app_init ] --START--
INFO: Run Behavior\BuildLiteBehavior [ RunTime:0.000016s ]
INFO: [ app_init ] --END-- [ RunTime:0.000529s ]

[ 2019-01-06T15:12:54+08:00 ] 127.0.0.1 /Public/home/css/images/yyk_serach_arrow.gif
INFO: [ app_init ] --START--
INFO: Run Behavior\BuildLiteBehavior [ RunTime:0.000018s ]
INFO: [ app_init ] --END-- [ RunTime:0.000654s ]

[ 2019-01-06T15:12:54+08:00 ] 127.0.0.1 /Public/home/img/weDoctor.png
INFO: [ app_init ] --START--
INFO: Run Behavior\BuildLiteBehavior [ RunTime:0.000026s ]
INFO: [ app_init ] --END-- [ RunTime:0.001177s ]

[ 2019-01-06T15:12:54+08:00 ] 127.0.0.1 /Public/home/img/spritesheet.png
INFO: [ app_init ] --START--
INFO: Run Behavior\BuildLiteBehavior [ RunTime:0.000019s ]
INFO: [ app_init ] --END-- [ RunTime:0.000719s ]

[ 2019-01-06T15:12:54+08:00 ] 127.0.0.1 /Public/home/img/rightbar-bg.png
INFO: [ app_init ] --START--
INFO: Run Behavior\BuildLiteBehavior [ RunTime:0.000018s ]
INFO: [ app_init ] --END-- [ RunTime:0.000639s ]

[ 2019-01-06T15:12:55+08:00 ] 127.0.0.1 /img/v2/hp2.png?_=20140624
INFO: [ app_init ] --START--
INFO: Run Behavior\BuildLiteBehavior [ RunTime:0.000020s ]
INFO: [ app_init ] --END-- [ RunTime:0.000810s ]

[ 2019-01-06T15:12:55+08:00 ] 127.0.0.1 /json/white/area/provinces
INFO: [ app_init ] --START--
INFO: Run Behavior\BuildLiteBehavior [ RunTime:0.000018s ]
INFO: [ app_init ] --END-- [ RunTime:0.000741s ]
INFO: [ app_begin ] --START--
INFO: Run Behavior\ReadHtmlCacheBehavior [ RunTime:0.000805s ]
INFO: Run Behavior\CronRunBehavior [ RunTime:0.000534s ]
INFO: Run Behavior\CheckLangBehavior [ RunTime:0.001257s ]
INFO: [ app_begin ] --END-- [ RunTime:0.002754s ]
ERR: 无法加载控制器:Json

[ 2019-01-06T15:12:55+08:00 ] 127.0.0.1 /img/v2/sprites.png?_=20131125
INFO: [ app_init ] --START--
INFO: Run Behavior\BuildLiteBehavior [ RunTime:0.000025s ]
INFO: [ app_init ] --END-- [ RunTime:0.000651s ]

[ 2019-01-06T15:12:55+08:00 ] 127.0.0.1 /Public/home/img/2015/home/nav_arrow.png
INFO: [ app_init ] --START--
INFO: Run Behavior\BuildLiteBehavior [ RunTime:0.000018s ]
INFO: [ app_init ] --END-- [ RunTime:0.000626s ]

[ 2019-01-06T15:12:55+08:00 ] 127.0.0.1 /img/v2/1px-bg.png
INFO: [ app_init ] --START--
INFO: Run Behavior\BuildLiteBehavior [ RunTime:0.000020s ]
INFO: [ app_init ] --END-- [ RunTime:0.000696s ]

[ 2019-01-06T15:12:55+08:00 ] 127.0.0.1 /Public/home/img/v2/index-banner.jpg?v=2017_04_28
INFO: [ app_init ] --START--
INFO: Run Behavior\BuildLiteBehavior [ RunTime:0.000020s ]
INFO: [ app_init ] --END-- [ RunTime:0.001424s ]

[ 2019-01-06T15:12:55+08:00 ] 127.0.0.1 /Public/home/img/2015/home/home-sprite.png
INFO: [ app_init ] --START--
INFO: Run Behavior\BuildLiteBehavior [ RunTime:0.000018s ]
INFO: [ app_init ] --END-- [ RunTime:0.004281s ]

[ 2019-01-06T15:12:55+08:00 ] 127.0.0.1 /Public/home/img/expert_2015/sprite20170112.png
INFO: [ app_init ] --START--
INFO: Run Behavior\BuildLiteBehavior [ RunTime:0.000029s ]
INFO: [ app_init ] --END-- [ RunTime:0.000583s ]

