[ 2019-01-10T09:05:23+08:00 ] 127.0.0.1 /Public/home/images/personal-web/index/example-photo-04.png
INFO: [ app_init ] --START--
INFO: Run Behavior\BuildLiteBehavior [ RunTime:0.000005s ]
INFO: [ app_init ] --END-- [ RunTime:0.000227s ]

[ 2019-01-10T09:05:23+08:00 ] 127.0.0.1 /Public/home/img/personal-web/menu-bar/icon-arrow-white-s.png?20161020
INFO: [ app_init ] --START--
INFO: Run Behavior\BuildLiteBehavior [ RunTime:0.000005s ]
INFO: [ app_init ] --END-- [ RunTime:0.000228s ]

[ 2019-01-10T09:05:23+08:00 ] 127.0.0.1 /Public/home/img/sprites1.png
INFO: [ app_init ] --START--
INFO: Run Behavior\BuildLiteBehavior [ RunTime:0.000006s ]
INFO: [ app_init ] --END-- [ RunTime:0.000265s ]

[ 2019-01-10T09:05:24+08:00 ] 127.0.0.1 /Public/home/img/personal-web/menu-bar/icon-arrow-white.png?20160707
INFO: [ app_init ] --START--
INFO: Run Behavior\BuildLiteBehavior [ RunTime:0.000007s ]
INFO: [ app_init ] --END-- [ RunTime:0.000212s ]

[ 2019-01-10T09:05:24+08:00 ] 127.0.0.1 /Public/home/img/header_new/header_help.png?20170215
INFO: [ app_init ] --START--
INFO: Run Behavior\BuildLiteBehavior [ RunTime:0.000008s ]
INFO: [ app_init ] --END-- [ RunTime:0.000331s ]

[ 2019-01-10T09:05:24+08:00 ] 127.0.0.1 /Public/home/img/header_new/header_off.png?20170215
INFO: [ app_init ] --START--
INFO: Run Behavior\BuildLiteBehavior [ RunTime:0.000009s ]
INFO: [ app_init ] --END-- [ RunTime:0.000334s ]

[ 2019-01-10T09:05:24+08:00 ] 127.0.0.1 /Public/home/images/personal-web/index/example-photo-05.png
INFO: [ app_init ] --START--
INFO: Run Behavior\BuildLiteBehavior [ RunTime:0.000009s ]
INFO: [ app_init ] --END-- [ RunTime:0.000363s ]

[ 2019-01-10T09:05:24+08:00 ] 127.0.0.1 /Public/home/img/personal-web/menu-bar/icon-grsy.png?20160707
INFO: [ app_init ] --START--
INFO: Run Behavior\BuildLiteBehavior [ RunTime:0.000010s ]
INFO: [ app_init ] --END-- [ RunTime:0.000322s ]

[ 2019-01-10T09:05:26+08:00 ] 127.0.0.1 /index.php/Index/base_index/hospital_id/1
INFO: [ app_init ] --START--
INFO: Run Behavior\BuildLiteBehavior [ RunTime:0.000005s ]
INFO: [ app_init ] --END-- [ RunTime:0.000281s ]
INFO: [ app_begin ] --START--
INFO: Run Behavior\ReadHtmlCacheBehavior [ RunTime:0.000395s ]
INFO: Run Behavior\CronRunBehavior [ RunTime:0.000288s ]
INFO: Run Behavior\CheckLangBehavior [ RunTime:0.000913s ]
INFO: [ app_begin ] --END-- [ RunTime:0.001659s ]
SQL: SHOW COLUMNS FROM `dzm_his_member` [ RunTime:0.1555s ]
SQL: SHOW COLUMNS FROM `dzm_his_auth_group_access` [ RunTime:0.0394s ]
SQL: SELECT b.rules FROM dzm_his_auth_group_access a LEFT JOIN dzm_his_auth_group b ON b.id=a.group_id  WHERE a.uid = '1'  [ RunTime:0.0063s ]
SQL: SHOW COLUMNS FROM `dzm_his_auth_rule` [ RunTime:0.0286s ]
SQL: SELECT * FROM `dzm_his_auth_rule` WHERE `id` IN ('1','2','3','4','5','6','7','8','9','10','11','12','13','14','15','16','17','18','19','20','21','22','23','24','25','26','27','28','29','30','31','32','33','34','35','36','37','38','39','40','41','42','43','44','45','46','47','48','49','50','51','52','53','54','55','56','57','58','59','60','61','62','63','64','65','66','67','68','69','70','71','72','73','74','75','76','77','78','79','80','81','82','83','90','91','92','93','94','95','96','97','98','99','100','101','102','103','104','105','106','107','108','109','110','111','112','113','114','115','116','117','118','119','120','121','122','123','124','125','126','127','128','129','130','131','132','133','134','135','136','137','138','84','85','86','89','87','88','141','142','143','144','145','139','148','149','223','224','225','266','227','228') AND `is_menu` = 1 AND `status` = 1 AND `pid` = 0 ORDER BY order_list asc  [ RunTime:0.0036s ]
INFO: [ view_parse ] --START--
INFO: [ template_filter ] --START--
INFO: Run Behavior\ContentReplaceBehavior [ RunTime:0.000085s ]
INFO: [ template_filter ] --END-- [ RunTime:0.000110s ]
NOTIC: [8] Undefined variable: menu1 D:\phpStudy2018\PHPTutorial\WWW\doctor\Application\Runtime\Cache\His\a2fbc9338a55b9767c99486e40bc8103.php 第 112 行.
INFO: Run Behavior\ParseTemplateBehavior [ RunTime:0.011748s ]
INFO: [ view_parse ] --END-- [ RunTime:0.011769s ]
INFO: [ view_filter ] --START--
INFO: Run Behavior\WriteHtmlCacheBehavior [ RunTime:0.000312s ]
INFO: Run Behavior\TokenBuildBehavior [ RunTime:0.010068s ]
INFO: [ view_filter ] --END-- [ RunTime:0.010422s ]
INFO: [ app_end ] --START--
INFO: Run Behavior\ShowPageTraceBehavior [ RunTime:0.000554s ]
INFO: [ app_end ] --END-- [ RunTime:0.000574s ]

[ 2019-01-10T09:05:26+08:00 ] 127.0.0.1 /index.php/His/index/getMenuByPid
INFO: [ app_init ] --START--
INFO: Run Behavior\BuildLiteBehavior [ RunTime:0.000006s ]
INFO: [ app_init ] --END-- [ RunTime:0.000232s ]
INFO: [ app_begin ] --START--
INFO: Run Behavior\ReadHtmlCacheBehavior [ RunTime:0.000255s ]
INFO: Run Behavior\CronRunBehavior [ RunTime:0.000179s ]
INFO: Run Behavior\CheckLangBehavior [ RunTime:0.000483s ]
INFO: [ app_begin ] --END-- [ RunTime:0.000955s ]
SQL: SHOW COLUMNS FROM `dzm_his_member` [ RunTime:0.0178s ]
SQL: SHOW COLUMNS FROM `dzm_his_auth_group_access` [ RunTime:0.0034s ]
SQL: SELECT b.rules FROM dzm_his_auth_group_access a LEFT JOIN dzm_his_auth_group b ON b.id=a.group_id  WHERE a.uid = '1'  [ RunTime:0.0002s ]
SQL: SHOW COLUMNS FROM `dzm_his_auth_rule` [ RunTime:0.0045s ]
SQL: SELECT * FROM `dzm_his_auth_rule` WHERE `id` IN ('1','2','3','4','5','6','7','8','9','10','11','12','13','14','15','16','17','18','19','20','21','22','23','24','25','26','27','28','29','30','31','32','33','34','35','36','37','38','39','40','41','42','43','44','45','46','47','48','49','50','51','52','53','54','55','56','57','58','59','60','61','62','63','64','65','66','67','68','69','70','71','72','73','74','75','76','77','78','79','80','81','82','83','90','91','92','93','94','95','96','97','98','99','100','101','102','103','104','105','106','107','108','109','110','111','112','113','114','115','116','117','118','119','120','121','122','123','124','125','126','127','128','129','130','131','132','133','134','135','136','137','138','84','85','86','89','87','88','141','142','143','144','145','139','148','149','223','224','225','266','227','228') AND `is_menu` = 1 AND `status` = 1 AND `pid` = 1  [ RunTime:0.0003s ]

[ 2019-01-10T09:05:26+08:00 ] 127.0.0.1 /index.php/Supplier/index
INFO: [ app_init ] --START--
INFO: Run Behavior\BuildLiteBehavior [ RunTime:0.000004s ]
INFO: [ app_init ] --END-- [ RunTime:0.000196s ]
INFO: [ app_begin ] --START--
INFO: Run Behavior\ReadHtmlCacheBehavior [ RunTime:0.000310s ]
INFO: Run Behavior\CronRunBehavior [ RunTime:0.000226s ]
INFO: Run Behavior\CheckLangBehavior [ RunTime:0.000616s ]
INFO: [ app_begin ] --END-- [ RunTime:0.001193s ]
SQL: SHOW COLUMNS FROM `dzm_his_auth_group_access` [ RunTime:0.0034s ]
SQL: SELECT `uid`,`group_id`,`title`,`rules` FROM dzm_his_auth_group_access a INNER JOIN dzm_his_auth_group g on a.group_id=g.id  WHERE ( a.uid='1' and g.status='1' )  [ RunTime:0.0002s ]
SQL: SHOW COLUMNS FROM `dzm_his_auth_rule` [ RunTime:0.0035s ]
SQL: SELECT `condition`,`menu_name` FROM `dzm_his_auth_rule` WHERE `id` IN ('1','2','3','4','5','6','7','8','9','10','11','12','13','14','15','16','17','18','19','20','21','22','23','24','25','26','27','28','29','30','31','32','33','34','35','36','37','38','39','40','41','42','43','44','45','46','47','48','49','50','51','52','53','54','55','56','57','58','59','60','61','62','63','64','65','66','67','68','69','70','71','72','73','74','75','76','77','78','79','80','81','82','83','90','91','92','93','94','95','96','97','98','99','100','101','102','103','104','105','106','107','108','109','110','111','112','113','114','115','116','117','118','119','120','121','122','123','124','125','126','127','128','129','130','131','132','133','134','135','136','137','138','84','85','86','89','87','88','141','142','143','144','145','139','148','149','223','224','225','266','227','228') AND `type` = 1 AND `status` = 1  [ RunTime:0.0004s ]
SQL: SHOW COLUMNS FROM `dzm_his_supplier` [ RunTime:0.0295s ]
SQL: SHOW COLUMNS FROM `dzm_his_yydoctor` [ RunTime:0.0053s ]
SQL: SELECT * FROM `dzm_his_yydoctor`  [ RunTime:0.0003s ]
INFO: [ view_parse ] --START--
INFO: [ template_filter ] --START--
INFO: Run Behavior\ContentReplaceBehavior [ RunTime:0.000178s ]
INFO: [ template_filter ] --END-- [ RunTime:0.000205s ]
INFO: Run Behavior\ParseTemplateBehavior [ RunTime:0.018862s ]
INFO: [ view_parse ] --END-- [ RunTime:0.018886s ]
INFO: [ view_filter ] --START--
INFO: Run Behavior\WriteHtmlCacheBehavior [ RunTime:0.000358s ]
INFO: Run Behavior\TokenBuildBehavior [ RunTime:0.000378s ]
INFO: [ view_filter ] --END-- [ RunTime:0.000769s ]
INFO: [ app_end ] --START--
INFO: Run Behavior\ShowPageTraceBehavior [ RunTime:0.000514s ]
INFO: [ app_end ] --END-- [ RunTime:0.000542s ]

[ 2019-01-10T09:05:26+08:00 ] 127.0.0.1 /index.php/Doctor/index
INFO: [ app_init ] --START--
INFO: Run Behavior\BuildLiteBehavior [ RunTime:0.000006s ]
INFO: [ app_init ] --END-- [ RunTime:0.000272s ]
INFO: [ app_begin ] --START--
INFO: Run Behavior\ReadHtmlCacheBehavior [ RunTime:0.000309s ]
INFO: Run Behavior\CronRunBehavior [ RunTime:0.000247s ]
INFO: Run Behavior\CheckLangBehavior [ RunTime:0.000591s ]
INFO: [ app_begin ] --END-- [ RunTime:0.001200s ]
SQL: SHOW COLUMNS FROM `dzm_his_auth_group_access` [ RunTime:0.0043s ]
SQL: SELECT `uid`,`group_id`,`title`,`rules` FROM dzm_his_auth_group_access a INNER JOIN dzm_his_auth_group g on a.group_id=g.id  WHERE ( a.uid='1' and g.status='1' )  [ RunTime:0.0003s ]
SQL: SHOW COLUMNS FROM `dzm_his_auth_rule` [ RunTime:0.0044s ]
SQL: SELECT `condition`,`menu_name` FROM `dzm_his_auth_rule` WHERE `id` IN ('1','2','3','4','5','6','7','8','9','10','11','12','13','14','15','16','17','18','19','20','21','22','23','24','25','26','27','28','29','30','31','32','33','34','35','36','37','38','39','40','41','42','43','44','45','46','47','48','49','50','51','52','53','54','55','56','57','58','59','60','61','62','63','64','65','66','67','68','69','70','71','72','73','74','75','76','77','78','79','80','81','82','83','90','91','92','93','94','95','96','97','98','99','100','101','102','103','104','105','106','107','108','109','110','111','112','113','114','115','116','117','118','119','120','121','122','123','124','125','126','127','128','129','130','131','132','133','134','135','136','137','138','84','85','86','89','87','88','141','142','143','144','145','139','148','149','223','224','225','266','227','228') AND `type` = 1 AND `status` = 1  [ RunTime:0.0005s ]
SQL: SHOW COLUMNS FROM `dzm_his_doctor` [ RunTime:0.0048s ]
INFO: [ view_parse ] --START--
INFO: [ template_filter ] --START--
INFO: Run Behavior\ContentReplaceBehavior [ RunTime:0.000668s ]
INFO: [ template_filter ] --END-- [ RunTime:0.000702s ]
NOTIC: [8] Undefined index: name D:\phpStudy2018\PHPTutorial\WWW\doctor\Application\Runtime\Cache\His\4c76a4f64095c59596389c0565f34682.php 第 78 行.
NOTIC: [8] Undefined index: birthday D:\phpStudy2018\PHPTutorial\WWW\doctor\Application\Runtime\Cache\His\4c76a4f64095c59596389c0565f34682.php 第 106 行.
NOTIC: [8] Undefined index: mobile D:\phpStudy2018\PHPTutorial\WWW\doctor\Application\Runtime\Cache\His\4c76a4f64095c59596389c0565f34682.php 第 123 行.
NOTIC: [8] Undefined index: address D:\phpStudy2018\PHPTutorial\WWW\doctor\Application\Runtime\Cache\His\4c76a4f64095c59596389c0565f34682.php 第 135 行.
NOTIC: [8] Undefined index: allergy_info D:\phpStudy2018\PHPTutorial\WWW\doctor\Application\Runtime\Cache\His\4c76a4f64095c59596389c0565f34682.php 第 140 行.
NOTIC: [8] Undefined index: name D:\phpStudy2018\PHPTutorial\WWW\doctor\Application\Runtime\Cache\His\4c76a4f64095c59596389c0565f34682.php 第 525 行.
NOTIC: [8] Undefined index: mobile D:\phpStudy2018\PHPTutorial\WWW\doctor\Application\Runtime\Cache\His\4c76a4f64095c59596389c0565f34682.php 第 526 行.
NOTIC: [8] Undefined index: birthday D:\phpStudy2018\PHPTutorial\WWW\doctor\Application\Runtime\Cache\His\4c76a4f64095c59596389c0565f34682.php 第 528 行.
NOTIC: [8] Undefined index: address D:\phpStudy2018\PHPTutorial\WWW\doctor\Application\Runtime\Cache\His\4c76a4f64095c59596389c0565f34682.php 第 529 行.
NOTIC: [8] Undefined index: allergy_info D:\phpStudy2018\PHPTutorial\WWW\doctor\Application\Runtime\Cache\His\4c76a4f64095c59596389c0565f34682.php 第 530 行.
INFO: Run Behavior\ParseTemplateBehavior [ RunTime:0.026210s ]
INFO: [ view_parse ] --END-- [ RunTime:0.026233s ]
INFO: [ view_filter ] --START--
INFO: Run Behavior\WriteHtmlCacheBehavior [ RunTime:0.000342s ]
INFO: Run Behavior\TokenBuildBehavior [ RunTime:0.000401s ]
INFO: [ view_filter ] --END-- [ RunTime:0.000778s ]
INFO: [ app_end ] --START--
INFO: Run Behavior\ShowPageTraceBehavior [ RunTime:0.000574s ]
INFO: [ app_end ] --END-- [ RunTime:0.000604s ]

[ 2019-01-10T09:05:27+08:00 ] 127.0.0.1 /Doctor/getRegistrations
INFO: [ app_init ] --START--
INFO: Run Behavior\BuildLiteBehavior [ RunTime:0.000010s ]
INFO: [ app_init ] --END-- [ RunTime:0.000331s ]
INFO: [ app_begin ] --START--
INFO: Run Behavior\ReadHtmlCacheBehavior [ RunTime:0.000451s ]
INFO: Run Behavior\CronRunBehavior [ RunTime:0.000294s ]
INFO: Run Behavior\CheckLangBehavior [ RunTime:0.000883s ]
INFO: [ app_begin ] --END-- [ RunTime:0.001695s ]
SQL: SHOW COLUMNS FROM `dzm_his_auth_group_access` [ RunTime:0.0143s ]
SQL: SELECT `uid`,`group_id`,`title`,`rules` FROM dzm_his_auth_group_access a INNER JOIN dzm_his_auth_group g on a.group_id=g.id  WHERE ( a.uid='1' and g.status='1' )  [ RunTime:0.0003s ]
SQL: SHOW COLUMNS FROM `dzm_his_auth_rule` [ RunTime:0.0043s ]
SQL: SELECT `condition`,`menu_name` FROM `dzm_his_auth_rule` WHERE `id` IN ('1','2','3','4','5','6','7','8','9','10','11','12','13','14','15','16','17','18','19','20','21','22','23','24','25','26','27','28','29','30','31','32','33','34','35','36','37','38','39','40','41','42','43','44','45','46','47','48','49','50','51','52','53','54','55','56','57','58','59','60','61','62','63','64','65','66','67','68','69','70','71','72','73','74','75','76','77','78','79','80','81','82','83','90','91','92','93','94','95','96','97','98','99','100','101','102','103','104','105','106','107','108','109','110','111','112','113','114','115','116','117','118','119','120','121','122','123','124','125','126','127','128','129','130','131','132','133','134','135','136','137','138','84','85','86','89','87','88','141','142','143','144','145','139','148','149','223','224','225','266','227','228') AND `type` = 1 AND `status` = 1  [ RunTime:0.0005s ]
SQL: SHOW COLUMNS FROM `dzm_his_doctor` [ RunTime:0.0043s ]
SQL: SELECT 
 count(a.patient_id) as count_num 
FROM dzm_his_registration a 
LEFT JOIN dzm_patient b ON a.patient_id=b.patient_id 
LEFT JOIN dzm_his_registeredfee d ON a.registeredfee_id=d.reg_id 
WHERE a.physician_id='1' AND a.registration_status=1    [ RunTime:0.0291s ]

[ 2019-01-10T09:05:27+08:00 ] 127.0.0.1 /Doctor/getPatientList
INFO: [ app_init ] --START--
INFO: Run Behavior\BuildLiteBehavior [ RunTime:0.000007s ]
INFO: [ app_init ] --END-- [ RunTime:0.000279s ]
INFO: [ app_begin ] --START--
INFO: Run Behavior\ReadHtmlCacheBehavior [ RunTime:0.000325s ]
INFO: Run Behavior\CronRunBehavior [ RunTime:0.000222s ]
INFO: Run Behavior\CheckLangBehavior [ RunTime:0.000675s ]
INFO: [ app_begin ] --END-- [ RunTime:0.001273s ]
SQL: SHOW COLUMNS FROM `dzm_his_auth_group_access` [ RunTime:0.0032s ]
SQL: SELECT `uid`,`group_id`,`title`,`rules` FROM dzm_his_auth_group_access a INNER JOIN dzm_his_auth_group g on a.group_id=g.id  WHERE ( a.uid='1' and g.status='1' )  [ RunTime:0.0002s ]
SQL: SHOW COLUMNS FROM `dzm_his_auth_rule` [ RunTime:0.0038s ]
SQL: SELECT `condition`,`menu_name` FROM `dzm_his_auth_rule` WHERE `id` IN ('1','2','3','4','5','6','7','8','9','10','11','12','13','14','15','16','17','18','19','20','21','22','23','24','25','26','27','28','29','30','31','32','33','34','35','36','37','38','39','40','41','42','43','44','45','46','47','48','49','50','51','52','53','54','55','56','57','58','59','60','61','62','63','64','65','66','67','68','69','70','71','72','73','74','75','76','77','78','79','80','81','82','83','90','91','92','93','94','95','96','97','98','99','100','101','102','103','104','105','106','107','108','109','110','111','112','113','114','115','116','117','118','119','120','121','122','123','124','125','126','127','128','129','130','131','132','133','134','135','136','137','138','84','85','86','89','87','88','141','142','143','144','145','139','148','149','223','224','225','266','227','228') AND `type` = 1 AND `status` = 1  [ RunTime:0.0004s ]
SQL: SHOW COLUMNS FROM `dzm_his_doctor` [ RunTime:0.0045s ]
SQL: SELECT count(b.patient_id) as count_num FROM dzm_patient b WHERE b.hospital_id='1'    [ RunTime:0.0002s ]
SQL: SELECT * FROM dzm_patient b WHERE b.hospital_id='1'  ORDER BY b.patient_id DESC,b.last_login_time DESC LIMIT 0,7 [ RunTime:0.0002s ]

[ 2019-01-10T09:05:27+08:00 ] 127.0.0.1 /Doctor/getMedicines
INFO: [ app_init ] --START--
INFO: Run Behavior\BuildLiteBehavior [ RunTime:0.000008s ]
INFO: [ app_init ] --END-- [ RunTime:0.000391s ]
INFO: [ app_begin ] --START--
INFO: Run Behavior\ReadHtmlCacheBehavior [ RunTime:0.000439s ]
INFO: Run Behavior\CronRunBehavior [ RunTime:0.000302s ]
INFO: Run Behavior\CheckLangBehavior [ RunTime:0.000875s ]
INFO: [ app_begin ] --END-- [ RunTime:0.001676s ]
SQL: SHOW COLUMNS FROM `dzm_his_auth_group_access` [ RunTime:0.0033s ]
SQL: SELECT `uid`,`group_id`,`title`,`rules` FROM dzm_his_auth_group_access a INNER JOIN dzm_his_auth_group g on a.group_id=g.id  WHERE ( a.uid='1' and g.status='1' )  [ RunTime:0.0002s ]
SQL: SHOW COLUMNS FROM `dzm_his_auth_rule` [ RunTime:0.0037s ]
SQL: SELECT `condition`,`menu_name` FROM `dzm_his_auth_rule` WHERE `id` IN ('1','2','3','4','5','6','7','8','9','10','11','12','13','14','15','16','17','18','19','20','21','22','23','24','25','26','27','28','29','30','31','32','33','34','35','36','37','38','39','40','41','42','43','44','45','46','47','48','49','50','51','52','53','54','55','56','57','58','59','60','61','62','63','64','65','66','67','68','69','70','71','72','73','74','75','76','77','78','79','80','81','82','83','90','91','92','93','94','95','96','97','98','99','100','101','102','103','104','105','106','107','108','109','110','111','112','113','114','115','116','117','118','119','120','121','122','123','124','125','126','127','128','129','130','131','132','133','134','135','136','137','138','84','85','86','89','87','88','141','142','143','144','145','139','148','149','223','224','225','266','227','228') AND `type` = 1 AND `status` = 1  [ RunTime:0.0004s ]
SQL: SHOW COLUMNS FROM `dzm_his_doctor` [ RunTime:0.0048s ]
SQL: SELECT 
c.hmr_id as medicines_id,b.inventory_num,b.inventory_unit,b.inventory_prescription_price,a.medicines_name,a.unit
 FROM dzm_his_hospital_medicines_relation c 
 LEFT JOIN dzm_his_medicines a ON c.medicines_id=a.medicines_id
 LEFT JOIN  dzm_his_inventory b ON c.hmr_id=b.hmr_id
 WHERE c.hospital_id='1'  LIMIT 50 [ RunTime:0.0369s ]

[ 2019-01-10T09:05:27+08:00 ] 127.0.0.1 /Doctor/getExtracharges
INFO: [ app_init ] --START--
INFO: Run Behavior\BuildLiteBehavior [ RunTime:0.000006s ]
INFO: [ app_init ] --END-- [ RunTime:0.000276s ]
INFO: [ app_begin ] --START--
INFO: Run Behavior\ReadHtmlCacheBehavior [ RunTime:0.000437s ]
INFO: Run Behavior\CronRunBehavior [ RunTime:0.000300s ]
INFO: Run Behavior\CheckLangBehavior [ RunTime:0.000976s ]
INFO: [ app_begin ] --END-- [ RunTime:0.001786s ]
SQL: SHOW COLUMNS FROM `dzm_his_auth_group_access` [ RunTime:0.0071s ]
SQL: SELECT `uid`,`group_id`,`title`,`rules` FROM dzm_his_auth_group_access a INNER JOIN dzm_his_auth_group g on a.group_id=g.id  WHERE ( a.uid='1' and g.status='1' )  [ RunTime:0.0002s ]
SQL: SHOW COLUMNS FROM `dzm_his_auth_rule` [ RunTime:0.0137s ]
SQL: SELECT `condition`,`menu_name` FROM `dzm_his_auth_rule` WHERE `id` IN ('1','2','3','4','5','6','7','8','9','10','11','12','13','14','15','16','17','18','19','20','21','22','23','24','25','26','27','28','29','30','31','32','33','34','35','36','37','38','39','40','41','42','43','44','45','46','47','48','49','50','51','52','53','54','55','56','57','58','59','60','61','62','63','64','65','66','67','68','69','70','71','72','73','74','75','76','77','78','79','80','81','82','83','90','91','92','93','94','95','96','97','98','99','100','101','102','103','104','105','106','107','108','109','110','111','112','113','114','115','116','117','118','119','120','121','122','123','124','125','126','127','128','129','130','131','132','133','134','135','136','137','138','84','85','86','89','87','88','141','142','143','144','145','139','148','149','223','224','225','266','227','228') AND `type` = 1 AND `status` = 1  [ RunTime:0.0004s ]
SQL: SHOW COLUMNS FROM `dzm_his_doctor` [ RunTime:0.0035s ]
SQL: SELECT * FROM dzm_his_prescription_extracharges WHERE hid='1' AND type='0' [ RunTime:0.0069s ]

[ 2019-01-10T09:05:27+08:00 ] 127.0.0.1 /Doctor/getInspectionfee
INFO: [ app_init ] --START--
INFO: Run Behavior\BuildLiteBehavior [ RunTime:0.000006s ]
INFO: [ app_init ] --END-- [ RunTime:0.000257s ]
INFO: [ app_begin ] --START--
INFO: Run Behavior\ReadHtmlCacheBehavior [ RunTime:0.000317s ]
INFO: Run Behavior\CronRunBehavior [ RunTime:0.000254s ]
INFO: Run Behavior\CheckLangBehavior [ RunTime:0.000617s ]
INFO: [ app_begin ] --END-- [ RunTime:0.001240s ]
SQL: SHOW COLUMNS FROM `dzm_his_auth_group_access` [ RunTime:0.0034s ]
SQL: SELECT `uid`,`group_id`,`title`,`rules` FROM dzm_his_auth_group_access a INNER JOIN dzm_his_auth_group g on a.group_id=g.id  WHERE ( a.uid='1' and g.status='1' )  [ RunTime:0.0002s ]
SQL: SHOW COLUMNS FROM `dzm_his_auth_rule` [ RunTime:0.0032s ]
SQL: SELECT `condition`,`menu_name` FROM `dzm_his_auth_rule` WHERE `id` IN ('1','2','3','4','5','6','7','8','9','10','11','12','13','14','15','16','17','18','19','20','21','22','23','24','25','26','27','28','29','30','31','32','33','34','35','36','37','38','39','40','41','42','43','44','45','46','47','48','49','50','51','52','53','54','55','56','57','58','59','60','61','62','63','64','65','66','67','68','69','70','71','72','73','74','75','76','77','78','79','80','81','82','83','90','91','92','93','94','95','96','97','98','99','100','101','102','103','104','105','106','107','108','109','110','111','112','113','114','115','116','117','118','119','120','121','122','123','124','125','126','127','128','129','130','131','132','133','134','135','136','137','138','84','85','86','89','87','88','141','142','143','144','145','139','148','149','223','224','225','266','227','228') AND `type` = 1 AND `status` = 1  [ RunTime:0.0004s ]
SQL: SHOW COLUMNS FROM `dzm_his_doctor` [ RunTime:0.0033s ]
SQL: SELECT * FROM dzm_his_inspectionfee WHERE hid='1'  [ RunTime:0.0669s ]

[ 2019-01-10T09:05:27+08:00 ] 127.0.0.1 /index.php/Supplier/index
INFO: [ app_init ] --START--
INFO: Run Behavior\BuildLiteBehavior [ RunTime:0.000005s ]
INFO: [ app_init ] --END-- [ RunTime:0.000234s ]
INFO: [ app_begin ] --START--
INFO: Run Behavior\ReadHtmlCacheBehavior [ RunTime:0.000249s ]
INFO: Run Behavior\CronRunBehavior [ RunTime:0.000174s ]
INFO: Run Behavior\CheckLangBehavior [ RunTime:0.000469s ]
INFO: [ app_begin ] --END-- [ RunTime:0.000934s ]
SQL: SHOW COLUMNS FROM `dzm_his_auth_group_access` [ RunTime:0.0069s ]
SQL: SELECT `uid`,`group_id`,`title`,`rules` FROM dzm_his_auth_group_access a INNER JOIN dzm_his_auth_group g on a.group_id=g.id  WHERE ( a.uid='1' and g.status='1' )  [ RunTime:0.0002s ]
SQL: SHOW COLUMNS FROM `dzm_his_auth_rule` [ RunTime:0.0278s ]
SQL: SELECT `condition`,`menu_name` FROM `dzm_his_auth_rule` WHERE `id` IN ('1','2','3','4','5','6','7','8','9','10','11','12','13','14','15','16','17','18','19','20','21','22','23','24','25','26','27','28','29','30','31','32','33','34','35','36','37','38','39','40','41','42','43','44','45','46','47','48','49','50','51','52','53','54','55','56','57','58','59','60','61','62','63','64','65','66','67','68','69','70','71','72','73','74','75','76','77','78','79','80','81','82','83','90','91','92','93','94','95','96','97','98','99','100','101','102','103','104','105','106','107','108','109','110','111','112','113','114','115','116','117','118','119','120','121','122','123','124','125','126','127','128','129','130','131','132','133','134','135','136','137','138','84','85','86','89','87','88','141','142','143','144','145','139','148','149','223','224','225','266','227','228') AND `type` = 1 AND `status` = 1  [ RunTime:0.0004s ]
SQL: SHOW COLUMNS FROM `dzm_his_supplier` [ RunTime:0.0121s ]
SQL: SHOW COLUMNS FROM `dzm_his_yydoctor` [ RunTime:0.0037s ]
SQL: SELECT * FROM `dzm_his_yydoctor`  [ RunTime:0.0002s ]
INFO: [ view_parse ] --START--
INFO: [ template_filter ] --START--
INFO: Run Behavior\ContentReplaceBehavior [ RunTime:0.000123s ]
INFO: [ template_filter ] --END-- [ RunTime:0.000140s ]
INFO: Run Behavior\ParseTemplateBehavior [ RunTime:0.005163s ]
INFO: [ view_parse ] --END-- [ RunTime:0.005180s ]
INFO: [ view_filter ] --START--
INFO: Run Behavior\WriteHtmlCacheBehavior [ RunTime:0.000243s ]
INFO: Run Behavior\TokenBuildBehavior [ RunTime:0.000273s ]
INFO: [ view_filter ] --END-- [ RunTime:0.000540s ]
INFO: [ app_end ] --START--
INFO: Run Behavior\ShowPageTraceBehavior [ RunTime:0.000343s ]
INFO: [ app_end ] --END-- [ RunTime:0.000359s ]

[ 2019-01-10T09:05:27+08:00 ] 127.0.0.1 /favicon.ico
INFO: [ app_init ] --START--
INFO: Run Behavior\BuildLiteBehavior [ RunTime:0.000006s ]
INFO: [ app_init ] --END-- [ RunTime:0.000242s ]

[ 2019-01-10T09:05:28+08:00 ] 127.0.0.1 /Doctor/getPkgList
INFO: [ app_init ] --START--
INFO: Run Behavior\BuildLiteBehavior [ RunTime:0.000005s ]
INFO: [ app_init ] --END-- [ RunTime:0.000209s ]
INFO: [ app_begin ] --START--
INFO: Run Behavior\ReadHtmlCacheBehavior [ RunTime:0.000251s ]
INFO: Run Behavior\CronRunBehavior [ RunTime:0.000190s ]
INFO: Run Behavior\CheckLangBehavior [ RunTime:0.000466s ]
INFO: [ app_begin ] --END-- [ RunTime:0.000946s ]
SQL: SHOW COLUMNS FROM `dzm_his_auth_group_access` [ RunTime:0.0072s ]
SQL: SELECT `uid`,`group_id`,`title`,`rules` FROM dzm_his_auth_group_access a INNER JOIN dzm_his_auth_group g on a.group_id=g.id  WHERE ( a.uid='1' and g.status='1' )  [ RunTime:0.0002s ]
SQL: SHOW COLUMNS FROM `dzm_his_auth_rule` [ RunTime:0.0049s ]
SQL: SELECT `condition`,`menu_name` FROM `dzm_his_auth_rule` WHERE `id` IN ('1','2','3','4','5','6','7','8','9','10','11','12','13','14','15','16','17','18','19','20','21','22','23','24','25','26','27','28','29','30','31','32','33','34','35','36','37','38','39','40','41','42','43','44','45','46','47','48','49','50','51','52','53','54','55','56','57','58','59','60','61','62','63','64','65','66','67','68','69','70','71','72','73','74','75','76','77','78','79','80','81','82','83','90','91','92','93','94','95','96','97','98','99','100','101','102','103','104','105','106','107','108','109','110','111','112','113','114','115','116','117','118','119','120','121','122','123','124','125','126','127','128','129','130','131','132','133','134','135','136','137','138','84','85','86','89','87','88','141','142','143','144','145','139','148','149','223','224','225','266','227','228') AND `type` = 1 AND `status` = 1  [ RunTime:0.0004s ]
SQL: SHOW COLUMNS FROM `dzm_his_doctor` [ RunTime:0.0034s ]
SQL: SELECT a.*,b.name,b.mobile,b.sex,b.birthday
,from_unixtime(a.addtime,'%m-%d %h:%i') as addtime_str
,from_unixtime(a.addtime,'%Y-%m-%d %h:%i:%s') as addtime_str_full,c.true_name,d.owner_name
 FROM dzm_his_care_pkg a 
 LEFT JOIN dzm_patient b ON a.patient_id=b.patient_id
 LEFT JOIN dzm_his_doctor c ON a.doctor_id=c.uid
 LEFT JOIN dzm_his_hospital d ON a.hospital_id=d.hid
 WHERE a.doctor_id='1' AND  a.type_id=0 AND a.hospital_id=1
ORDER BY a.id DESC
 LIMIT 50
 [ RunTime:0.0246s ]

[ 2019-01-10T09:06:15+08:00 ] 127.0.0.1 /Public/home/img/account/upload_btn.png
INFO: [ app_init ] --START--
INFO: Run Behavior\BuildLiteBehavior [ RunTime:0.000004s ]
INFO: [ app_init ] --END-- [ RunTime:0.000200s ]

[ 2019-01-10T09:06:45+08:00 ] 127.0.0.1 /Public/home/images/personal-web/index/example-photo-04.png
INFO: [ app_init ] --START--
INFO: Run Behavior\BuildLiteBehavior [ RunTime:0.000009s ]
INFO: [ app_init ] --END-- [ RunTime:0.000361s ]

[ 2019-01-10T09:06:45+08:00 ] 127.0.0.1 /Public/home/img/personal-web/menu-bar/icon-grsy.png?20160707
INFO: [ app_init ] --START--
INFO: Run Behavior\BuildLiteBehavior [ RunTime:0.000010s ]
INFO: [ app_init ] --END-- [ RunTime:0.000302s ]

[ 2019-01-10T09:06:45+08:00 ] 127.0.0.1 /Public/home/img/header_new/header_off.png?20170215
INFO: [ app_init ] --START--
INFO: Run Behavior\BuildLiteBehavior [ RunTime:0.000008s ]
INFO: [ app_init ] --END-- [ RunTime:0.000245s ]

[ 2019-01-10T09:06:45+08:00 ] 127.0.0.1 /Public/home/img/header_new/header_help.png?20170215
INFO: [ app_init ] --START--
INFO: Run Behavior\BuildLiteBehavior [ RunTime:0.000008s ]
INFO: [ app_init ] --END-- [ RunTime:0.000308s ]

[ 2019-01-10T09:06:45+08:00 ] 127.0.0.1 /Public/home/img/personal-web/menu-bar/icon-arrow-white-s.png?20161020
INFO: [ app_init ] --START--
INFO: Run Behavior\BuildLiteBehavior [ RunTime:0.000005s ]
INFO: [ app_init ] --END-- [ RunTime:0.000209s ]

[ 2019-01-10T09:06:45+08:00 ] 127.0.0.1 /Public/home/img/sprites1.png
INFO: [ app_init ] --START--
INFO: Run Behavior\BuildLiteBehavior [ RunTime:0.000004s ]
INFO: [ app_init ] --END-- [ RunTime:0.000197s ]

[ 2019-01-10T09:06:46+08:00 ] 127.0.0.1 /Public/home/img/personal-web/menu-bar/icon-arrow-white.png?20160707
INFO: [ app_init ] --START--
INFO: Run Behavior\BuildLiteBehavior [ RunTime:0.000004s ]
INFO: [ app_init ] --END-- [ RunTime:0.000195s ]

